#
# There is insufficient memory for the Java Runtime Environment to continue.
# Native memory allocation (malloc) failed to allocate 65552 bytes for Chunk::new
# Possible reasons:
#   The system is out of physical RAM or swap space
#   The process is running with CompressedOops enabled, and the Java Heap may be blocking the growth of the native heap
# Possible solutions:
#   Reduce memory load on the system
#   Increase physical memory or swap space
#   Check if swap backing store is full
#   Decrease Java heap size (-Xmx/-Xms)
#   Decrease number of Java threads
#   Decrease Java thread stack sizes (-Xss)
#   Set larger code cache with -XX:ReservedCodeCacheSize=
#   JVM is running with Unscaled Compressed Oops mode in which the Java heap is
#     placed in the first 4GB address space. The Java Heap base address is the
#     maximum limit for the native heap growth. Please use -XX:HeapBaseMinAddress
#     to set the Java Heap base and to place the Java Heap above 4GB virtual address.
# This output file may be truncated or incomplete.
#
#  Out of Memory Error (./src/hotspot/share/memory/arena.cpp:197), pid=14568, tid=13908
#
# JRE version: OpenJDK Runtime Environment (11.0.8+10) (build 11.0.8+10-b944.6842174)
# Java VM: OpenJDK 64-Bit Server VM (11.0.8+10-b944.6842174, mixed mode, tiered, compressed oops, g1 gc, windows-amd64)
# No core dump will be written. Minidumps are not enabled by default on client versions of Windows
#

---------------  S U M M A R Y ------------

Command Line: --add-opens=java.base/java.util=ALL-UNNAMED --add-opens=java.base/java.lang=ALL-UNNAMED --add-opens=java.base/java.lang.invoke=ALL-UNNAMED --add-opens=java.prefs/java.util.prefs=ALL-UNNAMED -Xmx2048m -Dfile.encoding=UTF-8 -Duser.country=UA -Duser.language=uk -Duser.variant org.gradle.launcher.daemon.bootstrap.GradleDaemon 6.7.1

Host: AMD Ryzen 7 4800H with Radeon Graphics         , 16 cores, 7G,  Windows 10 , 64 bit Build 19041 (10.0.19041.1566)
Time: Thu Mar 31 11:01:22 2022 Ô³íëÿíä³ÿ (ë³òî) elapsed time: 2 seconds (0d 0h 0m 2s)

---------------  T H R E A D  ---------------

Current thread (0x000001936b5b9000):  JavaThread "C2 CompilerThread2" daemon [_thread_in_native, id=13908, stack(0x0000008baaf00000,0x0000008bab000000)]


Current CompileTask:
C2:   2691 2504   !   4       java.net.URL::<init> (543 bytes)

Stack: [0x0000008baaf00000,0x0000008bab000000]
Native frames: (J=compiled Java code, j=interpreted, Vv=VM code, C=native code)
V  [jvm.dll+0x5de50a]
V  [jvm.dll+0x7122f5]
V  [jvm.dll+0x71384d]
V  [jvm.dll+0x713f03]
V  [jvm.dll+0x23e728]
V  [jvm.dll+0xb899c]
V  [jvm.dll+0xb8e9c]
V  [jvm.dll+0x4f0df4]
V  [jvm.dll+0x4f326e]
V  [jvm.dll+0x4f1c8d]
V  [jvm.dll+0x4f13cf]
V  [jvm.dll+0x4f1396]
V  [jvm.dll+0x4f13e3]
V  [jvm.dll+0x4f13e3]
V  [jvm.dll+0x4f13e3]
V  [jvm.dll+0x4f13e3]
V  [jvm.dll+0x4f13e3]
V  [jvm.dll+0x4f13e3]
V  [jvm.dll+0x4f13e3]
V  [jvm.dll+0x4f13e3]
V  [jvm.dll+0x502606]
V  [jvm.dll+0x1ff393]
V  [jvm.dll+0x1f917c]
V  [jvm.dll+0x1f685f]
V  [jvm.dll+0x17f32c]
V  [jvm.dll+0x205047]
V  [jvm.dll+0x203891]
V  [jvm.dll+0x6dad3f]
V  [jvm.dll+0x6d3895]
V  [jvm.dll+0x5dd4a6]
C  [ucrtbase.dll+0x21bb2]
C  [KERNEL32.DLL+0x17034]
C  [ntdll.dll+0x52651]


---------------  P R O C E S S  ---------------

Threads class SMR info:
_java_thread_list=0x000001936f012bc0, length=33, elements={
0x000001934d859800, 0x00000193685f9800, 0x0000019368602800, 0x0000019368f79000,
0x0000019368f7c800, 0x0000019368f7e800, 0x0000019368f81800, 0x0000019368f82800,
0x00000193690f3000, 0x00000193690f5800, 0x000001936915d800, 0x000001936a074000,
0x000001936b31f000, 0x000001936bf34800, 0x00000193692ac800, 0x0000019369d6b000,
0x000001936a536800, 0x000001936b5c8800, 0x000001936ba07800, 0x000001936b8b2800,
0x000001936b72e800, 0x000001936a3ee800, 0x000001936a662800, 0x000001936b3f0000,
0x000001936b3ed000, 0x000001936b3ec000, 0x000001936bbc1800, 0x000001936b3f1000,
0x000001936b5b9000, 0x000001936b3eb000, 0x000001936b3ed800, 0x000001936b3f1800,
0x000001936b3ee800
}

Java Threads: ( => current thread )
  0x000001934d859800 JavaThread "main" [_thread_blocked, id=4444, stack(0x0000008ba7b00000,0x0000008ba7c00000)]
  0x00000193685f9800 JavaThread "Reference Handler" daemon [_thread_blocked, id=12348, stack(0x0000008ba8200000,0x0000008ba8300000)]
  0x0000019368602800 JavaThread "Finalizer" daemon [_thread_blocked, id=3856, stack(0x0000008ba8300000,0x0000008ba8400000)]
  0x0000019368f79000 JavaThread "Signal Dispatcher" daemon [_thread_blocked, id=7856, stack(0x0000008ba8400000,0x0000008ba8500000)]
  0x0000019368f7c800 JavaThread "Attach Listener" daemon [_thread_blocked, id=1888, stack(0x0000008ba8500000,0x0000008ba8600000)]
  0x0000019368f7e800 JavaThread "C2 CompilerThread0" daemon [_thread_in_native, id=16252, stack(0x0000008ba8600000,0x0000008ba8700000)]
  0x0000019368f81800 JavaThread "C1 CompilerThread0" daemon [_thread_blocked, id=1876, stack(0x0000008ba8700000,0x0000008ba8800000)]
  0x0000019368f82800 JavaThread "Sweeper thread" daemon [_thread_blocked, id=9784, stack(0x0000008ba8800000,0x0000008ba8900000)]
  0x00000193690f3000 JavaThread "Common-Cleaner" daemon [_thread_blocked, id=9752, stack(0x0000008ba8900000,0x0000008ba8a00000)]
  0x00000193690f5800 JavaThread "C1 CompilerThread1" daemon [_thread_in_vm, id=14128, stack(0x0000008ba8a00000,0x0000008ba8b00000)]
  0x000001936915d800 JavaThread "Service Thread" daemon [_thread_blocked, id=2576, stack(0x0000008ba8b00000,0x0000008ba8c00000)]
  0x000001936a074000 JavaThread "C1 CompilerThread2" daemon [_thread_blocked, id=13208, stack(0x0000008ba8f00000,0x0000008ba9000000)]
  0x000001936b31f000 JavaThread "C1 CompilerThread3" daemon [_thread_blocked, id=14708, stack(0x0000008ba9200000,0x0000008ba9300000)]
  0x000001936bf34800 JavaThread "Daemon health stats" [_thread_blocked, id=9168, stack(0x0000008ba9300000,0x0000008ba9400000)]
  0x00000193692ac800 JavaThread "Incoming local TCP Connector on port 63394" [_thread_in_native, id=15868, stack(0x0000008ba8d00000,0x0000008ba8e00000)]
  0x0000019369d6b000 JavaThread "Daemon periodic checks" [_thread_blocked, id=11736, stack(0x0000008ba9000000,0x0000008ba9100000)]
  0x000001936a536800 JavaThread "Daemon" [_thread_blocked, id=5660, stack(0x0000008ba9500000,0x0000008ba9600000)]
  0x000001936b5c8800 JavaThread "Handler for socket connection from /127.0.0.1:63394 to /127.0.0.1:63395" [_thread_in_native, id=1824, stack(0x0000008ba9600000,0x0000008ba9700000)]
  0x000001936ba07800 JavaThread "Cancel handler" [_thread_blocked, id=9176, stack(0x0000008ba9700000,0x0000008ba9800000)]
  0x000001936b8b2800 JavaThread "Daemon worker" [_thread_in_Java, id=2880, stack(0x0000008ba9800000,0x0000008ba9900000)]
  0x000001936b72e800 JavaThread "Asynchronous log dispatcher for DefaultDaemonConnection: socket connection from /127.0.0.1:63394 to /127.0.0.1:63395" [_thread_blocked, id=1788, stack(0x0000008ba9900000,0x0000008ba9a00000)]
  0x000001936a3ee800 JavaThread "Stdin handler" [_thread_blocked, id=11732, stack(0x0000008ba9a00000,0x0000008ba9b00000)]
  0x000001936a662800 JavaThread "Thread-8" [_thread_blocked, id=11620, stack(0x0000008ba9b00000,0x0000008ba9c00000)]
  0x000001936b3f0000 JavaThread "Cache worker for file hash cache (C:\Users\Admin\.gradle\caches\6.7.1\fileHashes)" [_thread_blocked, id=10108, stack(0x0000008baa800000,0x0000008baa900000)]
  0x000001936b3ed000 JavaThread "File lock request listener" [_thread_in_native, id=3116, stack(0x0000008baa900000,0x0000008baaa00000)]
  0x000001936b3ec000 JavaThread "Cache worker for journal cache (C:\Users\Admin\.gradle\caches\journal-1)" [_thread_blocked, id=10852, stack(0x0000008baac00000,0x0000008baad00000)]
  0x000001936bbc1800 JavaThread "C2 CompilerThread1" daemon [_thread_in_native, id=12508, stack(0x0000008baad00000,0x0000008baae00000)]
  0x000001936b3f1000 JavaThread "Cache worker for file hash cache (B:\programs\Java_dev\codes\Alarm\.gradle\6.7.1\fileHashes)" [_thread_blocked, id=6696, stack(0x0000008baae00000,0x0000008baaf00000)]
=>0x000001936b5b9000 JavaThread "C2 CompilerThread2" daemon [_thread_in_native, id=13908, stack(0x0000008baaf00000,0x0000008bab000000)]
  0x000001936b3eb000 JavaThread "Cache worker for checksums cache (B:\programs\Java_dev\codes\Alarm\.gradle\checksums)" [_thread_blocked, id=16208, stack(0x0000008bab000000,0x0000008bab100000)]
  0x000001936b3ed800 JavaThread "Cache worker for cache directory md-supplier (C:\Users\Admin\.gradle\caches\6.7.1\md-supplier)" [_thread_blocked, id=16264, stack(0x0000008bab100000,0x0000008bab200000)]
  0x000001936b3f1800 JavaThread "Cache worker for cache directory md-rule (C:\Users\Admin\.gradle\caches\6.7.1\md-rule)" [_thread_blocked, id=3628, stack(0x0000008bab200000,0x0000008bab300000)]
  0x000001936b3ee800 JavaThread "Cache worker for execution history cache (C:\Users\Admin\.gradle\caches\6.7.1\executionHistory)" [_thread_blocked, id=3952, stack(0x0000008bab300000,0x0000008bab400000)]

Other Threads:
  0x00000193685f4000 VMThread "VM Thread" [stack: 0x0000008ba8100000,0x0000008ba8200000] [id=2420]
  0x00000193691c0800 WatcherThread [stack: 0x0000008ba8c00000,0x0000008ba8d00000] [id=11392]
  0x000001934d872000 GCTaskThread "GC Thread#0" [stack: 0x0000008ba7c00000,0x0000008ba7d00000] [id=5564]
  0x000001936a14d000 GCTaskThread "GC Thread#1" [stack: 0x0000008ba8e00000,0x0000008ba8f00000] [id=12728]
  0x000001936ba61000 GCTaskThread "GC Thread#2" [stack: 0x0000008ba9c00000,0x0000008ba9d00000] [id=8852]
  0x000001936b1ad800 GCTaskThread "GC Thread#3" [stack: 0x0000008ba9d00000,0x0000008ba9e00000] [id=8888]
  0x000001936a31a800 GCTaskThread "GC Thread#4" [stack: 0x0000008ba9e00000,0x0000008ba9f00000] [id=316]
  0x000001936abed000 GCTaskThread "GC Thread#5" [stack: 0x0000008ba9f00000,0x0000008baa000000] [id=7572]
  0x000001936a991000 GCTaskThread "GC Thread#6" [stack: 0x0000008baa000000,0x0000008baa100000] [id=3740]
  0x000001936a748000 GCTaskThread "GC Thread#7" [stack: 0x0000008baa100000,0x0000008baa200000] [id=10624]
  0x000001936bc0f800 GCTaskThread "GC Thread#8" [stack: 0x0000008baa200000,0x0000008baa300000] [id=1392]
  0x000001936a994800 GCTaskThread "GC Thread#9" [stack: 0x0000008baa300000,0x0000008baa400000] [id=9656]
  0x000001936bbf8800 GCTaskThread "GC Thread#10" [stack: 0x0000008baa400000,0x0000008baa500000] [id=9324]
  0x000001936bf30800 GCTaskThread "GC Thread#11" [stack: 0x0000008baa500000,0x0000008baa600000] [id=15440]
  0x000001936a84f800 GCTaskThread "GC Thread#12" [stack: 0x0000008baa600000,0x0000008baa700000] [id=4120]
  0x000001934d8a6000 ConcurrentGCThread "G1 Main Marker" [stack: 0x0000008ba7d00000,0x0000008ba7e00000] [id=8188]
  0x000001934d8a7800 ConcurrentGCThread "G1 Conc#0" [stack: 0x0000008ba7e00000,0x0000008ba7f00000] [id=14348]
  0x000001936a84d800 ConcurrentGCThread "G1 Conc#1" [stack: 0x0000008baaa00000,0x0000008baab00000] [id=9600]
  0x000001936a84f000 ConcurrentGCThread "G1 Conc#2" [stack: 0x0000008baab00000,0x0000008baac00000] [id=16348]
  0x0000019368441800 ConcurrentGCThread "G1 Refine#0" [stack: 0x0000008ba7f00000,0x0000008ba8000000] [id=924]
  0x000001936a67f800 ConcurrentGCThread "G1 Refine#1" [stack: 0x0000008baa700000,0x0000008baa800000] [id=15260]
  0x000001934d938000 ConcurrentGCThread "G1 Young RemSet Sampling" [stack: 0x0000008ba8000000,0x0000008ba8100000] [id=12868]

Threads with active compile tasks:
C2 CompilerThread0   2704 2314       4       java.net.URLClassLoader$1::run (5 bytes)
C2 CompilerThread1   2704 2315   !   4       java.net.URLClassLoader$1::run (63 bytes)
C2 CompilerThread2   2704 2504   !   4       java.net.URL::<init> (543 bytes)

VM state:not at safepoint (normal execution)

VM Mutex/Monitor currently owned by a thread: None

Heap address: 0x0000000080000000, size: 2048 MB, Compressed Oops mode: 32-bit
Narrow klass base: 0x0000000000000000, Narrow klass shift: 3
Compressed class space size: 1073741824 Address: 0x0000000100000000

Heap:
 garbage-first heap   total 122880K, used 46971K [0x0000000080000000, 0x0000000100000000)
  region size 1024K, 32 young (32768K), 3 survivors (3072K)
 Metaspace       used 28470K, capacity 29148K, committed 29440K, reserved 1075200K
  class space    used 3771K, capacity 3995K, committed 4096K, reserved 1048576K
Heap Regions: E=young(eden), S=young(survivor), O=old, HS=humongous(starts), HC=humongous(continues), CS=collection set, F=free, A=archive, TAMS=top-at-mark-start (previous, next)
|   0|0x0000000080000000, 0x0000000080100000, 0x0000000080100000|100%| O|  |TAMS 0x0000000080100000, 0x0000000080000000| Untracked 
|   1|0x0000000080100000, 0x0000000080200000, 0x0000000080200000|100%| O|  |TAMS 0x0000000080200000, 0x0000000080100000| Untracked 
|   2|0x0000000080200000, 0x0000000080300000, 0x0000000080300000|100%| O|  |TAMS 0x0000000080300000, 0x0000000080200000| Untracked 
|   3|0x0000000080300000, 0x0000000080400000, 0x0000000080400000|100%|HS|  |TAMS 0x0000000080400000, 0x0000000080300000| Complete 
|   4|0x0000000080400000, 0x0000000080500000, 0x0000000080500000|100%|HC|  |TAMS 0x0000000080500000, 0x0000000080400000| Complete 
|   5|0x0000000080500000, 0x0000000080600000, 0x0000000080600000|100%|HC|  |TAMS 0x0000000080600000, 0x0000000080500000| Complete 
|   6|0x0000000080600000, 0x0000000080700000, 0x0000000080700000|100%| O|  |TAMS 0x0000000080700000, 0x0000000080600000| Untracked 
|   7|0x0000000080700000, 0x0000000080800000, 0x0000000080800000|100%| O|  |TAMS 0x0000000080800000, 0x0000000080700000| Untracked 
|   8|0x0000000080800000, 0x0000000080900000, 0x0000000080900000|100%| O|  |TAMS 0x0000000080900000, 0x0000000080800000| Untracked 
|   9|0x0000000080900000, 0x0000000080a00000, 0x0000000080a00000|100%| O|  |TAMS 0x0000000080a00000, 0x0000000080900000| Untracked 
|  10|0x0000000080a00000, 0x0000000080b00000, 0x0000000080b00000|100%| O|  |TAMS 0x0000000080b00000, 0x0000000080a00000| Untracked 
|  11|0x0000000080b00000, 0x0000000080c00000, 0x0000000080c00000|100%| O|  |TAMS 0x0000000080c00000, 0x0000000080b00000| Untracked 
|  12|0x0000000080c00000, 0x0000000080d00000, 0x0000000080d00000|100%| O|  |TAMS 0x0000000080d00000, 0x0000000080c00000| Untracked 
|  13|0x0000000080d00000, 0x0000000080e00000, 0x0000000080e00000|100%| O|  |TAMS 0x0000000080e00000, 0x0000000080d00000| Untracked 
|  14|0x0000000080e00000, 0x0000000080f00000, 0x0000000080f00000|100%| O|  |TAMS 0x0000000080f00000, 0x0000000080e00000| Untracked 
|  15|0x0000000080f00000, 0x0000000080f90800, 0x0000000081000000| 56%| O|  |TAMS 0x0000000080f90800, 0x0000000080f00000| Untracked 
|  16|0x0000000081000000, 0x0000000081000000, 0x0000000081100000|  0%| F|  |TAMS 0x0000000081000000, 0x0000000081000000| Untracked 
|  17|0x0000000081100000, 0x0000000081100000, 0x0000000081200000|  0%| F|  |TAMS 0x0000000081100000, 0x0000000081100000| Untracked 
|  18|0x0000000081200000, 0x0000000081200000, 0x0000000081300000|  0%| F|  |TAMS 0x0000000081200000, 0x0000000081200000| Untracked 
|  19|0x0000000081300000, 0x0000000081300000, 0x0000000081400000|  0%| F|  |TAMS 0x0000000081300000, 0x0000000081300000| Untracked 
|  20|0x0000000081400000, 0x0000000081400000, 0x0000000081500000|  0%| F|  |TAMS 0x0000000081400000, 0x0000000081400000| Untracked 
|  21|0x0000000081500000, 0x0000000081500000, 0x0000000081600000|  0%| F|  |TAMS 0x0000000081500000, 0x0000000081500000| Untracked 
|  22|0x0000000081600000, 0x0000000081600000, 0x0000000081700000|  0%| F|  |TAMS 0x0000000081600000, 0x0000000081600000| Untracked 
|  23|0x0000000081700000, 0x0000000081700000, 0x0000000081800000|  0%| F|  |TAMS 0x0000000081700000, 0x0000000081700000| Untracked 
|  24|0x0000000081800000, 0x0000000081800000, 0x0000000081900000|  0%| F|  |TAMS 0x0000000081800000, 0x0000000081800000| Untracked 
|  25|0x0000000081900000, 0x0000000081900000, 0x0000000081a00000|  0%| F|  |TAMS 0x0000000081900000, 0x0000000081900000| Untracked 
|  26|0x0000000081a00000, 0x0000000081a00000, 0x0000000081b00000|  0%| F|  |TAMS 0x0000000081a00000, 0x0000000081a00000| Untracked 
|  27|0x0000000081b00000, 0x0000000081b00000, 0x0000000081c00000|  0%| F|  |TAMS 0x0000000081b00000, 0x0000000081b00000| Untracked 
|  28|0x0000000081c00000, 0x0000000081c00000, 0x0000000081d00000|  0%| F|  |TAMS 0x0000000081c00000, 0x0000000081c00000| Untracked 
|  29|0x0000000081d00000, 0x0000000081d00000, 0x0000000081e00000|  0%| F|  |TAMS 0x0000000081d00000, 0x0000000081d00000| Untracked 
|  30|0x0000000081e00000, 0x0000000081e00000, 0x0000000081f00000|  0%| F|  |TAMS 0x0000000081e00000, 0x0000000081e00000| Untracked 
|  31|0x0000000081f00000, 0x0000000081f00000, 0x0000000082000000|  0%| F|  |TAMS 0x0000000081f00000, 0x0000000081f00000| Untracked 
|  32|0x0000000082000000, 0x0000000082000000, 0x0000000082100000|  0%| F|  |TAMS 0x0000000082000000, 0x0000000082000000| Untracked 
|  33|0x0000000082100000, 0x0000000082100000, 0x0000000082200000|  0%| F|  |TAMS 0x0000000082100000, 0x0000000082100000| Untracked 
|  34|0x0000000082200000, 0x0000000082200000, 0x0000000082300000|  0%| F|  |TAMS 0x0000000082200000, 0x0000000082200000| Untracked 
|  35|0x0000000082300000, 0x0000000082300000, 0x0000000082400000|  0%| F|  |TAMS 0x0000000082300000, 0x0000000082300000| Untracked 
|  36|0x0000000082400000, 0x0000000082400000, 0x0000000082500000|  0%| F|  |TAMS 0x0000000082400000, 0x0000000082400000| Untracked 
|  37|0x0000000082500000, 0x0000000082500000, 0x0000000082600000|  0%| F|  |TAMS 0x0000000082500000, 0x0000000082500000| Untracked 
|  38|0x0000000082600000, 0x0000000082600000, 0x0000000082700000|  0%| F|  |TAMS 0x0000000082600000, 0x0000000082600000| Untracked 
|  39|0x0000000082700000, 0x0000000082700000, 0x0000000082800000|  0%| F|  |TAMS 0x0000000082700000, 0x0000000082700000| Untracked 
|  40|0x0000000082800000, 0x0000000082800000, 0x0000000082900000|  0%| F|  |TAMS 0x0000000082800000, 0x0000000082800000| Untracked 
|  41|0x0000000082900000, 0x0000000082900000, 0x0000000082a00000|  0%| F|  |TAMS 0x0000000082900000, 0x0000000082900000| Untracked 
|  42|0x0000000082a00000, 0x0000000082a00000, 0x0000000082b00000|  0%| F|  |TAMS 0x0000000082a00000, 0x0000000082a00000| Untracked 
|  43|0x0000000082b00000, 0x0000000082b00000, 0x0000000082c00000|  0%| F|  |TAMS 0x0000000082b00000, 0x0000000082b00000| Untracked 
|  44|0x0000000082c00000, 0x0000000082c00000, 0x0000000082d00000|  0%| F|  |TAMS 0x0000000082c00000, 0x0000000082c00000| Untracked 
|  45|0x0000000082d00000, 0x0000000082d00000, 0x0000000082e00000|  0%| F|  |TAMS 0x0000000082d00000, 0x0000000082d00000| Untracked 
|  46|0x0000000082e00000, 0x0000000082e00000, 0x0000000082f00000|  0%| F|  |TAMS 0x0000000082e00000, 0x0000000082e00000| Untracked 
|  47|0x0000000082f00000, 0x0000000082f00000, 0x0000000083000000|  0%| F|  |TAMS 0x0000000082f00000, 0x0000000082f00000| Untracked 
|  48|0x0000000083000000, 0x0000000083000000, 0x0000000083100000|  0%| F|  |TAMS 0x0000000083000000, 0x0000000083000000| Untracked 
|  49|0x0000000083100000, 0x0000000083100000, 0x0000000083200000|  0%| F|  |TAMS 0x0000000083100000, 0x0000000083100000| Untracked 
|  50|0x0000000083200000, 0x0000000083200000, 0x0000000083300000|  0%| F|  |TAMS 0x0000000083200000, 0x0000000083200000| Untracked 
|  51|0x0000000083300000, 0x0000000083300000, 0x0000000083400000|  0%| F|  |TAMS 0x0000000083300000, 0x0000000083300000| Untracked 
|  52|0x0000000083400000, 0x0000000083400000, 0x0000000083500000|  0%| F|  |TAMS 0x0000000083400000, 0x0000000083400000| Untracked 
|  53|0x0000000083500000, 0x0000000083500000, 0x0000000083600000|  0%| F|  |TAMS 0x0000000083500000, 0x0000000083500000| Untracked 
|  54|0x0000000083600000, 0x0000000083600000, 0x0000000083700000|  0%| F|  |TAMS 0x0000000083600000, 0x0000000083600000| Untracked 
|  55|0x0000000083700000, 0x0000000083700000, 0x0000000083800000|  0%| F|  |TAMS 0x0000000083700000, 0x0000000083700000| Untracked 
|  56|0x0000000083800000, 0x0000000083800000, 0x0000000083900000|  0%| F|  |TAMS 0x0000000083800000, 0x0000000083800000| Untracked 
|  57|0x0000000083900000, 0x0000000083900000, 0x0000000083a00000|  0%| F|  |TAMS 0x0000000083900000, 0x0000000083900000| Untracked 
|  58|0x0000000083a00000, 0x0000000083a00000, 0x0000000083b00000|  0%| F|  |TAMS 0x0000000083a00000, 0x0000000083a00000| Untracked 
|  59|0x0000000083b00000, 0x0000000083b00000, 0x0000000083c00000|  0%| F|  |TAMS 0x0000000083b00000, 0x0000000083b00000| Untracked 
|  60|0x0000000083c00000, 0x0000000083c00000, 0x0000000083d00000|  0%| F|  |TAMS 0x0000000083c00000, 0x0000000083c00000| Untracked 
|  61|0x0000000083d00000, 0x0000000083d00000, 0x0000000083e00000|  0%| F|  |TAMS 0x0000000083d00000, 0x0000000083d00000| Untracked 
|  62|0x0000000083e00000, 0x0000000083e00000, 0x0000000083f00000|  0%| F|  |TAMS 0x0000000083e00000, 0x0000000083e00000| Untracked 
|  63|0x0000000083f00000, 0x0000000083f00000, 0x0000000084000000|  0%| F|  |TAMS 0x0000000083f00000, 0x0000000083f00000| Untracked 
|  64|0x0000000084000000, 0x0000000084000000, 0x0000000084100000|  0%| F|  |TAMS 0x0000000084000000, 0x0000000084000000| Untracked 
|  65|0x0000000084100000, 0x0000000084100000, 0x0000000084200000|  0%| F|  |TAMS 0x0000000084100000, 0x0000000084100000| Untracked 
|  66|0x0000000084200000, 0x0000000084200000, 0x0000000084300000|  0%| F|  |TAMS 0x0000000084200000, 0x0000000084200000| Untracked 
|  67|0x0000000084300000, 0x0000000084300000, 0x0000000084400000|  0%| F|  |TAMS 0x0000000084300000, 0x0000000084300000| Untracked 
|  68|0x0000000084400000, 0x0000000084400000, 0x0000000084500000|  0%| F|  |TAMS 0x0000000084400000, 0x0000000084400000| Untracked 
|  69|0x0000000084500000, 0x0000000084500000, 0x0000000084600000|  0%| F|  |TAMS 0x0000000084500000, 0x0000000084500000| Untracked 
|  70|0x0000000084600000, 0x0000000084600000, 0x0000000084700000|  0%| F|  |TAMS 0x0000000084600000, 0x0000000084600000| Untracked 
|  71|0x0000000084700000, 0x0000000084700000, 0x0000000084800000|  0%| F|  |TAMS 0x0000000084700000, 0x0000000084700000| Untracked 
|  72|0x0000000084800000, 0x0000000084800000, 0x0000000084900000|  0%| F|  |TAMS 0x0000000084800000, 0x0000000084800000| Untracked 
|  73|0x0000000084900000, 0x000000008494e410, 0x0000000084a00000| 30%| S|CS|TAMS 0x0000000084900000, 0x0000000084900000| Complete 
|  74|0x0000000084a00000, 0x0000000084b00000, 0x0000000084b00000|100%| S|CS|TAMS 0x0000000084a00000, 0x0000000084a00000| Complete 
|  75|0x0000000084b00000, 0x0000000084c00000, 0x0000000084c00000|100%| S|CS|TAMS 0x0000000084b00000, 0x0000000084b00000| Complete 
|  76|0x0000000084c00000, 0x0000000084c00000, 0x0000000084d00000|  0%| F|  |TAMS 0x0000000084c00000, 0x0000000084c00000| Untracked 
|  77|0x0000000084d00000, 0x0000000084d00000, 0x0000000084e00000|  0%| F|  |TAMS 0x0000000084d00000, 0x0000000084d00000| Untracked 
|  78|0x0000000084e00000, 0x0000000084e00000, 0x0000000084f00000|  0%| F|  |TAMS 0x0000000084e00000, 0x0000000084e00000| Untracked 
|  79|0x0000000084f00000, 0x0000000084f00000, 0x0000000085000000|  0%| F|  |TAMS 0x0000000084f00000, 0x0000000084f00000| Untracked 
|  80|0x0000000085000000, 0x0000000085000000, 0x0000000085100000|  0%| F|  |TAMS 0x0000000085000000, 0x0000000085000000| Untracked 
|  81|0x0000000085100000, 0x0000000085100000, 0x0000000085200000|  0%| F|  |TAMS 0x0000000085100000, 0x0000000085100000| Untracked 
|  82|0x0000000085200000, 0x0000000085200000, 0x0000000085300000|  0%| F|  |TAMS 0x0000000085200000, 0x0000000085200000| Untracked 
|  83|0x0000000085300000, 0x0000000085300000, 0x0000000085400000|  0%| F|  |TAMS 0x0000000085300000, 0x0000000085300000| Untracked 
|  84|0x0000000085400000, 0x0000000085400000, 0x0000000085500000|  0%| F|  |TAMS 0x0000000085400000, 0x0000000085400000| Untracked 
|  85|0x0000000085500000, 0x0000000085500000, 0x0000000085600000|  0%| F|  |TAMS 0x0000000085500000, 0x0000000085500000| Untracked 
|  86|0x0000000085600000, 0x0000000085600000, 0x0000000085700000|  0%| F|  |TAMS 0x0000000085600000, 0x0000000085600000| Untracked 
|  87|0x0000000085700000, 0x0000000085700000, 0x0000000085800000|  0%| F|  |TAMS 0x0000000085700000, 0x0000000085700000| Untracked 
|  88|0x0000000085800000, 0x0000000085800000, 0x0000000085900000|  0%| F|  |TAMS 0x0000000085800000, 0x0000000085800000| Untracked 
|  89|0x0000000085900000, 0x0000000085900000, 0x0000000085a00000|  0%| F|  |TAMS 0x0000000085900000, 0x0000000085900000| Untracked 
|  90|0x0000000085a00000, 0x0000000085a00000, 0x0000000085b00000|  0%| F|  |TAMS 0x0000000085a00000, 0x0000000085a00000| Untracked 
|  91|0x0000000085b00000, 0x0000000085b7bcd8, 0x0000000085c00000| 48%| E|  |TAMS 0x0000000085b00000, 0x0000000085b00000| Complete 
|  92|0x0000000085c00000, 0x0000000085d00000, 0x0000000085d00000|100%| E|CS|TAMS 0x0000000085c00000, 0x0000000085c00000| Complete 
|  93|0x0000000085d00000, 0x0000000085e00000, 0x0000000085e00000|100%| E|CS|TAMS 0x0000000085d00000, 0x0000000085d00000| Complete 
|  94|0x0000000085e00000, 0x0000000085f00000, 0x0000000085f00000|100%| E|CS|TAMS 0x0000000085e00000, 0x0000000085e00000| Complete 
|  95|0x0000000085f00000, 0x0000000086000000, 0x0000000086000000|100%| E|CS|TAMS 0x0000000085f00000, 0x0000000085f00000| Complete 
|  96|0x0000000086000000, 0x0000000086100000, 0x0000000086100000|100%| E|CS|TAMS 0x0000000086000000, 0x0000000086000000| Complete 
|  97|0x0000000086100000, 0x0000000086200000, 0x0000000086200000|100%| E|CS|TAMS 0x0000000086100000, 0x0000000086100000| Complete 
|  98|0x0000000086200000, 0x0000000086300000, 0x0000000086300000|100%| E|CS|TAMS 0x0000000086200000, 0x0000000086200000| Complete 
|  99|0x0000000086300000, 0x0000000086400000, 0x0000000086400000|100%| E|CS|TAMS 0x0000000086300000, 0x0000000086300000| Complete 
| 100|0x0000000086400000, 0x0000000086500000, 0x0000000086500000|100%| E|CS|TAMS 0x0000000086400000, 0x0000000086400000| Complete 
| 101|0x0000000086500000, 0x0000000086600000, 0x0000000086600000|100%| E|CS|TAMS 0x0000000086500000, 0x0000000086500000| Complete 
| 102|0x0000000086600000, 0x0000000086700000, 0x0000000086700000|100%| E|CS|TAMS 0x0000000086600000, 0x0000000086600000| Complete 
| 103|0x0000000086700000, 0x0000000086800000, 0x0000000086800000|100%| E|CS|TAMS 0x0000000086700000, 0x0000000086700000| Complete 
| 104|0x0000000086800000, 0x0000000086900000, 0x0000000086900000|100%| E|CS|TAMS 0x0000000086800000, 0x0000000086800000| Complete 
| 105|0x0000000086900000, 0x0000000086a00000, 0x0000000086a00000|100%| E|CS|TAMS 0x0000000086900000, 0x0000000086900000| Complete 
| 106|0x0000000086a00000, 0x0000000086b00000, 0x0000000086b00000|100%| E|CS|TAMS 0x0000000086a00000, 0x0000000086a00000| Complete 
| 107|0x0000000086b00000, 0x0000000086c00000, 0x0000000086c00000|100%| E|CS|TAMS 0x0000000086b00000, 0x0000000086b00000| Complete 
| 108|0x0000000086c00000, 0x0000000086d00000, 0x0000000086d00000|100%| E|CS|TAMS 0x0000000086c00000, 0x0000000086c00000| Complete 
| 109|0x0000000086d00000, 0x0000000086e00000, 0x0000000086e00000|100%| E|CS|TAMS 0x0000000086d00000, 0x0000000086d00000| Complete 
| 110|0x0000000086e00000, 0x0000000086f00000, 0x0000000086f00000|100%| E|CS|TAMS 0x0000000086e00000, 0x0000000086e00000| Complete 
| 111|0x0000000086f00000, 0x0000000087000000, 0x0000000087000000|100%| E|CS|TAMS 0x0000000086f00000, 0x0000000086f00000| Complete 
| 112|0x0000000087000000, 0x0000000087100000, 0x0000000087100000|100%| E|CS|TAMS 0x0000000087000000, 0x0000000087000000| Complete 
| 113|0x0000000087100000, 0x0000000087200000, 0x0000000087200000|100%| E|CS|TAMS 0x0000000087100000, 0x0000000087100000| Complete 
| 114|0x0000000087200000, 0x0000000087300000, 0x0000000087300000|100%| E|CS|TAMS 0x0000000087200000, 0x0000000087200000| Complete 
| 115|0x0000000087300000, 0x0000000087400000, 0x0000000087400000|100%| E|CS|TAMS 0x0000000087300000, 0x0000000087300000| Complete 
| 116|0x0000000087400000, 0x0000000087500000, 0x0000000087500000|100%| E|CS|TAMS 0x0000000087400000, 0x0000000087400000| Complete 
| 117|0x0000000087500000, 0x0000000087600000, 0x0000000087600000|100%| E|CS|TAMS 0x0000000087500000, 0x0000000087500000| Complete 
| 118|0x0000000087600000, 0x0000000087700000, 0x0000000087700000|100%| E|CS|TAMS 0x0000000087600000, 0x0000000087600000| Complete 
| 119|0x0000000087700000, 0x0000000087800000, 0x0000000087800000|100%| E|CS|TAMS 0x0000000087700000, 0x0000000087700000| Complete 

Card table byte_map: [0x0000019360e60000,0x0000019361260000] _byte_map_base: 0x0000019360a60000

Marking Bits (Prev, Next): (CMBitMap*) 0x000001934d89d490, (CMBitMap*) 0x000001934d89d458
 Prev Bits: [0x0000019363660000, 0x0000019365660000)
 Next Bits: [0x0000019361660000, 0x0000019363660000)

Polling page: 0x000001934b580000

Metaspace:

Usage:
  Non-class:     24.56 MB capacity,    24.13 MB ( 98%) used,   391.48 KB (  2%) free+waste,    53.50 KB ( <1%) overhead. 
      Class:      3.90 MB capacity,     3.68 MB ( 94%) used,   195.62 KB (  5%) free+waste,    26.75 KB ( <1%) overhead. 
       Both:     28.46 MB capacity,    27.81 MB ( 98%) used,   587.10 KB (  2%) free+waste,    80.25 KB ( <1%) overhead. 

Virtual space:
  Non-class space:       26.00 MB reserved,      24.75 MB ( 95%) committed 
      Class space:        1.00 GB reserved,       4.00 MB ( <1%) committed 
             Both:        1.03 GB reserved,      28.75 MB (  3%) committed 

Chunk freelists:
   Non-Class:  63.00 KB
       Class:  5.00 KB
        Both:  68.00 KB

MaxMetaspaceSize: 17179869184.00 GB
CompressedClassSpaceSize: 1.00 GB

CodeHeap 'non-profiled nmethods': size=119168Kb used=1022Kb max_used=1022Kb free=118145Kb
 bounds [0x0000019358d80000, 0x0000019358ff0000, 0x00000193601e0000]
CodeHeap 'profiled nmethods': size=119168Kb used=4987Kb max_used=4987Kb free=114180Kb
 bounds [0x0000019351920000, 0x0000019351e10000, 0x0000019358d80000]
CodeHeap 'non-nmethods': size=7424Kb used=2877Kb max_used=2881Kb free=4546Kb
 bounds [0x00000193511e0000, 0x00000193514c0000, 0x0000019351920000]
 total_blobs=2812 nmethods=2319 adapters=399
 compilation: enabled
              stopped_count=0, restarted_count=0
 full_count=0

Compilation events (20 events):
Event: 2.640 Thread 0x000001936b31f000 2550       3       sun.reflect.generics.factory.CoreReflectionFactory::make (10 bytes)
Event: 2.640 Thread 0x00000193690f5800 2551       3       sun.reflect.generics.factory.CoreReflectionFactory::<init> (15 bytes)
Event: 2.640 Thread 0x00000193690f5800 nmethod 2551 0x0000019351df7210 code [0x0000019351df73c0, 0x0000019351df75d8]
Event: 2.640 Thread 0x000001936b31f000 nmethod 2550 0x0000019351df7690 code [0x0000019351df7860, 0x0000019351df7b18]
Event: 2.645 Thread 0x000001936a074000 2553       3       jdk.internal.misc.Unsafe::weakCompareAndSetInt (11 bytes)
Event: 2.645 Thread 0x000001936a074000 nmethod 2553 0x0000019351df7c10 code [0x0000019351df7dc0, 0x0000019351df7ed8]
Event: 2.649 Thread 0x0000019368f81800 2555       3       com.google.common.base.Preconditions::checkArgument (28 bytes)
Event: 2.649 Thread 0x00000193690f5800 2556       3       com.google.common.io.BaseEncoding$Alphabet::encode (7 bytes)
Event: 2.649 Thread 0x00000193690f5800 nmethod 2556 0x0000019351df7f90 code [0x0000019351df8140, 0x0000019351df8278]
Event: 2.649 Thread 0x0000019368f81800 nmethod 2555 0x0000019351df8390 code [0x0000019351df85a0, 0x0000019351df8b98]
Event: 2.662 Thread 0x000001936b31f000 2557       3       jdk.internal.misc.Unsafe::getAndAddInt (27 bytes)
Event: 2.663 Thread 0x000001936b31f000 nmethod 2557 0x0000019351df8e10 code [0x0000019351df8fc0, 0x0000019351df91f8]
Event: 2.670 Thread 0x000001936a074000 2558       3       com.google.common.cache.LocalCache::expiresAfterWrite (15 bytes)
Event: 2.670 Thread 0x000001936a074000 nmethod 2558 0x0000019351df9310 code [0x0000019351df94c0, 0x0000019351df9638]
Event: 2.687 Thread 0x00000193690f5800 2559   !   3       java.lang.invoke.MethodHandleNatives::linkMethodHandleConstant (50 bytes)
Event: 2.687 Thread 0x0000019368f81800 2560       3       java.lang.invoke.MethodHandles$Lookup::linkMethodHandleConstant (220 bytes)
Event: 2.687 Thread 0x00000193690f5800 nmethod 2559 0x0000019351df9710 code [0x0000019351df98e0, 0x0000019351df9ac8]
Event: 2.688 Thread 0x000001936b31f000 2561       3       java.lang.reflect.Constructor::getRoot (5 bytes)
Event: 2.688 Thread 0x000001936b31f000 nmethod 2561 0x0000019351df9c90 code [0x0000019351df9e40, 0x0000019351df9f58]
Event: 2.689 Thread 0x0000019368f81800 nmethod 2560 0x0000019351dfa010 code [0x0000019351dfa400, 0x0000019351dfbf98]

GC Heap History (8 events):
Event: 0.568 GC heap before
{Heap before GC invocations=0 (full 0):
 garbage-first heap   total 122880K, used 29696K [0x0000000080000000, 0x0000000100000000)
  region size 1024K, 24 young (24576K), 0 survivors (0K)
 Metaspace       used 10510K, capacity 10783K, committed 11008K, reserved 1058816K
  class space    used 1097K, capacity 1193K, committed 1280K, reserved 1048576K
}
Event: 0.574 GC heap after
{Heap after GC invocations=1 (full 0):
 garbage-first heap   total 122880K, used 8592K [0x0000000080000000, 0x0000000100000000)
  region size 1024K, 3 young (3072K), 3 survivors (3072K)
 Metaspace       used 10510K, capacity 10783K, committed 11008K, reserved 1058816K
  class space    used 1097K, capacity 1193K, committed 1280K, reserved 1048576K
}
Event: 1.732 GC heap before
{Heap before GC invocations=1 (full 0):
 garbage-first heap   total 122880K, used 78224K [0x0000000080000000, 0x0000000100000000)
  region size 1024K, 72 young (73728K), 3 survivors (3072K)
 Metaspace       used 18626K, capacity 19099K, committed 19328K, reserved 1067008K
  class space    used 2220K, capacity 2361K, committed 2432K, reserved 1048576K
}
Event: 1.741 GC heap after
{Heap after GC invocations=2 (full 0):
 garbage-first heap   total 122880K, used 15744K [0x0000000080000000, 0x0000000100000000)
  region size 1024K, 9 young (9216K), 9 survivors (9216K)
 Metaspace       used 18626K, capacity 19099K, committed 19328K, reserved 1067008K
  class space    used 2220K, capacity 2361K, committed 2432K, reserved 1048576K
}
Event: 1.890 GC heap before
{Heap before GC invocations=2 (full 0):
 garbage-first heap   total 122880K, used 31104K [0x0000000080000000, 0x0000000100000000)
  region size 1024K, 25 young (25600K), 9 survivors (9216K)
 Metaspace       used 20666K, capacity 21191K, committed 21296K, reserved 1069056K
  class space    used 2518K, capacity 2680K, committed 2688K, reserved 1048576K
}
Event: 1.898 GC heap after
{Heap after GC invocations=3 (full 0):
 garbage-first heap   total 122880K, used 16715K [0x0000000080000000, 0x0000000100000000)
  region size 1024K, 1 young (1024K), 1 survivors (1024K)
 Metaspace       used 20666K, capacity 21191K, committed 21296K, reserved 1069056K
  class space    used 2518K, capacity 2680K, committed 2688K, reserved 1048576K
}
Event: 2.364 GC heap before
{Heap before GC invocations=4 (full 0):
 garbage-first heap   total 122880K, used 59723K [0x0000000080000000, 0x0000000100000000)
  region size 1024K, 44 young (45056K), 1 survivors (1024K)
 Metaspace       used 25673K, capacity 26341K, committed 26368K, reserved 1073152K
  class space    used 3330K, capacity 3570K, committed 3584K, reserved 1048576K
}
Event: 2.367 GC heap after
{Heap after GC invocations=5 (full 0):
 garbage-first heap   total 122880K, used 18299K [0x0000000080000000, 0x0000000100000000)
  region size 1024K, 3 young (3072K), 3 survivors (3072K)
 Metaspace       used 25673K, capacity 26341K, committed 26368K, reserved 1073152K
  class space    used 3330K, capacity 3570K, committed 3584K, reserved 1048576K
}

Deoptimization events (20 events):
Event: 2.333 Thread 0x000001936b8b2800 Uncommon trap: trap_request=0xffffffde fr.pc=0x0000019358e47fa8 relative=0x00000000000002e8
Event: 2.333 Thread 0x000001936b8b2800 Uncommon trap: reason=class_check action=maybe_recompile pc=0x0000019358e47fa8 method=java.util.Collections$SetFromMap.remove(Ljava/lang/Object;)Z @ 5 c2
Event: 2.333 Thread 0x000001936b8b2800 DEOPT PACKING pc=0x0000019358e47fa8 sp=0x0000008ba98fc7b0
Event: 2.333 Thread 0x000001936b8b2800 DEOPT UNPACKING pc=0x00000193512074af sp=0x0000008ba98fc7a8 mode 2
Event: 2.355 Thread 0x000001936b8b2800 Uncommon trap: trap_request=0xffffff4d fr.pc=0x0000019358da3324 relative=0x0000000000000464
Event: 2.355 Thread 0x000001936b8b2800 Uncommon trap: reason=unstable_if action=reinterpret pc=0x0000019358da3324 method=java.util.Properties$LineReader.readLine()I @ 249 c2
Event: 2.355 Thread 0x000001936b8b2800 DEOPT PACKING pc=0x0000019358da3324 sp=0x0000008ba98fbc10
Event: 2.355 Thread 0x000001936b8b2800 DEOPT UNPACKING pc=0x00000193512074af sp=0x0000008ba98fbba0 mode 2
Event: 2.417 Thread 0x000001936b8b2800 Uncommon trap: trap_request=0xffffff4d fr.pc=0x0000019358e5a64c relative=0x000000000000020c
Event: 2.417 Thread 0x000001936b8b2800 Uncommon trap: reason=unstable_if action=reinterpret pc=0x0000019358e5a64c method=java.util.HashMap.hash(Ljava/lang/Object;)I @ 1 c2
Event: 2.417 Thread 0x000001936b8b2800 DEOPT PACKING pc=0x0000019358e5a64c sp=0x0000008ba98f86f0
Event: 2.417 Thread 0x000001936b8b2800 DEOPT UNPACKING pc=0x00000193512074af sp=0x0000008ba98f8628 mode 2
Event: 2.424 Thread 0x000001936b8b2800 Uncommon trap: trap_request=0xffffff4d fr.pc=0x0000019358e4dfac relative=0x000000000000008c
Event: 2.424 Thread 0x000001936b8b2800 Uncommon trap: reason=unstable_if action=reinterpret pc=0x0000019358e4dfac method=java.util.HashMap.hash(Ljava/lang/Object;)I @ 1 c2
Event: 2.424 Thread 0x000001936b8b2800 DEOPT PACKING pc=0x0000019358e4dfac sp=0x0000008ba98f8020
Event: 2.424 Thread 0x000001936b8b2800 DEOPT UNPACKING pc=0x00000193512074af sp=0x0000008ba98f7fb8 mode 2
Event: 2.535 Thread 0x000001936b8b2800 Uncommon trap: trap_request=0xffffff4d fr.pc=0x0000019358ddbc38 relative=0x0000000000000a78
Event: 2.535 Thread 0x000001936b8b2800 Uncommon trap: reason=unstable_if action=reinterpret pc=0x0000019358ddbc38 method=java.io.WinNTFileSystem.resolve(Ljava/lang/String;Ljava/lang/String;)Ljava/lang/String; @ 83 c2
Event: 2.535 Thread 0x000001936b8b2800 DEOPT PACKING pc=0x0000019358ddbc38 sp=0x0000008ba98f9f10
Event: 2.535 Thread 0x000001936b8b2800 DEOPT UNPACKING pc=0x00000193512074af sp=0x0000008ba98f9eb8 mode 2

Classes redefined (0 events):
No events

Internal exceptions (20 events):
Event: 1.946 Thread 0x000001936b8b2800 Exception <a 'java/lang/NoSuchMethodError'{0x0000000087318ef0}: 'void java.lang.invoke.DirectMethodHandle$Holder.invokeSpecial(java.lang.Object, java.lang.Object)'> (0x0000000087318ef0) thrown at [./src/hotspot/share/interpreter/linkResolver.cpp, line 773]
Event: 2.022 Thread 0x000001936b8b2800 Exception <a 'java/lang/NoSuchMethodError'{0x000000008696ceb8}: 'java.lang.Object java.lang.invoke.DirectMethodHandle$Holder.invokeVirtual(java.lang.Object, java.lang.Object, java.lang.Object, java.lang.Object)'> (0x000000008696ceb8) thrown at [./src/hotspot/share/interpreter/linkResolver.cpp, line 773]
Event: 2.161 Thread 0x000001936b8b2800 Exception <a 'java/lang/NoSuchMethodError'{0x0000000085b71548}: 'void java.lang.invoke.DirectMethodHandle$Holder.invokeSpecial(java.lang.Object, java.lang.Object, java.lang.Object, java.lang.Object, java.lang.Object, java.lang.Object)'> (0x0000000085b71548) thrown at [./src/hotspot/share/interpreter/linkResolver.cpp, line 773]
Event: 2.184 Thread 0x000001936b8b2800 Exception <a 'java/lang/NoSuchMethodError'{0x000000008591b1c0}: 'java.lang.Object java.lang.invoke.Invokers$Holder.invoker(java.lang.Object, java.lang.Object, java.lang.Object)'> (0x000000008591b1c0) thrown at [./src/hotspot/share/interpreter/linkResolver.cpp, line 773]
Event: 2.207 Thread 0x000001936b8b2800 Exception <a 'java/lang/NoSuchMethodError'{0x000000008581aa68}: 'void java.lang.invoke.DirectMethodHandle$Holder.invokeSpecial(java.lang.Object, java.lang.Object, java.lang.Object, java.lang.Object, java.lang.Object, java.lang.Object, java.lang.Object)'> (0x000000008581aa68) thrown at [./src/hotspot/share/interpreter/linkResolver.cpp, line 773]
Event: 2.207 Thread 0x000001936b8b2800 Exception <a 'java/lang/NoSuchMethodError'{0x0000000085822cb0}: 'java.lang.Object java.lang.invoke.Invokers$Holder.linkToTargetMethod(java.lang.Object, java.lang.Object, java.lang.Object, java.lang.Object, java.lang.Object, java.lang.Object)'> (0x0000000085822cb0) thrown at [./src/hotspot/share/interpreter/linkResolver.cpp, line 773]
Event: 2.224 Thread 0x000001936b8b2800 Exception <a 'java/lang/NoSuchMethodError'{0x0000000085745838}: 'java.lang.Object java.lang.invoke.DirectMethodHandle$Holder.invokeVirtual(java.lang.Object, java.lang.Object, java.lang.Object, java.lang.Object, java.lang.Object, java.lang.Object, java.lang.Object, java.lang.Object, java.lang.Object, java.lang.Object, java.lang.Object, java.lang.Object, java.lang.Object, java.lang.Object, java.lang.Object, java.lang.Object, java.lang.Object)'> (0x0000000085745838) thrown at [./src/hotspot/share/interpreter/
Event: 2.226 Thread 0x000001936b8b2800 Exception <a 'java/lang/NoSuchMethodError'{0x0000000085774598}: 'java.lang.Object java.lang.invoke.DirectMethodHandle$Holder.invokeSpecial(java.lang.Object, java.lang.Object, java.lang.Object, java.lang.Object, java.lang.Object, java.lang.Object, java.lang.Object, java.lang.Object, java.lang.Object)'> (0x0000000085774598) thrown at [./src/hotspot/share/interpreter/linkResolver.cpp, line 773]
Event: 2.329 Thread 0x000001936b8b2800 Exception <a 'java/lang/NoSuchMethodError'{0x0000000084ebfc58}: 'java.lang.Object java.lang.invoke.DirectMethodHandle$Holder.invokeStatic(java.lang.Object, java.lang.Object, java.lang.Object, int, java.lang.Object, java.lang.Object)'> (0x0000000084ebfc58) thrown at [./src/hotspot/share/interpreter/linkResolver.cpp, line 773]
Event: 2.329 Thread 0x000001936b8b2800 Exception <a 'java/lang/NoSuchMethodError'{0x0000000084ec6fc0}: 'java.lang.Object java.lang.invoke.Invokers$Holder.linkToTargetMethod(java.lang.Object, java.lang.Object, int, java.lang.Object, java.lang.Object, java.lang.Object)'> (0x0000000084ec6fc0) thrown at [./src/hotspot/share/interpreter/linkResolver.cpp, line 773]
Event: 2.350 Thread 0x000001936b8b2800 Exception <a 'java/lang/NoSuchMethodError'{0x0000000084c463e8}: 'void java.lang.invoke.DirectMethodHandle$Holder.invokeSpecial(java.lang.Object, java.lang.Object, java.lang.Object, java.lang.Object)'> (0x0000000084c463e8) thrown at [./src/hotspot/share/interpreter/linkResolver.cpp, line 773]
Event: 2.417 Thread 0x000001936b8b2800 Implicit null exception at 0x0000019358e5a475 to 0x0000019358e5a63c
Event: 2.424 Thread 0x000001936b8b2800 Implicit null exception at 0x0000019358e4df2f to 0x0000019358e4df9d
Event: 2.470 Thread 0x000001936b8b2800 Exception <a 'java/lang/NoSuchMethodError'{0x0000000086ea7bb8}: 'java.lang.Object java.lang.invoke.DirectMethodHandle$Holder.invokeSpecialIFC(java.lang.Object, java.lang.Object, java.lang.Object, java.lang.Object)'> (0x0000000086ea7bb8) thrown at [./src/hotspot/share/interpreter/linkResolver.cpp, line 773]
Event: 2.477 Thread 0x000001936b8b2800 Exception <a 'java/lang/NoSuchMethodError'{0x0000000086d72000}: 'java.lang.Object java.lang.invoke.DirectMethodHandle$Holder.invokeSpecial(java.lang.Object, java.lang.Object, java.lang.Object, java.lang.Object, java.lang.Object, java.lang.Object, java.lang.Object, java.lang.Object, java.lang.Object, java.lang.Object, java.lang.Object, java.lang.Object, java.lang.Object)'> (0x0000000086d72000) thrown at [./src/hotspot/share/interpreter/linkResolver.cpp, line 773]
Event: 2.478 Thread 0x000001936b8b2800 Exception <a 'java/lang/NoSuchMethodError'{0x0000000086d834e0}: 'java.lang.Object java.lang.invoke.DirectMethodHandle$Holder.invokeSpecial(java.lang.Object, java.lang.Object, java.lang.Object, java.lang.Object, java.lang.Object, java.lang.Object, java.lang.Object, java.lang.Object, java.lang.Object, java.lang.Object, java.lang.Object, java.lang.Object)'> (0x0000000086d834e0) thrown at [./src/hotspot/share/interpreter/linkResolver.cpp, line 773]
Event: 2.478 Thread 0x000001936b8b2800 Exception <a 'java/lang/NoSuchMethodError'{0x0000000086d88608}: 'java.lang.Object java.lang.invoke.Invokers$Holder.linkToTargetMethod(java.lang.Object, java.lang.Object, java.lang.Object, java.lang.Object, java.lang.Object, java.lang.Object, java.lang.Object, java.lang.Object, java.lang.Object, java.lang.Object, java.lang.Object)'> (0x0000000086d88608) thrown at [./src/hotspot/share/interpreter/linkResolver.cpp, line 773]
Event: 2.485 Thread 0x000001936b8b2800 Exception <a 'java/lang/NoSuchMethodError'{0x0000000086c94d00}: 'java.lang.Object java.lang.invoke.DirectMethodHandle$Holder.invokeSpecial(java.lang.Object, java.lang.Object, java.lang.Object, java.lang.Object, java.lang.Object, java.lang.Object, java.lang.Object, java.lang.Object, java.lang.Object, java.lang.Object, java.lang.Object, java.lang.Object, java.lang.Object, java.lang.Object)'> (0x0000000086c94d00) thrown at [./src/hotspot/share/interpreter/linkResolver.cpp, line 773]
Event: 2.486 Thread 0x000001936b8b2800 Exception <a 'java/lang/NoSuchMethodError'{0x0000000086ca62f8}: 'java.lang.Object java.lang.invoke.Invokers$Holder.linkToTargetMethod(java.lang.Object, java.lang.Object, java.lang.Object, java.lang.Object, java.lang.Object, java.lang.Object, java.lang.Object, java.lang.Object, java.lang.Object, java.lang.Object, java.lang.Object, java.lang.Object)'> (0x0000000086ca62f8) thrown at [./src/hotspot/share/interpreter/linkResolver.cpp, line 773]
Event: 2.490 Thread 0x000001936b8b2800 Exception <a 'java/lang/NoSuchMethodError'{0x0000000086b242f8}: 'java.lang.Object java.lang.invoke.DirectMethodHandle$Holder.invokeStaticInit(java.lang.Object, java.lang.Object, java.lang.Object, java.lang.Object)'> (0x0000000086b242f8) thrown at [./src/hotspot/share/interpreter/linkResolver.cpp, line 773]

Events (20 events):
Event: 2.685 loading class org/gradle/api/internal/PolymorphicDomainObjectContainerInternal
Event: 2.685 loading class org/gradle/api/internal/PolymorphicDomainObjectContainerInternal done
Event: 2.686 loading class org/gradle/api/internal/AbstractNamedDomainObjectContainer
Event: 2.686 loading class org/gradle/api/internal/AbstractNamedDomainObjectContainer done
Event: 2.686 loading class org/gradle/api/reflect/HasPublicType
Event: 2.686 loading class org/gradle/api/reflect/HasPublicType done
Event: 2.687 loading class org/gradle/internal/scripts/ScriptOrigin
Event: 2.687 loading class org/gradle/internal/scripts/ScriptOrigin done
Event: 2.688 loading class java/util/Spliterators$IteratorSpliterator
Event: 2.688 loading class java/util/Spliterators$IteratorSpliterator done
Event: 2.689 loading class org/gradle/internal/reflect/Methods
Event: 2.689 loading class org/gradle/internal/reflect/Methods done
Event: 2.689 loading class org/gradle/internal/reflect/Methods$1
Event: 2.689 loading class org/gradle/internal/reflect/Methods$1 done
Event: 2.690 loading class org/gradle/internal/reflect/Methods$2
Event: 2.690 loading class org/gradle/internal/reflect/Methods$2 done
Event: 2.690 loading class com/google/common/base/Equivalence$Wrapper
Event: 2.690 loading class com/google/common/base/Equivalence$Wrapper done
Event: 2.690 loading class org/apache/commons/lang/builder/HashCodeBuilder
Event: 2.690 loading class org/apache/commons/lang/builder/HashCodeBuilder done


Dynamic libraries:
0x00007ff66f6b0000 - 0x00007ff66f6ba000 	B:\programs\Android studio\jre\bin\java.exe
0x00007ff8c2910000 - 0x00007ff8c2b05000 	C:\Windows\SYSTEM32\ntdll.dll
0x00007ff8c15b0000 - 0x00007ff8c166e000 	C:\Windows\System32\KERNEL32.DLL
0x00007ff8c0030000 - 0x00007ff8c02f8000 	C:\Windows\System32\KERNELBASE.dll
0x00007ff8b0c30000 - 0x00007ff8b0c49000 	B:\programs\Android studio\jre\bin\jli.dll
0x00007ff8b0d30000 - 0x00007ff8b0d47000 	B:\programs\Android studio\jre\bin\VCRUNTIME140.dll
0x00007ff8c0470000 - 0x00007ff8c0570000 	C:\Windows\System32\ucrtbase.dll
0x00007ff8ae680000 - 0x00007ff8ae91a000 	C:\Windows\WinSxS\amd64_microsoft.windows.common-controls_6595b64144ccf1df_6.0.19041.1110_none_60b5254171f9507e\COMCTL32.dll
0x00007ff8c23f0000 - 0x00007ff8c2590000 	C:\Windows\System32\USER32.dll
0x00007ff8c0940000 - 0x00007ff8c0962000 	C:\Windows\System32\win32u.dll
0x00007ff8c20e0000 - 0x00007ff8c217e000 	C:\Windows\System32\msvcrt.dll
0x00007ff8c2840000 - 0x00007ff8c286b000 	C:\Windows\System32\GDI32.dll
0x00007ff8c05c0000 - 0x00007ff8c06cb000 	C:\Windows\System32\gdi32full.dll
0x00007ff8c06d0000 - 0x00007ff8c076d000 	C:\Windows\System32\msvcp_win.dll
0x00007ff8c1450000 - 0x00007ff8c1480000 	C:\Windows\System32\IMM32.DLL
0x00007ff898160000 - 0x00007ff8981fd000 	B:\programs\Android studio\jre\bin\msvcp140.dll
0x00007ff889dd0000 - 0x00007ff88a88c000 	B:\programs\Android studio\jre\bin\server\jvm.dll
0x00007ff8c2590000 - 0x00007ff8c263e000 	C:\Windows\System32\ADVAPI32.dll
0x00007ff8c1670000 - 0x00007ff8c170c000 	C:\Windows\System32\sechost.dll
0x00007ff8c1480000 - 0x00007ff8c15a5000 	C:\Windows\System32\RPCRT4.dll
0x00007ff8c2180000 - 0x00007ff8c2188000 	C:\Windows\System32\PSAPI.DLL
0x00007ff8aa4f0000 - 0x00007ff8aa4f9000 	C:\Windows\SYSTEM32\WSOCK32.dll
0x00007ff8b9ba0000 - 0x00007ff8b9baa000 	C:\Windows\SYSTEM32\VERSION.dll
0x00007ff8b9590000 - 0x00007ff8b95b7000 	C:\Windows\SYSTEM32\WINMM.dll
0x00007ff8c1710000 - 0x00007ff8c177b000 	C:\Windows\System32\WS2_32.dll
0x00007ff8be100000 - 0x00007ff8be112000 	C:\Windows\SYSTEM32\kernel.appcore.dll
0x00007ff88ae00000 - 0x00007ff88ae11000 	B:\programs\Android studio\jre\bin\verify.dll
0x00007ff8bdcb0000 - 0x00007ff8bde94000 	C:\Windows\SYSTEM32\DBGHELP.DLL
0x00007ff8b4310000 - 0x00007ff8b433c000 	C:\Windows\SYSTEM32\dbgcore.DLL
0x00007ff8c03b0000 - 0x00007ff8c0432000 	C:\Windows\System32\bcryptPrimitives.dll
0x00007ff889da0000 - 0x00007ff889dc9000 	B:\programs\Android studio\jre\bin\java.dll
0x00007ff8ac840000 - 0x00007ff8ac84b000 	B:\programs\Android studio\jre\bin\jimage.dll
0x00007ff88ac90000 - 0x00007ff88aca8000 	B:\programs\Android studio\jre\bin\zip.dll
0x00007ff8c0970000 - 0x00007ff8c10b4000 	C:\Windows\System32\SHELL32.dll
0x00007ff8be140000 - 0x00007ff8be8d4000 	C:\Windows\SYSTEM32\windows.storage.dll
0x00007ff8c1d80000 - 0x00007ff8c20d4000 	C:\Windows\System32\combase.dll
0x00007ff8bfa90000 - 0x00007ff8bfabc000 	C:\Windows\SYSTEM32\Wldp.dll
0x00007ff8c2190000 - 0x00007ff8c223d000 	C:\Windows\System32\SHCORE.dll
0x00007ff8c2870000 - 0x00007ff8c28c5000 	C:\Windows\System32\shlwapi.dll
0x00007ff8bff70000 - 0x00007ff8bff8f000 	C:\Windows\SYSTEM32\profapi.dll
0x00007ff889d80000 - 0x00007ff889d9a000 	B:\programs\Android studio\jre\bin\net.dll
0x00007ff8bba00000 - 0x00007ff8bbb09000 	C:\Windows\SYSTEM32\WINHTTP.dll
0x00007ff8bf7f0000 - 0x00007ff8bf85a000 	C:\Windows\system32\mswsock.dll
0x00007ff889d60000 - 0x00007ff889d74000 	B:\programs\Android studio\jre\bin\nio.dll
0x00007ff89a960000 - 0x00007ff89a987000 	C:\Users\Admin\.gradle\native\fdc75f09e3144964f2cf3f50f0aa648679c211496f362492102eb8c894070792\windows-amd64\native-platform.dll
0x00007ff898300000 - 0x00007ff898496000 	C:\Users\Admin\.gradle\native\12488b8bf47d2d4c9fbf2f6322a914ad602e24e48041cd04a747c6da556b65c4\windows-amd64\native-platform-file-events.dll
0x00007ff8ac7d0000 - 0x00007ff8ac7da000 	B:\programs\Android studio\jre\bin\management.dll
0x00007ff8ab7a0000 - 0x00007ff8ab7ac000 	B:\programs\Android studio\jre\bin\management_ext.dll
0x00007ff8bf9e0000 - 0x00007ff8bf9f8000 	C:\Windows\SYSTEM32\CRYPTSP.dll
0x00007ff8bf100000 - 0x00007ff8bf134000 	C:\Windows\system32\rsaenh.dll
0x00007ff8c0440000 - 0x00007ff8c0467000 	C:\Windows\System32\bcrypt.dll
0x00007ff8bfef0000 - 0x00007ff8bff1e000 	C:\Windows\SYSTEM32\USERENV.dll
0x00007ff8bfa00000 - 0x00007ff8bfa0c000 	C:\Windows\SYSTEM32\CRYPTBASE.dll
0x00007ff8bf490000 - 0x00007ff8bf4cb000 	C:\Windows\SYSTEM32\IPHLPAPI.DLL
0x00007ff8c1300000 - 0x00007ff8c1308000 	C:\Windows\System32\NSI.dll
0x00007ff8ba850000 - 0x00007ff8ba867000 	C:\Windows\SYSTEM32\dhcpcsvc6.DLL
0x00007ff8ba830000 - 0x00007ff8ba84d000 	C:\Windows\SYSTEM32\dhcpcsvc.DLL
0x00007ff8bf4d0000 - 0x00007ff8bf59a000 	C:\Windows\SYSTEM32\DNSAPI.dll
0x00007ff8bb9f0000 - 0x00007ff8bb9fb000 	C:\Windows\SYSTEM32\WINNSI.DLL

dbghelp: loaded successfully - version: 4.0.5 - missing functions: none
symbol engine: initialized successfully - sym options: 0x614 - pdb path: .;B:\programs\Android studio\jre\bin;C:\Windows\SYSTEM32;C:\Windows\WinSxS\amd64_microsoft.windows.common-controls_6595b64144ccf1df_6.0.19041.1110_none_60b5254171f9507e;B:\programs\Android studio\jre\bin\server;C:\Users\Admin\.gradle\native\fdc75f09e3144964f2cf3f50f0aa648679c211496f362492102eb8c894070792\windows-amd64;C:\Users\Admin\.gradle\native\12488b8bf47d2d4c9fbf2f6322a914ad602e24e48041cd04a747c6da556b65c4\windows-amd64

VM Arguments:
jvm_args: --add-opens=java.base/java.util=ALL-UNNAMED --add-opens=java.base/java.lang=ALL-UNNAMED --add-opens=java.base/java.lang.invoke=ALL-UNNAMED --add-opens=java.prefs/java.util.prefs=ALL-UNNAMED -Xmx2048m -Dfile.encoding=UTF-8 -Duser.country=UA -Duser.language=uk -Duser.variant 
java_command: org.gradle.launcher.daemon.bootstrap.GradleDaemon 6.7.1
java_class_path (initial): C:\Users\Admin\.gradle\wrapper\dists\gradle-6.7.1-bin\bwlcbys1h7rz3272sye1xwiv6\gradle-6.7.1\lib\gradle-launcher-6.7.1.jar
Launcher Type: SUN_STANDARD

[Global flags]
     intx CICompilerCount                          = 12                                        {product} {ergonomic}
     uint ConcGCThreads                            = 3                                         {product} {ergonomic}
     uint G1ConcRefinementThreads                  = 13                                        {product} {ergonomic}
   size_t G1HeapRegionSize                         = 1048576                                   {product} {ergonomic}
    uintx GCDrainStackTargetSize                   = 64                                        {product} {ergonomic}
   size_t InitialHeapSize                          = 125829120                                 {product} {ergonomic}
   size_t MarkStackSize                            = 4194304                                   {product} {ergonomic}
   size_t MaxHeapSize                              = 2147483648                                {product} {command line}
   size_t MaxNewSize                               = 1287651328                                {product} {ergonomic}
   size_t MinHeapDeltaBytes                        = 1048576                                   {product} {ergonomic}
    uintx NonNMethodCodeHeapSize                   = 7594288                                {pd product} {ergonomic}
    uintx NonProfiledCodeHeapSize                  = 122031976                              {pd product} {ergonomic}
    uintx ProfiledCodeHeapSize                     = 122031976                              {pd product} {ergonomic}
    uintx ReservedCodeCacheSize                    = 251658240                              {pd product} {ergonomic}
     bool SegmentedCodeCache                       = true                                      {product} {ergonomic}
     bool UseCompressedClassPointers               = true                                 {lp64_product} {ergonomic}
     bool UseCompressedOops                        = true                                 {lp64_product} {ergonomic}
     bool UseG1GC                                  = true                                      {product} {ergonomic}
     bool UseLargePagesIndividualAllocation        = false                                  {pd product} {ergonomic}

Logging:
Log output configuration:
 #0: stdout all=warning uptime,level,tags
 #1: stderr all=off uptime,level,tags

Environment Variables:
PATH=C:\Program Files (x86)\Common Files\Intel\Shared Libraries\redist\intel64\compiler;C:\ProgramData\Oracle\Java\javapath;C:\Windows\system32;C:\Windows;C:\Windows\System32\Wbem;C:\Windows\System32\WindowsPowerShell\v1.0\;C:\Windows\System32\OpenSSH\;C:\Program Files (x86)\NVIDIA Corporation\PhysX\Common;C:\Program Files\NVIDIA Corporation\NVIDIA NvDLISR;B:\programs\Git\Git\cmd;C:\Users\Admin\AppData\Local\Microsoft\WindowsApps;C:\Users\Admin\AppData\Local\GitHubDesktop\bin
USERNAME=Admin
OS=Windows_NT
PROCESSOR_IDENTIFIER=AMD64 Family 23 Model 96 Stepping 1, AuthenticAMD



---------------  S Y S T E M  ---------------

OS: Windows 10 , 64 bit Build 19041 (10.0.19041.1566)
OS uptime: 0 days 11:04 hours

CPU:total 16 (initial active 16) (16 cores per cpu, 2 threads per core) family 23 model 96 stepping 1, cmov, cx8, fxsr, mmx, sse, sse2, sse3, ssse3, sse4.1, sse4.2, popcnt, avx, avx2, aes, clmul, mmxext, 3dnowpref, lzcnt, sse4a, ht, tsc, tscinvbit, tscinv, bmi1, bmi2, adx, sha, fma

Memory: 4k page, system-wide physical 7600M (1155M free)
TotalPageFile size 10668M (AvailPageFile size 8M)
current process WorkingSet (physical memory assigned to process): 242M, peak: 247M
current process commit charge ("private bytes"): 319M, peak: 324M

vm_info: OpenJDK 64-Bit Server VM (11.0.8+10-b944.6842174) for windows-amd64 JRE (11.0.8+10-b944.6842174), built on Sep 19 2020 01:11:42 by "builder" with MS VC++ 14.0 (VS2015)

END.
