#
# There is insufficient memory for the Java Runtime Environment to continue.
# Native memory allocation (malloc) failed to allocate 1258976 bytes for Chunk::new
# Possible reasons:
#   The system is out of physical RAM or swap space
#   The process is running with CompressedOops enabled, and the Java Heap may be blocking the growth of the native heap
# Possible solutions:
#   Reduce memory load on the system
#   Increase physical memory or swap space
#   Check if swap backing store is full
#   Decrease Java heap size (-Xmx/-Xms)
#   Decrease number of Java threads
#   Decrease Java thread stack sizes (-Xss)
#   Set larger code cache with -XX:ReservedCodeCacheSize=
#   JVM is running with Unscaled Compressed Oops mode in which the Java heap is
#     placed in the first 4GB address space. The Java Heap base address is the
#     maximum limit for the native heap growth. Please use -XX:HeapBaseMinAddress
#     to set the Java Heap base and to place the Java Heap above 4GB virtual address.
# This output file may be truncated or incomplete.
#
#  Out of Memory Error (./src/hotspot/share/memory/arena.cpp:197), pid=15656, tid=13884
#
# JRE version: OpenJDK Runtime Environment (11.0.8+10) (build 11.0.8+10-b944.6842174)
# Java VM: OpenJDK 64-Bit Server VM (11.0.8+10-b944.6842174, mixed mode, tiered, compressed oops, g1 gc, windows-amd64)
# No core dump will be written. Minidumps are not enabled by default on client versions of Windows
#

---------------  S U M M A R Y ------------

Command Line: --add-opens=java.base/java.util=ALL-UNNAMED --add-opens=java.base/java.lang=ALL-UNNAMED --add-opens=java.base/java.lang.invoke=ALL-UNNAMED --add-opens=java.prefs/java.util.prefs=ALL-UNNAMED -Xmx2048m -Dfile.encoding=UTF-8 -Duser.country=UA -Duser.language=uk -Duser.variant org.gradle.launcher.daemon.bootstrap.GradleDaemon 6.7.1

Host: AMD Ryzen 7 4800H with Radeon Graphics         , 16 cores, 7G,  Windows 10 , 64 bit Build 19041 (10.0.19041.1566)
Time: Thu Mar 31 11:12:09 2022 Ô³íëÿíä³ÿ (ë³òî) elapsed time: 11 seconds (0d 0h 0m 11s)

---------------  T H R E A D  ---------------

Current thread (0x00000155ffaf6800):  JavaThread "C2 CompilerThread0" daemon [_thread_in_native, id=13884, stack(0x0000000954500000,0x0000000954600000)]


Current CompileTask:
C2:  11097 9958       4       org.gradle.internal.instantiation.generator.AbstractClassGenerator::inspectType (560 bytes)

Stack: [0x0000000954500000,0x0000000954600000]
Native frames: (J=compiled Java code, j=interpreted, Vv=VM code, C=native code)
V  [jvm.dll+0x5de50a]
V  [jvm.dll+0x7122f5]
V  [jvm.dll+0x71384d]
V  [jvm.dll+0x713f03]
V  [jvm.dll+0x23e728]
V  [jvm.dll+0xb899c]
V  [jvm.dll+0xb8e9c]
V  [jvm.dll+0x2b20e4]
V  [jvm.dll+0x502098]
V  [jvm.dll+0x1f8df6]
V  [jvm.dll+0x1f685f]
V  [jvm.dll+0x17f32c]
V  [jvm.dll+0x205047]
V  [jvm.dll+0x203891]
V  [jvm.dll+0x6dad3f]
V  [jvm.dll+0x6d3895]
V  [jvm.dll+0x5dd4a6]
C  [ucrtbase.dll+0x21bb2]
C  [KERNEL32.DLL+0x17034]
C  [ntdll.dll+0x52651]


---------------  P R O C E S S  ---------------

Threads class SMR info:
_java_thread_list=0x000001558ad265c0, length=178, elements={
0x00000155e6d39000, 0x00000155ffad6800, 0x00000155ffae0000, 0x00000155ffaf2800,
0x00000155ffaf4800, 0x00000155ffaf6800, 0x00000155ffafa000, 0x00000155ffafd800,
0x00000155829af000, 0x00000155829b2000, 0x00000155829f4000, 0x0000015582c93800,
0x000001558456c000, 0x0000015584ca4800, 0x0000015583b8a800, 0x0000015584845800,
0x0000015583b9b800, 0x00000155840f4800, 0x0000015583802000, 0x0000015584676800,
0x0000015583805000, 0x00000155841d2800, 0x0000015583fa8000, 0x0000015584546800,
0x0000015584547000, 0x0000015584548800, 0x0000015584ba8000, 0x0000015584548000,
0x0000015587237000, 0x00000155879af000, 0x0000015587233000, 0x0000015587236800,
0x0000015587234000, 0x0000015587235800, 0x0000015587238000, 0x000001558723e800,
0x0000015587238800, 0x000001558723b000, 0x000001558723a800, 0x000001558723c000,
0x000001558723d000, 0x000001558723f000, 0x0000015587239800, 0x0000015587241000,
0x0000015587240000, 0x0000015587813000, 0x0000015587815800, 0x0000015587818000,
0x0000015587816800, 0x0000015587817000, 0x0000015587815000, 0x0000015587814000,
0x000001558781d800, 0x000001558781e800, 0x000001558781c000, 0x000001558781a800,
0x0000015587819000, 0x000001558781b800, 0x000001558781f800, 0x0000015587819800,
0x000001558781d000, 0x0000015587820000, 0x0000015587821000, 0x0000015587822000,
0x000001558928a800, 0x0000015589286000, 0x0000015589286800, 0x0000015589285000,
0x0000015589287800, 0x000001558928b800, 0x0000015589288000, 0x000001558928f000,
0x000001558928c800, 0x000001558928d000, 0x000001558928e000, 0x0000015589289000,
0x000001558928f800, 0x000001558928a000, 0x0000015589293000, 0x0000015589290800,
0x0000015589293800, 0x0000015589291000, 0x0000015589292000, 0x0000015585127800,
0x000001558512a000, 0x000001558512a800, 0x0000015585125800, 0x0000015585125000,
0x0000015585126800, 0x0000015585129000, 0x000001558512b800, 0x000001558512c000,
0x000001558512d000, 0x000001558512e000, 0x0000015585128000, 0x000001558512e800,
0x0000015585133000, 0x000001558512f800, 0x0000015585130800, 0x0000015585131000,
0x0000015585132000, 0x0000015585133800, 0x0000015585176000, 0x0000015585178000,
0x0000015585177000, 0x0000015585172000, 0x0000015585173800, 0x0000015585178800,
0x0000015585173000, 0x0000015585179800, 0x000001558517a000, 0x0000015585174800,
0x000001558517b000, 0x0000015585175800, 0x000001558517f000, 0x0000015585180000,
0x0000015585180800, 0x000001558517c000, 0x000001558517c800, 0x000001558517d800,
0x000001558517e800, 0x000001558921b800, 0x0000015589222000, 0x0000015589221000,
0x000001558921d000, 0x000001558921f800, 0x000001558921c000, 0x0000015589222800,
0x0000015589220000, 0x0000015589223800, 0x000001558921d800, 0x000001558921e800,
0x0000015589225000, 0x0000015589226000, 0x0000015589224800, 0x0000015589228800,
0x0000015589229000, 0x0000015589226800, 0x0000015589227800, 0x000001558922a000,
0x000001558759a800, 0x000001558759f800, 0x000001558759b800, 0x00000155875a0800,
0x00000155875a1000, 0x00000155875a2000, 0x000001558759e800, 0x000001558759c000,
0x00000155891e8000, 0x000001558759e000, 0x000001558759d000, 0x00000155875a5000,
0x00000155875a6000, 0x00000155875a4800, 0x00000155875a3800, 0x00000155875a7000,
0x00000155875a7800, 0x00000155875a8800, 0x00000155875a9800, 0x0000015588549000,
0x0000015588546000, 0x000001558854a000, 0x0000015588544800, 0x0000015588547000,
0x0000015588548800, 0x000001558854b000, 0x0000015588545000, 0x0000015588547800,
0x000001558abc2000, 0x000001558abc3800, 0x000001558abc7000, 0x000001558abc4800,
0x000001558abc6000, 0x000001558abc3000, 0x000001558abc5800, 0x000001558abc1800,
0x000001558abc8000, 0x000001558862d000
}

Java Threads: ( => current thread )
  0x00000155e6d39000 JavaThread "main" [_thread_blocked, id=11276, stack(0x0000000953a00000,0x0000000953b00000)]
  0x00000155ffad6800 JavaThread "Reference Handler" daemon [_thread_blocked, id=14320, stack(0x0000000954100000,0x0000000954200000)]
  0x00000155ffae0000 JavaThread "Finalizer" daemon [_thread_blocked, id=14404, stack(0x0000000954200000,0x0000000954300000)]
  0x00000155ffaf2800 JavaThread "Signal Dispatcher" daemon [_thread_blocked, id=2556, stack(0x0000000954300000,0x0000000954400000)]
  0x00000155ffaf4800 JavaThread "Attach Listener" daemon [_thread_blocked, id=12508, stack(0x0000000954400000,0x0000000954500000)]
=>0x00000155ffaf6800 JavaThread "C2 CompilerThread0" daemon [_thread_in_native, id=13884, stack(0x0000000954500000,0x0000000954600000)]
  0x00000155ffafa000 JavaThread "C1 CompilerThread0" daemon [_thread_blocked, id=14408, stack(0x0000000954600000,0x0000000954700000)]
  0x00000155ffafd800 JavaThread "Sweeper thread" daemon [_thread_blocked, id=9672, stack(0x0000000954700000,0x0000000954800000)]
  0x00000155829af000 JavaThread "Common-Cleaner" daemon [_thread_blocked, id=9536, stack(0x0000000954800000,0x0000000954900000)]
  0x00000155829b2000 JavaThread "C1 CompilerThread1" daemon [_thread_blocked, id=3260, stack(0x0000000954900000,0x0000000954a00000)]
  0x00000155829f4000 JavaThread "Service Thread" daemon [_thread_blocked, id=5268, stack(0x0000000954a00000,0x0000000954b00000)]
  0x0000015582c93800 JavaThread "C1 CompilerThread2" daemon [_thread_blocked, id=11708, stack(0x0000000954d00000,0x0000000954e00000)]
  0x000001558456c000 JavaThread "C1 CompilerThread3" daemon [_thread_blocked, id=2212, stack(0x0000000955000000,0x0000000955100000)]
  0x0000015584ca4800 JavaThread "Daemon health stats" [_thread_blocked, id=15356, stack(0x0000000955100000,0x0000000955200000)]
  0x0000015583b8a800 JavaThread "Incoming local TCP Connector on port 63433" [_thread_in_native, id=14444, stack(0x0000000955200000,0x0000000955300000)]
  0x0000015584845800 JavaThread "Daemon periodic checks" [_thread_blocked, id=10796, stack(0x0000000955300000,0x0000000955400000)]
  0x0000015583b9b800 JavaThread "Daemon" [_thread_blocked, id=7772, stack(0x0000000955400000,0x0000000955500000)]
  0x00000155840f4800 JavaThread "Handler for socket connection from /127.0.0.1:63433 to /127.0.0.1:63434" [_thread_in_native, id=15724, stack(0x0000000955500000,0x0000000955600000)]
  0x0000015583802000 JavaThread "Cancel handler" [_thread_blocked, id=7704, stack(0x0000000955600000,0x0000000955700000)]
  0x0000015584676800 JavaThread "Daemon worker" [_thread_blocked, id=12120, stack(0x0000000955700000,0x0000000955800000)]
  0x0000015583805000 JavaThread "Asynchronous log dispatcher for DefaultDaemonConnection: socket connection from /127.0.0.1:63433 to /127.0.0.1:63434" [_thread_blocked, id=724, stack(0x0000000955800000,0x0000000955900000)]
  0x00000155841d2800 JavaThread "Stdin handler" [_thread_blocked, id=1272, stack(0x0000000955900000,0x0000000955a00000)]
  0x0000015583fa8000 JavaThread "Thread-8" [_thread_blocked, id=15108, stack(0x0000000955a00000,0x0000000955b00000)]
  0x0000015584546800 JavaThread "Cache worker for file hash cache (C:\Users\Admin\.gradle\caches\6.7.1\fileHashes)" [_thread_blocked, id=9100, stack(0x0000000956800000,0x0000000956900000)]
  0x0000015584547000 JavaThread "File lock request listener" [_thread_in_native, id=14576, stack(0x0000000956900000,0x0000000956a00000)]
  0x0000015584548800 JavaThread "Cache worker for journal cache (C:\Users\Admin\.gradle\caches\journal-1)" [_thread_blocked, id=14464, stack(0x0000000956c00000,0x0000000956d00000)]
  0x0000015584ba8000 JavaThread "C2 CompilerThread1" daemon [_thread_in_native, id=1876, stack(0x0000000956d00000,0x0000000956e00000)]
  0x0000015584548000 JavaThread "Cache worker for file hash cache (B:\programs\Java_dev\codes\Alarm\.gradle\6.7.1\fileHashes)" [_thread_blocked, id=14932, stack(0x0000000956e00000,0x0000000956f00000)]
  0x0000015587237000 JavaThread "Cache worker for checksums cache (B:\programs\Java_dev\codes\Alarm\.gradle\checksums)" [_thread_blocked, id=2168, stack(0x0000000956f00000,0x0000000957000000)]
  0x00000155879af000 JavaThread "C2 CompilerThread2" daemon [_thread_in_native, id=13356, stack(0x0000000957000000,0x0000000957100000)]
  0x0000015587233000 JavaThread "Cache worker for cache directory md-supplier (C:\Users\Admin\.gradle\caches\6.7.1\md-supplier)" [_thread_blocked, id=940, stack(0x0000000957100000,0x0000000957200000)]
  0x0000015587236800 JavaThread "Cache worker for cache directory md-rule (C:\Users\Admin\.gradle\caches\6.7.1\md-rule)" [_thread_blocked, id=3700, stack(0x0000000957200000,0x0000000957300000)]
  0x0000015587234000 JavaThread "Cache worker for execution history cache (C:\Users\Admin\.gradle\caches\6.7.1\executionHistory)" [_thread_blocked, id=8572, stack(0x0000000957300000,0x0000000957400000)]
  0x0000015587235800 JavaThread "jar transforms" [_thread_blocked, id=8924, stack(0x0000000957400000,0x0000000957500000)]
  0x0000015587238000 JavaThread "Cache worker for file content cache (C:\Users\Admin\.gradle\caches\6.7.1\fileContent)" [_thread_blocked, id=332, stack(0x0000000957500000,0x0000000957600000)]
  0x000001558723e800 JavaThread "Cache worker for Build Output Cleanup Cache (B:\programs\Java_dev\codes\Alarm\.gradle\buildOutputCleanup)" [_thread_blocked, id=7384, stack(0x0000000957600000,0x0000000957700000)]
  0x0000015587238800 JavaThread "Build operations" [_thread_blocked, id=2984, stack(0x0000000957700000,0x0000000957800000)]
  0x000001558723b000 JavaThread "Build operations Thread 2" [_thread_blocked, id=13836, stack(0x0000000957800000,0x0000000957900000)]
  0x000001558723a800 JavaThread "Build operations Thread 3" [_thread_blocked, id=11352, stack(0x0000000957900000,0x0000000957a00000)]
  0x000001558723c000 JavaThread "Build operations Thread 4" [_thread_blocked, id=13352, stack(0x0000000957a00000,0x0000000957b00000)]
  0x000001558723d000 JavaThread "Build operations Thread 5" [_thread_blocked, id=10564, stack(0x0000000957b00000,0x0000000957c00000)]
  0x000001558723f000 JavaThread "Build operations Thread 6" [_thread_blocked, id=11908, stack(0x0000000957c00000,0x0000000957d00000)]
  0x0000015587239800 JavaThread "Build operations Thread 7" [_thread_blocked, id=2688, stack(0x0000000957d00000,0x0000000957e00000)]
  0x0000015587241000 JavaThread "Build operations Thread 8" [_thread_blocked, id=12188, stack(0x0000000957e00000,0x0000000957f00000)]
  0x0000015587240000 JavaThread "Build operations Thread 9" [_thread_blocked, id=15748, stack(0x0000000957f00000,0x0000000958000000)]
  0x0000015587813000 JavaThread "Build operations Thread 10" [_thread_blocked, id=14388, stack(0x0000000958000000,0x0000000958100000)]
  0x0000015587815800 JavaThread "Build operations Thread 11" [_thread_blocked, id=15320, stack(0x0000000958100000,0x0000000958200000)]
  0x0000015587818000 JavaThread "Build operations Thread 12" [_thread_blocked, id=9528, stack(0x0000000958200000,0x0000000958300000)]
  0x0000015587816800 JavaThread "Build operations Thread 13" [_thread_blocked, id=8240, stack(0x0000000958300000,0x0000000958400000)]
  0x0000015587817000 JavaThread "Build operations Thread 14" [_thread_blocked, id=16376, stack(0x0000000958400000,0x0000000958500000)]
  0x0000015587815000 JavaThread "Build operations Thread 15" [_thread_blocked, id=4316, stack(0x0000000958500000,0x0000000958600000)]
  0x0000015587814000 JavaThread "Build operations Thread 16" [_thread_blocked, id=5864, stack(0x0000000958600000,0x0000000958700000)]
  0x000001558781d800 JavaThread "jar transforms Thread 2" [_thread_blocked, id=2484, stack(0x0000000958700000,0x0000000958800000)]
  0x000001558781e800 JavaThread "jar transforms Thread 3" [_thread_blocked, id=13964, stack(0x0000000958800000,0x0000000958900000)]
  0x000001558781c000 JavaThread "jar transforms Thread 4" [_thread_blocked, id=11796, stack(0x0000000958900000,0x0000000958a00000)]
  0x000001558781a800 JavaThread "jar transforms Thread 5" [_thread_blocked, id=16120, stack(0x0000000958a00000,0x0000000958b00000)]
  0x0000015587819000 JavaThread "jar transforms Thread 6" [_thread_blocked, id=14176, stack(0x0000000958b00000,0x0000000958c00000)]
  0x000001558781b800 JavaThread "jar transforms Thread 7" [_thread_blocked, id=6080, stack(0x0000000958c00000,0x0000000958d00000)]
  0x000001558781f800 JavaThread "jar transforms Thread 8" [_thread_blocked, id=1860, stack(0x0000000958d00000,0x0000000958e00000)]
  0x0000015587819800 JavaThread "jar transforms Thread 9" [_thread_blocked, id=5616, stack(0x0000000958e00000,0x0000000958f00000)]
  0x000001558781d000 JavaThread "jar transforms Thread 10" [_thread_blocked, id=2364, stack(0x0000000958f00000,0x0000000959000000)]
  0x0000015587820000 JavaThread "jar transforms Thread 11" [_thread_blocked, id=12932, stack(0x0000000959000000,0x0000000959100000)]
  0x0000015587821000 JavaThread "jar transforms Thread 12" [_thread_blocked, id=11700, stack(0x0000000959100000,0x0000000959200000)]
  0x0000015587822000 JavaThread "jar transforms Thread 13" [_thread_blocked, id=13008, stack(0x0000000959200000,0x0000000959300000)]
  0x000001558928a800 JavaThread "jar transforms Thread 14" [_thread_blocked, id=10668, stack(0x0000000959300000,0x0000000959400000)]
  0x0000015589286000 JavaThread "jar transforms Thread 15" [_thread_blocked, id=13952, stack(0x0000000959400000,0x0000000959500000)]
  0x0000015589286800 JavaThread "jar transforms Thread 16" [_thread_blocked, id=5464, stack(0x0000000959500000,0x0000000959600000)]
  0x0000015589285000 JavaThread "jar transforms Thread 17" [_thread_blocked, id=12904, stack(0x0000000959600000,0x0000000959700000)]
  0x0000015589287800 JavaThread "jar transforms Thread 18" [_thread_blocked, id=12936, stack(0x0000000959700000,0x0000000959800000)]
  0x000001558928b800 JavaThread "jar transforms Thread 19" [_thread_blocked, id=16200, stack(0x0000000959800000,0x0000000959900000)]
  0x0000015589288000 JavaThread "jar transforms Thread 20" [_thread_blocked, id=12180, stack(0x0000000959900000,0x0000000959a00000)]
  0x000001558928f000 JavaThread "jar transforms Thread 21" [_thread_blocked, id=15204, stack(0x0000000959a00000,0x0000000959b00000)]
  0x000001558928c800 JavaThread "jar transforms Thread 22" [_thread_blocked, id=2284, stack(0x0000000959b00000,0x0000000959c00000)]
  0x000001558928d000 JavaThread "jar transforms Thread 23" [_thread_blocked, id=7808, stack(0x0000000959c00000,0x0000000959d00000)]
  0x000001558928e000 JavaThread "jar transforms Thread 24" [_thread_blocked, id=12248, stack(0x0000000959d00000,0x0000000959e00000)]
  0x0000015589289000 JavaThread "jar transforms Thread 25" [_thread_blocked, id=2128, stack(0x0000000959e00000,0x0000000959f00000)]
  0x000001558928f800 JavaThread "jar transforms Thread 26" [_thread_blocked, id=4724, stack(0x0000000959f00000,0x000000095a000000)]
  0x000001558928a000 JavaThread "jar transforms Thread 27" [_thread_blocked, id=9452, stack(0x000000095a000000,0x000000095a100000)]
  0x0000015589293000 JavaThread "jar transforms Thread 28" [_thread_blocked, id=10000, stack(0x000000095a100000,0x000000095a200000)]
  0x0000015589290800 JavaThread "jar transforms Thread 29" [_thread_blocked, id=9976, stack(0x000000095a200000,0x000000095a300000)]
  0x0000015589293800 JavaThread "jar transforms Thread 30" [_thread_blocked, id=16156, stack(0x000000095a300000,0x000000095a400000)]
  0x0000015589291000 JavaThread "jar transforms Thread 31" [_thread_blocked, id=6332, stack(0x000000095a400000,0x000000095a500000)]
  0x0000015589292000 JavaThread "jar transforms Thread 32" [_thread_blocked, id=7576, stack(0x000000095a500000,0x000000095a600000)]
  0x0000015585127800 JavaThread "jar transforms Thread 33" [_thread_blocked, id=6076, stack(0x000000095a600000,0x000000095a700000)]
  0x000001558512a000 JavaThread "jar transforms Thread 34" [_thread_blocked, id=8076, stack(0x000000095a700000,0x000000095a800000)]
  0x000001558512a800 JavaThread "jar transforms Thread 35" [_thread_blocked, id=15864, stack(0x000000095a800000,0x000000095a900000)]
  0x0000015585125800 JavaThread "jar transforms Thread 36" [_thread_blocked, id=10428, stack(0x000000095a900000,0x000000095aa00000)]
  0x0000015585125000 JavaThread "jar transforms Thread 37" [_thread_blocked, id=4872, stack(0x000000095aa00000,0x000000095ab00000)]
  0x0000015585126800 JavaThread "jar transforms Thread 38" [_thread_blocked, id=4088, stack(0x000000095ab00000,0x000000095ac00000)]
  0x0000015585129000 JavaThread "jar transforms Thread 39" [_thread_blocked, id=15420, stack(0x000000095ac00000,0x000000095ad00000)]
  0x000001558512b800 JavaThread "jar transforms Thread 40" [_thread_blocked, id=8392, stack(0x000000095ad00000,0x000000095ae00000)]
  0x000001558512c000 JavaThread "jar transforms Thread 41" [_thread_blocked, id=9212, stack(0x000000095ae00000,0x000000095af00000)]
  0x000001558512d000 JavaThread "jar transforms Thread 42" [_thread_blocked, id=2332, stack(0x000000095af00000,0x000000095b000000)]
  0x000001558512e000 JavaThread "jar transforms Thread 43" [_thread_blocked, id=9280, stack(0x000000095b000000,0x000000095b100000)]
  0x0000015585128000 JavaThread "jar transforms Thread 44" [_thread_blocked, id=5572, stack(0x000000095b100000,0x000000095b200000)]
  0x000001558512e800 JavaThread "jar transforms Thread 45" [_thread_blocked, id=7732, stack(0x000000095b200000,0x000000095b300000)]
  0x0000015585133000 JavaThread "jar transforms Thread 46" [_thread_blocked, id=6100, stack(0x000000095b300000,0x000000095b400000)]
  0x000001558512f800 JavaThread "jar transforms Thread 47" [_thread_blocked, id=5396, stack(0x000000095b400000,0x000000095b500000)]
  0x0000015585130800 JavaThread "jar transforms Thread 48" [_thread_blocked, id=10924, stack(0x000000095b500000,0x000000095b600000)]
  0x0000015585131000 JavaThread "jar transforms Thread 49" [_thread_blocked, id=11964, stack(0x000000095b600000,0x000000095b700000)]
  0x0000015585132000 JavaThread "jar transforms Thread 50" [_thread_blocked, id=15344, stack(0x000000095b700000,0x000000095b800000)]
  0x0000015585133800 JavaThread "jar transforms Thread 51" [_thread_blocked, id=8492, stack(0x000000095b800000,0x000000095b900000)]
  0x0000015585176000 JavaThread "jar transforms Thread 52" [_thread_blocked, id=8640, stack(0x000000095b900000,0x000000095ba00000)]
  0x0000015585178000 JavaThread "jar transforms Thread 53" [_thread_blocked, id=8272, stack(0x000000095ba00000,0x000000095bb00000)]
  0x0000015585177000 JavaThread "jar transforms Thread 54" [_thread_blocked, id=12044, stack(0x000000095bb00000,0x000000095bc00000)]
  0x0000015585172000 JavaThread "jar transforms Thread 55" [_thread_blocked, id=9052, stack(0x000000095bc00000,0x000000095bd00000)]
  0x0000015585173800 JavaThread "jar transforms Thread 56" [_thread_blocked, id=11340, stack(0x000000095bd00000,0x000000095be00000)]
  0x0000015585178800 JavaThread "jar transforms Thread 57" [_thread_blocked, id=7756, stack(0x000000095be00000,0x000000095bf00000)]
  0x0000015585173000 JavaThread "jar transforms Thread 58" [_thread_blocked, id=14204, stack(0x000000095bf00000,0x000000095c000000)]
  0x0000015585179800 JavaThread "jar transforms Thread 59" [_thread_blocked, id=3420, stack(0x000000095c000000,0x000000095c100000)]
  0x000001558517a000 JavaThread "jar transforms Thread 60" [_thread_blocked, id=14040, stack(0x000000095c100000,0x000000095c200000)]
  0x0000015585174800 JavaThread "jar transforms Thread 61" [_thread_blocked, id=15220, stack(0x000000095c200000,0x000000095c300000)]
  0x000001558517b000 JavaThread "jar transforms Thread 62" [_thread_blocked, id=10732, stack(0x000000095c300000,0x000000095c400000)]
  0x0000015585175800 JavaThread "jar transforms Thread 63" [_thread_blocked, id=13204, stack(0x000000095c400000,0x000000095c500000)]
  0x000001558517f000 JavaThread "jar transforms Thread 64" [_thread_blocked, id=10388, stack(0x000000095c500000,0x000000095c600000)]
  0x0000015585180000 JavaThread "jar transforms Thread 65" [_thread_blocked, id=1408, stack(0x000000095c600000,0x000000095c700000)]
  0x0000015585180800 JavaThread "jar transforms Thread 66" [_thread_blocked, id=4416, stack(0x000000095c700000,0x000000095c800000)]
  0x000001558517c000 JavaThread "jar transforms Thread 67" [_thread_blocked, id=12972, stack(0x000000095c800000,0x000000095c900000)]
  0x000001558517c800 JavaThread "jar transforms Thread 68" [_thread_blocked, id=3868, stack(0x000000095c900000,0x000000095ca00000)]
  0x000001558517d800 JavaThread "jar transforms Thread 69" [_thread_blocked, id=15888, stack(0x000000095ca00000,0x000000095cb00000)]
  0x000001558517e800 JavaThread "jar transforms Thread 70" [_thread_blocked, id=6540, stack(0x000000095cb00000,0x000000095cc00000)]
  0x000001558921b800 JavaThread "jar transforms Thread 71" [_thread_blocked, id=10560, stack(0x000000095cc00000,0x000000095cd00000)]
  0x0000015589222000 JavaThread "jar transforms Thread 72" [_thread_blocked, id=12264, stack(0x000000095cd00000,0x000000095ce00000)]
  0x0000015589221000 JavaThread "jar transforms Thread 73" [_thread_blocked, id=15648, stack(0x000000095ce00000,0x000000095cf00000)]
  0x000001558921d000 JavaThread "jar transforms Thread 74" [_thread_blocked, id=14060, stack(0x000000095cf00000,0x000000095d000000)]
  0x000001558921f800 JavaThread "jar transforms Thread 75" [_thread_blocked, id=13672, stack(0x000000095d000000,0x000000095d100000)]
  0x000001558921c000 JavaThread "jar transforms Thread 76" [_thread_blocked, id=8348, stack(0x000000095d100000,0x000000095d200000)]
  0x0000015589222800 JavaThread "jar transforms Thread 77" [_thread_blocked, id=5484, stack(0x000000095d200000,0x000000095d300000)]
  0x0000015589220000 JavaThread "jar transforms Thread 78" [_thread_blocked, id=6032, stack(0x000000095d300000,0x000000095d400000)]
  0x0000015589223800 JavaThread "jar transforms Thread 79" [_thread_blocked, id=5528, stack(0x000000095d400000,0x000000095d500000)]
  0x000001558921d800 JavaThread "jar transforms Thread 80" [_thread_blocked, id=13988, stack(0x000000095d500000,0x000000095d600000)]
  0x000001558921e800 JavaThread "jar transforms Thread 81" [_thread_blocked, id=10620, stack(0x000000095d600000,0x000000095d700000)]
  0x0000015589225000 JavaThread "jar transforms Thread 82" [_thread_blocked, id=16280, stack(0x000000095d700000,0x000000095d800000)]
  0x0000015589226000 JavaThread "jar transforms Thread 83" [_thread_blocked, id=8144, stack(0x000000095d800000,0x000000095d900000)]
  0x0000015589224800 JavaThread "jar transforms Thread 84" [_thread_blocked, id=908, stack(0x000000095d900000,0x000000095da00000)]
  0x0000015589228800 JavaThread "jar transforms Thread 85" [_thread_blocked, id=8020, stack(0x000000095da00000,0x000000095db00000)]
  0x0000015589229000 JavaThread "jar transforms Thread 86" [_thread_blocked, id=13208, stack(0x000000095db00000,0x000000095dc00000)]
  0x0000015589226800 JavaThread "jar transforms Thread 87" [_thread_blocked, id=15516, stack(0x000000095dc00000,0x000000095dd00000)]
  0x0000015589227800 JavaThread "jar transforms Thread 88" [_thread_blocked, id=5600, stack(0x000000095dd00000,0x000000095de00000)]
  0x000001558922a000 JavaThread "jar transforms Thread 89" [_thread_blocked, id=9316, stack(0x000000095de00000,0x000000095df00000)]
  0x000001558759a800 JavaThread "jar transforms Thread 90" [_thread_blocked, id=14732, stack(0x000000095df00000,0x000000095e000000)]
  0x000001558759f800 JavaThread "jar transforms Thread 91" [_thread_blocked, id=1672, stack(0x000000095e000000,0x000000095e100000)]
  0x000001558759b800 JavaThread "jar transforms Thread 92" [_thread_blocked, id=2004, stack(0x000000095e100000,0x000000095e200000)]
  0x00000155875a0800 JavaThread "jar transforms Thread 93" [_thread_blocked, id=872, stack(0x000000095e200000,0x000000095e300000)]
  0x00000155875a1000 JavaThread "jar transforms Thread 94" [_thread_blocked, id=1836, stack(0x000000095e300000,0x000000095e400000)]
  0x00000155875a2000 JavaThread "jar transforms Thread 95" [_thread_blocked, id=15820, stack(0x000000095e400000,0x000000095e500000)]
  0x000001558759e800 JavaThread "jar transforms Thread 96" [_thread_blocked, id=3456, stack(0x000000095e500000,0x000000095e600000)]
  0x000001558759c000 JavaThread "jar transforms Thread 97" [_thread_blocked, id=7956, stack(0x000000095e600000,0x000000095e700000)]
  0x00000155891e8000 JavaThread "C2 CompilerThread3" daemon [_thread_in_native, id=9748, stack(0x000000095e700000,0x000000095e800000)]
  0x000001558759e000 JavaThread "Memory manager" [_thread_blocked, id=8636, stack(0x000000095e800000,0x000000095e900000)]
  0x000001558759d000 JavaThread "build event listener" [_thread_blocked, id=12084, stack(0x000000095ea00000,0x000000095eb00000)]
  0x00000155875a5000 JavaThread "pool-3-thread-1" [_thread_blocked, id=7668, stack(0x000000095eb00000,0x000000095ec00000)]
  0x00000155875a6000 JavaThread "build event listener" [_thread_blocked, id=15460, stack(0x000000095ec00000,0x000000095ed00000)]
  0x00000155875a4800 JavaThread "Execution worker for ':'" [_thread_blocked, id=8852, stack(0x000000095ed00000,0x000000095ee00000)]
  0x00000155875a3800 JavaThread "Execution worker for ':' Thread 2" [_thread_blocked, id=15600, stack(0x000000095ee00000,0x000000095ef00000)]
  0x00000155875a7000 JavaThread "Execution worker for ':' Thread 3" [_thread_blocked, id=15424, stack(0x000000095ef00000,0x000000095f000000)]
  0x00000155875a7800 JavaThread "Execution worker for ':' Thread 4" [_thread_blocked, id=5920, stack(0x000000095f000000,0x000000095f100000)]
  0x00000155875a8800 JavaThread "Execution worker for ':' Thread 5" [_thread_in_vm, id=7092, stack(0x000000095f100000,0x000000095f200000)]
  0x00000155875a9800 JavaThread "Execution worker for ':' Thread 6" [_thread_blocked, id=15300, stack(0x000000095f200000,0x000000095f300000)]
  0x0000015588549000 JavaThread "Execution worker for ':' Thread 7" [_thread_blocked, id=3216, stack(0x000000095f300000,0x000000095f400000)]
  0x0000015588546000 JavaThread "Execution worker for ':' Thread 8" [_thread_blocked, id=2036, stack(0x000000095f400000,0x000000095f500000)]
  0x000001558854a000 JavaThread "Execution worker for ':' Thread 9" [_thread_blocked, id=576, stack(0x000000095f500000,0x000000095f600000)]
  0x0000015588544800 JavaThread "Execution worker for ':' Thread 10" [_thread_blocked, id=8424, stack(0x000000095f600000,0x000000095f700000)]
  0x0000015588547000 JavaThread "Execution worker for ':' Thread 11" [_thread_blocked, id=15508, stack(0x000000095f700000,0x000000095f800000)]
  0x0000015588548800 JavaThread "Execution worker for ':' Thread 12" [_thread_blocked, id=9588, stack(0x000000095f800000,0x000000095f900000)]
  0x000001558854b000 JavaThread "Execution worker for ':' Thread 13" [_thread_blocked, id=8592, stack(0x000000095f900000,0x000000095fa00000)]
  0x0000015588545000 JavaThread "Execution worker for ':' Thread 14" [_thread_blocked, id=12388, stack(0x000000095fa00000,0x000000095fb00000)]
  0x0000015588547800 JavaThread "Execution worker for ':' Thread 15" [_thread_blocked, id=10788, stack(0x000000095fb00000,0x000000095fc00000)]
  0x000001558abc2000 JavaThread "Cache worker for execution history cache (B:\programs\Java_dev\codes\Alarm\.gradle\6.7.1\executionHistory)" [_thread_blocked, id=1536, stack(0x000000095fc00000,0x000000095fd00000)]
  0x000001558abc3800 JavaThread "WorkerExecutor Queue" [_thread_blocked, id=1052, stack(0x000000095e900000,0x000000095ea00000)]
  0x000001558abc7000 JavaThread "WorkerExecutor Queue Thread 2" [_thread_blocked, id=4828, stack(0x000000095fd00000,0x000000095fe00000)]
  0x000001558abc4800 JavaThread "WorkerExecutor Queue Thread 3" [_thread_blocked, id=972, stack(0x000000095fe00000,0x000000095ff00000)]
  0x000001558abc6000 JavaThread "WorkerExecutor Queue Thread 4" [_thread_blocked, id=4884, stack(0x000000095ff00000,0x0000000960000000)]
  0x000001558abc3000 JavaThread "WorkerExecutor Queue Thread 5" [_thread_in_vm, id=13184, stack(0x0000000960000000,0x0000000960100000)]
  0x000001558abc5800 JavaThread "WorkerExecutor Queue Thread 6" [_thread_blocked, id=4192, stack(0x0000000960100000,0x0000000960200000)]
  0x000001558abc1800 JavaThread "WorkerExecutor Queue Thread 7" [_thread_blocked, id=10700, stack(0x0000000960200000,0x0000000960300000)]
  0x000001558abc8000 JavaThread "WorkerExecutor Queue Thread 8" [_thread_blocked, id=8204, stack(0x0000000960300000,0x0000000960400000)]
  0x000001558862d000 JavaThread "C2 CompilerThread4" daemon [_thread_in_native, id=9600, stack(0x0000000960400000,0x0000000960500000)]

Other Threads:
  0x00000155ffad0000 VMThread "VM Thread" [stack: 0x0000000954000000,0x0000000954100000] [id=3036]
  0x00000155829f5000 WatcherThread [stack: 0x0000000954b00000,0x0000000954c00000] [id=948]
  0x00000155e6d52800 GCTaskThread "GC Thread#0" [stack: 0x0000000953b00000,0x0000000953c00000] [id=13360]
  0x0000015582b31000 GCTaskThread "GC Thread#1" [stack: 0x0000000954f00000,0x0000000955000000] [id=5672]
  0x0000015582b32000 GCTaskThread "GC Thread#2" [stack: 0x0000000955b00000,0x0000000955c00000] [id=14880]
  0x0000015582b37000 GCTaskThread "GC Thread#3" [stack: 0x0000000955c00000,0x0000000955d00000] [id=11820]
  0x0000015582b30800 GCTaskThread "GC Thread#4" [stack: 0x0000000955d00000,0x0000000955e00000] [id=9752]
  0x0000015582b37800 GCTaskThread "GC Thread#5" [stack: 0x0000000955e00000,0x0000000955f00000] [id=2260]
  0x0000015582b32800 GCTaskThread "GC Thread#6" [stack: 0x0000000955f00000,0x0000000956000000] [id=15932]
  0x0000015582b35800 GCTaskThread "GC Thread#7" [stack: 0x0000000956000000,0x0000000956100000] [id=14596]
  0x0000015582b33000 GCTaskThread "GC Thread#8" [stack: 0x0000000956100000,0x0000000956200000] [id=8496]
  0x0000015582b34000 GCTaskThread "GC Thread#9" [stack: 0x0000000956200000,0x0000000956300000] [id=10964]
  0x0000015582b36000 GCTaskThread "GC Thread#10" [stack: 0x0000000956300000,0x0000000956400000] [id=13940]
  0x0000015582b34800 GCTaskThread "GC Thread#11" [stack: 0x0000000956400000,0x0000000956500000] [id=5988]
  0x0000015584dff800 GCTaskThread "GC Thread#12" [stack: 0x0000000956500000,0x0000000956600000] [id=5476]
  0x00000155e6d86800 ConcurrentGCThread "G1 Main Marker" [stack: 0x0000000953c00000,0x0000000953d00000] [id=528]
  0x00000155e6d88000 ConcurrentGCThread "G1 Conc#0" [stack: 0x0000000953d00000,0x0000000953e00000] [id=9504]
  0x0000015584e04800 ConcurrentGCThread "G1 Conc#1" [stack: 0x0000000956a00000,0x0000000956b00000] [id=12964]
  0x0000015584e01000 ConcurrentGCThread "G1 Conc#2" [stack: 0x0000000956b00000,0x0000000956c00000] [id=13780]
  0x00000155ff921800 ConcurrentGCThread "G1 Refine#0" [stack: 0x0000000953e00000,0x0000000953f00000] [id=2536]
  0x0000015583d6e000 ConcurrentGCThread "G1 Refine#1" [stack: 0x0000000956600000,0x0000000956700000] [id=7736]
  0x0000015584502000 ConcurrentGCThread "G1 Refine#2" [stack: 0x0000000956700000,0x0000000956800000] [id=15368]
  0x00000155e6e19000 ConcurrentGCThread "G1 Young RemSet Sampling" [stack: 0x0000000953f00000,0x0000000954000000] [id=4764]

Threads with active compile tasks:
C2 CompilerThread0  11113 9958       4       org.gradle.internal.instantiation.generator.AbstractClassGenerator::inspectType (560 bytes)
C1 CompilerThread3  11113 10232       3       java.lang.invoke.InnerClassLambdaMetafactory$1::run (23 bytes)
C2 CompilerThread1  11113 9888       4       com.google.common.collect.LinkedListMultimap$DistinctKeyIterator::next (81 bytes)
C2 CompilerThread2  11113 9885       4       com.google.common.collect.TransformedIterator::next (14 bytes)
C2 CompilerThread3  11113 10176       4       org.apache.xerces.dom.NodeImpl::ownerDocument (23 bytes)
C2 CompilerThread4  11113 9982 % !   4       com.android.ide.common.resources.DataMerger::mergeData @ 247 (611 bytes)

VM state:not at safepoint (normal execution)

VM Mutex/Monitor currently owned by a thread: None

Heap address: 0x0000000080000000, size: 2048 MB, Compressed Oops mode: 32-bit
Narrow klass base: 0x0000000000000000, Narrow klass shift: 3
Compressed class space size: 1073741824 Address: 0x0000000100000000

Heap:
 garbage-first heap   total 177152K, used 107036K [0x0000000080000000, 0x0000000100000000)
  region size 1024K, 29 young (29696K), 10 survivors (10240K)
 Metaspace       used 80023K, capacity 82151K, committed 82388K, reserved 1120256K
  class space    used 10283K, capacity 11031K, committed 11084K, reserved 1048576K
Heap Regions: E=young(eden), S=young(survivor), O=old, HS=humongous(starts), HC=humongous(continues), CS=collection set, F=free, A=archive, TAMS=top-at-mark-start (previous, next)
|   0|0x0000000080000000, 0x0000000080100000, 0x0000000080100000|100%| O|  |TAMS 0x0000000080100000, 0x0000000080000000| Untracked 
|   1|0x0000000080100000, 0x0000000080200000, 0x0000000080200000|100%| O|  |TAMS 0x0000000080200000, 0x0000000080100000| Untracked 
|   2|0x0000000080200000, 0x0000000080300000, 0x0000000080300000|100%| O|  |TAMS 0x0000000080300000, 0x0000000080200000| Untracked 
|   3|0x0000000080300000, 0x0000000080400000, 0x0000000080400000|100%|HS|  |TAMS 0x0000000080400000, 0x0000000080300000| Complete 
|   4|0x0000000080400000, 0x0000000080500000, 0x0000000080500000|100%|HC|  |TAMS 0x0000000080500000, 0x0000000080400000| Complete 
|   5|0x0000000080500000, 0x0000000080600000, 0x0000000080600000|100%|HC|  |TAMS 0x0000000080600000, 0x0000000080500000| Complete 
|   6|0x0000000080600000, 0x0000000080700000, 0x0000000080700000|100%| O|  |TAMS 0x0000000080700000, 0x0000000080600000| Untracked 
|   7|0x0000000080700000, 0x0000000080800000, 0x0000000080800000|100%| O|  |TAMS 0x0000000080800000, 0x0000000080700000| Untracked 
|   8|0x0000000080800000, 0x0000000080900000, 0x0000000080900000|100%| O|  |TAMS 0x0000000080900000, 0x0000000080800000| Untracked 
|   9|0x0000000080900000, 0x0000000080a00000, 0x0000000080a00000|100%| O|  |TAMS 0x0000000080a00000, 0x0000000080900000| Untracked 
|  10|0x0000000080a00000, 0x0000000080b00000, 0x0000000080b00000|100%| O|  |TAMS 0x0000000080b00000, 0x0000000080a00000| Untracked 
|  11|0x0000000080b00000, 0x0000000080c00000, 0x0000000080c00000|100%| O|  |TAMS 0x0000000080c00000, 0x0000000080b00000| Untracked 
|  12|0x0000000080c00000, 0x0000000080d00000, 0x0000000080d00000|100%| O|  |TAMS 0x0000000080d00000, 0x0000000080c00000| Untracked 
|  13|0x0000000080d00000, 0x0000000080e00000, 0x0000000080e00000|100%| O|  |TAMS 0x0000000080e00000, 0x0000000080d00000| Untracked 
|  14|0x0000000080e00000, 0x0000000080f00000, 0x0000000080f00000|100%| O|  |TAMS 0x0000000080f00000, 0x0000000080e00000| Untracked 
|  15|0x0000000080f00000, 0x0000000081000000, 0x0000000081000000|100%| O|  |TAMS 0x0000000081000000, 0x0000000080f00000| Untracked 
|  16|0x0000000081000000, 0x0000000081100000, 0x0000000081100000|100%| O|  |TAMS 0x0000000081100000, 0x0000000081000000| Untracked 
|  17|0x0000000081100000, 0x0000000081200000, 0x0000000081200000|100%| O|  |TAMS 0x0000000081200000, 0x0000000081100000| Untracked 
|  18|0x0000000081200000, 0x0000000081300000, 0x0000000081300000|100%| O|  |TAMS 0x0000000081300000, 0x0000000081200000| Untracked 
|  19|0x0000000081300000, 0x0000000081400000, 0x0000000081400000|100%| O|  |TAMS 0x0000000081400000, 0x0000000081300000| Untracked 
|  20|0x0000000081400000, 0x0000000081500000, 0x0000000081500000|100%| O|  |TAMS 0x0000000081500000, 0x0000000081400000| Untracked 
|  21|0x0000000081500000, 0x0000000081600000, 0x0000000081600000|100%|HS|  |TAMS 0x0000000081600000, 0x0000000081500000| Complete 
|  22|0x0000000081600000, 0x0000000081700000, 0x0000000081700000|100%|HS|  |TAMS 0x0000000081700000, 0x0000000081600000| Complete 
|  23|0x0000000081700000, 0x0000000081800000, 0x0000000081800000|100%|HC|  |TAMS 0x0000000081800000, 0x0000000081700000| Complete 
|  24|0x0000000081800000, 0x0000000081900000, 0x0000000081900000|100%| O|  |TAMS 0x0000000081900000, 0x0000000081800000| Untracked 
|  25|0x0000000081900000, 0x0000000081a00000, 0x0000000081a00000|100%| O|  |TAMS 0x0000000081a00000, 0x0000000081900000| Untracked 
|  26|0x0000000081a00000, 0x0000000081b00000, 0x0000000081b00000|100%| O|  |TAMS 0x0000000081b00000, 0x0000000081a00000| Untracked 
|  27|0x0000000081b00000, 0x0000000081c00000, 0x0000000081c00000|100%| O|  |TAMS 0x0000000081c00000, 0x0000000081b00000| Untracked 
|  28|0x0000000081c00000, 0x0000000081d00000, 0x0000000081d00000|100%| O|  |TAMS 0x0000000081c00000, 0x0000000081c00000| Untracked 
|  29|0x0000000081d00000, 0x0000000081e00000, 0x0000000081e00000|100%| O|  |TAMS 0x0000000081e00000, 0x0000000081d00000| Untracked 
|  30|0x0000000081e00000, 0x0000000081f00000, 0x0000000081f00000|100%| O|  |TAMS 0x0000000081f00000, 0x0000000081e00000| Untracked 
|  31|0x0000000081f00000, 0x0000000082000000, 0x0000000082000000|100%| O|  |TAMS 0x0000000082000000, 0x0000000081f00000| Untracked 
|  32|0x0000000082000000, 0x0000000082100000, 0x0000000082100000|100%| O|  |TAMS 0x0000000082100000, 0x0000000082000000| Untracked 
|  33|0x0000000082100000, 0x0000000082200000, 0x0000000082200000|100%| O|  |TAMS 0x0000000082200000, 0x0000000082100000| Untracked 
|  34|0x0000000082200000, 0x0000000082300000, 0x0000000082300000|100%| O|  |TAMS 0x0000000082300000, 0x0000000082200000| Untracked 
|  35|0x0000000082300000, 0x0000000082400000, 0x0000000082400000|100%| O|  |TAMS 0x0000000082400000, 0x0000000082300000| Untracked 
|  36|0x0000000082400000, 0x0000000082500000, 0x0000000082500000|100%| O|  |TAMS 0x0000000082500000, 0x0000000082400000| Untracked 
|  37|0x0000000082500000, 0x0000000082600000, 0x0000000082600000|100%| O|  |TAMS 0x0000000082600000, 0x0000000082500000| Untracked 
|  38|0x0000000082600000, 0x0000000082700000, 0x0000000082700000|100%| O|  |TAMS 0x00000000826b4200, 0x0000000082600000| Untracked 
|  39|0x0000000082700000, 0x0000000082800000, 0x0000000082800000|100%| O|  |TAMS 0x0000000082700000, 0x0000000082700000| Untracked 
|  40|0x0000000082800000, 0x0000000082900000, 0x0000000082900000|100%| O|  |TAMS 0x0000000082800000, 0x0000000082800000| Untracked 
|  41|0x0000000082900000, 0x0000000082a00000, 0x0000000082a00000|100%| O|  |TAMS 0x0000000082900000, 0x0000000082900000| Untracked 
|  42|0x0000000082a00000, 0x0000000082b00000, 0x0000000082b00000|100%| O|  |TAMS 0x0000000082a00000, 0x0000000082a00000| Untracked 
|  43|0x0000000082b00000, 0x0000000082c00000, 0x0000000082c00000|100%| O|  |TAMS 0x0000000082b00000, 0x0000000082b00000| Untracked 
|  44|0x0000000082c00000, 0x0000000082d00000, 0x0000000082d00000|100%| O|  |TAMS 0x0000000082c00000, 0x0000000082c00000| Untracked 
|  45|0x0000000082d00000, 0x0000000082e00000, 0x0000000082e00000|100%| O|  |TAMS 0x0000000082d00000, 0x0000000082d00000| Untracked 
|  46|0x0000000082e00000, 0x0000000082f00000, 0x0000000082f00000|100%| O|  |TAMS 0x0000000082e00000, 0x0000000082e00000| Untracked 
|  47|0x0000000082f00000, 0x0000000083000000, 0x0000000083000000|100%| O|  |TAMS 0x0000000082f00000, 0x0000000082f00000| Untracked 
|  48|0x0000000083000000, 0x0000000083100000, 0x0000000083100000|100%| O|  |TAMS 0x0000000083000000, 0x0000000083000000| Untracked 
|  49|0x0000000083100000, 0x0000000083200000, 0x0000000083200000|100%| O|  |TAMS 0x0000000083100000, 0x0000000083100000| Untracked 
|  50|0x0000000083200000, 0x0000000083300000, 0x0000000083300000|100%| O|  |TAMS 0x0000000083200000, 0x0000000083200000| Untracked 
|  51|0x0000000083300000, 0x0000000083400000, 0x0000000083400000|100%| O|  |TAMS 0x0000000083300000, 0x0000000083300000| Untracked 
|  52|0x0000000083400000, 0x0000000083500000, 0x0000000083500000|100%|HS|  |TAMS 0x0000000083400000, 0x0000000083400000| Complete 
|  53|0x0000000083500000, 0x0000000083600000, 0x0000000083600000|100%|HS|  |TAMS 0x0000000083500000, 0x0000000083500000| Complete 
|  54|0x0000000083600000, 0x0000000083700000, 0x0000000083700000|100%|HS|  |TAMS 0x0000000083600000, 0x0000000083600000| Complete 
|  55|0x0000000083700000, 0x0000000083800000, 0x0000000083800000|100%| O|  |TAMS 0x0000000083700000, 0x0000000083700000| Untracked 
|  56|0x0000000083800000, 0x0000000083900000, 0x0000000083900000|100%| O|  |TAMS 0x0000000083800000, 0x0000000083800000| Untracked 
|  57|0x0000000083900000, 0x0000000083a00000, 0x0000000083a00000|100%| O|  |TAMS 0x0000000083900000, 0x0000000083900000| Untracked 
|  58|0x0000000083a00000, 0x0000000083b00000, 0x0000000083b00000|100%| O|  |TAMS 0x0000000083a00000, 0x0000000083a00000| Untracked 
|  59|0x0000000083b00000, 0x0000000083c00000, 0x0000000083c00000|100%| O|  |TAMS 0x0000000083b00000, 0x0000000083b00000| Untracked 
|  60|0x0000000083c00000, 0x0000000083d00000, 0x0000000083d00000|100%| O|  |TAMS 0x0000000083c00000, 0x0000000083c00000| Untracked 
|  61|0x0000000083d00000, 0x0000000083e00000, 0x0000000083e00000|100%| O|  |TAMS 0x0000000083d00000, 0x0000000083d00000| Untracked 
|  62|0x0000000083e00000, 0x0000000083f00000, 0x0000000083f00000|100%| O|  |TAMS 0x0000000083e00000, 0x0000000083e00000| Untracked 
|  63|0x0000000083f00000, 0x0000000084000000, 0x0000000084000000|100%| O|  |TAMS 0x0000000083f00000, 0x0000000083f00000| Untracked 
|  64|0x0000000084000000, 0x0000000084100000, 0x0000000084100000|100%| O|  |TAMS 0x0000000084000000, 0x0000000084000000| Untracked 
|  65|0x0000000084100000, 0x0000000084200000, 0x0000000084200000|100%| O|  |TAMS 0x0000000084100000, 0x0000000084100000| Untracked 
|  66|0x0000000084200000, 0x0000000084300000, 0x0000000084300000|100%| O|  |TAMS 0x0000000084200000, 0x0000000084200000| Untracked 
|  67|0x0000000084300000, 0x0000000084400000, 0x0000000084400000|100%| O|  |TAMS 0x0000000084300000, 0x0000000084300000| Untracked 
|  68|0x0000000084400000, 0x0000000084500000, 0x0000000084500000|100%| O|  |TAMS 0x0000000084400000, 0x0000000084400000| Untracked 
|  69|0x0000000084500000, 0x0000000084587200, 0x0000000084600000| 52%| O|  |TAMS 0x0000000084500000, 0x0000000084500000| Untracked 
|  70|0x0000000084600000, 0x0000000084700000, 0x0000000084700000|100%|HS|  |TAMS 0x0000000084600000, 0x0000000084600000| Complete 
|  71|0x0000000084700000, 0x0000000084800000, 0x0000000084800000|100%|HC|  |TAMS 0x0000000084700000, 0x0000000084700000| Complete 
|  72|0x0000000084800000, 0x0000000084900000, 0x0000000084900000|100%|HS|  |TAMS 0x0000000084800000, 0x0000000084800000| Complete 
|  73|0x0000000084900000, 0x0000000084a00000, 0x0000000084a00000|100%|HS|  |TAMS 0x0000000084900000, 0x0000000084900000| Complete 
|  74|0x0000000084a00000, 0x0000000084b00000, 0x0000000084b00000|100%|HC|  |TAMS 0x0000000084a00000, 0x0000000084a00000| Complete 
|  75|0x0000000084b00000, 0x0000000084c00000, 0x0000000084c00000|100%|HS|  |TAMS 0x0000000084b00000, 0x0000000084b00000| Complete 
|  76|0x0000000084c00000, 0x0000000084d00000, 0x0000000084d00000|100%|HC|  |TAMS 0x0000000084c00000, 0x0000000084c00000| Complete 
|  77|0x0000000084d00000, 0x0000000084d00000, 0x0000000084e00000|  0%| F|  |TAMS 0x0000000084d00000, 0x0000000084d00000| Untracked 
|  78|0x0000000084e00000, 0x0000000084e00000, 0x0000000084f00000|  0%| F|  |TAMS 0x0000000084e00000, 0x0000000084e00000| Untracked 
|  79|0x0000000084f00000, 0x0000000084f00000, 0x0000000085000000|  0%| F|  |TAMS 0x0000000084f00000, 0x0000000084f00000| Untracked 
|  80|0x0000000085000000, 0x0000000085000000, 0x0000000085100000|  0%| F|  |TAMS 0x0000000085000000, 0x0000000085000000| Untracked 
|  81|0x0000000085100000, 0x0000000085100000, 0x0000000085200000|  0%| F|  |TAMS 0x0000000085100000, 0x0000000085100000| Untracked 
|  82|0x0000000085200000, 0x0000000085200000, 0x0000000085300000|  0%| F|  |TAMS 0x0000000085200000, 0x0000000085200000| Untracked 
|  83|0x0000000085300000, 0x0000000085300000, 0x0000000085400000|  0%| F|  |TAMS 0x0000000085300000, 0x0000000085300000| Untracked 
|  84|0x0000000085400000, 0x0000000085400000, 0x0000000085500000|  0%| F|  |TAMS 0x0000000085400000, 0x0000000085400000| Untracked 
|  85|0x0000000085500000, 0x0000000085500000, 0x0000000085600000|  0%| F|  |TAMS 0x0000000085500000, 0x0000000085500000| Untracked 
|  86|0x0000000085600000, 0x0000000085700000, 0x0000000085700000|100%| S|CS|TAMS 0x0000000085600000, 0x0000000085600000| Complete 
|  87|0x0000000085700000, 0x0000000085800000, 0x0000000085800000|100%| S|CS|TAMS 0x0000000085700000, 0x0000000085700000| Complete 
|  88|0x0000000085800000, 0x0000000085900000, 0x0000000085900000|100%| S|CS|TAMS 0x0000000085800000, 0x0000000085800000| Complete 
|  89|0x0000000085900000, 0x0000000085a00000, 0x0000000085a00000|100%| S|CS|TAMS 0x0000000085900000, 0x0000000085900000| Complete 
|  90|0x0000000085a00000, 0x0000000085b00000, 0x0000000085b00000|100%| S|CS|TAMS 0x0000000085a00000, 0x0000000085a00000| Complete 
|  91|0x0000000085b00000, 0x0000000085c00000, 0x0000000085c00000|100%| S|CS|TAMS 0x0000000085b00000, 0x0000000085b00000| Complete 
|  92|0x0000000085c00000, 0x0000000085d00000, 0x0000000085d00000|100%| S|CS|TAMS 0x0000000085c00000, 0x0000000085c00000| Complete 
|  93|0x0000000085d00000, 0x0000000085d00000, 0x0000000085e00000|  0%| F|  |TAMS 0x0000000085d00000, 0x0000000085d00000| Untracked 
|  94|0x0000000085e00000, 0x0000000085e00000, 0x0000000085f00000|  0%| F|  |TAMS 0x0000000085e00000, 0x0000000085e00000| Untracked 
|  95|0x0000000085f00000, 0x0000000085f00000, 0x0000000086000000|  0%| F|  |TAMS 0x0000000085f00000, 0x0000000085f00000| Untracked 
|  96|0x0000000086000000, 0x0000000086000000, 0x0000000086100000|  0%| F|  |TAMS 0x0000000086000000, 0x0000000086000000| Untracked 
|  97|0x0000000086100000, 0x0000000086100000, 0x0000000086200000|  0%| F|  |TAMS 0x0000000086100000, 0x0000000086100000| Untracked 
|  98|0x0000000086200000, 0x0000000086200000, 0x0000000086300000|  0%| F|  |TAMS 0x0000000086200000, 0x0000000086200000| Untracked 
|  99|0x0000000086300000, 0x0000000086300000, 0x0000000086400000|  0%| F|  |TAMS 0x0000000086300000, 0x0000000086300000| Untracked 
| 100|0x0000000086400000, 0x0000000086400000, 0x0000000086500000|  0%| F|  |TAMS 0x0000000086400000, 0x0000000086400000| Untracked 
| 101|0x0000000086500000, 0x0000000086500000, 0x0000000086600000|  0%| F|  |TAMS 0x0000000086500000, 0x0000000086500000| Untracked 
| 102|0x0000000086600000, 0x0000000086700000, 0x0000000086700000|100%| S|CS|TAMS 0x0000000086600000, 0x0000000086600000| Complete 
| 103|0x0000000086700000, 0x0000000086800000, 0x0000000086800000|100%| S|CS|TAMS 0x0000000086700000, 0x0000000086700000| Complete 
| 104|0x0000000086800000, 0x0000000086900000, 0x0000000086900000|100%| S|CS|TAMS 0x0000000086800000, 0x0000000086800000| Complete 
| 105|0x0000000086900000, 0x0000000086900000, 0x0000000086a00000|  0%| F|  |TAMS 0x0000000086900000, 0x0000000086900000| Untracked 
| 106|0x0000000086a00000, 0x0000000086a00000, 0x0000000086b00000|  0%| F|  |TAMS 0x0000000086a00000, 0x0000000086a00000| Untracked 
| 107|0x0000000086b00000, 0x0000000086b00000, 0x0000000086c00000|  0%| F|  |TAMS 0x0000000086b00000, 0x0000000086b00000| Untracked 
| 108|0x0000000086c00000, 0x0000000086c00000, 0x0000000086d00000|  0%| F|  |TAMS 0x0000000086c00000, 0x0000000086c00000| Untracked 
| 109|0x0000000086d00000, 0x0000000086d00000, 0x0000000086e00000|  0%| F|  |TAMS 0x0000000086d00000, 0x0000000086d00000| Untracked 
| 110|0x0000000086e00000, 0x0000000086e00000, 0x0000000086f00000|  0%| F|  |TAMS 0x0000000086e00000, 0x0000000086e00000| Untracked 
| 111|0x0000000086f00000, 0x0000000086f00000, 0x0000000087000000|  0%| F|  |TAMS 0x0000000086f00000, 0x0000000086f00000| Untracked 
| 112|0x0000000087000000, 0x0000000087000000, 0x0000000087100000|  0%| F|  |TAMS 0x0000000087000000, 0x0000000087000000| Untracked 
| 113|0x0000000087100000, 0x0000000087100000, 0x0000000087200000|  0%| F|  |TAMS 0x0000000087100000, 0x0000000087100000| Untracked 
| 114|0x0000000087200000, 0x0000000087200000, 0x0000000087300000|  0%| F|  |TAMS 0x0000000087200000, 0x0000000087200000| Untracked 
| 115|0x0000000087300000, 0x0000000087300000, 0x0000000087400000|  0%| F|  |TAMS 0x0000000087300000, 0x0000000087300000| Untracked 
| 116|0x0000000087400000, 0x0000000087400000, 0x0000000087500000|  0%| F|  |TAMS 0x0000000087400000, 0x0000000087400000| Untracked 
| 117|0x0000000087500000, 0x0000000087500000, 0x0000000087600000|  0%| F|  |TAMS 0x0000000087500000, 0x0000000087500000| Untracked 
| 118|0x0000000087600000, 0x0000000087600000, 0x0000000087700000|  0%| F|  |TAMS 0x0000000087600000, 0x0000000087600000| Untracked 
| 119|0x0000000087700000, 0x0000000087700000, 0x0000000087800000|  0%| F|  |TAMS 0x0000000087700000, 0x0000000087700000| Untracked 
| 120|0x0000000087800000, 0x0000000087800000, 0x0000000087900000|  0%| F|  |TAMS 0x0000000087800000, 0x0000000087800000| Untracked 
| 121|0x0000000087900000, 0x0000000087900000, 0x0000000087a00000|  0%| F|  |TAMS 0x0000000087900000, 0x0000000087900000| Untracked 
| 122|0x0000000087a00000, 0x0000000087a00000, 0x0000000087b00000|  0%| F|  |TAMS 0x0000000087a00000, 0x0000000087a00000| Untracked 
| 123|0x0000000087b00000, 0x0000000087b00000, 0x0000000087c00000|  0%| F|  |TAMS 0x0000000087b00000, 0x0000000087b00000| Untracked 
| 124|0x0000000087c00000, 0x0000000087c00000, 0x0000000087d00000|  0%| F|  |TAMS 0x0000000087c00000, 0x0000000087c00000| Untracked 
| 125|0x0000000087d00000, 0x0000000087d00000, 0x0000000087e00000|  0%| F|  |TAMS 0x0000000087d00000, 0x0000000087d00000| Untracked 
| 126|0x0000000087e00000, 0x0000000087e00000, 0x0000000087f00000|  0%| F|  |TAMS 0x0000000087e00000, 0x0000000087e00000| Untracked 
| 127|0x0000000087f00000, 0x0000000087f00000, 0x0000000088000000|  0%| F|  |TAMS 0x0000000087f00000, 0x0000000087f00000| Untracked 
| 128|0x0000000088000000, 0x0000000088000000, 0x0000000088100000|  0%| F|  |TAMS 0x0000000088000000, 0x0000000088000000| Untracked 
| 129|0x0000000088100000, 0x0000000088100000, 0x0000000088200000|  0%| F|  |TAMS 0x0000000088100000, 0x0000000088100000| Untracked 
| 130|0x0000000088200000, 0x0000000088200000, 0x0000000088300000|  0%| F|  |TAMS 0x0000000088200000, 0x0000000088200000| Untracked 
| 131|0x0000000088300000, 0x0000000088300000, 0x0000000088400000|  0%| F|  |TAMS 0x0000000088300000, 0x0000000088300000| Untracked 
| 132|0x0000000088400000, 0x0000000088400000, 0x0000000088500000|  0%| F|  |TAMS 0x0000000088400000, 0x0000000088400000| Untracked 
| 133|0x0000000088500000, 0x0000000088500000, 0x0000000088600000|  0%| F|  |TAMS 0x0000000088500000, 0x0000000088500000| Untracked 
| 134|0x0000000088600000, 0x0000000088600000, 0x0000000088700000|  0%| F|  |TAMS 0x0000000088600000, 0x0000000088600000| Untracked 
| 135|0x0000000088700000, 0x0000000088700000, 0x0000000088800000|  0%| F|  |TAMS 0x0000000088700000, 0x0000000088700000| Untracked 
| 136|0x0000000088800000, 0x0000000088800000, 0x0000000088900000|  0%| F|  |TAMS 0x0000000088800000, 0x0000000088800000| Untracked 
| 137|0x0000000088900000, 0x0000000088900000, 0x0000000088a00000|  0%| F|  |TAMS 0x0000000088900000, 0x0000000088900000| Untracked 
| 138|0x0000000088a00000, 0x0000000088a00000, 0x0000000088b00000|  0%| F|  |TAMS 0x0000000088a00000, 0x0000000088a00000| Untracked 
| 139|0x0000000088b00000, 0x0000000088b00000, 0x0000000088c00000|  0%| F|  |TAMS 0x0000000088b00000, 0x0000000088b00000| Untracked 
| 140|0x0000000088c00000, 0x0000000088c00000, 0x0000000088d00000|  0%| F|  |TAMS 0x0000000088c00000, 0x0000000088c00000| Untracked 
| 141|0x0000000088d00000, 0x0000000088d00000, 0x0000000088e00000|  0%| F|  |TAMS 0x0000000088d00000, 0x0000000088d00000| Untracked 
| 142|0x0000000088e00000, 0x0000000088e00000, 0x0000000088f00000|  0%| F|  |TAMS 0x0000000088e00000, 0x0000000088e00000| Untracked 
| 143|0x0000000088f00000, 0x0000000088f00000, 0x0000000089000000|  0%| F|  |TAMS 0x0000000088f00000, 0x0000000088f00000| Untracked 
| 144|0x0000000089000000, 0x0000000089000000, 0x0000000089100000|  0%| F|  |TAMS 0x0000000089000000, 0x0000000089000000| Untracked 
| 145|0x0000000089100000, 0x0000000089100000, 0x0000000089200000|  0%| F|  |TAMS 0x0000000089100000, 0x0000000089100000| Untracked 
| 146|0x0000000089200000, 0x0000000089200000, 0x0000000089300000|  0%| F|  |TAMS 0x0000000089200000, 0x0000000089200000| Untracked 
| 147|0x0000000089300000, 0x0000000089300000, 0x0000000089400000|  0%| F|  |TAMS 0x0000000089300000, 0x0000000089300000| Untracked 
| 148|0x0000000089400000, 0x0000000089400000, 0x0000000089500000|  0%| F|  |TAMS 0x0000000089400000, 0x0000000089400000| Untracked 
| 149|0x0000000089500000, 0x0000000089500000, 0x0000000089600000|  0%| F|  |TAMS 0x0000000089500000, 0x0000000089500000| Untracked 
| 150|0x0000000089600000, 0x0000000089600000, 0x0000000089700000|  0%| F|  |TAMS 0x0000000089600000, 0x0000000089600000| Untracked 
| 151|0x0000000089700000, 0x0000000089700000, 0x0000000089800000|  0%| F|  |TAMS 0x0000000089700000, 0x0000000089700000| Untracked 
| 152|0x0000000089800000, 0x0000000089800000, 0x0000000089900000|  0%| F|  |TAMS 0x0000000089800000, 0x0000000089800000| Untracked 
| 153|0x0000000089900000, 0x0000000089900000, 0x0000000089a00000|  0%| F|  |TAMS 0x0000000089900000, 0x0000000089900000| Untracked 
| 154|0x0000000089a00000, 0x0000000089b00000, 0x0000000089b00000|100%| E|  |TAMS 0x0000000089a00000, 0x0000000089a00000| Complete 
| 155|0x0000000089b00000, 0x0000000089c00000, 0x0000000089c00000|100%| E|CS|TAMS 0x0000000089b00000, 0x0000000089b00000| Complete 
| 156|0x0000000089c00000, 0x0000000089d00000, 0x0000000089d00000|100%| E|CS|TAMS 0x0000000089c00000, 0x0000000089c00000| Complete 
| 157|0x0000000089d00000, 0x0000000089e00000, 0x0000000089e00000|100%| E|CS|TAMS 0x0000000089d00000, 0x0000000089d00000| Complete 
| 158|0x0000000089e00000, 0x0000000089f00000, 0x0000000089f00000|100%| E|CS|TAMS 0x0000000089e00000, 0x0000000089e00000| Complete 
| 159|0x0000000089f00000, 0x000000008a000000, 0x000000008a000000|100%| E|CS|TAMS 0x0000000089f00000, 0x0000000089f00000| Complete 
| 160|0x000000008a000000, 0x000000008a100000, 0x000000008a100000|100%| E|CS|TAMS 0x000000008a000000, 0x000000008a000000| Complete 
| 161|0x000000008a100000, 0x000000008a200000, 0x000000008a200000|100%| E|CS|TAMS 0x000000008a100000, 0x000000008a100000| Complete 
| 162|0x000000008a200000, 0x000000008a300000, 0x000000008a300000|100%| E|CS|TAMS 0x000000008a200000, 0x000000008a200000| Complete 
| 163|0x000000008a300000, 0x000000008a400000, 0x000000008a400000|100%| E|CS|TAMS 0x000000008a300000, 0x000000008a300000| Complete 
| 164|0x000000008a400000, 0x000000008a500000, 0x000000008a500000|100%| E|CS|TAMS 0x000000008a400000, 0x000000008a400000| Complete 
| 165|0x000000008a500000, 0x000000008a600000, 0x000000008a600000|100%| E|CS|TAMS 0x000000008a500000, 0x000000008a500000| Complete 
| 166|0x000000008a600000, 0x000000008a700000, 0x000000008a700000|100%| E|CS|TAMS 0x000000008a600000, 0x000000008a600000| Complete 
| 167|0x000000008a700000, 0x000000008a800000, 0x000000008a800000|100%| E|CS|TAMS 0x000000008a700000, 0x000000008a700000| Complete 
| 168|0x000000008a800000, 0x000000008a900000, 0x000000008a900000|100%| E|CS|TAMS 0x000000008a800000, 0x000000008a800000| Complete 
| 169|0x000000008a900000, 0x000000008aa00000, 0x000000008aa00000|100%| E|CS|TAMS 0x000000008a900000, 0x000000008a900000| Complete 
| 170|0x000000008aa00000, 0x000000008ab00000, 0x000000008ab00000|100%| E|CS|TAMS 0x000000008aa00000, 0x000000008aa00000| Complete 
| 171|0x000000008ab00000, 0x000000008ac00000, 0x000000008ac00000|100%| E|CS|TAMS 0x000000008ab00000, 0x000000008ab00000| Complete 
| 172|0x000000008ac00000, 0x000000008ad00000, 0x000000008ad00000|100%| E|CS|TAMS 0x000000008ac00000, 0x000000008ac00000| Complete 

Card table byte_map: [0x00000155fa340000,0x00000155fa740000] _byte_map_base: 0x00000155f9f40000

Marking Bits (Prev, Next): (CMBitMap*) 0x00000155e6d7ba50, (CMBitMap*) 0x00000155e6d7ba18
 Prev Bits: [0x00000155fcb40000, 0x00000155feb40000)
 Next Bits: [0x00000155fab40000, 0x00000155fcb40000)

Polling page: 0x00000155e4cb0000

Metaspace:

Usage:
  Non-class:     69.52 MB capacity,    68.16 MB ( 98%) used,     1.14 MB (  2%) free+waste,   221.25 KB ( <1%) overhead. 
      Class:     10.77 MB capacity,    10.04 MB ( 93%) used,   644.53 KB (  6%) free+waste,   100.75 KB ( <1%) overhead. 
       Both:     80.29 MB capacity,    78.20 MB ( 97%) used,     1.77 MB (  2%) free+waste,   322.00 KB ( <1%) overhead. 

Virtual space:
  Non-class space:       70.00 MB reserved,      69.63 MB (>99%) committed 
      Class space:        1.00 GB reserved,      10.82 MB (  1%) committed 
             Both:        1.07 GB reserved,      80.46 MB (  7%) committed 

Chunk freelists:
   Non-Class:  56.00 KB
       Class:  9.00 KB
        Both:  65.00 KB

MaxMetaspaceSize: 17179869184.00 GB
CompressedClassSpaceSize: 1.00 GB

CodeHeap 'non-profiled nmethods': size=119168Kb used=5995Kb max_used=5995Kb free=113172Kb
 bounds [0x00000155f2260000, 0x00000155f2840000, 0x00000155f96c0000]
CodeHeap 'profiled nmethods': size=119168Kb used=22013Kb max_used=22013Kb free=97154Kb
 bounds [0x00000155eae00000, 0x00000155ec390000, 0x00000155f2260000]
CodeHeap 'non-nmethods': size=7424Kb used=3977Kb max_used=4007Kb free=3446Kb
 bounds [0x00000155ea6c0000, 0x00000155eaac0000, 0x00000155eae00000]
 total_blobs=10818 nmethods=9918 adapters=808
 compilation: enabled
              stopped_count=0, restarted_count=0
 full_count=0

Compilation events (20 events):
Event: 11.078 Thread 0x000001558456c000 nmethod 10201 0x00000155ec36a910 code [0x00000155ec36ab20, 0x00000155ec36b188]
Event: 11.078 Thread 0x00000155829b2000 nmethod 10203 0x00000155ec36b390 code [0x00000155ec36b560, 0x00000155ec36b6f8]
Event: 11.078 Thread 0x000001558456c000 10204       3       com.android.utils.PositionXmlParser::getPositionHelper (759 bytes)
Event: 11.078 Thread 0x00000155829b2000 10205       3       com.android.ide.common.blame.SourceFilePosition::equals (55 bytes)
Event: 11.078 Thread 0x0000015582c93800 nmethod 10199 0x00000155ec36b810 code [0x00000155ec36bb00, 0x00000155ec36cab8]
Event: 11.078 Thread 0x0000015582c93800 10206       3       com.android.ide.common.blame.SourcePosition::hashCode (69 bytes)
Event: 11.079 Thread 0x00000155829b2000 nmethod 10205 0x00000155ec36d190 code [0x00000155ec36d3a0, 0x00000155ec36da98]
Event: 11.079 Thread 0x00000155829b2000 10207       3       com.google.common.base.Objects::hashCode (5 bytes)
Event: 11.079 Thread 0x00000155829b2000 nmethod 10207 0x00000155ec36dc10 code [0x00000155ec36ddc0, 0x00000155ec36dec8]
Event: 11.079 Thread 0x00000155829b2000 10208       3       com.android.utils.PositionXmlParser$Position::toSourcePosition (69 bytes)
Event: 11.080 Thread 0x00000155829b2000 nmethod 10208 0x00000155ec36df90 code [0x00000155ec36e160, 0x00000155ec36e3c8]
Event: 11.080 Thread 0x00000155829b2000 10210       3       java.lang.invoke.SimpleMethodHandle::speciesData (4 bytes)
Event: 11.080 Thread 0x00000155829b2000 nmethod 10210 0x00000155ec36e510 code [0x00000155ec36e6c0, 0x00000155ec36e7d8]
Event: 11.080 Thread 0x00000155829b2000 10211       3       com.android.ide.common.blame.SourceFile::equals (55 bytes)
Event: 11.080 Thread 0x0000015582c93800 nmethod 10206 0x00000155ec36e890 code [0x00000155ec36ebe0, 0x00000155ec3705c8]
Event: 11.081 Thread 0x00000155829b2000 nmethod 10211 0x00000155ec370d10 code [0x00000155ec370f60, 0x00000155ec371a78]
Event: 11.082 Thread 0x00000155ffafa000 nmethod 10193 0x00000155ec371d10 code [0x00000155ec372580, 0x00000155ec376a48]
Event: 11.085 Thread 0x000001558456c000 nmethod 10204 0x00000155ec378210 code [0x00000155ec378ac0, 0x00000155ec37e7d8]
Event: 11.086 Thread 0x0000015582c93800 10216       3       java.lang.StringUTF16::putCharSB (12 bytes)
Event: 11.087 Thread 0x0000015582c93800 nmethod 10216 0x00000155ec380990 code [0x00000155ec380b60, 0x00000155ec380d68]

GC Heap History (20 events):
Event: 3.134 GC heap before
{Heap before GC invocations=6 (full 0):
 garbage-first heap   total 122880K, used 28327K [0x0000000080000000, 0x0000000100000000)
  region size 1024K, 14 young (14336K), 6 survivors (6144K)
 Metaspace       used 35153K, capacity 35873K, committed 36048K, reserved 1081344K
  class space    used 4564K, capacity 4856K, committed 4864K, reserved 1048576K
}
Event: 3.141 GC heap after
{Heap after GC invocations=7 (full 0):
 garbage-first heap   total 122880K, used 21899K [0x0000000080000000, 0x0000000100000000)
  region size 1024K, 4 young (4096K), 4 survivors (4096K)
 Metaspace       used 35153K, capacity 35873K, committed 36048K, reserved 1081344K
  class space    used 4564K, capacity 4856K, committed 4864K, reserved 1048576K
}
Event: 3.638 GC heap before
{Heap before GC invocations=8 (full 0):
 garbage-first heap   total 122880K, used 79243K [0x0000000080000000, 0x0000000100000000)
  region size 1024K, 57 young (58368K), 4 survivors (4096K)
 Metaspace       used 40549K, capacity 41446K, committed 41552K, reserved 1085440K
  class space    used 5166K, capacity 5469K, committed 5504K, reserved 1048576K
}
Event: 3.646 GC heap after
{Heap after GC invocations=9 (full 0):
 garbage-first heap   total 147456K, used 24598K [0x0000000080000000, 0x0000000100000000)
  region size 1024K, 7 young (7168K), 7 survivors (7168K)
 Metaspace       used 40549K, capacity 41446K, committed 41552K, reserved 1085440K
  class space    used 5166K, capacity 5469K, committed 5504K, reserved 1048576K
}
Event: 4.382 GC heap before
{Heap before GC invocations=9 (full 0):
 garbage-first heap   total 147456K, used 92182K [0x0000000080000000, 0x0000000100000000)
  region size 1024K, 73 young (74752K), 7 survivors (7168K)
 Metaspace       used 44576K, capacity 45669K, committed 45776K, reserved 1089536K
  class space    used 5693K, capacity 6090K, committed 6144K, reserved 1048576K
}
Event: 4.389 GC heap after
{Heap after GC invocations=10 (full 0):
 garbage-first heap   total 147456K, used 27629K [0x0000000080000000, 0x0000000100000000)
  region size 1024K, 7 young (7168K), 7 survivors (7168K)
 Metaspace       used 44576K, capacity 45669K, committed 45776K, reserved 1089536K
  class space    used 5693K, capacity 6090K, committed 6144K, reserved 1048576K
}
Event: 5.080 GC heap before
{Heap before GC invocations=10 (full 0):
 garbage-first heap   total 147456K, used 99309K [0x0000000080000000, 0x0000000100000000)
  region size 1024K, 75 young (76800K), 7 survivors (7168K)
 Metaspace       used 52734K, capacity 54129K, committed 54224K, reserved 1095680K
  class space    used 6687K, capacity 7148K, committed 7168K, reserved 1048576K
}
Event: 5.089 GC heap after
{Heap after GC invocations=11 (full 0):
 garbage-first heap   total 147456K, used 38262K [0x0000000080000000, 0x0000000100000000)
  region size 1024K, 10 young (10240K), 10 survivors (10240K)
 Metaspace       used 52734K, capacity 54129K, committed 54224K, reserved 1095680K
  class space    used 6687K, capacity 7148K, committed 7168K, reserved 1048576K
}
Event: 5.765 GC heap before
{Heap before GC invocations=11 (full 0):
 garbage-first heap   total 147456K, used 89462K [0x0000000080000000, 0x0000000100000000)
  region size 1024K, 60 young (61440K), 10 survivors (10240K)
 Metaspace       used 58766K, capacity 60208K, committed 60296K, reserved 1101824K
  class space    used 7436K, capacity 7921K, committed 7936K, reserved 1048576K
}
Event: 5.787 GC heap after
{Heap after GC invocations=12 (full 0):
 garbage-first heap   total 147456K, used 43927K [0x0000000080000000, 0x0000000100000000)
  region size 1024K, 6 young (6144K), 6 survivors (6144K)
 Metaspace       used 58766K, capacity 60208K, committed 60296K, reserved 1101824K
  class space    used 7436K, capacity 7921K, committed 7936K, reserved 1048576K
}
Event: 6.496 GC heap before
{Heap before GC invocations=13 (full 0):
 garbage-first heap   total 147456K, used 103319K [0x0000000080000000, 0x0000000100000000)
  region size 1024K, 64 young (65536K), 6 survivors (6144K)
 Metaspace       used 64003K, capacity 65553K, committed 65876K, reserved 1105920K
  class space    used 8306K, capacity 8842K, committed 8908K, reserved 1048576K
}
Event: 6.503 GC heap after
{Heap after GC invocations=14 (full 0):
 garbage-first heap   total 177152K, used 47942K [0x0000000080000000, 0x0000000100000000)
  region size 1024K, 5 young (5120K), 5 survivors (5120K)
 Metaspace       used 64003K, capacity 65553K, committed 65876K, reserved 1105920K
  class space    used 8306K, capacity 8842K, committed 8908K, reserved 1048576K
}
Event: 7.419 GC heap before
{Heap before GC invocations=14 (full 0):
 garbage-first heap   total 177152K, used 119622K [0x0000000080000000, 0x0000000100000000)
  region size 1024K, 75 young (76800K), 5 survivors (5120K)
 Metaspace       used 71503K, capacity 73221K, committed 73428K, reserved 1112064K
  class space    used 9365K, capacity 9988K, committed 10060K, reserved 1048576K
}
Event: 7.427 GC heap after
{Heap after GC invocations=15 (full 0):
 garbage-first heap   total 177152K, used 51946K [0x0000000080000000, 0x0000000100000000)
  region size 1024K, 9 young (9216K), 9 survivors (9216K)
 Metaspace       used 71503K, capacity 73221K, committed 73428K, reserved 1112064K
  class space    used 9365K, capacity 9988K, committed 10060K, reserved 1048576K
}
Event: 8.310 GC heap before
{Heap before GC invocations=15 (full 0):
 garbage-first heap   total 177152K, used 123626K [0x0000000080000000, 0x0000000100000000)
  region size 1024K, 80 young (81920K), 9 survivors (9216K)
 Metaspace       used 76035K, capacity 78054K, committed 78164K, reserved 1116160K
  class space    used 9914K, capacity 10618K, committed 10700K, reserved 1048576K
}
Event: 8.321 GC heap after
{Heap after GC invocations=16 (full 0):
 garbage-first heap   total 177152K, used 56528K [0x0000000080000000, 0x0000000100000000)
  region size 1024K, 9 young (9216K), 9 survivors (9216K)
 Metaspace       used 76035K, capacity 78054K, committed 78164K, reserved 1116160K
  class space    used 9914K, capacity 10618K, committed 10700K, reserved 1048576K
}
Event: 9.454 GC heap before
{Heap before GC invocations=16 (full 0):
 garbage-first heap   total 177152K, used 128208K [0x0000000080000000, 0x0000000100000000)
  region size 1024K, 80 young (81920K), 9 survivors (9216K)
 Metaspace       used 77621K, capacity 79691K, committed 79828K, reserved 1118208K
  class space    used 10057K, capacity 10788K, committed 10828K, reserved 1048576K
}
Event: 9.468 GC heap after
{Heap after GC invocations=17 (full 0):
 garbage-first heap   total 177152K, used 62725K [0x0000000080000000, 0x0000000100000000)
  region size 1024K, 10 young (10240K), 10 survivors (10240K)
 Metaspace       used 77621K, capacity 79691K, committed 79828K, reserved 1118208K
  class space    used 10057K, capacity 10788K, committed 10828K, reserved 1048576K
}
Event: 10.874 GC heap before
{Heap before GC invocations=17 (full 0):
 garbage-first heap   total 177152K, used 134405K [0x0000000080000000, 0x0000000100000000)
  region size 1024K, 78 young (79872K), 10 survivors (10240K)
 Metaspace       used 78009K, capacity 80121K, committed 80468K, reserved 1118208K
  class space    used 10081K, capacity 10825K, committed 10956K, reserved 1048576K
}
Event: 10.895 GC heap after
{Heap after GC invocations=18 (full 0):
 garbage-first heap   total 177152K, used 79388K [0x0000000080000000, 0x0000000100000000)
  region size 1024K, 10 young (10240K), 10 survivors (10240K)
 Metaspace       used 78009K, capacity 80121K, committed 80468K, reserved 1118208K
  class space    used 10081K, capacity 10825K, committed 10956K, reserved 1048576K
}

Deoptimization events (20 events):
Event: 11.058 Thread 0x00000155875a8800 DEOPT PACKING pc=0x00000155f276e644 sp=0x000000095f1fac50
Event: 11.058 Thread 0x00000155875a8800 DEOPT UNPACKING pc=0x00000155ea6e74af sp=0x000000095f1fabe0 mode 2
Event: 11.059 Thread 0x00000155875a8800 Uncommon trap: trap_request=0xffffffc6 fr.pc=0x00000155f278bc78 relative=0x00000000000012f8
Event: 11.059 Thread 0x00000155875a8800 Uncommon trap: reason=bimorphic_or_optimized_type_check action=maybe_recompile pc=0x00000155f278bc78 method=org.apache.xerces.dom.AttributeMap.setNamedItem(Lorg/w3c/dom/Node;)Lorg/w3c/dom/Node; @ 4 c2
Event: 11.059 Thread 0x00000155875a8800 DEOPT PACKING pc=0x00000155f278bc78 sp=0x000000095f1fab40
Event: 11.060 Thread 0x00000155875a8800 DEOPT UNPACKING pc=0x00000155ea6e74af sp=0x000000095f1fab20 mode 2
Event: 11.068 Thread 0x00000155875a8800 Uncommon trap: trap_request=0xffffff4d fr.pc=0x00000155f278f08c relative=0x00000000000003ac
Event: 11.069 Thread 0x00000155875a8800 Uncommon trap: reason=unstable_if action=reinterpret pc=0x00000155f278f08c method=org.apache.xerces.dom.ParentNode.nodeListItem(I)Lorg/w3c/dom/Node; @ 87 c2
Event: 11.069 Thread 0x00000155875a8800 DEOPT PACKING pc=0x00000155f278f08c sp=0x000000095f1fac80
Event: 11.069 Thread 0x00000155875a8800 DEOPT UNPACKING pc=0x00000155ea6e74af sp=0x000000095f1fabb8 mode 2
Event: 11.074 Thread 0x00000155875a8800 Uncommon trap: trap_request=0xffffff4d fr.pc=0x00000155f2791b00 relative=0x0000000000000620
Event: 11.074 Thread 0x00000155875a8800 Uncommon trap: reason=unstable_if action=reinterpret pc=0x00000155f2791b00 method=java.util.Hashtable.get(Ljava/lang/Object;)Ljava/lang/Object; @ 36 c2
Event: 11.074 Thread 0x00000155875a8800 DEOPT PACKING pc=0x00000155f2791b00 sp=0x000000095f1fa820
Event: 11.074 Thread 0x00000155875a8800 DEOPT UNPACKING pc=0x00000155ea6e74af sp=0x000000095f1fa7b8 mode 2
Event: 11.074 Thread 0x00000155875a8800 Uncommon trap: trap_request=0xffffff4d fr.pc=0x00000155f22dfcc0 relative=0x0000000000000680
Event: 11.075 Thread 0x00000155875a8800 Uncommon trap: reason=unstable_if action=reinterpret pc=0x00000155f22dfcc0 method=java.io.File.equals(Ljava/lang/Object;)Z @ 1 c2
Event: 11.075 Thread 0x00000155875a8800 DEOPT PACKING pc=0x00000155f22dfcc0 sp=0x000000095f1fa960
Event: 11.075 Thread 0x00000155875a8800 DEOPT UNPACKING pc=0x00000155ea6e74af sp=0x000000095f1fa920 mode 2
Event: 11.085 Thread 0x00000155875a8800 DEOPT PACKING pc=0x00000155ec0f26d3 sp=0x000000095f1fa5f0
Event: 11.085 Thread 0x00000155875a8800 DEOPT UNPACKING pc=0x00000155ea6e72ce sp=0x000000095f1f9ac8 mode 0

Classes redefined (0 events):
No events

Internal exceptions (20 events):
Event: 10.934 Thread 0x00000155875a8800 Exception <a 'java/lang/NoSuchMethodError'{0x000000008a9fd020}: <clinit>> (0x000000008a9fd020) thrown at [./src/hotspot/share/prims/jni.cpp, line 1362]
Event: 10.936 Thread 0x00000155875a8800 Exception <a 'java/lang/NoSuchMethodError'{0x000000008a80bdc0}: <clinit>> (0x000000008a80bdc0) thrown at [./src/hotspot/share/prims/jni.cpp, line 1362]
Event: 10.943 Thread 0x00000155875a8800 Exception <a 'java/lang/NoSuchMethodError'{0x000000008a871a58}: <clinit>> (0x000000008a871a58) thrown at [./src/hotspot/share/prims/jni.cpp, line 1362]
Event: 10.943 Thread 0x00000155875a8800 Exception <a 'java/lang/NoSuchMethodError'{0x000000008a874378}: <clinit>> (0x000000008a874378) thrown at [./src/hotspot/share/prims/jni.cpp, line 1362]
Event: 10.943 Thread 0x00000155875a8800 Exception <a 'java/lang/NoSuchMethodError'{0x000000008a8789f8}: <clinit>> (0x000000008a8789f8) thrown at [./src/hotspot/share/prims/jni.cpp, line 1362]
Event: 10.943 Thread 0x00000155875a8800 Exception <a 'java/lang/NoSuchMethodError'{0x000000008a883c88}: <clinit>> (0x000000008a883c88) thrown at [./src/hotspot/share/prims/jni.cpp, line 1362]
Event: 10.947 Thread 0x00000155875a8800 Exception <a 'java/lang/NoSuchMethodError'{0x000000008a8caaf0}: <clinit>> (0x000000008a8caaf0) thrown at [./src/hotspot/share/prims/jni.cpp, line 1362]
Event: 10.949 Thread 0x00000155875a8800 Exception <a 'java/lang/NoSuchMethodError'{0x000000008a8fe1b0}: <clinit>> (0x000000008a8fe1b0) thrown at [./src/hotspot/share/prims/jni.cpp, line 1362]
Event: 10.952 Thread 0x00000155875a8800 Exception <a 'java/lang/NoSuchMethodError'{0x000000008a730560}: <clinit>> (0x000000008a730560) thrown at [./src/hotspot/share/prims/jni.cpp, line 1362]
Event: 10.952 Thread 0x00000155875a8800 Exception <a 'java/lang/NoSuchMethodError'{0x000000008a7339c8}: <clinit>> (0x000000008a7339c8) thrown at [./src/hotspot/share/prims/jni.cpp, line 1362]
Event: 10.952 Thread 0x00000155875a8800 Exception <a 'java/lang/NoSuchMethodError'{0x000000008a736638}: <clinit>> (0x000000008a736638) thrown at [./src/hotspot/share/prims/jni.cpp, line 1362]
Event: 10.954 Thread 0x00000155875a8800 Exception <a 'java/lang/NoSuchMethodError'{0x000000008a74e8e0}: <clinit>> (0x000000008a74e8e0) thrown at [./src/hotspot/share/prims/jni.cpp, line 1362]
Event: 10.955 Thread 0x00000155875a8800 Exception <a 'java/lang/NoSuchMethodError'{0x000000008a765be8}: <clinit>> (0x000000008a765be8) thrown at [./src/hotspot/share/prims/jni.cpp, line 1362]
Event: 10.956 Thread 0x00000155875a8800 Exception <a 'java/lang/NoSuchMethodError'{0x000000008a784478}: <clinit>> (0x000000008a784478) thrown at [./src/hotspot/share/prims/jni.cpp, line 1362]
Event: 10.957 Thread 0x00000155875a8800 Exception <a 'java/lang/NoSuchMethodError'{0x000000008a795450}: <clinit>> (0x000000008a795450) thrown at [./src/hotspot/share/prims/jni.cpp, line 1362]
Event: 10.988 Thread 0x00000155875a8800 Exception <a 'java/lang/NoSuchMethodError'{0x000000008a5993a0}: <clinit>> (0x000000008a5993a0) thrown at [./src/hotspot/share/prims/jni.cpp, line 1362]
Event: 11.066 Thread 0x000001558abc7000 Exception <a 'java/lang/ClassNotFoundException'{0x0000000089e6b6e0}: sun/awt/resources/spi/awtProvider> (0x0000000089e6b6e0) thrown at [./src/hotspot/share/classfile/systemDictionary.cpp, line 231]
Event: 11.074 Thread 0x000001558abc7000 Exception <a 'java/io/FileNotFoundException'{0x0000000089c24908}> (0x0000000089c24908) thrown at [./src/hotspot/share/prims/jni.cpp, line 615]
Event: 11.074 Thread 0x00000155875a8800 Implicit null exception at 0x00000155f22df66f to 0x00000155f22dfcac
Event: 11.075 Thread 0x000001558abc7000 Exception <a 'java/io/FileNotFoundException'{0x0000000089c28798}> (0x0000000089c28798) thrown at [./src/hotspot/share/prims/jni.cpp, line 615]

Events (20 events):
Event: 11.093 loading class sun/java2d/pipe/RenderingEngine done
Event: 11.093 loading class sun/java2d/marlin/DMarlinRenderingEngine
Event: 11.093 loading class sun/java2d/marlin/MarlinConst
Event: 11.094 loading class sun/java2d/marlin/MarlinConst done
Event: 11.094 loading class sun/java2d/marlin/DMarlinRenderingEngine done
Event: 11.094 loading class sun/java2d/marlin/MarlinProperties
Event: 11.094 loading class sun/java2d/marlin/MarlinProperties done
Event: 11.094 loading class sun/java2d/marlin/FloatMath
Event: 11.094 loading class sun/java2d/marlin/FloatMath done
Event: 11.094 loading class sun/java2d/marlin/DMarlinRenderingEngine$1
Event: 11.095 loading class sun/java2d/ReentrantContextProviderTL
Event: 11.095 loading class sun/java2d/ReentrantContextProvider
Event: 11.095 loading class sun/java2d/ReentrantContextProvider done
Event: 11.095 loading class sun/java2d/ReentrantContextProviderTL done
Event: 11.095 loading class sun/java2d/marlin/DMarlinRenderingEngine$1 done
Event: 11.095 loading class sun/java2d/ReentrantContextProviderTL$1
Event: 11.095 loading class sun/java2d/ReentrantContextProviderCLQ
Event: 11.095 loading class sun/java2d/ReentrantContextProviderCLQ done
Event: 11.095 loading class sun/java2d/ReentrantContextProviderTL$1 done
Event: 11.095 loading class sun/java2d/pipe/OutlineTextRenderer


Dynamic libraries:
0x00007ff66f6b0000 - 0x00007ff66f6ba000 	B:\programs\Android studio\jre\bin\java.exe
0x00007ff8c2910000 - 0x00007ff8c2b05000 	C:\Windows\SYSTEM32\ntdll.dll
0x00007ff8c15b0000 - 0x00007ff8c166e000 	C:\Windows\System32\KERNEL32.DLL
0x00007ff8c0030000 - 0x00007ff8c02f8000 	C:\Windows\System32\KERNELBASE.dll
0x00007ff8b0d90000 - 0x00007ff8b0da9000 	B:\programs\Android studio\jre\bin\jli.dll
0x00007ff8c0470000 - 0x00007ff8c0570000 	C:\Windows\System32\ucrtbase.dll
0x00007ff8b0d70000 - 0x00007ff8b0d87000 	B:\programs\Android studio\jre\bin\VCRUNTIME140.dll
0x00007ff8c23f0000 - 0x00007ff8c2590000 	C:\Windows\System32\USER32.dll
0x00007ff8ae680000 - 0x00007ff8ae91a000 	C:\Windows\WinSxS\amd64_microsoft.windows.common-controls_6595b64144ccf1df_6.0.19041.1110_none_60b5254171f9507e\COMCTL32.dll
0x00007ff8c0940000 - 0x00007ff8c0962000 	C:\Windows\System32\win32u.dll
0x00007ff8c20e0000 - 0x00007ff8c217e000 	C:\Windows\System32\msvcrt.dll
0x00007ff8c2840000 - 0x00007ff8c286b000 	C:\Windows\System32\GDI32.dll
0x00007ff8c05c0000 - 0x00007ff8c06cb000 	C:\Windows\System32\gdi32full.dll
0x00007ff8c06d0000 - 0x00007ff8c076d000 	C:\Windows\System32\msvcp_win.dll
0x00007ff8c1450000 - 0x00007ff8c1480000 	C:\Windows\System32\IMM32.DLL
0x00007ff88beb0000 - 0x00007ff88bf4d000 	B:\programs\Android studio\jre\bin\msvcp140.dll
0x00007ff889dd0000 - 0x00007ff88a88c000 	B:\programs\Android studio\jre\bin\server\jvm.dll
0x00007ff8c2590000 - 0x00007ff8c263e000 	C:\Windows\System32\ADVAPI32.dll
0x00007ff8c1670000 - 0x00007ff8c170c000 	C:\Windows\System32\sechost.dll
0x00007ff8c1480000 - 0x00007ff8c15a5000 	C:\Windows\System32\RPCRT4.dll
0x00007ff8c2180000 - 0x00007ff8c2188000 	C:\Windows\System32\PSAPI.DLL
0x00007ff8b9590000 - 0x00007ff8b95b7000 	C:\Windows\SYSTEM32\WINMM.dll
0x00007ff8b9ba0000 - 0x00007ff8b9baa000 	C:\Windows\SYSTEM32\VERSION.dll
0x00007ff8aa4f0000 - 0x00007ff8aa4f9000 	C:\Windows\SYSTEM32\WSOCK32.dll
0x00007ff8c1710000 - 0x00007ff8c177b000 	C:\Windows\System32\WS2_32.dll
0x00007ff8be100000 - 0x00007ff8be112000 	C:\Windows\SYSTEM32\kernel.appcore.dll
0x00007ff88ae00000 - 0x00007ff88ae11000 	B:\programs\Android studio\jre\bin\verify.dll
0x00007ff8bdcb0000 - 0x00007ff8bde94000 	C:\Windows\SYSTEM32\DBGHELP.DLL
0x00007ff8b4310000 - 0x00007ff8b433c000 	C:\Windows\SYSTEM32\dbgcore.DLL
0x00007ff8c03b0000 - 0x00007ff8c0432000 	C:\Windows\System32\bcryptPrimitives.dll
0x00007ff889da0000 - 0x00007ff889dc9000 	B:\programs\Android studio\jre\bin\java.dll
0x00007ff8ac840000 - 0x00007ff8ac84b000 	B:\programs\Android studio\jre\bin\jimage.dll
0x00007ff88ac90000 - 0x00007ff88aca8000 	B:\programs\Android studio\jre\bin\zip.dll
0x00007ff8c0970000 - 0x00007ff8c10b4000 	C:\Windows\System32\SHELL32.dll
0x00007ff8be140000 - 0x00007ff8be8d4000 	C:\Windows\SYSTEM32\windows.storage.dll
0x00007ff8c1d80000 - 0x00007ff8c20d4000 	C:\Windows\System32\combase.dll
0x00007ff8bfa90000 - 0x00007ff8bfabc000 	C:\Windows\SYSTEM32\Wldp.dll
0x00007ff8c2190000 - 0x00007ff8c223d000 	C:\Windows\System32\SHCORE.dll
0x00007ff8c2870000 - 0x00007ff8c28c5000 	C:\Windows\System32\shlwapi.dll
0x00007ff8bff70000 - 0x00007ff8bff8f000 	C:\Windows\SYSTEM32\profapi.dll
0x00007ff889d80000 - 0x00007ff889d9a000 	B:\programs\Android studio\jre\bin\net.dll
0x00007ff8bba00000 - 0x00007ff8bbb09000 	C:\Windows\SYSTEM32\WINHTTP.dll
0x00007ff8bf7f0000 - 0x00007ff8bf85a000 	C:\Windows\system32\mswsock.dll
0x00007ff889d60000 - 0x00007ff889d74000 	B:\programs\Android studio\jre\bin\nio.dll
0x00007ff89a960000 - 0x00007ff89a987000 	C:\Users\Admin\.gradle\native\fdc75f09e3144964f2cf3f50f0aa648679c211496f362492102eb8c894070792\windows-amd64\native-platform.dll
0x00007ff898300000 - 0x00007ff898496000 	C:\Users\Admin\.gradle\native\12488b8bf47d2d4c9fbf2f6322a914ad602e24e48041cd04a747c6da556b65c4\windows-amd64\native-platform-file-events.dll
0x00007ff8ac7d0000 - 0x00007ff8ac7da000 	B:\programs\Android studio\jre\bin\management.dll
0x00007ff8ab7a0000 - 0x00007ff8ab7ac000 	B:\programs\Android studio\jre\bin\management_ext.dll
0x00007ff8bf9e0000 - 0x00007ff8bf9f8000 	C:\Windows\SYSTEM32\CRYPTSP.dll
0x00007ff8bf100000 - 0x00007ff8bf134000 	C:\Windows\system32\rsaenh.dll
0x00007ff8c0440000 - 0x00007ff8c0467000 	C:\Windows\System32\bcrypt.dll
0x00007ff8bfef0000 - 0x00007ff8bff1e000 	C:\Windows\SYSTEM32\USERENV.dll
0x00007ff8bfa00000 - 0x00007ff8bfa0c000 	C:\Windows\SYSTEM32\CRYPTBASE.dll
0x00007ff8bf490000 - 0x00007ff8bf4cb000 	C:\Windows\SYSTEM32\IPHLPAPI.DLL
0x00007ff8c1300000 - 0x00007ff8c1308000 	C:\Windows\System32\NSI.dll
0x00007ff8ba850000 - 0x00007ff8ba867000 	C:\Windows\SYSTEM32\dhcpcsvc6.DLL
0x00007ff8ba830000 - 0x00007ff8ba84d000 	C:\Windows\SYSTEM32\dhcpcsvc.DLL
0x00007ff8bf4d0000 - 0x00007ff8bf59a000 	C:\Windows\SYSTEM32\DNSAPI.dll
0x00007ff8bb9f0000 - 0x00007ff8bb9fb000 	C:\Windows\SYSTEM32\WINNSI.DLL
0x00007ff889bb0000 - 0x00007ff889d52000 	B:\programs\Android studio\jre\bin\awt.dll
0x00007ff8c2640000 - 0x00007ff8c270d000 	C:\Windows\System32\OLEAUT32.dll
0x00007ff8bd800000 - 0x00007ff8bd82f000 	C:\Windows\SYSTEM32\dwmapi.dll
0x00007ff8bd520000 - 0x00007ff8bd5b0000 	C:\Windows\SYSTEM32\apphelp.dll
0x00007ff8bd670000 - 0x00007ff8bd70e000 	C:\Windows\system32\uxtheme.dll

dbghelp: loaded successfully - version: 4.0.5 - missing functions: none
symbol engine: initialized successfully - sym options: 0x614 - pdb path: .;B:\programs\Android studio\jre\bin;C:\Windows\SYSTEM32;C:\Windows\WinSxS\amd64_microsoft.windows.common-controls_6595b64144ccf1df_6.0.19041.1110_none_60b5254171f9507e;B:\programs\Android studio\jre\bin\server;C:\Users\Admin\.gradle\native\fdc75f09e3144964f2cf3f50f0aa648679c211496f362492102eb8c894070792\windows-amd64;C:\Users\Admin\.gradle\native\12488b8bf47d2d4c9fbf2f6322a914ad602e24e48041cd04a747c6da556b65c4\windows-amd64

VM Arguments:
jvm_args: --add-opens=java.base/java.util=ALL-UNNAMED --add-opens=java.base/java.lang=ALL-UNNAMED --add-opens=java.base/java.lang.invoke=ALL-UNNAMED --add-opens=java.prefs/java.util.prefs=ALL-UNNAMED -Xmx2048m -Dfile.encoding=UTF-8 -Duser.country=UA -Duser.language=uk -Duser.variant 
java_command: org.gradle.launcher.daemon.bootstrap.GradleDaemon 6.7.1
java_class_path (initial): C:\Users\Admin\.gradle\wrapper\dists\gradle-6.7.1-bin\bwlcbys1h7rz3272sye1xwiv6\gradle-6.7.1\lib\gradle-launcher-6.7.1.jar
Launcher Type: SUN_STANDARD

[Global flags]
     intx CICompilerCount                          = 12                                        {product} {ergonomic}
     uint ConcGCThreads                            = 3                                         {product} {ergonomic}
     uint G1ConcRefinementThreads                  = 13                                        {product} {ergonomic}
   size_t G1HeapRegionSize                         = 1048576                                   {product} {ergonomic}
    uintx GCDrainStackTargetSize                   = 64                                        {product} {ergonomic}
   size_t InitialHeapSize                          = 125829120                                 {product} {ergonomic}
   size_t MarkStackSize                            = 4194304                                   {product} {ergonomic}
   size_t MaxHeapSize                              = 2147483648                                {product} {command line}
   size_t MaxNewSize                               = 1287651328                                {product} {ergonomic}
   size_t MinHeapDeltaBytes                        = 1048576                                   {product} {ergonomic}
    uintx NonNMethodCodeHeapSize                   = 7594288                                {pd product} {ergonomic}
    uintx NonProfiledCodeHeapSize                  = 122031976                              {pd product} {ergonomic}
    uintx ProfiledCodeHeapSize                     = 122031976                              {pd product} {ergonomic}
    uintx ReservedCodeCacheSize                    = 251658240                              {pd product} {ergonomic}
     bool SegmentedCodeCache                       = true                                      {product} {ergonomic}
     bool UseCompressedClassPointers               = true                                 {lp64_product} {ergonomic}
     bool UseCompressedOops                        = true                                 {lp64_product} {ergonomic}
     bool UseG1GC                                  = true                                      {product} {ergonomic}
     bool UseLargePagesIndividualAllocation        = false                                  {pd product} {ergonomic}

Logging:
Log output configuration:
 #0: stdout all=warning uptime,level,tags
 #1: stderr all=off uptime,level,tags

Environment Variables:
PATH=C:\Program Files (x86)\Common Files\Intel\Shared Libraries\redist\intel64\compiler;C:\ProgramData\Oracle\Java\javapath;C:\Windows\system32;C:\Windows;C:\Windows\System32\Wbem;C:\Windows\System32\WindowsPowerShell\v1.0\;C:\Windows\System32\OpenSSH\;C:\Program Files (x86)\NVIDIA Corporation\PhysX\Common;C:\Program Files\NVIDIA Corporation\NVIDIA NvDLISR;B:\programs\Git\Git\cmd;C:\Users\Admin\AppData\Local\Microsoft\WindowsApps;C:\Users\Admin\AppData\Local\GitHubDesktop\bin
USERNAME=Admin
OS=Windows_NT
PROCESSOR_IDENTIFIER=AMD64 Family 23 Model 96 Stepping 1, AuthenticAMD



---------------  S Y S T E M  ---------------

OS: Windows 10 , 64 bit Build 19041 (10.0.19041.1566)
OS uptime: 0 days 11:15 hours

CPU:total 16 (initial active 16) (16 cores per cpu, 2 threads per core) family 23 model 96 stepping 1, cmov, cx8, fxsr, mmx, sse, sse2, sse3, ssse3, sse4.1, sse4.2, popcnt, avx, avx2, aes, clmul, mmxext, 3dnowpref, lzcnt, sse4a, ht, tsc, tscinvbit, tscinv, bmi1, bmi2, adx, sha, fma

Memory: 4k page, system-wide physical 7600M (1047M free)
TotalPageFile size 10668M (AvailPageFile size 7M)
current process WorkingSet (physical memory assigned to process): 436M, peak: 438M
current process commit charge ("private bytes"): 486M, peak: 489M

vm_info: OpenJDK 64-Bit Server VM (11.0.8+10-b944.6842174) for windows-amd64 JRE (11.0.8+10-b944.6842174), built on Sep 19 2020 01:11:42 by "builder" with MS VC++ 14.0 (VS2015)

END.
