#
# There is insufficient memory for the Java Runtime Environment to continue.
# Native memory allocation (mmap) failed to map 36700160 bytes for Failed to commit area from 0x000000008ad00000 to 0x000000008d000000 of length 36700160.
# Possible reasons:
#   The system is out of physical RAM or swap space
#   The process is running with CompressedOops enabled, and the Java Heap may be blocking the growth of the native heap
# Possible solutions:
#   Reduce memory load on the system
#   Increase physical memory or swap space
#   Check if swap backing store is full
#   Decrease Java heap size (-Xmx/-Xms)
#   Decrease number of Java threads
#   Decrease Java thread stack sizes (-Xss)
#   Set larger code cache with -XX:ReservedCodeCacheSize=
#   JVM is running with Unscaled Compressed Oops mode in which the Java heap is
#     placed in the first 4GB address space. The Java Heap base address is the
#     maximum limit for the native heap growth. Please use -XX:HeapBaseMinAddress
#     to set the Java Heap base and to place the Java Heap above 4GB virtual address.
# This output file may be truncated or incomplete.
#
#  Out of Memory Error (./src/hotspot/os/windows/os_windows.cpp:3303), pid=13156, tid=7696
#
# JRE version: OpenJDK Runtime Environment (11.0.8+10) (build 11.0.8+10-b944.6842174)
# Java VM: OpenJDK 64-Bit Server VM (11.0.8+10-b944.6842174, mixed mode, tiered, compressed oops, g1 gc, windows-amd64)
# No core dump will be written. Minidumps are not enabled by default on client versions of Windows
#

---------------  S U M M A R Y ------------

Command Line: --add-opens=java.base/java.util=ALL-UNNAMED --add-opens=java.base/java.lang=ALL-UNNAMED --add-opens=java.base/java.lang.invoke=ALL-UNNAMED --add-opens=java.prefs/java.util.prefs=ALL-UNNAMED -Xmx2048m -Dfile.encoding=UTF-8 -Duser.country=UA -Duser.language=uk -Duser.variant org.gradle.launcher.daemon.bootstrap.GradleDaemon 6.7.1

Host: AMD Ryzen 7 4800H with Radeon Graphics         , 16 cores, 7G,  Windows 10 , 64 bit Build 19041 (10.0.19041.1566)
Time: Thu Mar 31 11:13:08 2022 Ô³íëÿíä³ÿ (ë³òî) elapsed time: 8 seconds (0d 0h 0m 8s)

---------------  T H R E A D  ---------------

Current thread (0x00000177152ce800):  VMThread "VM Thread" [stack: 0x0000000145f00000,0x0000000146000000] [id=7696]

Stack: [0x0000000145f00000,0x0000000146000000]
[error occurred during error reporting (printing stack bounds), id 0xc0000005, EXCEPTION_ACCESS_VIOLATION (0xc0000005) at pc=0x0000017700000dad]

Native frames: (J=compiled Java code, j=interpreted, Vv=VM code, C=native code)
V  [jvm.dll+0x5de50a]
V  [jvm.dll+0x7122f5]
V  [jvm.dll+0x71384d]
V  [jvm.dll+0x713e65]
V  [jvm.dll+0x713e1b]
V  [jvm.dll+0x5dd958]
V  [jvm.dll+0x5de0f8]
C  [ntdll.dll+0xa20cf]
C  [ntdll.dll+0x51454]
C  [ntdll.dll+0xa0bfe]
C  0x0000017700000dad

VM_Operation (0x0000000148afde40): G1CollectForAllocation, mode: safepoint, requested by thread 0x0000017718346800


---------------  P R O C E S S  ---------------

Threads class SMR info:
_java_thread_list=0x000001771ec37180, length=170, elements={
0x0000017779d28800, 0x00000177152d5800, 0x00000177152de800, 0x00000177152f2800,
0x00000177152f3000, 0x00000177152f4000, 0x00000177152f8000, 0x00000177152f9800,
0x0000017715db3800, 0x0000017715db5800, 0x0000017715e26000, 0x0000017716596800,
0x00000177166df800, 0x0000017718db1000, 0x0000017715f84000, 0x0000017716ddf800,
0x00000177182d0800, 0x0000017717998000, 0x00000177178db000, 0x0000017716b5e000,
0x0000017717c07800, 0x00000177171c1800, 0x000001771807c800, 0x0000017718346000,
0x0000017718345000, 0x0000017718346800, 0x0000017718e98800, 0x0000017718344800,
0x0000017719601800, 0x000001771834b000, 0x0000017718347800, 0x0000017718348800,
0x0000017718349000, 0x000001771834a000, 0x000001771af27000, 0x000001771af28000,
0x000001771af2c000, 0x000001771af29800, 0x000001771af2a800, 0x000001771af26800,
0x000001771bc63000, 0x000001771bc64000, 0x000001771bc62800, 0x000001771bc60000,
0x000001771bc5e800, 0x000001771bc60800, 0x000001771bc61800, 0x000001771bc65000,
0x000001771bc5f000, 0x000001771bc6b800, 0x000001771bc6a800, 0x000001771bc65800,
0x000001771bc69000, 0x000001771bc6c000, 0x000001771bc67800, 0x000001771bc66800,
0x000001771bc68000, 0x000001771bc6d000, 0x000001771bc69800, 0x0000017719ad7000,
0x0000017719adc000, 0x0000017719ad6000, 0x0000017719adb000, 0x0000017719ad8800,
0x0000017719adc800, 0x0000017719ad9800, 0x0000017719add800, 0x0000017719ad7800,
0x0000017719adf000, 0x0000017719ae0000, 0x0000017719ade800, 0x0000017719ada000,
0x0000017719ae0800, 0x0000017719ae3000, 0x0000017719ae1800, 0x0000017719ae4000,
0x0000017719ae2800, 0x0000017719ae5000, 0x000001771c881000, 0x000001771c87d000,
0x000001771c87f800, 0x000001771c880800, 0x000001771c883800, 0x000001771c882000,
0x000001771c882800, 0x000001771c87e000, 0x000001771c87e800, 0x000001771c887800,
0x000001771c885000, 0x000001771c889800, 0x000001771c887000, 0x000001771c88a000,
0x000001771c886000, 0x000001771c888800, 0x000001771c884800, 0x000001771c88b800,
0x000001771c88b000, 0x000001771c9ef000, 0x000001771c9f0800, 0x000001771c9f0000,
0x000001771c9f1800, 0x000001771c9f2000, 0x000001771c9ec800, 0x000001771c9f3000,
0x000001771c9ed800, 0x000001771c9f4000, 0x000001771c9ee000, 0x000001771c9f9000,
0x000001771c9f6800, 0x000001771c9f8000, 0x000001771c9f7000, 0x000001771c9f9800,
0x000001771c9fa800, 0x000001771c9f4800, 0x000001771c9fb000, 0x000001771c9f5800,
0x000001771c5d6800, 0x000001771c5da000, 0x000001771c5d9000, 0x000001771c5d8000,
0x000001771c5dc000, 0x000001771c5dd000, 0x000001771c5da800, 0x000001771c5d7800,
0x000001771c5df800, 0x000001771c5de000, 0x000001771c5de800, 0x000001771c5e0800,
0x000001771c5e1000, 0x000001771c5db800, 0x000001771c5e3000, 0x000001771c5e2000,
0x000001771c5e4800, 0x000001771c5e3800, 0x000001771c5e5000, 0x000001771ba1a800,
0x000001771ba1b800, 0x000001771ba17800, 0x000001771ba18800, 0x000001771ba1a000,
0x000001771ba16800, 0x000001771ba1e000, 0x000001771ba1c800, 0x000001771ba1d000,
0x000001771ba1f000, 0x000001771ba19000, 0x000001771ba23000, 0x000001771ba20800,
0x000001771cbbc000, 0x000001771cd2a000, 0x000001771ba21800, 0x000001771ba1f800,
0x000001771c80d000, 0x000001771c80f800, 0x000001771c812000, 0x000001771c812800,
0x000001771c813800, 0x000001771c810800, 0x000001771c80e800, 0x000001771c80e000,
0x000001771c811000, 0x000001771ebfe000, 0x000001771ebfb000, 0x000001771ebfa000,
0x000001771ec00800, 0x000001771ebfc800, 0x000001771ebfd800, 0x000001771ebff000,
0x000001771ec01800, 0x000001771ec00000
}

Java Threads: ( => current thread )
  0x0000017779d28800 JavaThread "main" [_thread_blocked, id=9612, stack(0x0000000145900000,0x0000000145a00000)]
  0x00000177152d5800 JavaThread "Reference Handler" daemon [_thread_blocked, id=932, stack(0x0000000146000000,0x0000000146100000)]
  0x00000177152de800 JavaThread "Finalizer" daemon [_thread_blocked, id=15828, stack(0x0000000146100000,0x0000000146200000)]
  0x00000177152f2800 JavaThread "Signal Dispatcher" daemon [_thread_blocked, id=5292, stack(0x0000000146200000,0x0000000146300000)]
  0x00000177152f3000 JavaThread "Attach Listener" daemon [_thread_blocked, id=7880, stack(0x0000000146300000,0x0000000146400000)]
  0x00000177152f4000 JavaThread "C2 CompilerThread0" daemon [_thread_in_native, id=7684, stack(0x0000000146400000,0x0000000146500000)]
  0x00000177152f8000 JavaThread "C1 CompilerThread0" daemon [_thread_blocked, id=12184, stack(0x0000000146500000,0x0000000146600000)]
  0x00000177152f9800 JavaThread "Sweeper thread" daemon [_thread_blocked, id=16244, stack(0x0000000146600000,0x0000000146700000)]
  0x0000017715db3800 JavaThread "Common-Cleaner" daemon [_thread_blocked, id=372, stack(0x0000000146700000,0x0000000146800000)]
  0x0000017715db5800 JavaThread "C1 CompilerThread1" daemon [_thread_blocked, id=8652, stack(0x0000000146800000,0x0000000146900000)]
  0x0000017715e26000 JavaThread "Service Thread" daemon [_thread_blocked, id=14416, stack(0x0000000146900000,0x0000000146a00000)]
  0x0000017716596800 JavaThread "C1 CompilerThread2" daemon [_thread_blocked, id=9168, stack(0x0000000146c00000,0x0000000146d00000)]
  0x00000177166df800 JavaThread "C1 CompilerThread3" daemon [_thread_blocked, id=2264, stack(0x0000000146f00000,0x0000000147000000)]
  0x0000017718db1000 JavaThread "Daemon health stats" [_thread_blocked, id=1616, stack(0x0000000147000000,0x0000000147100000)]
  0x0000017715f84000 JavaThread "Incoming local TCP Connector on port 63439" [_thread_in_native, id=14184, stack(0x0000000147100000,0x0000000147200000)]
  0x0000017716ddf800 JavaThread "Daemon periodic checks" [_thread_blocked, id=2380, stack(0x0000000147200000,0x0000000147300000)]
  0x00000177182d0800 JavaThread "Daemon" [_thread_blocked, id=6412, stack(0x0000000147300000,0x0000000147400000)]
  0x0000017717998000 JavaThread "Handler for socket connection from /127.0.0.1:63439 to /127.0.0.1:63440" [_thread_in_native, id=7140, stack(0x0000000147400000,0x0000000147500000)]
  0x00000177178db000 JavaThread "Cancel handler" [_thread_blocked, id=15052, stack(0x0000000147500000,0x0000000147600000)]
  0x0000017716b5e000 JavaThread "Daemon worker" [_thread_blocked, id=1824, stack(0x0000000147600000,0x0000000147700000)]
  0x0000017717c07800 JavaThread "Asynchronous log dispatcher for DefaultDaemonConnection: socket connection from /127.0.0.1:63439 to /127.0.0.1:63440" [_thread_blocked, id=5248, stack(0x0000000147700000,0x0000000147800000)]
  0x00000177171c1800 JavaThread "Stdin handler" [_thread_blocked, id=10740, stack(0x0000000147800000,0x0000000147900000)]
  0x000001771807c800 JavaThread "Thread-8" [_thread_blocked, id=648, stack(0x0000000147900000,0x0000000147a00000)]
  0x0000017718346000 JavaThread "Cache worker for file hash cache (C:\Users\Admin\.gradle\caches\6.7.1\fileHashes)" [_thread_blocked, id=16264, stack(0x0000000148600000,0x0000000148700000)]
  0x0000017718345000 JavaThread "File lock request listener" [_thread_in_native, id=2180, stack(0x0000000148700000,0x0000000148800000)]
  0x0000017718346800 JavaThread "Cache worker for journal cache (C:\Users\Admin\.gradle\caches\journal-1)" [_thread_blocked, id=7104, stack(0x0000000148a00000,0x0000000148b00000)]
  0x0000017718e98800 JavaThread "C2 CompilerThread1" daemon [_thread_in_native, id=11672, stack(0x0000000148b00000,0x0000000148c00000)]
  0x0000017718344800 JavaThread "Cache worker for file hash cache (B:\programs\Java_dev\codes\Alarm\.gradle\6.7.1\fileHashes)" [_thread_blocked, id=14324, stack(0x0000000148c00000,0x0000000148d00000)]
  0x0000017719601800 JavaThread "C2 CompilerThread2" daemon [_thread_blocked, id=15232, stack(0x0000000148d00000,0x0000000148e00000)]
  0x000001771834b000 JavaThread "Cache worker for checksums cache (B:\programs\Java_dev\codes\Alarm\.gradle\checksums)" [_thread_blocked, id=16116, stack(0x0000000148e00000,0x0000000148f00000)]
  0x0000017718347800 JavaThread "Cache worker for cache directory md-supplier (C:\Users\Admin\.gradle\caches\6.7.1\md-supplier)" [_thread_blocked, id=12700, stack(0x0000000148f00000,0x0000000149000000)]
  0x0000017718348800 JavaThread "Cache worker for cache directory md-rule (C:\Users\Admin\.gradle\caches\6.7.1\md-rule)" [_thread_blocked, id=4180, stack(0x0000000149000000,0x0000000149100000)]
  0x0000017718349000 JavaThread "Cache worker for execution history cache (C:\Users\Admin\.gradle\caches\6.7.1\executionHistory)" [_thread_blocked, id=3912, stack(0x0000000149100000,0x0000000149200000)]
  0x000001771834a000 JavaThread "jar transforms" [_thread_blocked, id=9740, stack(0x0000000149200000,0x0000000149300000)]
  0x000001771af27000 JavaThread "Cache worker for file content cache (C:\Users\Admin\.gradle\caches\6.7.1\fileContent)" [_thread_blocked, id=14180, stack(0x0000000149300000,0x0000000149400000)]
  0x000001771af28000 JavaThread "Cache worker for Build Output Cleanup Cache (B:\programs\Java_dev\codes\Alarm\.gradle\buildOutputCleanup)" [_thread_blocked, id=14976, stack(0x0000000149400000,0x0000000149500000)]
  0x000001771af2c000 JavaThread "Build operations" [_thread_blocked, id=6452, stack(0x0000000149500000,0x0000000149600000)]
  0x000001771af29800 JavaThread "Build operations Thread 2" [_thread_blocked, id=13188, stack(0x0000000149600000,0x0000000149700000)]
  0x000001771af2a800 JavaThread "Build operations Thread 3" [_thread_blocked, id=10724, stack(0x0000000149700000,0x0000000149800000)]
  0x000001771af26800 JavaThread "Build operations Thread 4" [_thread_blocked, id=9900, stack(0x0000000149800000,0x0000000149900000)]
  0x000001771bc63000 JavaThread "Build operations Thread 5" [_thread_blocked, id=15268, stack(0x0000000149900000,0x0000000149a00000)]
  0x000001771bc64000 JavaThread "Build operations Thread 6" [_thread_blocked, id=13268, stack(0x0000000149a00000,0x0000000149b00000)]
  0x000001771bc62800 JavaThread "Build operations Thread 7" [_thread_blocked, id=2880, stack(0x0000000149b00000,0x0000000149c00000)]
  0x000001771bc60000 JavaThread "Build operations Thread 8" [_thread_blocked, id=16128, stack(0x0000000149c00000,0x0000000149d00000)]
  0x000001771bc5e800 JavaThread "Build operations Thread 9" [_thread_blocked, id=11732, stack(0x0000000149d00000,0x0000000149e00000)]
  0x000001771bc60800 JavaThread "Build operations Thread 10" [_thread_blocked, id=8188, stack(0x0000000149e00000,0x0000000149f00000)]
  0x000001771bc61800 JavaThread "Build operations Thread 11" [_thread_blocked, id=9176, stack(0x0000000149f00000,0x000000014a000000)]
  0x000001771bc65000 JavaThread "Build operations Thread 12" [_thread_blocked, id=16272, stack(0x000000014a000000,0x000000014a100000)]
  0x000001771bc5f000 JavaThread "Build operations Thread 13" [_thread_blocked, id=9332, stack(0x000000014a100000,0x000000014a200000)]
  0x000001771bc6b800 JavaThread "Build operations Thread 14" [_thread_blocked, id=15988, stack(0x000000014a200000,0x000000014a300000)]
  0x000001771bc6a800 JavaThread "Build operations Thread 15" [_thread_blocked, id=9412, stack(0x000000014a300000,0x000000014a400000)]
  0x000001771bc65800 JavaThread "Build operations Thread 16" [_thread_blocked, id=16052, stack(0x000000014a400000,0x000000014a500000)]
  0x000001771bc69000 JavaThread "jar transforms Thread 2" [_thread_blocked, id=13916, stack(0x000000014a500000,0x000000014a600000)]
  0x000001771bc6c000 JavaThread "jar transforms Thread 3" [_thread_blocked, id=6996, stack(0x000000014a600000,0x000000014a700000)]
  0x000001771bc67800 JavaThread "jar transforms Thread 4" [_thread_blocked, id=14172, stack(0x000000014a700000,0x000000014a800000)]
  0x000001771bc66800 JavaThread "jar transforms Thread 5" [_thread_blocked, id=15020, stack(0x000000014a800000,0x000000014a900000)]
  0x000001771bc68000 JavaThread "jar transforms Thread 6" [_thread_blocked, id=1868, stack(0x000000014a900000,0x000000014aa00000)]
  0x000001771bc6d000 JavaThread "jar transforms Thread 7" [_thread_blocked, id=3748, stack(0x000000014aa00000,0x000000014ab00000)]
  0x000001771bc69800 JavaThread "jar transforms Thread 8" [_thread_blocked, id=12240, stack(0x000000014ab00000,0x000000014ac00000)]
  0x0000017719ad7000 JavaThread "jar transforms Thread 9" [_thread_blocked, id=14244, stack(0x000000014ac00000,0x000000014ad00000)]
  0x0000017719adc000 JavaThread "jar transforms Thread 10" [_thread_blocked, id=15252, stack(0x000000014ad00000,0x000000014ae00000)]
  0x0000017719ad6000 JavaThread "jar transforms Thread 11" [_thread_blocked, id=14344, stack(0x000000014ae00000,0x000000014af00000)]
  0x0000017719adb000 JavaThread "jar transforms Thread 12" [_thread_blocked, id=8080, stack(0x000000014af00000,0x000000014b000000)]
  0x0000017719ad8800 JavaThread "jar transforms Thread 13" [_thread_blocked, id=15944, stack(0x000000014b000000,0x000000014b100000)]
  0x0000017719adc800 JavaThread "jar transforms Thread 14" [_thread_blocked, id=14028, stack(0x000000014b100000,0x000000014b200000)]
  0x0000017719ad9800 JavaThread "jar transforms Thread 15" [_thread_blocked, id=11456, stack(0x000000014b200000,0x000000014b300000)]
  0x0000017719add800 JavaThread "jar transforms Thread 16" [_thread_blocked, id=8456, stack(0x000000014b300000,0x000000014b400000)]
  0x0000017719ad7800 JavaThread "jar transforms Thread 17" [_thread_blocked, id=10984, stack(0x000000014b400000,0x000000014b500000)]
  0x0000017719adf000 JavaThread "jar transforms Thread 18" [_thread_blocked, id=7856, stack(0x000000014b500000,0x000000014b600000)]
  0x0000017719ae0000 JavaThread "jar transforms Thread 19" [_thread_blocked, id=3856, stack(0x000000014b600000,0x000000014b700000)]
  0x0000017719ade800 JavaThread "jar transforms Thread 20" [_thread_blocked, id=10708, stack(0x000000014b700000,0x000000014b800000)]
  0x0000017719ada000 JavaThread "jar transforms Thread 21" [_thread_blocked, id=11912, stack(0x000000014b800000,0x000000014b900000)]
  0x0000017719ae0800 JavaThread "jar transforms Thread 22" [_thread_blocked, id=8156, stack(0x000000014b900000,0x000000014ba00000)]
  0x0000017719ae3000 JavaThread "jar transforms Thread 23" [_thread_blocked, id=2420, stack(0x000000014ba00000,0x000000014bb00000)]
  0x0000017719ae1800 JavaThread "jar transforms Thread 24" [_thread_blocked, id=8512, stack(0x000000014bb00000,0x000000014bc00000)]
  0x0000017719ae4000 JavaThread "jar transforms Thread 25" [_thread_blocked, id=11924, stack(0x000000014bc00000,0x000000014bd00000)]
  0x0000017719ae2800 JavaThread "jar transforms Thread 26" [_thread_blocked, id=12664, stack(0x000000014bd00000,0x000000014be00000)]
  0x0000017719ae5000 JavaThread "jar transforms Thread 27" [_thread_blocked, id=2100, stack(0x000000014be00000,0x000000014bf00000)]
  0x000001771c881000 JavaThread "jar transforms Thread 28" [_thread_blocked, id=2208, stack(0x000000014bf00000,0x000000014c000000)]
  0x000001771c87d000 JavaThread "jar transforms Thread 29" [_thread_blocked, id=12348, stack(0x000000014c000000,0x000000014c100000)]
  0x000001771c87f800 JavaThread "jar transforms Thread 30" [_thread_blocked, id=4324, stack(0x000000014c100000,0x000000014c200000)]
  0x000001771c880800 JavaThread "jar transforms Thread 31" [_thread_blocked, id=14960, stack(0x000000014c200000,0x000000014c300000)]
  0x000001771c883800 JavaThread "jar transforms Thread 32" [_thread_blocked, id=10868, stack(0x000000014c300000,0x000000014c400000)]
  0x000001771c882000 JavaThread "jar transforms Thread 33" [_thread_blocked, id=15896, stack(0x000000014c400000,0x000000014c500000)]
  0x000001771c882800 JavaThread "jar transforms Thread 34" [_thread_blocked, id=11368, stack(0x000000014c500000,0x000000014c600000)]
  0x000001771c87e000 JavaThread "jar transforms Thread 35" [_thread_blocked, id=16252, stack(0x000000014c600000,0x000000014c700000)]
  0x000001771c87e800 JavaThread "jar transforms Thread 36" [_thread_blocked, id=1888, stack(0x000000014c700000,0x000000014c800000)]
  0x000001771c887800 JavaThread "jar transforms Thread 37" [_thread_blocked, id=13756, stack(0x000000014c800000,0x000000014c900000)]
  0x000001771c885000 JavaThread "jar transforms Thread 38" [_thread_blocked, id=1944, stack(0x000000014c900000,0x000000014ca00000)]
  0x000001771c889800 JavaThread "jar transforms Thread 39" [_thread_blocked, id=1188, stack(0x000000014ca00000,0x000000014cb00000)]
  0x000001771c887000 JavaThread "jar transforms Thread 40" [_thread_blocked, id=1464, stack(0x000000014cb00000,0x000000014cc00000)]
  0x000001771c88a000 JavaThread "jar transforms Thread 41" [_thread_blocked, id=16256, stack(0x000000014cc00000,0x000000014cd00000)]
  0x000001771c886000 JavaThread "jar transforms Thread 42" [_thread_blocked, id=9552, stack(0x000000014cd00000,0x000000014ce00000)]
  0x000001771c888800 JavaThread "jar transforms Thread 43" [_thread_blocked, id=14664, stack(0x000000014ce00000,0x000000014cf00000)]
  0x000001771c884800 JavaThread "jar transforms Thread 44" [_thread_blocked, id=9652, stack(0x000000014cf00000,0x000000014d000000)]
  0x000001771c88b800 JavaThread "jar transforms Thread 45" [_thread_blocked, id=3960, stack(0x000000014d000000,0x000000014d100000)]
  0x000001771c88b000 JavaThread "jar transforms Thread 46" [_thread_blocked, id=12524, stack(0x000000014d100000,0x000000014d200000)]
  0x000001771c9ef000 JavaThread "jar transforms Thread 47" [_thread_blocked, id=3772, stack(0x000000014d200000,0x000000014d300000)]
  0x000001771c9f0800 JavaThread "jar transforms Thread 48" [_thread_blocked, id=5660, stack(0x000000014d300000,0x000000014d400000)]
  0x000001771c9f0000 JavaThread "jar transforms Thread 49" [_thread_blocked, id=15596, stack(0x000000014d400000,0x000000014d500000)]
  0x000001771c9f1800 JavaThread "jar transforms Thread 50" [_thread_blocked, id=7656, stack(0x000000014d500000,0x000000014d600000)]
  0x000001771c9f2000 JavaThread "jar transforms Thread 51" [_thread_blocked, id=5108, stack(0x000000014d600000,0x000000014d700000)]
  0x000001771c9ec800 JavaThread "jar transforms Thread 52" [_thread_blocked, id=14192, stack(0x000000014d700000,0x000000014d800000)]
  0x000001771c9f3000 JavaThread "jar transforms Thread 53" [_thread_blocked, id=4612, stack(0x000000014d800000,0x000000014d900000)]
  0x000001771c9ed800 JavaThread "jar transforms Thread 54" [_thread_blocked, id=9784, stack(0x000000014d900000,0x000000014da00000)]
  0x000001771c9f4000 JavaThread "jar transforms Thread 55" [_thread_blocked, id=9064, stack(0x000000014da00000,0x000000014db00000)]
  0x000001771c9ee000 JavaThread "jar transforms Thread 56" [_thread_blocked, id=5652, stack(0x000000014db00000,0x000000014dc00000)]
  0x000001771c9f9000 JavaThread "jar transforms Thread 57" [_thread_blocked, id=2540, stack(0x000000014dc00000,0x000000014dd00000)]
  0x000001771c9f6800 JavaThread "jar transforms Thread 58" [_thread_blocked, id=2888, stack(0x000000014dd00000,0x000000014de00000)]
  0x000001771c9f8000 JavaThread "jar transforms Thread 59" [_thread_blocked, id=10784, stack(0x000000014de00000,0x000000014df00000)]
  0x000001771c9f7000 JavaThread "jar transforms Thread 60" [_thread_blocked, id=14424, stack(0x000000014df00000,0x000000014e000000)]
  0x000001771c9f9800 JavaThread "jar transforms Thread 61" [_thread_blocked, id=2936, stack(0x000000014e000000,0x000000014e100000)]
  0x000001771c9fa800 JavaThread "jar transforms Thread 62" [_thread_blocked, id=13256, stack(0x000000014e100000,0x000000014e200000)]
  0x000001771c9f4800 JavaThread "jar transforms Thread 63" [_thread_blocked, id=8488, stack(0x000000014e200000,0x000000014e300000)]
  0x000001771c9fb000 JavaThread "jar transforms Thread 64" [_thread_blocked, id=16104, stack(0x000000014e300000,0x000000014e400000)]
  0x000001771c9f5800 JavaThread "jar transforms Thread 65" [_thread_blocked, id=11344, stack(0x000000014e400000,0x000000014e500000)]
  0x000001771c5d6800 JavaThread "jar transforms Thread 66" [_thread_blocked, id=5416, stack(0x000000014e500000,0x000000014e600000)]
  0x000001771c5da000 JavaThread "jar transforms Thread 67" [_thread_blocked, id=7700, stack(0x000000014e600000,0x000000014e700000)]
  0x000001771c5d9000 JavaThread "jar transforms Thread 68" [_thread_blocked, id=14088, stack(0x000000014e700000,0x000000014e800000)]
  0x000001771c5d8000 JavaThread "jar transforms Thread 69" [_thread_blocked, id=14348, stack(0x000000014e800000,0x000000014e900000)]
  0x000001771c5dc000 JavaThread "jar transforms Thread 70" [_thread_blocked, id=6084, stack(0x000000014e900000,0x000000014ea00000)]
  0x000001771c5dd000 JavaThread "jar transforms Thread 71" [_thread_blocked, id=3180, stack(0x000000014ea00000,0x000000014eb00000)]
  0x000001771c5da800 JavaThread "jar transforms Thread 72" [_thread_blocked, id=5208, stack(0x000000014eb00000,0x000000014ec00000)]
  0x000001771c5d7800 JavaThread "jar transforms Thread 73" [_thread_blocked, id=15924, stack(0x000000014ec00000,0x000000014ed00000)]
  0x000001771c5df800 JavaThread "jar transforms Thread 74" [_thread_blocked, id=13980, stack(0x000000014ed00000,0x000000014ee00000)]
  0x000001771c5de000 JavaThread "jar transforms Thread 75" [_thread_blocked, id=5468, stack(0x000000014ee00000,0x000000014ef00000)]
  0x000001771c5de800 JavaThread "jar transforms Thread 76" [_thread_blocked, id=10992, stack(0x000000014ef00000,0x000000014f000000)]
  0x000001771c5e0800 JavaThread "jar transforms Thread 77" [_thread_blocked, id=11932, stack(0x000000014f000000,0x000000014f100000)]
  0x000001771c5e1000 JavaThread "jar transforms Thread 78" [_thread_blocked, id=8468, stack(0x000000014f100000,0x000000014f200000)]
  0x000001771c5db800 JavaThread "jar transforms Thread 79" [_thread_blocked, id=8900, stack(0x000000014f200000,0x000000014f300000)]
  0x000001771c5e3000 JavaThread "jar transforms Thread 80" [_thread_blocked, id=13044, stack(0x000000014f300000,0x000000014f400000)]
  0x000001771c5e2000 JavaThread "jar transforms Thread 81" [_thread_blocked, id=14540, stack(0x000000014f400000,0x000000014f500000)]
  0x000001771c5e4800 JavaThread "jar transforms Thread 82" [_thread_blocked, id=10116, stack(0x000000014f500000,0x000000014f600000)]
  0x000001771c5e3800 JavaThread "jar transforms Thread 83" [_thread_blocked, id=10420, stack(0x000000014f600000,0x000000014f700000)]
  0x000001771c5e5000 JavaThread "jar transforms Thread 84" [_thread_blocked, id=12720, stack(0x000000014f700000,0x000000014f800000)]
  0x000001771ba1a800 JavaThread "jar transforms Thread 85" [_thread_blocked, id=9004, stack(0x000000014f800000,0x000000014f900000)]
  0x000001771ba1b800 JavaThread "jar transforms Thread 86" [_thread_blocked, id=8732, stack(0x000000014f900000,0x000000014fa00000)]
  0x000001771ba17800 JavaThread "jar transforms Thread 87" [_thread_blocked, id=11828, stack(0x000000014fa00000,0x000000014fb00000)]
  0x000001771ba18800 JavaThread "jar transforms Thread 88" [_thread_blocked, id=16292, stack(0x000000014fb00000,0x000000014fc00000)]
  0x000001771ba1a000 JavaThread "jar transforms Thread 89" [_thread_blocked, id=15644, stack(0x000000014fc00000,0x000000014fd00000)]
  0x000001771ba16800 JavaThread "jar transforms Thread 90" [_thread_blocked, id=7064, stack(0x000000014fd00000,0x000000014fe00000)]
  0x000001771ba1e000 JavaThread "jar transforms Thread 91" [_thread_blocked, id=8460, stack(0x000000014fe00000,0x000000014ff00000)]
  0x000001771ba1c800 JavaThread "jar transforms Thread 92" [_thread_blocked, id=12424, stack(0x000000014ff00000,0x0000000150000000)]
  0x000001771ba1d000 JavaThread "jar transforms Thread 93" [_thread_blocked, id=14476, stack(0x0000000150000000,0x0000000150100000)]
  0x000001771ba1f000 JavaThread "jar transforms Thread 94" [_thread_blocked, id=2728, stack(0x0000000150100000,0x0000000150200000)]
  0x000001771ba19000 JavaThread "jar transforms Thread 95" [_thread_blocked, id=16056, stack(0x0000000150200000,0x0000000150300000)]
  0x000001771ba23000 JavaThread "jar transforms Thread 96" [_thread_blocked, id=3060, stack(0x0000000150300000,0x0000000150400000)]
  0x000001771ba20800 JavaThread "jar transforms Thread 97" [_thread_blocked, id=2300, stack(0x0000000150400000,0x0000000150500000)]
  0x000001771cbbc000 JavaThread "C2 CompilerThread3" daemon [_thread_blocked, id=16344, stack(0x0000000150500000,0x0000000150600000)]
  0x000001771cd2a000 JavaThread "C2 CompilerThread4" daemon [_thread_blocked, id=14020, stack(0x0000000150600000,0x0000000150700000)]
  0x000001771ba21800 JavaThread "Memory manager" [_thread_blocked, id=14164, stack(0x0000000150700000,0x0000000150800000)]
  0x000001771ba1f800 JavaThread "build event listener" [_thread_blocked, id=14572, stack(0x0000000150800000,0x0000000150900000)]
  0x000001771c80d000 JavaThread "pool-3-thread-1" [_thread_blocked, id=14584, stack(0x0000000150900000,0x0000000150a00000)]
  0x000001771c80f800 JavaThread "build event listener" [_thread_blocked, id=14580, stack(0x0000000150a00000,0x0000000150b00000)]
  0x000001771c812000 JavaThread "Execution worker for ':'" [_thread_blocked, id=14588, stack(0x0000000150b00000,0x0000000150c00000)]
  0x000001771c812800 JavaThread "Execution worker for ':' Thread 2" [_thread_blocked, id=10856, stack(0x0000000150c00000,0x0000000150d00000)]
  0x000001771c813800 JavaThread "Execution worker for ':' Thread 3" [_thread_blocked, id=15148, stack(0x0000000150d00000,0x0000000150e00000)]
  0x000001771c810800 JavaThread "Execution worker for ':' Thread 4" [_thread_blocked, id=15144, stack(0x0000000150e00000,0x0000000150f00000)]
  0x000001771c80e800 JavaThread "Execution worker for ':' Thread 5" [_thread_blocked, id=15136, stack(0x0000000150f00000,0x0000000151000000)]
  0x000001771c80e000 JavaThread "Execution worker for ':' Thread 6" [_thread_blocked, id=15132, stack(0x0000000151000000,0x0000000151100000)]
  0x000001771c811000 JavaThread "Execution worker for ':' Thread 7" [_thread_blocked, id=15128, stack(0x0000000151100000,0x0000000151200000)]
  0x000001771ebfe000 JavaThread "Execution worker for ':' Thread 8" [_thread_blocked, id=15152, stack(0x0000000151200000,0x0000000151300000)]
  0x000001771ebfb000 JavaThread "Execution worker for ':' Thread 9" [_thread_blocked, id=15140, stack(0x0000000151300000,0x0000000151400000)]
  0x000001771ebfa000 JavaThread "Execution worker for ':' Thread 10" [_thread_blocked, id=15156, stack(0x0000000151400000,0x0000000151500000)]
  0x000001771ec00800 JavaThread "Execution worker for ':' Thread 11" [_thread_blocked, id=15160, stack(0x0000000151500000,0x0000000151600000)]
  0x000001771ebfc800 JavaThread "Execution worker for ':' Thread 12" [_thread_blocked, id=15164, stack(0x0000000151600000,0x0000000151700000)]
  0x000001771ebfd800 JavaThread "Execution worker for ':' Thread 13" [_thread_blocked, id=15168, stack(0x0000000151700000,0x0000000151800000)]
  0x000001771ebff000 JavaThread "Execution worker for ':' Thread 14" [_thread_blocked, id=15172, stack(0x0000000151800000,0x0000000151900000)]
  0x000001771ec01800 JavaThread "Execution worker for ':' Thread 15" [_thread_blocked, id=15176, stack(0x0000000151900000,0x0000000151a00000)]
  0x000001771ec00000 JavaThread "Cache worker for execution history cache (B:\programs\Java_dev\codes\Alarm\.gradle\6.7.1\executionHistory)" [_thread_blocked, id=15180, stack(0x0000000151a00000,0x0000000151b00000)]

Other Threads:
=>0x00000177152ce800 VMThread "VM Thread" [stack: 0x0000000145f00000,0x0000000146000000] [id=7696]
  0x0000017715dec800 WatcherThread [stack: 0x0000000146a00000,0x0000000146b00000] [id=8580]
  0x0000017779d41800 GCTaskThread "GC Thread#0" [stack: 0x0000000145a00000,0x0000000145b00000] [id=9428]
  0x0000017716e75000 GCTaskThread "GC Thread#1" [stack: 0x0000000146e00000,0x0000000146f00000] [id=7676]
  0x0000017717069000 GCTaskThread "GC Thread#2" [stack: 0x0000000147a00000,0x0000000147b00000] [id=14708]
  0x0000017717710800 GCTaskThread "GC Thread#3" [stack: 0x0000000147b00000,0x0000000147c00000] [id=13512]
  0x000001771772d800 GCTaskThread "GC Thread#4" [stack: 0x0000000147c00000,0x0000000147d00000] [id=3612]
  0x00000177189a7800 GCTaskThread "GC Thread#5" [stack: 0x0000000147d00000,0x0000000147e00000] [id=12252]
  0x00000177183dd000 GCTaskThread "GC Thread#6" [stack: 0x0000000147e00000,0x0000000147f00000] [id=4444]
  0x0000017717f2c800 GCTaskThread "GC Thread#7" [stack: 0x0000000147f00000,0x0000000148000000] [id=13948]
  0x0000017717cc3800 GCTaskThread "GC Thread#8" [stack: 0x0000000148000000,0x0000000148100000] [id=14224]
  0x0000017718196800 GCTaskThread "GC Thread#9" [stack: 0x0000000148100000,0x0000000148200000] [id=14680]
  0x0000017718302800 GCTaskThread "GC Thread#10" [stack: 0x0000000148200000,0x0000000148300000] [id=11896]
  0x00000177175d4800 GCTaskThread "GC Thread#11" [stack: 0x0000000148300000,0x0000000148400000] [id=5996]
  0x0000017717a95000 GCTaskThread "GC Thread#12" [stack: 0x0000000148400000,0x0000000148500000] [id=11488]
  0x0000017779d73000 ConcurrentGCThread "G1 Main Marker" [stack: 0x0000000145b00000,0x0000000145c00000] [id=8516]
  0x0000017779d74800 ConcurrentGCThread "G1 Conc#0" [stack: 0x0000000145c00000,0x0000000145d00000] [id=9152]
  0x0000017717ce6800 ConcurrentGCThread "G1 Conc#1" [stack: 0x0000000148800000,0x0000000148900000] [id=13840]
  0x00000177175f3000 ConcurrentGCThread "G1 Conc#2" [stack: 0x0000000148900000,0x0000000148a00000] [id=9736]
  0x0000017779e0a000 ConcurrentGCThread "G1 Refine#0" [stack: 0x0000000145d00000,0x0000000145e00000] [id=2024]
  0x0000017716d5e000 ConcurrentGCThread "G1 Refine#1" [stack: 0x0000000148500000,0x0000000148600000] [id=13196]
  0x0000017779e0b000 ConcurrentGCThread "G1 Young RemSet Sampling" [stack: 0x0000000145e00000,0x0000000145f00000] [id=10352]

Threads with active compile tasks:
C2 CompilerThread0   8194 8440       4       org.gradle.cache.internal.btree.FreeListBlockStore::read (12 bytes)
C2 CompilerThread1   8194 8439       4       org.gradle.cache.internal.btree.CachingBlockStore::read (56 bytes)
C2 CompilerThread2   8194 8801       4       org.gradle.cache.internal.btree.BTreePersistentIndexedCache$IndexBlock::find (140 bytes)
C2 CompilerThread3   8194 8825       4       org.gradle.internal.snapshot.SnapshotUtil$$Lambda$238/0x00000001004e1040::compareTo (16 bytes)
C2 CompilerThread4   8194 8808       4       org.gradle.internal.execution.history.impl.FingerprintMapSerializer::readFingerprint (91 bytes)

VM state:at safepoint (normal execution)

VM Mutex/Monitor currently owned by a thread:  ([mutex/lock_event])
[0x0000017779d27100] Threads_lock - owner thread: 0x00000177152ce800
[0x0000017779d26bf0] Heap_lock - owner thread: 0x0000017718346800

Heap address: 0x0000000080000000, size: 2048 MB, Compressed Oops mode: 32-bit
Narrow klass base: 0x0000000000000000, Narrow klass shift: 3
Compressed class space size: 1073741824 Address: 0x0000000100000000

Heap:
 garbage-first heap   total 212992K, used 57709K [0x0000000080000000, 0x0000000100000000)
  region size 1024K, 10 young (10240K), 10 survivors (10240K)
 Metaspace       used 76171K, capacity 78216K, committed 78416K, reserved 1118208K
  class space    used 9903K, capacity 10605K, committed 10624K, reserved 1048576K
Heap Regions: E=young(eden), S=young(survivor), O=old, HS=humongous(starts), HC=humongous(continues), CS=collection set, F=free, A=archive, TAMS=top-at-mark-start (previous, next)
|   0|0x0000000080000000, 0x0000000080100000, 0x0000000080100000|100%| O|  |TAMS 0x0000000080100000, 0x0000000080000000| Untracked 
|   1|0x0000000080100000, 0x0000000080200000, 0x0000000080200000|100%| O|  |TAMS 0x0000000080200000, 0x0000000080100000| Untracked 
|   2|0x0000000080200000, 0x0000000080300000, 0x0000000080300000|100%| O|  |TAMS 0x0000000080300000, 0x0000000080200000| Untracked 
|   3|0x0000000080300000, 0x0000000080400000, 0x0000000080400000|100%|HS|  |TAMS 0x0000000080400000, 0x0000000080300000| Complete 
|   4|0x0000000080400000, 0x0000000080500000, 0x0000000080500000|100%|HC|  |TAMS 0x0000000080500000, 0x0000000080400000| Complete 
|   5|0x0000000080500000, 0x0000000080600000, 0x0000000080600000|100%|HC|  |TAMS 0x0000000080600000, 0x0000000080500000| Complete 
|   6|0x0000000080600000, 0x0000000080700000, 0x0000000080700000|100%| O|  |TAMS 0x0000000080700000, 0x0000000080600000| Untracked 
|   7|0x0000000080700000, 0x0000000080800000, 0x0000000080800000|100%| O|  |TAMS 0x0000000080800000, 0x0000000080700000| Untracked 
|   8|0x0000000080800000, 0x0000000080900000, 0x0000000080900000|100%| O|  |TAMS 0x0000000080900000, 0x0000000080800000| Untracked 
|   9|0x0000000080900000, 0x0000000080a00000, 0x0000000080a00000|100%| O|  |TAMS 0x0000000080a00000, 0x0000000080900000| Untracked 
|  10|0x0000000080a00000, 0x0000000080b00000, 0x0000000080b00000|100%| O|  |TAMS 0x0000000080b00000, 0x0000000080a00000| Untracked 
|  11|0x0000000080b00000, 0x0000000080c00000, 0x0000000080c00000|100%| O|  |TAMS 0x0000000080c00000, 0x0000000080b00000| Untracked 
|  12|0x0000000080c00000, 0x0000000080d00000, 0x0000000080d00000|100%| O|  |TAMS 0x0000000080d00000, 0x0000000080c00000| Untracked 
|  13|0x0000000080d00000, 0x0000000080e00000, 0x0000000080e00000|100%| O|  |TAMS 0x0000000080e00000, 0x0000000080d00000| Untracked 
|  14|0x0000000080e00000, 0x0000000080f00000, 0x0000000080f00000|100%| O|  |TAMS 0x0000000080f00000, 0x0000000080e00000| Untracked 
|  15|0x0000000080f00000, 0x0000000081000000, 0x0000000081000000|100%| O|  |TAMS 0x0000000081000000, 0x0000000080f00000| Untracked 
|  16|0x0000000081000000, 0x0000000081100000, 0x0000000081100000|100%| O|  |TAMS 0x0000000081100000, 0x0000000081000000| Untracked 
|  17|0x0000000081100000, 0x0000000081200000, 0x0000000081200000|100%| O|  |TAMS 0x0000000081200000, 0x0000000081100000| Untracked 
|  18|0x0000000081200000, 0x0000000081300000, 0x0000000081300000|100%|HS|  |TAMS 0x0000000081300000, 0x0000000081200000| Complete 
|  19|0x0000000081300000, 0x0000000081400000, 0x0000000081400000|100%|HS|  |TAMS 0x0000000081400000, 0x0000000081300000| Complete 
|  20|0x0000000081400000, 0x0000000081500000, 0x0000000081500000|100%|HC|  |TAMS 0x0000000081500000, 0x0000000081400000| Complete 
|  21|0x0000000081500000, 0x0000000081600000, 0x0000000081600000|100%| O|  |TAMS 0x0000000081600000, 0x0000000081500000| Untracked 
|  22|0x0000000081600000, 0x0000000081700000, 0x0000000081700000|100%| O|  |TAMS 0x0000000081700000, 0x0000000081600000| Untracked 
|  23|0x0000000081700000, 0x0000000081800000, 0x0000000081800000|100%| O|  |TAMS 0x0000000081800000, 0x0000000081700000| Untracked 
|  24|0x0000000081800000, 0x0000000081900000, 0x0000000081900000|100%| O|  |TAMS 0x0000000081900000, 0x0000000081800000| Untracked 
|  25|0x0000000081900000, 0x0000000081a00000, 0x0000000081a00000|100%| O|  |TAMS 0x0000000081a00000, 0x0000000081900000| Untracked 
|  26|0x0000000081a00000, 0x0000000081b00000, 0x0000000081b00000|100%| O|  |TAMS 0x0000000081b00000, 0x0000000081a00000| Untracked 
|  27|0x0000000081b00000, 0x0000000081c00000, 0x0000000081c00000|100%| O|  |TAMS 0x0000000081c00000, 0x0000000081b00000| Untracked 
|  28|0x0000000081c00000, 0x0000000081d00000, 0x0000000081d00000|100%| O|  |TAMS 0x0000000081d00000, 0x0000000081c00000| Untracked 
|  29|0x0000000081d00000, 0x0000000081e00000, 0x0000000081e00000|100%| O|  |TAMS 0x0000000081e00000, 0x0000000081d00000| Untracked 
|  30|0x0000000081e00000, 0x0000000081f00000, 0x0000000081f00000|100%| O|  |TAMS 0x0000000081f00000, 0x0000000081e00000| Untracked 
|  31|0x0000000081f00000, 0x0000000082000000, 0x0000000082000000|100%| O|  |TAMS 0x0000000082000000, 0x0000000081f00000| Untracked 
|  32|0x0000000082000000, 0x0000000082100000, 0x0000000082100000|100%| O|  |TAMS 0x0000000082100000, 0x0000000082000000| Untracked 
|  33|0x0000000082100000, 0x0000000082200000, 0x0000000082200000|100%| O|  |TAMS 0x0000000082200000, 0x0000000082100000| Untracked 
|  34|0x0000000082200000, 0x0000000082300000, 0x0000000082300000|100%| O|  |TAMS 0x0000000082300000, 0x0000000082200000| Untracked 
|  35|0x0000000082300000, 0x0000000082400000, 0x0000000082400000|100%| O|  |TAMS 0x000000008236da00, 0x0000000082300000| Untracked 
|  36|0x0000000082400000, 0x0000000082500000, 0x0000000082500000|100%| O|  |TAMS 0x0000000082400000, 0x0000000082400000| Untracked 
|  37|0x0000000082500000, 0x0000000082600000, 0x0000000082600000|100%| O|  |TAMS 0x0000000082500000, 0x0000000082500000| Untracked 
|  38|0x0000000082600000, 0x0000000082700000, 0x0000000082700000|100%| O|  |TAMS 0x0000000082600000, 0x0000000082600000| Untracked 
|  39|0x0000000082700000, 0x0000000082800000, 0x0000000082800000|100%| O|  |TAMS 0x0000000082700000, 0x0000000082700000| Untracked 
|  40|0x0000000082800000, 0x0000000082900000, 0x0000000082900000|100%| O|  |TAMS 0x0000000082800000, 0x0000000082800000| Untracked 
|  41|0x0000000082900000, 0x0000000082a00000, 0x0000000082a00000|100%| O|  |TAMS 0x0000000082900000, 0x0000000082900000| Untracked 
|  42|0x0000000082a00000, 0x0000000082b00000, 0x0000000082b00000|100%| O|  |TAMS 0x0000000082a00000, 0x0000000082a00000| Untracked 
|  43|0x0000000082b00000, 0x0000000082c00000, 0x0000000082c00000|100%| O|  |TAMS 0x0000000082b00000, 0x0000000082b00000| Untracked 
|  44|0x0000000082c00000, 0x0000000082d00000, 0x0000000082d00000|100%| O|  |TAMS 0x0000000082c00000, 0x0000000082c00000| Untracked 
|  45|0x0000000082d00000, 0x0000000082e00000, 0x0000000082e00000|100%| O|  |TAMS 0x0000000082d00000, 0x0000000082d00000| Untracked 
|  46|0x0000000082e00000, 0x0000000082e8e200, 0x0000000082f00000| 55%| O|  |TAMS 0x0000000082e00000, 0x0000000082e00000| Untracked 
|  47|0x0000000082f00000, 0x0000000082f00000, 0x0000000083000000|  0%| F|  |TAMS 0x0000000082f00000, 0x0000000082f00000| Untracked 
|  48|0x0000000083000000, 0x0000000083000000, 0x0000000083100000|  0%| F|  |TAMS 0x0000000083000000, 0x0000000083000000| Untracked 
|  49|0x0000000083100000, 0x0000000083100000, 0x0000000083200000|  0%| F|  |TAMS 0x0000000083100000, 0x0000000083100000| Untracked 
|  50|0x0000000083200000, 0x0000000083200000, 0x0000000083300000|  0%| F|  |TAMS 0x0000000083200000, 0x0000000083200000| Untracked 
|  51|0x0000000083300000, 0x0000000083300000, 0x0000000083400000|  0%| F|  |TAMS 0x0000000083300000, 0x0000000083300000| Untracked 
|  52|0x0000000083400000, 0x0000000083400000, 0x0000000083500000|  0%| F|  |TAMS 0x0000000083400000, 0x0000000083400000| Untracked 
|  53|0x0000000083500000, 0x0000000083500000, 0x0000000083600000|  0%| F|  |TAMS 0x0000000083500000, 0x0000000083500000| Untracked 
|  54|0x0000000083600000, 0x0000000083600000, 0x0000000083700000|  0%| F|  |TAMS 0x0000000083600000, 0x0000000083600000| Untracked 
|  55|0x0000000083700000, 0x0000000083700000, 0x0000000083800000|  0%| F|  |TAMS 0x0000000083700000, 0x0000000083700000| Untracked 
|  56|0x0000000083800000, 0x0000000083800000, 0x0000000083900000|  0%| F|  |TAMS 0x0000000083800000, 0x0000000083800000| Untracked 
|  57|0x0000000083900000, 0x0000000083900000, 0x0000000083a00000|  0%| F|  |TAMS 0x0000000083900000, 0x0000000083900000| Untracked 
|  58|0x0000000083a00000, 0x0000000083a00000, 0x0000000083b00000|  0%| F|  |TAMS 0x0000000083a00000, 0x0000000083a00000| Untracked 
|  59|0x0000000083b00000, 0x0000000083b00000, 0x0000000083c00000|  0%| F|  |TAMS 0x0000000083b00000, 0x0000000083b00000| Untracked 
|  60|0x0000000083c00000, 0x0000000083c00000, 0x0000000083d00000|  0%| F|  |TAMS 0x0000000083c00000, 0x0000000083c00000| Untracked 
|  61|0x0000000083d00000, 0x0000000083d00000, 0x0000000083e00000|  0%| F|  |TAMS 0x0000000083d00000, 0x0000000083d00000| Untracked 
|  62|0x0000000083e00000, 0x0000000083e00000, 0x0000000083f00000|  0%| F|  |TAMS 0x0000000083e00000, 0x0000000083e00000| Untracked 
|  63|0x0000000083f00000, 0x0000000083f00000, 0x0000000084000000|  0%| F|  |TAMS 0x0000000083f00000, 0x0000000083f00000| Untracked 
|  64|0x0000000084000000, 0x0000000084000000, 0x0000000084100000|  0%| F|  |TAMS 0x0000000084000000, 0x0000000084000000| Untracked 
|  65|0x0000000084100000, 0x0000000084100000, 0x0000000084200000|  0%| F|  |TAMS 0x0000000084100000, 0x0000000084100000| Untracked 
|  66|0x0000000084200000, 0x0000000084200000, 0x0000000084300000|  0%| F|  |TAMS 0x0000000084200000, 0x0000000084200000| Untracked 
|  67|0x0000000084300000, 0x0000000084300000, 0x0000000084400000|  0%| F|  |TAMS 0x0000000084300000, 0x0000000084300000| Untracked 
|  68|0x0000000084400000, 0x0000000084400000, 0x0000000084500000|  0%| F|  |TAMS 0x0000000084400000, 0x0000000084400000| Untracked 
|  69|0x0000000084500000, 0x0000000084500000, 0x0000000084600000|  0%| F|  |TAMS 0x0000000084500000, 0x0000000084500000| Untracked 
|  70|0x0000000084600000, 0x0000000084600000, 0x0000000084700000|  0%| F|  |TAMS 0x0000000084600000, 0x0000000084600000| Untracked 
|  71|0x0000000084700000, 0x0000000084700000, 0x0000000084800000|  0%| F|  |TAMS 0x0000000084700000, 0x0000000084700000| Untracked 
|  72|0x0000000084800000, 0x0000000084800000, 0x0000000084900000|  0%| F|  |TAMS 0x0000000084800000, 0x0000000084800000| Untracked 
|  73|0x0000000084900000, 0x0000000084900000, 0x0000000084a00000|  0%| F|  |TAMS 0x0000000084900000, 0x0000000084900000| Untracked 
|  74|0x0000000084a00000, 0x0000000084a00000, 0x0000000084b00000|  0%| F|  |TAMS 0x0000000084a00000, 0x0000000084a00000| Untracked 
|  75|0x0000000084b00000, 0x0000000084b00000, 0x0000000084c00000|  0%| F|  |TAMS 0x0000000084b00000, 0x0000000084b00000| Untracked 
|  76|0x0000000084c00000, 0x0000000084c00000, 0x0000000084d00000|  0%| F|  |TAMS 0x0000000084c00000, 0x0000000084c00000| Untracked 
|  77|0x0000000084d00000, 0x0000000084d00000, 0x0000000084e00000|  0%| F|  |TAMS 0x0000000084d00000, 0x0000000084d00000| Untracked 
|  78|0x0000000084e00000, 0x0000000084e00000, 0x0000000084f00000|  0%| F|  |TAMS 0x0000000084e00000, 0x0000000084e00000| Untracked 
|  79|0x0000000084f00000, 0x0000000084f00000, 0x0000000085000000|  0%| F|  |TAMS 0x0000000084f00000, 0x0000000084f00000| Untracked 
|  80|0x0000000085000000, 0x0000000085000000, 0x0000000085100000|  0%| F|  |TAMS 0x0000000085000000, 0x0000000085000000| Untracked 
|  81|0x0000000085100000, 0x00000000851cd2c0, 0x0000000085200000| 80%| S|CS|TAMS 0x0000000085100000, 0x0000000085100000| Complete 
|  82|0x0000000085200000, 0x0000000085200000, 0x0000000085300000|  0%| F|  |TAMS 0x0000000085200000, 0x0000000085200000| Untracked 
|  83|0x0000000085300000, 0x0000000085300000, 0x0000000085400000|  0%| F|  |TAMS 0x0000000085300000, 0x0000000085300000| Untracked 
|  84|0x0000000085400000, 0x0000000085400000, 0x0000000085500000|  0%| F|  |TAMS 0x0000000085400000, 0x0000000085400000| Untracked 
|  85|0x0000000085500000, 0x0000000085600000, 0x0000000085600000|100%| S|CS|TAMS 0x0000000085500000, 0x0000000085500000| Complete 
|  86|0x0000000085600000, 0x0000000085700000, 0x0000000085700000|100%| S|CS|TAMS 0x0000000085600000, 0x0000000085600000| Complete 
|  87|0x0000000085700000, 0x0000000085800000, 0x0000000085800000|100%| S|CS|TAMS 0x0000000085700000, 0x0000000085700000| Complete 
|  88|0x0000000085800000, 0x0000000085900000, 0x0000000085900000|100%| S|CS|TAMS 0x0000000085800000, 0x0000000085800000| Complete 
|  89|0x0000000085900000, 0x0000000085a00000, 0x0000000085a00000|100%| S|CS|TAMS 0x0000000085900000, 0x0000000085900000| Complete 
|  90|0x0000000085a00000, 0x0000000085b00000, 0x0000000085b00000|100%| S|CS|TAMS 0x0000000085a00000, 0x0000000085a00000| Complete 
|  91|0x0000000085b00000, 0x0000000085c00000, 0x0000000085c00000|100%| S|CS|TAMS 0x0000000085b00000, 0x0000000085b00000| Complete 
|  92|0x0000000085c00000, 0x0000000085d00000, 0x0000000085d00000|100%| S|CS|TAMS 0x0000000085c00000, 0x0000000085c00000| Complete 
|  93|0x0000000085d00000, 0x0000000085e00000, 0x0000000085e00000|100%| S|CS|TAMS 0x0000000085d00000, 0x0000000085d00000| Complete 
|  94|0x0000000085e00000, 0x0000000085e00000, 0x0000000085f00000|  0%| F|  |TAMS 0x0000000085e00000, 0x0000000085e00000| Untracked 
|  95|0x0000000085f00000, 0x0000000085f00000, 0x0000000086000000|  0%| F|  |TAMS 0x0000000085f00000, 0x0000000085f00000| Untracked 
|  96|0x0000000086000000, 0x0000000086000000, 0x0000000086100000|  0%| F|  |TAMS 0x0000000086000000, 0x0000000086000000| Untracked 
|  97|0x0000000086100000, 0x0000000086100000, 0x0000000086200000|  0%| F|  |TAMS 0x0000000086100000, 0x0000000086100000| Untracked 
|  98|0x0000000086200000, 0x0000000086200000, 0x0000000086300000|  0%| F|  |TAMS 0x0000000086200000, 0x0000000086200000| Untracked 
|  99|0x0000000086300000, 0x0000000086300000, 0x0000000086400000|  0%| F|  |TAMS 0x0000000086300000, 0x0000000086300000| Untracked 
| 100|0x0000000086400000, 0x0000000086400000, 0x0000000086500000|  0%| F|  |TAMS 0x0000000086400000, 0x0000000086400000| Untracked 
| 101|0x0000000086500000, 0x0000000086500000, 0x0000000086600000|  0%| F|  |TAMS 0x0000000086500000, 0x0000000086500000| Untracked 
| 102|0x0000000086600000, 0x0000000086600000, 0x0000000086700000|  0%| F|  |TAMS 0x0000000086600000, 0x0000000086600000| Untracked 
| 103|0x0000000086700000, 0x0000000086700000, 0x0000000086800000|  0%| F|  |TAMS 0x0000000086700000, 0x0000000086700000| Untracked 
| 104|0x0000000086800000, 0x0000000086800000, 0x0000000086900000|  0%| F|  |TAMS 0x0000000086800000, 0x0000000086800000| Untracked 
| 105|0x0000000086900000, 0x0000000086900000, 0x0000000086a00000|  0%| F|  |TAMS 0x0000000086900000, 0x0000000086900000| Untracked 
| 106|0x0000000086a00000, 0x0000000086a00000, 0x0000000086b00000|  0%| F|  |TAMS 0x0000000086a00000, 0x0000000086a00000| Untracked 
| 107|0x0000000086b00000, 0x0000000086b00000, 0x0000000086c00000|  0%| F|  |TAMS 0x0000000086b00000, 0x0000000086b00000| Untracked 
| 108|0x0000000086c00000, 0x0000000086c00000, 0x0000000086d00000|  0%| F|  |TAMS 0x0000000086c00000, 0x0000000086c00000| Untracked 
| 109|0x0000000086d00000, 0x0000000086d00000, 0x0000000086e00000|  0%| F|  |TAMS 0x0000000086d00000, 0x0000000086d00000| Untracked 
| 110|0x0000000086e00000, 0x0000000086e00000, 0x0000000086f00000|  0%| F|  |TAMS 0x0000000086e00000, 0x0000000086e00000| Untracked 
| 111|0x0000000086f00000, 0x0000000086f00000, 0x0000000087000000|  0%| F|  |TAMS 0x0000000086f00000, 0x0000000086f00000| Untracked 
| 112|0x0000000087000000, 0x0000000087000000, 0x0000000087100000|  0%| F|  |TAMS 0x0000000087000000, 0x0000000087000000| Untracked 
| 113|0x0000000087100000, 0x0000000087100000, 0x0000000087200000|  0%| F|  |TAMS 0x0000000087100000, 0x0000000087100000| Untracked 
| 114|0x0000000087200000, 0x0000000087200000, 0x0000000087300000|  0%| F|  |TAMS 0x0000000087200000, 0x0000000087200000| Untracked 
| 115|0x0000000087300000, 0x0000000087300000, 0x0000000087400000|  0%| F|  |TAMS 0x0000000087300000, 0x0000000087300000| Untracked 
| 116|0x0000000087400000, 0x0000000087400000, 0x0000000087500000|  0%| F|  |TAMS 0x0000000087400000, 0x0000000087400000| Untracked 
| 117|0x0000000087500000, 0x0000000087500000, 0x0000000087600000|  0%| F|  |TAMS 0x0000000087500000, 0x0000000087500000| Untracked 
| 118|0x0000000087600000, 0x0000000087600000, 0x0000000087700000|  0%| F|  |TAMS 0x0000000087600000, 0x0000000087600000| Untracked 
| 119|0x0000000087700000, 0x0000000087700000, 0x0000000087800000|  0%| F|  |TAMS 0x0000000087700000, 0x0000000087700000| Untracked 
| 120|0x0000000087800000, 0x0000000087800000, 0x0000000087900000|  0%| F|  |TAMS 0x0000000087800000, 0x0000000087800000| Untracked 
| 121|0x0000000087900000, 0x0000000087900000, 0x0000000087a00000|  0%| F|  |TAMS 0x0000000087900000, 0x0000000087900000| Untracked 
| 122|0x0000000087a00000, 0x0000000087a00000, 0x0000000087b00000|  0%| F|  |TAMS 0x0000000087a00000, 0x0000000087a00000| Untracked 
| 123|0x0000000087b00000, 0x0000000087b00000, 0x0000000087c00000|  0%| F|  |TAMS 0x0000000087b00000, 0x0000000087b00000| Untracked 
| 124|0x0000000087c00000, 0x0000000087c00000, 0x0000000087d00000|  0%| F|  |TAMS 0x0000000087c00000, 0x0000000087c00000| Untracked 
| 125|0x0000000087d00000, 0x0000000087d00000, 0x0000000087e00000|  0%| F|  |TAMS 0x0000000087d00000, 0x0000000087d00000| Untracked 
| 126|0x0000000087e00000, 0x0000000087e00000, 0x0000000087f00000|  0%| F|  |TAMS 0x0000000087e00000, 0x0000000087e00000| Untracked 
| 127|0x0000000087f00000, 0x0000000087f00000, 0x0000000088000000|  0%| F|  |TAMS 0x0000000087f00000, 0x0000000087f00000| Untracked 
| 128|0x0000000088000000, 0x0000000088000000, 0x0000000088100000|  0%| F|  |TAMS 0x0000000088000000, 0x0000000088000000| Untracked 
| 129|0x0000000088100000, 0x0000000088100000, 0x0000000088200000|  0%| F|  |TAMS 0x0000000088100000, 0x0000000088100000| Untracked 
| 130|0x0000000088200000, 0x0000000088200000, 0x0000000088300000|  0%| F|  |TAMS 0x0000000088200000, 0x0000000088200000| Untracked 
| 131|0x0000000088300000, 0x0000000088300000, 0x0000000088400000|  0%| F|  |TAMS 0x0000000088300000, 0x0000000088300000| Untracked 
| 132|0x0000000088400000, 0x0000000088400000, 0x0000000088500000|  0%| F|  |TAMS 0x0000000088400000, 0x0000000088400000| Untracked 
| 133|0x0000000088500000, 0x0000000088500000, 0x0000000088600000|  0%| F|  |TAMS 0x0000000088500000, 0x0000000088500000| Untracked 
| 134|0x0000000088600000, 0x0000000088600000, 0x0000000088700000|  0%| F|  |TAMS 0x0000000088600000, 0x0000000088600000| Untracked 
| 135|0x0000000088700000, 0x0000000088700000, 0x0000000088800000|  0%| F|  |TAMS 0x0000000088700000, 0x0000000088700000| Untracked 
| 136|0x0000000088800000, 0x0000000088800000, 0x0000000088900000|  0%| F|  |TAMS 0x0000000088800000, 0x0000000088800000| Untracked 
| 137|0x0000000088900000, 0x0000000088900000, 0x0000000088a00000|  0%| F|  |TAMS 0x0000000088900000, 0x0000000088900000| Untracked 
| 138|0x0000000088a00000, 0x0000000088a00000, 0x0000000088b00000|  0%| F|  |TAMS 0x0000000088a00000, 0x0000000088a00000| Untracked 
| 139|0x0000000088b00000, 0x0000000088b00000, 0x0000000088c00000|  0%| F|  |TAMS 0x0000000088b00000, 0x0000000088b00000| Untracked 
| 140|0x0000000088c00000, 0x0000000088c00000, 0x0000000088d00000|  0%| F|  |TAMS 0x0000000088c00000, 0x0000000088c00000| Untracked 
| 141|0x0000000088d00000, 0x0000000088d00000, 0x0000000088e00000|  0%| F|  |TAMS 0x0000000088d00000, 0x0000000088d00000| Untracked 
| 142|0x0000000088e00000, 0x0000000088e00000, 0x0000000088f00000|  0%| F|  |TAMS 0x0000000088e00000, 0x0000000088e00000| Untracked 
| 143|0x0000000088f00000, 0x0000000088f00000, 0x0000000089000000|  0%| F|  |TAMS 0x0000000088f00000, 0x0000000088f00000| Untracked 
| 144|0x0000000089000000, 0x0000000089000000, 0x0000000089100000|  0%| F|  |TAMS 0x0000000089000000, 0x0000000089000000| Untracked 
| 145|0x0000000089100000, 0x0000000089100000, 0x0000000089200000|  0%| F|  |TAMS 0x0000000089100000, 0x0000000089100000| Untracked 
| 146|0x0000000089200000, 0x0000000089200000, 0x0000000089300000|  0%| F|  |TAMS 0x0000000089200000, 0x0000000089200000| Untracked 
| 147|0x0000000089300000, 0x0000000089300000, 0x0000000089400000|  0%| F|  |TAMS 0x0000000089300000, 0x0000000089300000| Untracked 
| 148|0x0000000089400000, 0x0000000089400000, 0x0000000089500000|  0%| F|  |TAMS 0x0000000089400000, 0x0000000089400000| Untracked 
| 149|0x0000000089500000, 0x0000000089500000, 0x0000000089600000|  0%| F|  |TAMS 0x0000000089500000, 0x0000000089500000| Untracked 
| 150|0x0000000089600000, 0x0000000089600000, 0x0000000089700000|  0%| F|  |TAMS 0x0000000089600000, 0x0000000089600000| Untracked 
| 151|0x0000000089700000, 0x0000000089700000, 0x0000000089800000|  0%| F|  |TAMS 0x0000000089700000, 0x0000000089700000| Untracked 
| 152|0x0000000089800000, 0x0000000089800000, 0x0000000089900000|  0%| F|  |TAMS 0x0000000089800000, 0x0000000089800000| Untracked 
| 153|0x0000000089900000, 0x0000000089900000, 0x0000000089a00000|  0%| F|  |TAMS 0x0000000089900000, 0x0000000089900000| Untracked 
| 154|0x0000000089a00000, 0x0000000089a00000, 0x0000000089b00000|  0%| F|  |TAMS 0x0000000089a00000, 0x0000000089a00000| Untracked 
| 155|0x0000000089b00000, 0x0000000089b00000, 0x0000000089c00000|  0%| F|  |TAMS 0x0000000089b00000, 0x0000000089b00000| Untracked 
| 156|0x0000000089c00000, 0x0000000089c00000, 0x0000000089d00000|  0%| F|  |TAMS 0x0000000089c00000, 0x0000000089c00000| Untracked 
| 157|0x0000000089d00000, 0x0000000089d00000, 0x0000000089e00000|  0%| F|  |TAMS 0x0000000089d00000, 0x0000000089d00000| Untracked 
| 158|0x0000000089e00000, 0x0000000089e00000, 0x0000000089f00000|  0%| F|  |TAMS 0x0000000089e00000, 0x0000000089e00000| Untracked 
| 159|0x0000000089f00000, 0x0000000089f00000, 0x000000008a000000|  0%| F|  |TAMS 0x0000000089f00000, 0x0000000089f00000| Untracked 
| 160|0x000000008a000000, 0x000000008a000000, 0x000000008a100000|  0%| F|  |TAMS 0x000000008a000000, 0x000000008a000000| Untracked 
| 161|0x000000008a100000, 0x000000008a100000, 0x000000008a200000|  0%| F|  |TAMS 0x000000008a100000, 0x000000008a100000| Untracked 
| 162|0x000000008a200000, 0x000000008a200000, 0x000000008a300000|  0%| F|  |TAMS 0x000000008a200000, 0x000000008a200000| Untracked 
| 163|0x000000008a300000, 0x000000008a300000, 0x000000008a400000|  0%| F|  |TAMS 0x000000008a300000, 0x000000008a300000| Untracked 
| 164|0x000000008a400000, 0x000000008a400000, 0x000000008a500000|  0%| F|  |TAMS 0x000000008a400000, 0x000000008a400000| Untracked 
| 165|0x000000008a500000, 0x000000008a500000, 0x000000008a600000|  0%| F|  |TAMS 0x000000008a500000, 0x000000008a500000| Untracked 
| 166|0x000000008a600000, 0x000000008a600000, 0x000000008a700000|  0%| F|  |TAMS 0x000000008a600000, 0x000000008a600000| Untracked 
| 167|0x000000008a700000, 0x000000008a700000, 0x000000008a800000|  0%| F|  |TAMS 0x000000008a700000, 0x000000008a700000| Untracked 
| 168|0x000000008a800000, 0x000000008a800000, 0x000000008a900000|  0%| F|  |TAMS 0x000000008a800000, 0x000000008a800000| Untracked 
| 169|0x000000008a900000, 0x000000008a900000, 0x000000008aa00000|  0%| F|  |TAMS 0x000000008a900000, 0x000000008a900000| Untracked 
| 170|0x000000008aa00000, 0x000000008aa00000, 0x000000008ab00000|  0%| F|  |TAMS 0x000000008aa00000, 0x000000008aa00000| Untracked 
| 171|0x000000008ab00000, 0x000000008ab00000, 0x000000008ac00000|  0%| F|  |TAMS 0x000000008ab00000, 0x000000008ab00000| Untracked 
| 172|0x000000008ac00000, 0x000000008ac00000, 0x000000008ad00000|  0%| F|  |TAMS 0x000000008ac00000, 0x000000008ac00000| Untracked 

Card table byte_map: [0x000001777ea60000,0x000001777ee60000] _byte_map_base: 0x000001777e660000

Marking Bits (Prev, Next): (CMBitMap*) 0x0000017779d6a490, (CMBitMap*) 0x0000017779d6a458
 Prev Bits: [0x0000017711000000, 0x0000017713000000)
 Next Bits: [0x000001770f000000, 0x0000017711000000)

Polling page: 0x00000177784e0000

Metaspace:

Usage:
  Non-class:     66.03 MB capacity,    64.72 MB ( 98%) used,     1.11 MB (  2%) free+waste,   204.19 KB ( <1%) overhead. 
      Class:     10.36 MB capacity,     9.67 MB ( 93%) used,   608.48 KB (  6%) free+waste,    93.50 KB ( <1%) overhead. 
       Both:     76.38 MB capacity,    74.39 MB ( 97%) used,     1.71 MB (  2%) free+waste,   297.69 KB ( <1%) overhead. 

Virtual space:
  Non-class space:       68.00 MB reserved,      66.20 MB ( 97%) committed 
      Class space:        1.00 GB reserved,      10.38 MB (  1%) committed 
             Both:        1.07 GB reserved,      76.58 MB (  7%) committed 

Chunk freelists:
   Non-Class:  0 bytes
       Class:  0 bytes
        Both:  0 bytes

MaxMetaspaceSize: 17179869184.00 GB
CompressedClassSpaceSize: 1.00 GB

CodeHeap 'non-profiled nmethods': size=119168Kb used=4882Kb max_used=4882Kb free=114285Kb
 bounds [0x0000017707ba0000, 0x0000017708070000, 0x000001770f000000]
CodeHeap 'profiled nmethods': size=119168Kb used=18365Kb max_used=18365Kb free=100802Kb
 bounds [0x0000017700740000, 0x0000017701940000, 0x0000017707ba0000]
CodeHeap 'non-nmethods': size=7424Kb used=3937Kb max_used=4021Kb free=3486Kb
 bounds [0x0000017700000000, 0x0000017700400000, 0x0000017700740000]
 total_blobs=9401 nmethods=8563 adapters=746
 compilation: enabled
              stopped_count=0, restarted_count=0
 full_count=0

Compilation events (20 events):
Event: 8.163 Thread 0x00000177166df800 8818       3       org.gradle.api.internal.artifacts.transform.DefaultTransformerInvocationFactory$1::invoke (62 bytes)
Event: 8.163 Thread 0x0000017716596800 8817       3       java.lang.invoke.LambdaForm$MH/0x0000000100339440::linkToTargetMethod (25 bytes)
Event: 8.164 Thread 0x0000017716596800 nmethod 8817 0x000001770192c310 code [0x000001770192c4e0, 0x000001770192c978]
Event: 8.164 Thread 0x0000017716596800 8819       3       org.gradle.api.internal.artifacts.transform.AbstractCachingTransformationWorkspaceProvider$$Lambda$721/0x0000000100a3d440::<init> (20 bytes)
Event: 8.164 Thread 0x00000177166df800 nmethod 8818 0x000001770192ca90 code [0x000001770192cca0, 0x000001770192d3a8]
Event: 8.165 Thread 0x0000017715db5800 nmethod 8815 0x000001770192d690 code [0x000001770192d8a0, 0x000001770192deb8]
Event: 8.165 Thread 0x00000177152f8000 nmethod 8816 0x000001770192e210 code [0x000001770192e420, 0x000001770192eaf8]
Event: 8.165 Thread 0x00000177152f8000 8823   !   3       org.gradle.api.internal.artifacts.transform.AbstractCachingTransformationWorkspaceProvider::withWorkspace (28 bytes)
Event: 8.165 Thread 0x0000017715db5800 8821       3       org.gradle.api.internal.artifacts.transform.CacheableInvocation$1::invoke (17 bytes)
Event: 8.165 Thread 0x00000177166df800 8822       3       org.gradle.api.internal.artifacts.transform.AbstractCachingTransformationWorkspaceProvider$$Lambda$721/0x0000000100a3d440::get$Lambda (11 bytes)
Event: 8.165 Thread 0x0000017715db5800 nmethod 8821 0x000001770192ee10 code [0x000001770192efe0, 0x000001770192f278]
Event: 8.165 Thread 0x0000017716596800 nmethod 8819 0x000001770192f390 code [0x000001770192f540, 0x000001770192f7b8]
Event: 8.165 Thread 0x00000177166df800 nmethod 8822 0x000001770192f890 code [0x000001770192fa60, 0x000001770192fd78]
Event: 8.165 Thread 0x0000017715db5800 8820       3       org.gradle.api.internal.artifacts.transform.DefaultTransformerInvocationFactory$$Lambda$707/0x0000000100a3a840::get$Lambda (24 bytes)
Event: 8.166 Thread 0x0000017715db5800 nmethod 8820 0x000001770192fe90 code [0x0000017701930040, 0x0000017701930248]
Event: 8.167 Thread 0x000001771cd2a000 nmethod 8807 0x0000017708062d90 code [0x0000017708062f40, 0x0000017708063158]
Event: 8.167 Thread 0x000001771cd2a000 8808       4       org.gradle.internal.execution.history.impl.FingerprintMapSerializer::readFingerprint (91 bytes)
Event: 8.168 Thread 0x00000177152f8000 nmethod 8823 0x0000017701930390 code [0x0000017701930660, 0x0000017701931668]
Event: 8.169 Thread 0x000001771cbbc000 nmethod 8767 0x0000017708063290 code [0x0000017708063500, 0x0000017708064000]
Event: 8.170 Thread 0x000001771cbbc000 8825       4       org.gradle.internal.snapshot.SnapshotUtil$$Lambda$238/0x00000001004e1040::compareTo (16 bytes)

GC Heap History (20 events):
Event: 1.784 GC heap after
{Heap after GC invocations=3 (full 0):
 garbage-first heap   total 122880K, used 16328K [0x0000000080000000, 0x0000000100000000)
  region size 1024K, 1 young (1024K), 1 survivors (1024K)
 Metaspace       used 20663K, capacity 21191K, committed 21296K, reserved 1069056K
  class space    used 2518K, capacity 2680K, committed 2688K, reserved 1048576K
}
Event: 2.197 GC heap before
{Heap before GC invocations=4 (full 0):
 garbage-first heap   total 122880K, used 60360K [0x0000000080000000, 0x0000000100000000)
  region size 1024K, 44 young (45056K), 1 survivors (1024K)
 Metaspace       used 25679K, capacity 26341K, committed 26368K, reserved 1073152K
  class space    used 3332K, capacity 3570K, committed 3584K, reserved 1048576K
}
Event: 2.202 GC heap after
{Heap after GC invocations=5 (full 0):
 garbage-first heap   total 122880K, used 17871K [0x0000000080000000, 0x0000000100000000)
  region size 1024K, 3 young (3072K), 3 survivors (3072K)
 Metaspace       used 25679K, capacity 26341K, committed 26368K, reserved 1073152K
  class space    used 3332K, capacity 3570K, committed 3584K, reserved 1048576K
}
Event: 2.805 GC heap before
{Heap before GC invocations=5 (full 0):
 garbage-first heap   total 122880K, used 65999K [0x0000000080000000, 0x0000000100000000)
  region size 1024K, 51 young (52224K), 3 survivors (3072K)
 Metaspace       used 33735K, capacity 34409K, committed 34560K, reserved 1079296K
  class space    used 4352K, capacity 4601K, committed 4608K, reserved 1048576K
}
Event: 2.811 GC heap after
{Heap after GC invocations=6 (full 0):
 garbage-first heap   total 147456K, used 20799K [0x0000000080000000, 0x0000000100000000)
  region size 1024K, 6 young (6144K), 6 survivors (6144K)
 Metaspace       used 33735K, capacity 34409K, committed 34560K, reserved 1079296K
  class space    used 4352K, capacity 4601K, committed 4608K, reserved 1048576K
}
Event: 2.946 GC heap before
{Heap before GC invocations=6 (full 0):
 garbage-first heap   total 147456K, used 31039K [0x0000000080000000, 0x0000000100000000)
  region size 1024K, 17 young (17408K), 6 survivors (6144K)
 Metaspace       used 35254K, capacity 35977K, committed 36048K, reserved 1081344K
  class space    used 4567K, capacity 4826K, committed 4864K, reserved 1048576K
}
Event: 2.955 GC heap after
{Heap after GC invocations=7 (full 0):
 garbage-first heap   total 147456K, used 21827K [0x0000000080000000, 0x0000000100000000)
  region size 1024K, 4 young (4096K), 4 survivors (4096K)
 Metaspace       used 35254K, capacity 35977K, committed 36048K, reserved 1081344K
  class space    used 4567K, capacity 4826K, committed 4864K, reserved 1048576K
}
Event: 3.622 GC heap before
{Heap before GC invocations=8 (full 0):
 garbage-first heap   total 147456K, used 91459K [0x0000000080000000, 0x0000000100000000)
  region size 1024K, 69 young (70656K), 4 survivors (4096K)
 Metaspace       used 41715K, capacity 42635K, committed 42832K, reserved 1087488K
  class space    used 5336K, capacity 5675K, committed 5760K, reserved 1048576K
}
Event: 3.629 GC heap after
{Heap after GC invocations=9 (full 0):
 garbage-first heap   total 147456K, used 24783K [0x0000000080000000, 0x0000000100000000)
  region size 1024K, 7 young (7168K), 7 survivors (7168K)
 Metaspace       used 41715K, capacity 42635K, committed 42832K, reserved 1087488K
  class space    used 5336K, capacity 5675K, committed 5760K, reserved 1048576K
}
Event: 4.230 GC heap before
{Heap before GC invocations=9 (full 0):
 garbage-first heap   total 147456K, used 95439K [0x0000000080000000, 0x0000000100000000)
  region size 1024K, 74 young (75776K), 7 survivors (7168K)
 Metaspace       used 45027K, capacity 46135K, committed 46288K, reserved 1089536K
  class space    used 5742K, capacity 6116K, committed 6144K, reserved 1048576K
}
Event: 4.241 GC heap after
{Heap after GC invocations=10 (full 0):
 garbage-first heap   total 147456K, used 36161K [0x0000000080000000, 0x0000000100000000)
  region size 1024K, 10 young (10240K), 10 survivors (10240K)
 Metaspace       used 45027K, capacity 46135K, committed 46288K, reserved 1089536K
  class space    used 5742K, capacity 6116K, committed 6144K, reserved 1048576K
}
Event: 4.961 GC heap before
{Heap before GC invocations=10 (full 0):
 garbage-first heap   total 147456K, used 99649K [0x0000000080000000, 0x0000000100000000)
  region size 1024K, 72 young (73728K), 10 survivors (10240K)
 Metaspace       used 53863K, capacity 55191K, committed 55376K, reserved 1097728K
  class space    used 6838K, capacity 7285K, committed 7296K, reserved 1048576K
}
Event: 4.974 GC heap after
{Heap after GC invocations=11 (full 0):
 garbage-first heap   total 177152K, used 39259K [0x0000000080000000, 0x0000000100000000)
  region size 1024K, 3 young (3072K), 3 survivors (3072K)
 Metaspace       used 53863K, capacity 55191K, committed 55376K, reserved 1097728K
  class space    used 6838K, capacity 7285K, committed 7296K, reserved 1048576K
}
Event: 5.597 GC heap before
{Heap before GC invocations=11 (full 0):
 garbage-first heap   total 177152K, used 82267K [0x0000000080000000, 0x0000000100000000)
  region size 1024K, 45 young (46080K), 3 survivors (3072K)
 Metaspace       used 58997K, capacity 60442K, committed 60508K, reserved 1101824K
  class space    used 7439K, capacity 7935K, committed 7936K, reserved 1048576K
}
Event: 5.607 GC heap after
{Heap after GC invocations=12 (full 0):
 garbage-first heap   total 177152K, used 43347K [0x0000000080000000, 0x0000000100000000)
  region size 1024K, 7 young (7168K), 7 survivors (7168K)
 Metaspace       used 58997K, capacity 60442K, committed 60508K, reserved 1101824K
  class space    used 7439K, capacity 7935K, committed 7936K, reserved 1048576K
}
Event: 6.345 GC heap before
{Heap before GC invocations=13 (full 0):
 garbage-first heap   total 177152K, used 116051K [0x0000000080000000, 0x0000000100000000)
  region size 1024K, 78 young (79872K), 7 survivors (7168K)
 Metaspace       used 65256K, capacity 66829K, committed 67152K, reserved 1107968K
  class space    used 8453K, capacity 9007K, committed 9088K, reserved 1048576K
}
Event: 6.355 GC heap after
{Heap after GC invocations=14 (full 0):
 garbage-first heap   total 177152K, used 48001K [0x0000000080000000, 0x0000000100000000)
  region size 1024K, 10 young (10240K), 10 survivors (10240K)
 Metaspace       used 65256K, capacity 66829K, committed 67152K, reserved 1107968K
  class space    used 8453K, capacity 9007K, committed 9088K, reserved 1048576K
}
Event: 7.305 GC heap before
{Heap before GC invocations=14 (full 0):
 garbage-first heap   total 177152K, used 119681K [0x0000000080000000, 0x0000000100000000)
  region size 1024K, 81 young (82944K), 10 survivors (10240K)
 Metaspace       used 73283K, capacity 74940K, committed 75088K, reserved 1114112K
  class space    used 9519K, capacity 10085K, committed 10112K, reserved 1048576K
}
Event: 7.316 GC heap after
{Heap after GC invocations=15 (full 0):
 garbage-first heap   total 177152K, used 52455K [0x0000000080000000, 0x0000000100000000)
  region size 1024K, 10 young (10240K), 10 survivors (10240K)
 Metaspace       used 73283K, capacity 74940K, committed 75088K, reserved 1114112K
  class space    used 9519K, capacity 10085K, committed 10112K, reserved 1048576K
}
Event: 8.171 GC heap before
{Heap before GC invocations=15 (full 0):
 garbage-first heap   total 177152K, used 125159K [0x0000000080000000, 0x0000000100000000)
  region size 1024K, 82 young (83968K), 10 survivors (10240K)
 Metaspace       used 76171K, capacity 78216K, committed 78416K, reserved 1118208K
  class space    used 9903K, capacity 10605K, committed 10624K, reserved 1048576K
}

Deoptimization events (20 events):
Event: 7.756 Thread 0x000001771c812000 Uncommon trap: trap_request=0xffffff4d fr.pc=0x0000017707bef8b8 relative=0x0000000000000478
Event: 7.756 Thread 0x000001771c812000 Uncommon trap: reason=unstable_if action=reinterpret pc=0x0000017707bef8b8 method=java.lang.StringLatin1.compareToCI([B[B)I @ 68 c2
Event: 7.756 Thread 0x000001771c812000 DEOPT PACKING pc=0x0000017707bef8b8 sp=0x0000000150bf8c00
Event: 7.756 Thread 0x000001771c812000 DEOPT UNPACKING pc=0x00000177000274af sp=0x0000000150bf8b88 mode 2
Event: 7.845 Thread 0x000001771bc61800 DEOPT PACKING pc=0x00000177017fc331 sp=0x0000000149ffc180
Event: 7.845 Thread 0x000001771bc61800 DEOPT UNPACKING pc=0x00000177000272ce sp=0x0000000149ffb648 mode 0
Event: 7.881 Thread 0x0000017718349000 Uncommon trap: trap_request=0xffffff4d fr.pc=0x0000017707fdf7a4 relative=0x0000000000000244
Event: 7.881 Thread 0x0000017718349000 Uncommon trap: reason=unstable_if action=reinterpret pc=0x0000017707fdf7a4 method=com.esotericsoftware.kryo.io.Input.readVarInt(Z)I @ 42 c2
Event: 7.881 Thread 0x0000017718349000 DEOPT PACKING pc=0x0000017707fdf7a4 sp=0x00000001491fe620
Event: 7.881 Thread 0x0000017718349000 DEOPT UNPACKING pc=0x00000177000274af sp=0x00000001491fe4f8 mode 2
Event: 7.889 Thread 0x0000017718349000 Uncommon trap: trap_request=0xffffff4d fr.pc=0x0000017707f40a18 relative=0x00000000000001d8
Event: 7.889 Thread 0x0000017718349000 Uncommon trap: reason=unstable_if action=reinterpret pc=0x0000017707f40a18 method=com.esotericsoftware.kryo.io.Input.readVarInt(Z)I @ 42 c2
Event: 7.889 Thread 0x0000017718349000 DEOPT PACKING pc=0x0000017707f40a18 sp=0x00000001491fe560
Event: 7.889 Thread 0x0000017718349000 DEOPT UNPACKING pc=0x00000177000274af sp=0x00000001491fe508 mode 2
Event: 7.986 Thread 0x000001771bc64000 DEOPT PACKING pc=0x00000177017fc331 sp=0x0000000149afc050
Event: 7.986 Thread 0x000001771bc64000 DEOPT UNPACKING pc=0x00000177000272ce sp=0x0000000149afb518 mode 0
Event: 8.134 Thread 0x0000017718346800 Uncommon trap: trap_request=0xffffff4d fr.pc=0x0000017707de17ec relative=0x00000000000001ac
Event: 8.134 Thread 0x0000017718346800 Uncommon trap: reason=unstable_if action=reinterpret pc=0x0000017707de17ec method=java.util.concurrent.locks.AbstractQueuedSynchronizer.unparkSuccessor(Ljava/util/concurrent/locks/AbstractQueuedSynchronizer$Node;)V @ 22 c2
Event: 8.134 Thread 0x0000017718346800 DEOPT PACKING pc=0x0000017707de17ec sp=0x0000000148afe8e0
Event: 8.134 Thread 0x0000017718346800 DEOPT UNPACKING pc=0x00000177000274af sp=0x0000000148afe7a8 mode 2

Classes redefined (0 events):
No events

Internal exceptions (20 events):
Event: 7.235 Thread 0x0000017716b5e000 Exception <a 'java/lang/NoSuchMethodError'{0x0000000086b43718}: <clinit>> (0x0000000086b43718) thrown at [./src/hotspot/share/prims/jni.cpp, line 1362]
Event: 7.278 Thread 0x0000017716b5e000 Exception <a 'sun/nio/fs/WindowsException'{0x0000000086861c68}> (0x0000000086861c68) thrown at [./src/hotspot/share/prims/jni.cpp, line 615]
Event: 7.326 Thread 0x000001771807c800 Exception <a 'java/lang/NoSuchMethodError'{0x000000008ac96598}: <clinit>> (0x000000008ac96598) thrown at [./src/hotspot/share/prims/jni.cpp, line 1362]
Event: 7.326 Thread 0x000001771807c800 Exception <a 'java/lang/NoSuchMethodError'{0x000000008acaba08}: <clinit>> (0x000000008acaba08) thrown at [./src/hotspot/share/prims/jni.cpp, line 1362]
Event: 7.328 Thread 0x000001771807c800 Exception <a 'java/lang/NoSuchMethodError'{0x000000008ace8410}: <clinit>> (0x000000008ace8410) thrown at [./src/hotspot/share/prims/jni.cpp, line 1362]
Event: 7.330 Thread 0x000001771807c800 Exception <a 'java/lang/NoSuchMethodError'{0x000000008ab4d668}: <clinit>> (0x000000008ab4d668) thrown at [./src/hotspot/share/prims/jni.cpp, line 1362]
Event: 7.330 Thread 0x000001771807c800 Exception <a 'java/lang/NoSuchMethodError'{0x000000008aa1b068}: <clinit>> (0x000000008aa1b068) thrown at [./src/hotspot/share/prims/jni.cpp, line 1362]
Event: 7.333 Thread 0x000001771c812000 Exception <a 'java/lang/NoSuchMethodError'{0x000000008aa50a20}: 'java.lang.Object java.lang.invoke.Invokers$Holder.linkToTargetMethod(java.lang.Object, java.lang.Object, java.lang.Object, java.lang.Object, java.lang.Object, java.lang.Object, java.lang.Object, java.lang.Object)'> (0x000000008aa50a20) thrown at [./src/hotspot/share/interpreter/linkResolver.cpp, line 773]
Event: 7.343 Thread 0x000001771ba1f800 Exception <a 'java/lang/NoSuchMethodError'{0x000000008a997d60}: <clinit>> (0x000000008a997d60) thrown at [./src/hotspot/share/prims/jni.cpp, line 1362]
Event: 7.344 Thread 0x000001771ba1f800 Exception <a 'java/lang/NoSuchMethodError'{0x000000008a9c7de0}: <clinit>> (0x000000008a9c7de0) thrown at [./src/hotspot/share/prims/jni.cpp, line 1362]
Event: 7.372 Thread 0x000001771807c800 Exception <a 'java/lang/NoSuchMethodError'{0x000000008a6484a8}: <clinit>> (0x000000008a6484a8) thrown at [./src/hotspot/share/prims/jni.cpp, line 1362]
Event: 7.506 Thread 0x000001771c812000 Exception <a 'java/lang/NoSuchMethodError'{0x0000000089e2c980}: 'java.lang.Object java.lang.invoke.Invokers$Holder.linkToTargetMethod(java.lang.Object, java.lang.Object, java.lang.Object, java.lang.Object, java.lang.Object, java.lang.Object, java.lang.Object)'> (0x0000000089e2c980) thrown at [./src/hotspot/share/interpreter/linkResolver.cpp, line 773]
Event: 7.718 Thread 0x000001771af26800 Exception <a 'java/lang/NoSuchMethodError'{0x000000008954bf90}: 'java.lang.Object java.lang.invoke.DirectMethodHandle$Holder.invokeSpecialIFC(java.lang.Object, java.lang.Object, java.lang.Object)'> (0x000000008954bf90) thrown at [./src/hotspot/share/interpreter/linkResolver.cpp, line 773]
Event: 7.718 Thread 0x000001771bc6b800 Exception <a 'java/lang/NoSuchMethodError'{0x00000000890f0ff8}: 'java.lang.Object java.lang.invoke.DirectMethodHandle$Holder.invokeSpecialIFC(java.lang.Object, java.lang.Object, java.lang.Object)'> (0x00000000890f0ff8) thrown at [./src/hotspot/share/interpreter/linkResolver.cpp, line 773]
Event: 7.718 Thread 0x000001771bc63000 Exception <a 'java/lang/NoSuchMethodError'{0x00000000890defb8}: 'java.lang.Object java.lang.invoke.DirectMethodHandle$Holder.invokeSpecialIFC(java.lang.Object, java.lang.Object, java.lang.Object)'> (0x00000000890defb8) thrown at [./src/hotspot/share/interpreter/linkResolver.cpp, line 773]
Event: 7.718 Thread 0x000001771bc60800 Exception <a 'java/lang/NoSuchMethodError'{0x0000000088f1b2c8}: 'java.lang.Object java.lang.invoke.DirectMethodHandle$Holder.invokeSpecialIFC(java.lang.Object, java.lang.Object, java.lang.Object)'> (0x0000000088f1b2c8) thrown at [./src/hotspot/share/interpreter/linkResolver.cpp, line 773]
Event: 7.718 Thread 0x000001771bc5e800 Exception <a 'java/lang/NoSuchMethodError'{0x0000000088f32620}: 'java.lang.Object java.lang.invoke.DirectMethodHandle$Holder.invokeSpecialIFC(java.lang.Object, java.lang.Object, java.lang.Object)'> (0x0000000088f32620) thrown at [./src/hotspot/share/interpreter/linkResolver.cpp, line 773]
Event: 7.718 Thread 0x000001771bc62800 Exception <a 'java/lang/NoSuchMethodError'{0x00000000897e8fe0}: 'java.lang.Object java.lang.invoke.DirectMethodHandle$Holder.invokeSpecialIFC(java.lang.Object, java.lang.Object, java.lang.Object)'> (0x00000000897e8fe0) thrown at [./src/hotspot/share/interpreter/linkResolver.cpp, line 773]
Event: 7.718 Thread 0x000001771af2c000 Exception <a 'java/lang/NoSuchMethodError'{0x0000000088f05788}: 'java.lang.Object java.lang.invoke.DirectMethodHandle$Holder.invokeSpecialIFC(java.lang.Object, java.lang.Object, java.lang.Object)'> (0x0000000088f05788) thrown at [./src/hotspot/share/interpreter/linkResolver.cpp, line 773]
Event: 8.134 Thread 0x0000017718346800 Implicit null exception at 0x0000017707de16f0 to 0x0000017707de17d4

Events (20 events):
Event: 8.133 Executing VM operation: BulkRevokeBias done
Event: 8.143 Executing VM operation: RevokeBias
Event: 8.143 Executing VM operation: RevokeBias done
Event: 8.151 Executing VM operation: RevokeBias
Event: 8.151 Executing VM operation: RevokeBias done
Event: 8.154 Executing VM operation: RevokeBias
Event: 8.155 Executing VM operation: RevokeBias done
Event: 8.156 Executing VM operation: RevokeBias
Event: 8.156 Executing coalesced safepoint VM operation: RevokeBias
Event: 8.156 Executing coalesced safepoint VM operation: RevokeBias done
Event: 8.156 Executing VM operation: RevokeBias done
Event: 8.157 Executing VM operation: RevokeBias
Event: 8.158 Executing coalesced safepoint VM operation: RevokeBias
Event: 8.158 Executing coalesced safepoint VM operation: RevokeBias done
Event: 8.158 Executing VM operation: RevokeBias done
Event: 8.163 Executing VM operation: RevokeBias
Event: 8.164 Executing VM operation: RevokeBias done
Event: 8.165 Executing VM operation: RevokeBias
Event: 8.166 Executing VM operation: RevokeBias done
Event: 8.170 Executing VM operation: G1CollectForAllocation


Dynamic libraries:
0x00007ff66f6b0000 - 0x00007ff66f6ba000 	B:\programs\Android studio\jre\bin\java.exe
0x00007ff8c2910000 - 0x00007ff8c2b05000 	C:\Windows\SYSTEM32\ntdll.dll
0x00007ff8c15b0000 - 0x00007ff8c166e000 	C:\Windows\System32\KERNEL32.DLL
0x00007ff8c0030000 - 0x00007ff8c02f8000 	C:\Windows\System32\KERNELBASE.dll
0x00007ff8b0d90000 - 0x00007ff8b0da9000 	B:\programs\Android studio\jre\bin\jli.dll
0x00007ff8b0d70000 - 0x00007ff8b0d87000 	B:\programs\Android studio\jre\bin\VCRUNTIME140.dll
0x00007ff8c0470000 - 0x00007ff8c0570000 	C:\Windows\System32\ucrtbase.dll
0x00007ff8c23f0000 - 0x00007ff8c2590000 	C:\Windows\System32\USER32.dll
0x00007ff8ae680000 - 0x00007ff8ae91a000 	C:\Windows\WinSxS\amd64_microsoft.windows.common-controls_6595b64144ccf1df_6.0.19041.1110_none_60b5254171f9507e\COMCTL32.dll
0x00007ff8c0940000 - 0x00007ff8c0962000 	C:\Windows\System32\win32u.dll
0x00007ff8c2840000 - 0x00007ff8c286b000 	C:\Windows\System32\GDI32.dll
0x00007ff8c20e0000 - 0x00007ff8c217e000 	C:\Windows\System32\msvcrt.dll
0x00007ff8c05c0000 - 0x00007ff8c06cb000 	C:\Windows\System32\gdi32full.dll
0x00007ff8c06d0000 - 0x00007ff8c076d000 	C:\Windows\System32\msvcp_win.dll
0x00007ff8c1450000 - 0x00007ff8c1480000 	C:\Windows\System32\IMM32.DLL
0x00007ff88beb0000 - 0x00007ff88bf4d000 	B:\programs\Android studio\jre\bin\msvcp140.dll
0x00007ff889dd0000 - 0x00007ff88a88c000 	B:\programs\Android studio\jre\bin\server\jvm.dll
0x00007ff8c2590000 - 0x00007ff8c263e000 	C:\Windows\System32\ADVAPI32.dll
0x00007ff8c1670000 - 0x00007ff8c170c000 	C:\Windows\System32\sechost.dll
0x00007ff8c1480000 - 0x00007ff8c15a5000 	C:\Windows\System32\RPCRT4.dll
0x00007ff8c2180000 - 0x00007ff8c2188000 	C:\Windows\System32\PSAPI.DLL
0x00007ff8aa4f0000 - 0x00007ff8aa4f9000 	C:\Windows\SYSTEM32\WSOCK32.dll
0x00007ff8b9590000 - 0x00007ff8b95b7000 	C:\Windows\SYSTEM32\WINMM.dll
0x00007ff8b9ba0000 - 0x00007ff8b9baa000 	C:\Windows\SYSTEM32\VERSION.dll
0x00007ff8c1710000 - 0x00007ff8c177b000 	C:\Windows\System32\WS2_32.dll
0x00007ff8be100000 - 0x00007ff8be112000 	C:\Windows\SYSTEM32\kernel.appcore.dll
0x00007ff88ae00000 - 0x00007ff88ae11000 	B:\programs\Android studio\jre\bin\verify.dll
0x00007ff8bdcb0000 - 0x00007ff8bde94000 	C:\Windows\SYSTEM32\DBGHELP.DLL
0x00007ff8b4310000 - 0x00007ff8b433c000 	C:\Windows\SYSTEM32\dbgcore.DLL
0x00007ff8c03b0000 - 0x00007ff8c0432000 	C:\Windows\System32\bcryptPrimitives.dll
0x00007ff889da0000 - 0x00007ff889dc9000 	B:\programs\Android studio\jre\bin\java.dll
0x00007ff8ac840000 - 0x00007ff8ac84b000 	B:\programs\Android studio\jre\bin\jimage.dll
0x00007ff88ac90000 - 0x00007ff88aca8000 	B:\programs\Android studio\jre\bin\zip.dll
0x00007ff8c0970000 - 0x00007ff8c10b4000 	C:\Windows\System32\SHELL32.dll
0x00007ff8be140000 - 0x00007ff8be8d4000 	C:\Windows\SYSTEM32\windows.storage.dll
0x00007ff8c1d80000 - 0x00007ff8c20d4000 	C:\Windows\System32\combase.dll
0x00007ff8bfa90000 - 0x00007ff8bfabc000 	C:\Windows\SYSTEM32\Wldp.dll
0x00007ff8c2190000 - 0x00007ff8c223d000 	C:\Windows\System32\SHCORE.dll
0x00007ff8c2870000 - 0x00007ff8c28c5000 	C:\Windows\System32\shlwapi.dll
0x00007ff8bff70000 - 0x00007ff8bff8f000 	C:\Windows\SYSTEM32\profapi.dll
0x00007ff889d80000 - 0x00007ff889d9a000 	B:\programs\Android studio\jre\bin\net.dll
0x00007ff8bba00000 - 0x00007ff8bbb09000 	C:\Windows\SYSTEM32\WINHTTP.dll
0x00007ff8bf7f0000 - 0x00007ff8bf85a000 	C:\Windows\system32\mswsock.dll
0x00007ff889d60000 - 0x00007ff889d74000 	B:\programs\Android studio\jre\bin\nio.dll
0x00007ff89a960000 - 0x00007ff89a987000 	C:\Users\Admin\.gradle\native\fdc75f09e3144964f2cf3f50f0aa648679c211496f362492102eb8c894070792\windows-amd64\native-platform.dll
0x00007ff898300000 - 0x00007ff898496000 	C:\Users\Admin\.gradle\native\12488b8bf47d2d4c9fbf2f6322a914ad602e24e48041cd04a747c6da556b65c4\windows-amd64\native-platform-file-events.dll
0x00007ff8ac7d0000 - 0x00007ff8ac7da000 	B:\programs\Android studio\jre\bin\management.dll
0x00007ff8ab7a0000 - 0x00007ff8ab7ac000 	B:\programs\Android studio\jre\bin\management_ext.dll
0x00007ff8bf9e0000 - 0x00007ff8bf9f8000 	C:\Windows\SYSTEM32\CRYPTSP.dll
0x00007ff8bf100000 - 0x00007ff8bf134000 	C:\Windows\system32\rsaenh.dll
0x00007ff8c0440000 - 0x00007ff8c0467000 	C:\Windows\System32\bcrypt.dll
0x00007ff8bfef0000 - 0x00007ff8bff1e000 	C:\Windows\SYSTEM32\USERENV.dll
0x00007ff8bfa00000 - 0x00007ff8bfa0c000 	C:\Windows\SYSTEM32\CRYPTBASE.dll
0x00007ff8bf490000 - 0x00007ff8bf4cb000 	C:\Windows\SYSTEM32\IPHLPAPI.DLL
0x00007ff8c1300000 - 0x00007ff8c1308000 	C:\Windows\System32\NSI.dll
0x00007ff8ba850000 - 0x00007ff8ba867000 	C:\Windows\SYSTEM32\dhcpcsvc6.DLL
0x00007ff8ba830000 - 0x00007ff8ba84d000 	C:\Windows\SYSTEM32\dhcpcsvc.DLL
0x00007ff8bf4d0000 - 0x00007ff8bf59a000 	C:\Windows\SYSTEM32\DNSAPI.dll
0x00007ff8bb9f0000 - 0x00007ff8bb9fb000 	C:\Windows\SYSTEM32\WINNSI.DLL

dbghelp: loaded successfully - version: 4.0.5 - missing functions: none
symbol engine: initialized successfully - sym options: 0x614 - pdb path: .;B:\programs\Android studio\jre\bin;C:\Windows\SYSTEM32;C:\Windows\WinSxS\amd64_microsoft.windows.common-controls_6595b64144ccf1df_6.0.19041.1110_none_60b5254171f9507e;B:\programs\Android studio\jre\bin\server;C:\Users\Admin\.gradle\native\fdc75f09e3144964f2cf3f50f0aa648679c211496f362492102eb8c894070792\windows-amd64;C:\Users\Admin\.gradle\native\12488b8bf47d2d4c9fbf2f6322a914ad602e24e48041cd04a747c6da556b65c4\windows-amd64

VM Arguments:
jvm_args: --add-opens=java.base/java.util=ALL-UNNAMED --add-opens=java.base/java.lang=ALL-UNNAMED --add-opens=java.base/java.lang.invoke=ALL-UNNAMED --add-opens=java.prefs/java.util.prefs=ALL-UNNAMED -Xmx2048m -Dfile.encoding=UTF-8 -Duser.country=UA -Duser.language=uk -Duser.variant 
java_command: org.gradle.launcher.daemon.bootstrap.GradleDaemon 6.7.1
java_class_path (initial): C:\Users\Admin\.gradle\wrapper\dists\gradle-6.7.1-bin\bwlcbys1h7rz3272sye1xwiv6\gradle-6.7.1\lib\gradle-launcher-6.7.1.jar
Launcher Type: SUN_STANDARD

[Global flags]
     intx CICompilerCount                          = 12                                        {product} {ergonomic}
     uint ConcGCThreads                            = 3                                         {product} {ergonomic}
     uint G1ConcRefinementThreads                  = 13                                        {product} {ergonomic}
   size_t G1HeapRegionSize                         = 1048576                                   {product} {ergonomic}
    uintx GCDrainStackTargetSize                   = 64                                        {product} {ergonomic}
   size_t InitialHeapSize                          = 125829120                                 {product} {ergonomic}
   size_t MarkStackSize                            = 4194304                                   {product} {ergonomic}
   size_t MaxHeapSize                              = 2147483648                                {product} {command line}
   size_t MaxNewSize                               = 1287651328                                {product} {ergonomic}
   size_t MinHeapDeltaBytes                        = 1048576                                   {product} {ergonomic}
    uintx NonNMethodCodeHeapSize                   = 7594288                                {pd product} {ergonomic}
    uintx NonProfiledCodeHeapSize                  = 122031976                              {pd product} {ergonomic}
    uintx ProfiledCodeHeapSize                     = 122031976                              {pd product} {ergonomic}
    uintx ReservedCodeCacheSize                    = 251658240                              {pd product} {ergonomic}
     bool SegmentedCodeCache                       = true                                      {product} {ergonomic}
     bool UseCompressedClassPointers               = true                                 {lp64_product} {ergonomic}
     bool UseCompressedOops                        = true                                 {lp64_product} {ergonomic}
     bool UseG1GC                                  = true                                      {product} {ergonomic}
     bool UseLargePagesIndividualAllocation        = false                                  {pd product} {ergonomic}

Logging:
Log output configuration:
 #0: stdout all=warning uptime,level,tags
 #1: stderr all=off uptime,level,tags

Environment Variables:
PATH=C:\Program Files (x86)\Common Files\Intel\Shared Libraries\redist\intel64\compiler;C:\ProgramData\Oracle\Java\javapath;C:\Windows\system32;C:\Windows;C:\Windows\System32\Wbem;C:\Windows\System32\WindowsPowerShell\v1.0\;C:\Windows\System32\OpenSSH\;C:\Program Files (x86)\NVIDIA Corporation\PhysX\Common;C:\Program Files\NVIDIA Corporation\NVIDIA NvDLISR;B:\programs\Git\Git\cmd;C:\Users\Admin\AppData\Local\Microsoft\WindowsApps;C:\Users\Admin\AppData\Local\GitHubDesktop\bin
USERNAME=Admin
OS=Windows_NT
PROCESSOR_IDENTIFIER=AMD64 Family 23 Model 96 Stepping 1, AuthenticAMD



---------------  S Y S T E M  ---------------

OS: Windows 10 , 64 bit Build 19041 (10.0.19041.1566)
OS uptime: 0 days 11:16 hours

CPU:total 16 (initial active 16) (16 cores per cpu, 2 threads per core) family 23 model 96 stepping 1, cmov, cx8, fxsr, mmx, sse, sse2, sse3, ssse3, sse4.1, sse4.2, popcnt, avx, avx2, aes, clmul, mmxext, 3dnowpref, lzcnt, sse4a, ht, tsc, tscinvbit, tscinv, bmi1, bmi2, adx, sha, fma

Memory: 4k page, system-wide physical 7600M (1070M free)
TotalPageFile size 10668M (AvailPageFile size 12M)
current process WorkingSet (physical memory assigned to process): 422M, peak: 426M
current process commit charge ("private bytes"): 474M, peak: 511M

vm_info: OpenJDK 64-Bit Server VM (11.0.8+10-b944.6842174) for windows-amd64 JRE (11.0.8+10-b944.6842174), built on Sep 19 2020 01:11:42 by "builder" with MS VC++ 14.0 (VS2015)

END.
