#
# There is insufficient memory for the Java Runtime Environment to continue.
# Native memory allocation (mmap) failed to map 30408704 bytes for Failed to commit area from 0x0000000089000000 to 0x000000008ad00000 of length 30408704.
# Possible reasons:
#   The system is out of physical RAM or swap space
#   The process is running with CompressedOops enabled, and the Java Heap may be blocking the growth of the native heap
# Possible solutions:
#   Reduce memory load on the system
#   Increase physical memory or swap space
#   Check if swap backing store is full
#   Decrease Java heap size (-Xmx/-Xms)
#   Decrease number of Java threads
#   Decrease Java thread stack sizes (-Xss)
#   Set larger code cache with -XX:ReservedCodeCacheSize=
#   JVM is running with Unscaled Compressed Oops mode in which the Java heap is
#     placed in the first 4GB address space. The Java Heap base address is the
#     maximum limit for the native heap growth. Please use -XX:HeapBaseMinAddress
#     to set the Java Heap base and to place the Java Heap above 4GB virtual address.
# This output file may be truncated or incomplete.
#
#  Out of Memory Error (./src/hotspot/os/windows/os_windows.cpp:3303), pid=8324, tid=2300
#
# JRE version: OpenJDK Runtime Environment (11.0.8+10) (build 11.0.8+10-b944.6842174)
# Java VM: OpenJDK 64-Bit Server VM (11.0.8+10-b944.6842174, mixed mode, tiered, compressed oops, g1 gc, windows-amd64)
# No core dump will be written. Minidumps are not enabled by default on client versions of Windows
#

---------------  S U M M A R Y ------------

Command Line: --add-opens=java.base/java.util=ALL-UNNAMED --add-opens=java.base/java.lang=ALL-UNNAMED --add-opens=java.base/java.lang.invoke=ALL-UNNAMED --add-opens=java.prefs/java.util.prefs=ALL-UNNAMED -Xmx2048m -Dfile.encoding=UTF-8 -Duser.country=UA -Duser.language=uk -Duser.variant org.gradle.launcher.daemon.bootstrap.GradleDaemon 6.7.1

Host: AMD Ryzen 7 4800H with Radeon Graphics         , 16 cores, 7G,  Windows 10 , 64 bit Build 19041 (10.0.19041.1566)
Time: Thu Mar 31 10:55:00 2022 Ô³íëÿíä³ÿ (ë³òî) elapsed time: 7 seconds (0d 0h 0m 7s)

---------------  T H R E A D  ---------------

Current thread (0x000001e8fe050000):  VMThread "VM Thread" [stack: 0x0000009202e00000,0x0000009202f00000] [id=2300]

Stack: [0x0000009202e00000,0x0000009202f00000]
[error occurred during error reporting (printing stack bounds), id 0xc0000005, EXCEPTION_ACCESS_VIOLATION (0xc0000005) at pc=0x000001e8e6c30dad]

Native frames: (J=compiled Java code, j=interpreted, Vv=VM code, C=native code)
V  [jvm.dll+0x5de50a]
V  [jvm.dll+0x7122f5]
V  [jvm.dll+0x71384d]
V  [jvm.dll+0x713e65]
V  [jvm.dll+0x713e1b]
V  [jvm.dll+0x5dd958]
V  [jvm.dll+0x5de0f8]
C  [ntdll.dll+0xa20cf]
C  [ntdll.dll+0x51454]
C  [ntdll.dll+0xa0bfe]
C  0x000001e8e6c30dad

VM_Operation (0x00000092047f8a40): G1CollectForAllocation, mode: safepoint, requested by thread 0x000001e8fec12000


---------------  P R O C E S S  ---------------

Threads class SMR info:
_java_thread_list=0x000001e885251490, length=148, elements={
0x000001e8e10dd000, 0x000001e8fe055000, 0x000001e8fe05e000, 0x000001e8fe070800,
0x000001e8fe072800, 0x000001e8fe074800, 0x000001e8fe077800, 0x000001e8fe083000,
0x000001e8feb39000, 0x000001e8feb3a000, 0x000001e8feb57000, 0x000001e8fecda800,
0x000001e8ff387800, 0x000001e880022800, 0x000001e8fec10800, 0x000001e8fec12800,
0x000001e8fec13800, 0x000001e8fec17000, 0x000001e8fec14800, 0x000001e8fec15000,
0x000001e8fec12000, 0x000001e8fec16000, 0x000001e8fec11000, 0x000001e8816f4000,
0x000001e8816f3800, 0x000001e8816f7800, 0x000001e8816f5000, 0x000001e8816f1800,
0x000001e8816f8000, 0x000001e8816f5800, 0x000001e8816f2800, 0x000001e8816fa800,
0x000001e8816fa000, 0x000001e8816fb800, 0x000001e8816f6800, 0x000001e8816fd000,
0x000001e8816fe000, 0x000001e8816fe800, 0x000001e8816f9000, 0x000001e8816ff800,
0x000001e881700800, 0x000001e8827f8000, 0x000001e8827fc000, 0x000001e8827f7800,
0x000001e8827f9000, 0x000001e8827fa000, 0x000001e8827fa800, 0x000001e8827fb800,
0x000001e8827f6800, 0x000001e882802000, 0x000001e8827fe000, 0x000001e8827fe800,
0x000001e882803000, 0x000001e8827fd000, 0x000001e882804800, 0x000001e8827ff800,
0x000001e882803800, 0x000001e882805000, 0x000001e882801000, 0x000001e882800800,
0x000001e884fc0800, 0x000001e884fbf800, 0x000001e884fc4800, 0x000001e884fc4000,
0x000001e884fc6000, 0x000001e884fc5800, 0x000001e884fc1800, 0x000001e884fc7000,
0x000001e884fc8000, 0x000001e884fc2000, 0x000001e884fc3000, 0x000001e884fcd000,
0x000001e884fcd800, 0x000001e884fcc000, 0x000001e884fca800, 0x000001e884fc8800,
0x000001e884fce800, 0x000001e884fc9800, 0x000001e884fcb000, 0x000001e8825d8000,
0x000001e8825d6800, 0x000001e8825d8800, 0x000001e8825da800, 0x000001e8825d7000,
0x000001e8825d9800, 0x000001e8825d5800, 0x000001e8825d4800, 0x000001e8825e1000,
0x000001e8825db000, 0x000001e8825df000, 0x000001e8825de800, 0x000001e8825e0000,
0x000001e8825dd800, 0x000001e8825dc000, 0x000001e8825e1800, 0x000001e8825e2800,
0x000001e8825dd000, 0x000001e8825e3800, 0x000001e885a9c000, 0x000001e885a98000,
0x000001e885a9b000, 0x000001e885a96000, 0x000001e885a98800, 0x000001e885a99800,
0x000001e885a9a800, 0x000001e885a9c800, 0x000001e885a97000, 0x000001e885a9f000,
0x000001e885aa1800, 0x000001e885a9e800, 0x000001e885aa0000, 0x000001e885aa2800,
0x000001e885aa1000, 0x000001e885aa3800, 0x000001e885a9d800, 0x000001e885aa4000,
0x000001e885aa5000, 0x000001e88213e800, 0x000001e882140800, 0x000001e882142800,
0x000001e88213f000, 0x000001e882143000, 0x000001e88213d800, 0x000001e882144000,
0x000001e882141800, 0x000001e882145000, 0x000001e882145800, 0x000001e882140000,
0x000001e88214a800, 0x000001e882147800, 0x000001e88214b800, 0x000001e88214c000,
0x000001e882148000, 0x000001e882146800, 0x000001e882149000, 0x000001e882149800,
0x000001e885ff2000, 0x000001e885ff3000, 0x000001e885ff4800, 0x000001e885ff3800,
0x000001e885ff1000, 0x000001e885fef800, 0x000001e885ff5800, 0x000001e885ff6000,
0x000001e885ff0800, 0x000001e885ff7000, 0x000001e885ffa000, 0x000001e885ffc800
}

Java Threads: ( => current thread )
  0x000001e8e10dd000 JavaThread "main" [_thread_blocked, id=8408, stack(0x0000009202800000,0x0000009202900000)]
  0x000001e8fe055000 JavaThread "Reference Handler" daemon [_thread_blocked, id=13356, stack(0x0000009202f00000,0x0000009203000000)]
  0x000001e8fe05e000 JavaThread "Finalizer" daemon [_thread_blocked, id=11644, stack(0x0000009203000000,0x0000009203100000)]
  0x000001e8fe070800 JavaThread "Signal Dispatcher" daemon [_thread_blocked, id=11912, stack(0x0000009203100000,0x0000009203200000)]
  0x000001e8fe072800 JavaThread "Attach Listener" daemon [_thread_blocked, id=9316, stack(0x0000009203200000,0x0000009203300000)]
  0x000001e8fe074800 JavaThread "C2 CompilerThread0" daemon [_thread_in_native, id=5616, stack(0x0000009203300000,0x0000009203400000)]
  0x000001e8fe077800 JavaThread "C1 CompilerThread0" daemon [_thread_blocked, id=7568, stack(0x0000009203400000,0x0000009203500000)]
  0x000001e8fe083000 JavaThread "Sweeper thread" daemon [_thread_blocked, id=2676, stack(0x0000009203500000,0x0000009203600000)]
  0x000001e8feb39000 JavaThread "Common-Cleaner" daemon [_thread_blocked, id=7668, stack(0x0000009203600000,0x0000009203700000)]
  0x000001e8feb3a000 JavaThread "C1 CompilerThread1" daemon [_thread_blocked, id=13780, stack(0x0000009203700000,0x0000009203800000)]
  0x000001e8feb57000 JavaThread "Service Thread" daemon [_thread_blocked, id=14680, stack(0x0000009203800000,0x0000009203900000)]
  0x000001e8fecda800 JavaThread "C2 CompilerThread1" daemon [_thread_blocked, id=13924, stack(0x0000009203a00000,0x0000009203b00000)]
  0x000001e8ff387800 JavaThread "C1 CompilerThread2" daemon [_thread_blocked, id=3576, stack(0x0000009203b00000,0x0000009203c00000)]
  0x000001e880022800 JavaThread "C1 CompilerThread3" daemon [_thread_blocked, id=8508, stack(0x0000009203c00000,0x0000009203d00000)]
  0x000001e8fec10800 JavaThread "Daemon health stats" [_thread_blocked, id=9748, stack(0x0000009204000000,0x0000009204100000)]
  0x000001e8fec12800 JavaThread "Incoming local TCP Connector on port 63212" [_thread_in_native, id=13728, stack(0x0000009204200000,0x0000009204300000)]
  0x000001e8fec13800 JavaThread "Daemon periodic checks" [_thread_blocked, id=1960, stack(0x0000009204300000,0x0000009204400000)]
  0x000001e8fec17000 JavaThread "Daemon" [_thread_blocked, id=15552, stack(0x0000009204400000,0x0000009204500000)]
  0x000001e8fec14800 JavaThread "Handler for socket connection from /127.0.0.1:63212 to /127.0.0.1:63213" [_thread_in_native, id=12480, stack(0x0000009204500000,0x0000009204600000)]
  0x000001e8fec15000 JavaThread "Cancel handler" [_thread_blocked, id=12324, stack(0x0000009204600000,0x0000009204700000)]
  0x000001e8fec12000 JavaThread "Daemon worker" [_thread_blocked, id=8280, stack(0x0000009204700000,0x0000009204800000)]
  0x000001e8fec16000 JavaThread "Asynchronous log dispatcher for DefaultDaemonConnection: socket connection from /127.0.0.1:63212 to /127.0.0.1:63213" [_thread_blocked, id=14444, stack(0x0000009204800000,0x0000009204900000)]
  0x000001e8fec11000 JavaThread "Stdin handler" [_thread_blocked, id=3912, stack(0x0000009204900000,0x0000009204a00000)]
  0x000001e8816f4000 JavaThread "Thread-8" [_thread_blocked, id=13176, stack(0x0000009204a00000,0x0000009204b00000)]
  0x000001e8816f3800 JavaThread "Cache worker for file hash cache (C:\Users\Admin\.gradle\caches\6.7.1\fileHashes)" [_thread_blocked, id=14744, stack(0x0000009205700000,0x0000009205800000)]
  0x000001e8816f7800 JavaThread "File lock request listener" [_thread_in_native, id=10108, stack(0x0000009205800000,0x0000009205900000)]
  0x000001e8816f5000 JavaThread "Cache worker for journal cache (C:\Users\Admin\.gradle\caches\journal-1)" [_thread_blocked, id=15808, stack(0x0000009205b00000,0x0000009205c00000)]
  0x000001e8816f1800 JavaThread "Cache worker for file hash cache (B:\programs\Java_dev\codes\Alarm\.gradle\6.7.1\fileHashes)" [_thread_blocked, id=9288, stack(0x0000009205c00000,0x0000009205d00000)]
  0x000001e8816f8000 JavaThread "Cache worker for checksums cache (B:\programs\Java_dev\codes\Alarm\.gradle\checksums)" [_thread_blocked, id=3180, stack(0x0000009205d00000,0x0000009205e00000)]
  0x000001e8816f5800 JavaThread "Cache worker for cache directory md-supplier (C:\Users\Admin\.gradle\caches\6.7.1\md-supplier)" [_thread_blocked, id=16244, stack(0x0000009205e00000,0x0000009205f00000)]
  0x000001e8816f2800 JavaThread "Cache worker for cache directory md-rule (C:\Users\Admin\.gradle\caches\6.7.1\md-rule)" [_thread_blocked, id=12388, stack(0x0000009205f00000,0x0000009206000000)]
  0x000001e8816fa800 JavaThread "Cache worker for execution history cache (C:\Users\Admin\.gradle\caches\6.7.1\executionHistory)" [_thread_blocked, id=8516, stack(0x0000009206000000,0x0000009206100000)]
  0x000001e8816fa000 JavaThread "jar transforms" [_thread_blocked, id=10728, stack(0x0000009206100000,0x0000009206200000)]
  0x000001e8816fb800 JavaThread "Cache worker for file content cache (C:\Users\Admin\.gradle\caches\6.7.1\fileContent)" [_thread_blocked, id=14960, stack(0x0000009206200000,0x0000009206300000)]
  0x000001e8816f6800 JavaThread "Cache worker for Build Output Cleanup Cache (B:\programs\Java_dev\codes\Alarm\.gradle\buildOutputCleanup)" [_thread_blocked, id=16144, stack(0x0000009206300000,0x0000009206400000)]
  0x000001e8816fd000 JavaThread "Build operations" [_thread_blocked, id=16376, stack(0x0000009206400000,0x0000009206500000)]
  0x000001e8816fe000 JavaThread "Build operations Thread 2" [_thread_blocked, id=9172, stack(0x0000009206500000,0x0000009206600000)]
  0x000001e8816fe800 JavaThread "Build operations Thread 3" [_thread_blocked, id=3036, stack(0x0000009206600000,0x0000009206700000)]
  0x000001e8816f9000 JavaThread "Build operations Thread 4" [_thread_blocked, id=12904, stack(0x0000009206700000,0x0000009206800000)]
  0x000001e8816ff800 JavaThread "Build operations Thread 5" [_thread_blocked, id=13092, stack(0x0000009206800000,0x0000009206900000)]
  0x000001e881700800 JavaThread "Build operations Thread 6" [_thread_blocked, id=11396, stack(0x0000009206900000,0x0000009206a00000)]
  0x000001e8827f8000 JavaThread "Build operations Thread 7" [_thread_blocked, id=5764, stack(0x0000009206a00000,0x0000009206b00000)]
  0x000001e8827fc000 JavaThread "Build operations Thread 8" [_thread_blocked, id=5464, stack(0x0000009206b00000,0x0000009206c00000)]
  0x000001e8827f7800 JavaThread "Build operations Thread 9" [_thread_blocked, id=16052, stack(0x0000009206c00000,0x0000009206d00000)]
  0x000001e8827f9000 JavaThread "Build operations Thread 10" [_thread_blocked, id=3612, stack(0x0000009206d00000,0x0000009206e00000)]
  0x000001e8827fa000 JavaThread "Build operations Thread 11" [_thread_blocked, id=9324, stack(0x0000009206e00000,0x0000009206f00000)]
  0x000001e8827fa800 JavaThread "Build operations Thread 12" [_thread_blocked, id=12672, stack(0x0000009206f00000,0x0000009207000000)]
  0x000001e8827fb800 JavaThread "Build operations Thread 13" [_thread_blocked, id=4088, stack(0x0000009207000000,0x0000009207100000)]
  0x000001e8827f6800 JavaThread "Build operations Thread 14" [_thread_blocked, id=1896, stack(0x0000009207100000,0x0000009207200000)]
  0x000001e882802000 JavaThread "Build operations Thread 15" [_thread_blocked, id=12972, stack(0x0000009207200000,0x0000009207300000)]
  0x000001e8827fe000 JavaThread "Build operations Thread 16" [_thread_blocked, id=13916, stack(0x0000009207300000,0x0000009207400000)]
  0x000001e8827fe800 JavaThread "jar transforms Thread 2" [_thread_blocked, id=12548, stack(0x0000009207400000,0x0000009207500000)]
  0x000001e882803000 JavaThread "jar transforms Thread 3" [_thread_blocked, id=4568, stack(0x0000009207500000,0x0000009207600000)]
  0x000001e8827fd000 JavaThread "jar transforms Thread 4" [_thread_blocked, id=1408, stack(0x0000009207600000,0x0000009207700000)]
  0x000001e882804800 JavaThread "jar transforms Thread 5" [_thread_blocked, id=16136, stack(0x0000009207700000,0x0000009207800000)]
  0x000001e8827ff800 JavaThread "jar transforms Thread 6" [_thread_blocked, id=2180, stack(0x0000009207800000,0x0000009207900000)]
  0x000001e882803800 JavaThread "jar transforms Thread 7" [_thread_blocked, id=15220, stack(0x0000009207900000,0x0000009207a00000)]
  0x000001e882805000 JavaThread "jar transforms Thread 8" [_thread_blocked, id=10556, stack(0x0000009207a00000,0x0000009207b00000)]
  0x000001e882801000 JavaThread "jar transforms Thread 9" [_thread_blocked, id=11368, stack(0x0000009207b00000,0x0000009207c00000)]
  0x000001e882800800 JavaThread "jar transforms Thread 10" [_thread_blocked, id=10964, stack(0x0000009207c00000,0x0000009207d00000)]
  0x000001e884fc0800 JavaThread "jar transforms Thread 11" [_thread_blocked, id=1576, stack(0x0000009207d00000,0x0000009207e00000)]
  0x000001e884fbf800 JavaThread "jar transforms Thread 12" [_thread_blocked, id=11488, stack(0x0000009207e00000,0x0000009207f00000)]
  0x000001e884fc4800 JavaThread "jar transforms Thread 13" [_thread_blocked, id=16068, stack(0x0000009207f00000,0x0000009208000000)]
  0x000001e884fc4000 JavaThread "jar transforms Thread 14" [_thread_blocked, id=8616, stack(0x0000009208000000,0x0000009208100000)]
  0x000001e884fc6000 JavaThread "jar transforms Thread 15" [_thread_blocked, id=14036, stack(0x0000009208100000,0x0000009208200000)]
  0x000001e884fc5800 JavaThread "jar transforms Thread 16" [_thread_blocked, id=14072, stack(0x0000009208200000,0x0000009208300000)]
  0x000001e884fc1800 JavaThread "jar transforms Thread 17" [_thread_blocked, id=9596, stack(0x0000009208300000,0x0000009208400000)]
  0x000001e884fc7000 JavaThread "jar transforms Thread 18" [_thread_blocked, id=13036, stack(0x0000009208400000,0x0000009208500000)]
  0x000001e884fc8000 JavaThread "jar transforms Thread 19" [_thread_blocked, id=10624, stack(0x0000009208500000,0x0000009208600000)]
  0x000001e884fc2000 JavaThread "jar transforms Thread 20" [_thread_blocked, id=13908, stack(0x0000009208600000,0x0000009208700000)]
  0x000001e884fc3000 JavaThread "jar transforms Thread 21" [_thread_blocked, id=14252, stack(0x0000009208700000,0x0000009208800000)]
  0x000001e884fcd000 JavaThread "jar transforms Thread 22" [_thread_blocked, id=13232, stack(0x0000009208800000,0x0000009208900000)]
  0x000001e884fcd800 JavaThread "jar transforms Thread 23" [_thread_blocked, id=3748, stack(0x0000009208900000,0x0000009208a00000)]
  0x000001e884fcc000 JavaThread "jar transforms Thread 24" [_thread_blocked, id=5080, stack(0x0000009208a00000,0x0000009208b00000)]
  0x000001e884fca800 JavaThread "jar transforms Thread 25" [_thread_blocked, id=9052, stack(0x0000009208b00000,0x0000009208c00000)]
  0x000001e884fc8800 JavaThread "jar transforms Thread 26" [_thread_blocked, id=15076, stack(0x0000009208c00000,0x0000009208d00000)]
  0x000001e884fce800 JavaThread "jar transforms Thread 27" [_thread_blocked, id=2688, stack(0x0000009208d00000,0x0000009208e00000)]
  0x000001e884fc9800 JavaThread "jar transforms Thread 28" [_thread_blocked, id=12188, stack(0x0000009208e00000,0x0000009208f00000)]
  0x000001e884fcb000 JavaThread "jar transforms Thread 29" [_thread_blocked, id=16348, stack(0x0000009208f00000,0x0000009209000000)]
  0x000001e8825d8000 JavaThread "jar transforms Thread 30" [_thread_blocked, id=10852, stack(0x0000009209000000,0x0000009209100000)]
  0x000001e8825d6800 JavaThread "jar transforms Thread 31" [_thread_blocked, id=1932, stack(0x0000009209100000,0x0000009209200000)]
  0x000001e8825d8800 JavaThread "jar transforms Thread 32" [_thread_blocked, id=13672, stack(0x0000009209200000,0x0000009209300000)]
  0x000001e8825da800 JavaThread "jar transforms Thread 33" [_thread_blocked, id=9428, stack(0x0000009209300000,0x0000009209400000)]
  0x000001e8825d7000 JavaThread "jar transforms Thread 34" [_thread_blocked, id=13156, stack(0x0000009209400000,0x0000009209500000)]
  0x000001e8825d9800 JavaThread "jar transforms Thread 35" [_thread_blocked, id=12064, stack(0x0000009209500000,0x0000009209600000)]
  0x000001e8825d5800 JavaThread "jar transforms Thread 36" [_thread_blocked, id=14772, stack(0x0000009209600000,0x0000009209700000)]
  0x000001e8825d4800 JavaThread "jar transforms Thread 37" [_thread_blocked, id=8588, stack(0x0000009209700000,0x0000009209800000)]
  0x000001e8825e1000 JavaThread "jar transforms Thread 38" [_thread_blocked, id=15476, stack(0x0000009209800000,0x0000009209900000)]
  0x000001e8825db000 JavaThread "jar transforms Thread 39" [_thread_blocked, id=11040, stack(0x0000009209900000,0x0000009209a00000)]
  0x000001e8825df000 JavaThread "jar transforms Thread 40" [_thread_blocked, id=12044, stack(0x0000009209a00000,0x0000009209b00000)]
  0x000001e8825de800 JavaThread "jar transforms Thread 41" [_thread_blocked, id=13512, stack(0x0000009209b00000,0x0000009209c00000)]
  0x000001e8825e0000 JavaThread "jar transforms Thread 42" [_thread_blocked, id=15104, stack(0x0000009209c00000,0x0000009209d00000)]
  0x000001e8825dd800 JavaThread "jar transforms Thread 43" [_thread_blocked, id=14180, stack(0x0000009209d00000,0x0000009209e00000)]
  0x000001e8825dc000 JavaThread "jar transforms Thread 44" [_thread_blocked, id=15896, stack(0x0000009209e00000,0x0000009209f00000)]
  0x000001e8825e1800 JavaThread "jar transforms Thread 45" [_thread_blocked, id=16208, stack(0x0000009209f00000,0x000000920a000000)]
  0x000001e8825e2800 JavaThread "jar transforms Thread 46" [_thread_blocked, id=12508, stack(0x000000920a000000,0x000000920a100000)]
  0x000001e8825dd000 JavaThread "jar transforms Thread 47" [_thread_blocked, id=3204, stack(0x000000920a100000,0x000000920a200000)]
  0x000001e8825e3800 JavaThread "jar transforms Thread 48" [_thread_blocked, id=16264, stack(0x000000920a200000,0x000000920a300000)]
  0x000001e885a9c000 JavaThread "jar transforms Thread 49" [_thread_blocked, id=6452, stack(0x000000920a300000,0x000000920a400000)]
  0x000001e885a98000 JavaThread "jar transforms Thread 50" [_thread_blocked, id=3952, stack(0x000000920a400000,0x000000920a500000)]
  0x000001e885a9b000 JavaThread "jar transforms Thread 51" [_thread_blocked, id=1828, stack(0x000000920a500000,0x000000920a600000)]
  0x000001e885a96000 JavaThread "jar transforms Thread 52" [_thread_blocked, id=3628, stack(0x000000920a600000,0x000000920a700000)]
  0x000001e885a98800 JavaThread "jar transforms Thread 53" [_thread_blocked, id=6696, stack(0x000000920a700000,0x000000920a800000)]
  0x000001e885a99800 JavaThread "jar transforms Thread 54" [_thread_blocked, id=3260, stack(0x000000920a800000,0x000000920a900000)]
  0x000001e885a9a800 JavaThread "jar transforms Thread 55" [_thread_blocked, id=15608, stack(0x000000920a900000,0x000000920aa00000)]
  0x000001e885a9c800 JavaThread "jar transforms Thread 56" [_thread_blocked, id=4612, stack(0x000000920aa00000,0x000000920ab00000)]
  0x000001e885a97000 JavaThread "jar transforms Thread 57" [_thread_blocked, id=11964, stack(0x000000920ab00000,0x000000920ac00000)]
  0x000001e885a9f000 JavaThread "jar transforms Thread 58" [_thread_blocked, id=8272, stack(0x000000920ac00000,0x000000920ad00000)]
  0x000001e885aa1800 JavaThread "jar transforms Thread 59" [_thread_blocked, id=6304, stack(0x000000920ad00000,0x000000920ae00000)]
  0x000001e885a9e800 JavaThread "jar transforms Thread 60" [_thread_blocked, id=10700, stack(0x000000920ae00000,0x000000920af00000)]
  0x000001e885aa0000 JavaThread "jar transforms Thread 61" [_thread_blocked, id=14776, stack(0x000000920af00000,0x000000920b000000)]
  0x000001e885aa2800 JavaThread "jar transforms Thread 62" [_thread_blocked, id=9924, stack(0x000000920b000000,0x000000920b100000)]
  0x000001e885aa1000 JavaThread "jar transforms Thread 63" [_thread_blocked, id=14040, stack(0x000000920b100000,0x000000920b200000)]
  0x000001e885aa3800 JavaThread "jar transforms Thread 64" [_thread_blocked, id=5996, stack(0x000000920b200000,0x000000920b300000)]
  0x000001e885a9d800 JavaThread "jar transforms Thread 65" [_thread_blocked, id=15252, stack(0x000000920b300000,0x000000920b400000)]
  0x000001e885aa4000 JavaThread "jar transforms Thread 66" [_thread_blocked, id=8564, stack(0x000000920b400000,0x000000920b500000)]
  0x000001e885aa5000 JavaThread "jar transforms Thread 67" [_thread_blocked, id=14172, stack(0x000000920b500000,0x000000920b600000)]
  0x000001e88213e800 JavaThread "jar transforms Thread 68" [_thread_blocked, id=8196, stack(0x000000920b600000,0x000000920b700000)]
  0x000001e882140800 JavaThread "jar transforms Thread 69" [_thread_blocked, id=2744, stack(0x000000920b700000,0x000000920b800000)]
  0x000001e882142800 JavaThread "jar transforms Thread 70" [_thread_blocked, id=7092, stack(0x000000920b800000,0x000000920b900000)]
  0x000001e88213f000 JavaThread "jar transforms Thread 71" [_thread_blocked, id=4712, stack(0x000000920b900000,0x000000920ba00000)]
  0x000001e882143000 JavaThread "jar transforms Thread 72" [_thread_blocked, id=15660, stack(0x000000920ba00000,0x000000920bb00000)]
  0x000001e88213d800 JavaThread "jar transforms Thread 73" [_thread_blocked, id=8556, stack(0x000000920bb00000,0x000000920bc00000)]
  0x000001e882144000 JavaThread "jar transforms Thread 74" [_thread_blocked, id=8572, stack(0x000000920bc00000,0x000000920bd00000)]
  0x000001e882141800 JavaThread "jar transforms Thread 75" [_thread_blocked, id=4092, stack(0x000000920bd00000,0x000000920be00000)]
  0x000001e882145000 JavaThread "jar transforms Thread 76" [_thread_blocked, id=9780, stack(0x000000920be00000,0x000000920bf00000)]
  0x000001e882145800 JavaThread "jar transforms Thread 77" [_thread_blocked, id=8488, stack(0x000000920bf00000,0x000000920c000000)]
  0x000001e882140000 JavaThread "jar transforms Thread 78" [_thread_blocked, id=10732, stack(0x000000920c000000,0x000000920c100000)]
  0x000001e88214a800 JavaThread "jar transforms Thread 79" [_thread_blocked, id=1012, stack(0x000000920c100000,0x000000920c200000)]
  0x000001e882147800 JavaThread "jar transforms Thread 80" [_thread_blocked, id=8976, stack(0x000000920c200000,0x000000920c300000)]
  0x000001e88214b800 JavaThread "jar transforms Thread 81" [_thread_blocked, id=15876, stack(0x000000920c300000,0x000000920c400000)]
  0x000001e88214c000 JavaThread "jar transforms Thread 82" [_thread_blocked, id=10620, stack(0x000000920c400000,0x000000920c500000)]
  0x000001e882148000 JavaThread "jar transforms Thread 83" [_thread_blocked, id=8268, stack(0x000000920c500000,0x000000920c600000)]
  0x000001e882146800 JavaThread "jar transforms Thread 84" [_thread_blocked, id=10352, stack(0x000000920c600000,0x000000920c700000)]
  0x000001e882149000 JavaThread "jar transforms Thread 85" [_thread_blocked, id=11380, stack(0x000000920c700000,0x000000920c800000)]
  0x000001e882149800 JavaThread "jar transforms Thread 86" [_thread_blocked, id=12772, stack(0x000000920c800000,0x000000920c900000)]
  0x000001e885ff2000 JavaThread "jar transforms Thread 87" [_thread_blocked, id=6996, stack(0x000000920c900000,0x000000920ca00000)]
  0x000001e885ff3000 JavaThread "jar transforms Thread 88" [_thread_blocked, id=15612, stack(0x000000920ca00000,0x000000920cb00000)]
  0x000001e885ff4800 JavaThread "jar transforms Thread 89" [_thread_blocked, id=11336, stack(0x000000920cb00000,0x000000920cc00000)]
  0x000001e885ff3800 JavaThread "jar transforms Thread 90" [_thread_blocked, id=15832, stack(0x000000920cc00000,0x000000920cd00000)]
  0x000001e885ff1000 JavaThread "jar transforms Thread 91" [_thread_blocked, id=13876, stack(0x000000920cd00000,0x000000920ce00000)]
  0x000001e885fef800 JavaThread "jar transforms Thread 92" [_thread_blocked, id=13744, stack(0x000000920ce00000,0x000000920cf00000)]
  0x000001e885ff5800 JavaThread "jar transforms Thread 93" [_thread_blocked, id=16140, stack(0x000000920cf00000,0x000000920d000000)]
  0x000001e885ff6000 JavaThread "jar transforms Thread 94" [_thread_blocked, id=14544, stack(0x000000920d000000,0x000000920d100000)]
  0x000001e885ff0800 JavaThread "jar transforms Thread 95" [_thread_blocked, id=8456, stack(0x000000920d100000,0x000000920d200000)]
  0x000001e885ff7000 JavaThread "jar transforms Thread 96" [_thread_blocked, id=13080, stack(0x000000920d200000,0x000000920d300000)]
  0x000001e885ffa000 JavaThread "jar transforms Thread 97" [_thread_blocked, id=7156, stack(0x000000920d300000,0x000000920d400000)]
  0x000001e885ffc800 JavaThread "Memory manager" [_thread_blocked, id=7328, stack(0x000000920d500000,0x000000920d600000)]

Other Threads:
=>0x000001e8fe050000 VMThread "VM Thread" [stack: 0x0000009202e00000,0x0000009202f00000] [id=2300]
  0x000001e8febca000 WatcherThread [stack: 0x0000009203900000,0x0000009203a00000] [id=13320]
  0x000001e8e32c4000 GCTaskThread "GC Thread#0" [stack: 0x0000009202900000,0x0000009202a00000] [id=15028]
  0x000001e8800ba000 GCTaskThread "GC Thread#1" [stack: 0x0000009203d00000,0x0000009203e00000] [id=11484]
  0x000001e880f71000 GCTaskThread "GC Thread#2" [stack: 0x0000009204b00000,0x0000009204c00000] [id=6332]
  0x000001e88129a800 GCTaskThread "GC Thread#3" [stack: 0x0000009204c00000,0x0000009204d00000] [id=2712]
  0x000001e88105a800 GCTaskThread "GC Thread#4" [stack: 0x0000009204d00000,0x0000009204e00000] [id=15784]
  0x000001e8816a8000 GCTaskThread "GC Thread#5" [stack: 0x0000009204e00000,0x0000009204f00000] [id=2760]
  0x000001e88177f000 GCTaskThread "GC Thread#6" [stack: 0x0000009204f00000,0x0000009205000000] [id=2976]
  0x000001e881f77000 GCTaskThread "GC Thread#7" [stack: 0x0000009205000000,0x0000009205100000] [id=14728]
  0x000001e881f78000 GCTaskThread "GC Thread#8" [stack: 0x0000009205100000,0x0000009205200000] [id=10724]
  0x000001e881f74000 GCTaskThread "GC Thread#9" [stack: 0x0000009205200000,0x0000009205300000] [id=9572]
  0x000001e881f75800 GCTaskThread "GC Thread#10" [stack: 0x0000009205300000,0x0000009205400000] [id=11044]
  0x000001e881f78800 GCTaskThread "GC Thread#11" [stack: 0x0000009205400000,0x0000009205500000] [id=8424]
  0x000001e881f75000 GCTaskThread "GC Thread#12" [stack: 0x0000009205500000,0x0000009205600000] [id=3116]
  0x000001e8e32f8800 ConcurrentGCThread "G1 Main Marker" [stack: 0x0000009202a00000,0x0000009202b00000] [id=9060]
  0x000001e8e32fa000 ConcurrentGCThread "G1 Conc#0" [stack: 0x0000009202b00000,0x0000009202c00000] [id=8156]
  0x000001e881f72000 ConcurrentGCThread "G1 Conc#1" [stack: 0x0000009205900000,0x0000009205a00000] [id=11916]
  0x000001e881f79000 ConcurrentGCThread "G1 Conc#2" [stack: 0x0000009205a00000,0x0000009205b00000] [id=11740]
  0x000001e8fdea1800 ConcurrentGCThread "G1 Refine#0" [stack: 0x0000009202c00000,0x0000009202d00000] [id=7964]
  0x000001e881f76800 ConcurrentGCThread "G1 Refine#1" [stack: 0x0000009205600000,0x0000009205700000] [id=1000]
  0x000001e8e338c800 ConcurrentGCThread "G1 Young RemSet Sampling" [stack: 0x0000009202d00000,0x0000009202e00000] [id=940]

Threads with active compile tasks:
C2 CompilerThread0   7030 6364       4       sun.invoke.util.BytecodeDescriptor::unparseSig (91 bytes)
C1 CompilerThread1   7030 6370       3       java.util.TimSort::countRunAndMakeAscending (128 bytes)
C2 CompilerThread1   7030 6177       4       sun.reflect.generics.parser.SignatureParser::parsePackageNameAndSimpleClassTypeSignature (119 bytes)

VM state:at safepoint (normal execution)

VM Mutex/Monitor currently owned by a thread:  ([mutex/lock_event])
[0x000001e8e32ad410] Threads_lock - owner thread: 0x000001e8fe050000
[0x000001e8e32ad1d0] Heap_lock - owner thread: 0x000001e8fec12000

Heap address: 0x0000000080000000, size: 2048 MB, Compressed Oops mode: 32-bit
Narrow klass base: 0x0000000000000000, Narrow klass shift: 3
Compressed class space size: 1073741824 Address: 0x0000000100000000

Heap:
 garbage-first heap   total 177152K, used 47869K [0x0000000080000000, 0x0000000100000000)
  region size 1024K, 5 young (5120K), 5 survivors (5120K)
 Metaspace       used 63866K, capacity 65305K, committed 65616K, reserved 1105920K
  class space    used 8271K, capacity 8782K, committed 8832K, reserved 1048576K
Heap Regions: E=young(eden), S=young(survivor), O=old, HS=humongous(starts), HC=humongous(continues), CS=collection set, F=free, A=archive, TAMS=top-at-mark-start (previous, next)
|   0|0x0000000080000000, 0x0000000080100000, 0x0000000080100000|100%| O|  |TAMS 0x0000000080100000, 0x0000000080000000| Untracked 
|   1|0x0000000080100000, 0x0000000080200000, 0x0000000080200000|100%| O|  |TAMS 0x0000000080200000, 0x0000000080100000| Untracked 
|   2|0x0000000080200000, 0x0000000080300000, 0x0000000080300000|100%| O|  |TAMS 0x0000000080300000, 0x0000000080200000| Untracked 
|   3|0x0000000080300000, 0x0000000080400000, 0x0000000080400000|100%|HS|  |TAMS 0x0000000080400000, 0x0000000080300000| Complete 
|   4|0x0000000080400000, 0x0000000080500000, 0x0000000080500000|100%|HC|  |TAMS 0x0000000080500000, 0x0000000080400000| Complete 
|   5|0x0000000080500000, 0x0000000080600000, 0x0000000080600000|100%|HC|  |TAMS 0x0000000080600000, 0x0000000080500000| Complete 
|   6|0x0000000080600000, 0x0000000080700000, 0x0000000080700000|100%| O|  |TAMS 0x0000000080700000, 0x0000000080600000| Untracked 
|   7|0x0000000080700000, 0x0000000080800000, 0x0000000080800000|100%| O|  |TAMS 0x0000000080800000, 0x0000000080700000| Untracked 
|   8|0x0000000080800000, 0x0000000080900000, 0x0000000080900000|100%| O|  |TAMS 0x0000000080900000, 0x0000000080800000| Untracked 
|   9|0x0000000080900000, 0x0000000080a00000, 0x0000000080a00000|100%| O|  |TAMS 0x0000000080a00000, 0x0000000080900000| Untracked 
|  10|0x0000000080a00000, 0x0000000080b00000, 0x0000000080b00000|100%| O|  |TAMS 0x0000000080b00000, 0x0000000080a00000| Untracked 
|  11|0x0000000080b00000, 0x0000000080c00000, 0x0000000080c00000|100%| O|  |TAMS 0x0000000080c00000, 0x0000000080b00000| Untracked 
|  12|0x0000000080c00000, 0x0000000080d00000, 0x0000000080d00000|100%| O|  |TAMS 0x0000000080d00000, 0x0000000080c00000| Untracked 
|  13|0x0000000080d00000, 0x0000000080e00000, 0x0000000080e00000|100%| O|  |TAMS 0x0000000080e00000, 0x0000000080d00000| Untracked 
|  14|0x0000000080e00000, 0x0000000080f00000, 0x0000000080f00000|100%| O|  |TAMS 0x0000000080f00000, 0x0000000080e00000| Untracked 
|  15|0x0000000080f00000, 0x0000000081000000, 0x0000000081000000|100%| O|  |TAMS 0x0000000081000000, 0x0000000080f00000| Untracked 
|  16|0x0000000081000000, 0x0000000081100000, 0x0000000081100000|100%| O|  |TAMS 0x0000000081100000, 0x0000000081000000| Untracked 
|  17|0x0000000081100000, 0x0000000081200000, 0x0000000081200000|100%| O|  |TAMS 0x0000000081200000, 0x0000000081100000| Untracked 
|  18|0x0000000081200000, 0x0000000081300000, 0x0000000081300000|100%|HS|  |TAMS 0x0000000081300000, 0x0000000081200000| Complete 
|  19|0x0000000081300000, 0x0000000081400000, 0x0000000081400000|100%| O|  |TAMS 0x0000000081400000, 0x0000000081300000| Untracked 
|  20|0x0000000081400000, 0x0000000081500000, 0x0000000081500000|100%| O|  |TAMS 0x0000000081500000, 0x0000000081400000| Untracked 
|  21|0x0000000081500000, 0x0000000081600000, 0x0000000081600000|100%| O|  |TAMS 0x0000000081600000, 0x0000000081500000| Untracked 
|  22|0x0000000081600000, 0x0000000081700000, 0x0000000081700000|100%|HS|  |TAMS 0x0000000081700000, 0x0000000081600000| Complete 
|  23|0x0000000081700000, 0x0000000081800000, 0x0000000081800000|100%|HC|  |TAMS 0x0000000081800000, 0x0000000081700000| Complete 
|  24|0x0000000081800000, 0x0000000081900000, 0x0000000081900000|100%| O|  |TAMS 0x0000000081900000, 0x0000000081800000| Untracked 
|  25|0x0000000081900000, 0x0000000081a00000, 0x0000000081a00000|100%| O|  |TAMS 0x0000000081a00000, 0x0000000081900000| Untracked 
|  26|0x0000000081a00000, 0x0000000081b00000, 0x0000000081b00000|100%| O|  |TAMS 0x0000000081b00000, 0x0000000081a00000| Untracked 
|  27|0x0000000081b00000, 0x0000000081c00000, 0x0000000081c00000|100%| O|  |TAMS 0x0000000081c00000, 0x0000000081b00000| Untracked 
|  28|0x0000000081c00000, 0x0000000081d00000, 0x0000000081d00000|100%| O|  |TAMS 0x0000000081c00000, 0x0000000081c00000| Untracked 
|  29|0x0000000081d00000, 0x0000000081e00000, 0x0000000081e00000|100%| O|  |TAMS 0x0000000081e00000, 0x0000000081d00000| Untracked 
|  30|0x0000000081e00000, 0x0000000081f00000, 0x0000000081f00000|100%| O|  |TAMS 0x0000000081f00000, 0x0000000081e00000| Untracked 
|  31|0x0000000081f00000, 0x0000000082000000, 0x0000000082000000|100%| O|  |TAMS 0x0000000082000000, 0x0000000081f00000| Untracked 
|  32|0x0000000082000000, 0x0000000082100000, 0x0000000082100000|100%| O|  |TAMS 0x0000000082100000, 0x0000000082000000| Untracked 
|  33|0x0000000082100000, 0x0000000082200000, 0x0000000082200000|100%| O|  |TAMS 0x0000000082200000, 0x0000000082100000| Untracked 
|  34|0x0000000082200000, 0x0000000082300000, 0x0000000082300000|100%| O|  |TAMS 0x0000000082300000, 0x0000000082200000| Untracked 
|  35|0x0000000082300000, 0x0000000082400000, 0x0000000082400000|100%| O|  |TAMS 0x0000000082400000, 0x0000000082300000| Untracked 
|  36|0x0000000082400000, 0x0000000082500000, 0x0000000082500000|100%| O|  |TAMS 0x0000000082500000, 0x0000000082400000| Untracked 
|  37|0x0000000082500000, 0x0000000082600000, 0x0000000082600000|100%| O|  |TAMS 0x0000000082600000, 0x0000000082500000| Untracked 
|  38|0x0000000082600000, 0x0000000082700000, 0x0000000082700000|100%| O|  |TAMS 0x0000000082700000, 0x0000000082600000| Untracked 
|  39|0x0000000082700000, 0x0000000082800000, 0x0000000082800000|100%| O|  |TAMS 0x000000008271bc00, 0x0000000082700000| Untracked 
|  40|0x0000000082800000, 0x0000000082900000, 0x0000000082900000|100%| O|  |TAMS 0x0000000082800000, 0x0000000082800000| Untracked 
|  41|0x0000000082900000, 0x0000000082a00000, 0x0000000082a00000|100%| O|  |TAMS 0x0000000082900000, 0x0000000082900000| Untracked 
|  42|0x0000000082a00000, 0x0000000082a4e600, 0x0000000082b00000| 30%| O|  |TAMS 0x0000000082a00000, 0x0000000082a00000| Untracked 
|  43|0x0000000082b00000, 0x0000000082b00000, 0x0000000082c00000|  0%| F|  |TAMS 0x0000000082b00000, 0x0000000082b00000| Untracked 
|  44|0x0000000082c00000, 0x0000000082c00000, 0x0000000082d00000|  0%| F|  |TAMS 0x0000000082c00000, 0x0000000082c00000| Untracked 
|  45|0x0000000082d00000, 0x0000000082d00000, 0x0000000082e00000|  0%| F|  |TAMS 0x0000000082d00000, 0x0000000082d00000| Untracked 
|  46|0x0000000082e00000, 0x0000000082e00000, 0x0000000082f00000|  0%| F|  |TAMS 0x0000000082e00000, 0x0000000082e00000| Untracked 
|  47|0x0000000082f00000, 0x0000000082f00000, 0x0000000083000000|  0%| F|  |TAMS 0x0000000082f00000, 0x0000000082f00000| Untracked 
|  48|0x0000000083000000, 0x0000000083000000, 0x0000000083100000|  0%| F|  |TAMS 0x0000000083000000, 0x0000000083000000| Untracked 
|  49|0x0000000083100000, 0x0000000083100000, 0x0000000083200000|  0%| F|  |TAMS 0x0000000083100000, 0x0000000083100000| Untracked 
|  50|0x0000000083200000, 0x0000000083200000, 0x0000000083300000|  0%| F|  |TAMS 0x0000000083200000, 0x0000000083200000| Untracked 
|  51|0x0000000083300000, 0x0000000083300000, 0x0000000083400000|  0%| F|  |TAMS 0x0000000083300000, 0x0000000083300000| Untracked 
|  52|0x0000000083400000, 0x0000000083400000, 0x0000000083500000|  0%| F|  |TAMS 0x0000000083400000, 0x0000000083400000| Untracked 
|  53|0x0000000083500000, 0x0000000083500000, 0x0000000083600000|  0%| F|  |TAMS 0x0000000083500000, 0x0000000083500000| Untracked 
|  54|0x0000000083600000, 0x0000000083600000, 0x0000000083700000|  0%| F|  |TAMS 0x0000000083600000, 0x0000000083600000| Untracked 
|  55|0x0000000083700000, 0x0000000083700000, 0x0000000083800000|  0%| F|  |TAMS 0x0000000083700000, 0x0000000083700000| Untracked 
|  56|0x0000000083800000, 0x0000000083800000, 0x0000000083900000|  0%| F|  |TAMS 0x0000000083800000, 0x0000000083800000| Untracked 
|  57|0x0000000083900000, 0x0000000083900000, 0x0000000083a00000|  0%| F|  |TAMS 0x0000000083900000, 0x0000000083900000| Untracked 
|  58|0x0000000083a00000, 0x0000000083a00000, 0x0000000083b00000|  0%| F|  |TAMS 0x0000000083a00000, 0x0000000083a00000| Untracked 
|  59|0x0000000083b00000, 0x0000000083b00000, 0x0000000083c00000|  0%| F|  |TAMS 0x0000000083b00000, 0x0000000083b00000| Untracked 
|  60|0x0000000083c00000, 0x0000000083c00000, 0x0000000083d00000|  0%| F|  |TAMS 0x0000000083c00000, 0x0000000083c00000| Untracked 
|  61|0x0000000083d00000, 0x0000000083d00000, 0x0000000083e00000|  0%| F|  |TAMS 0x0000000083d00000, 0x0000000083d00000| Untracked 
|  62|0x0000000083e00000, 0x0000000083e00000, 0x0000000083f00000|  0%| F|  |TAMS 0x0000000083e00000, 0x0000000083e00000| Untracked 
|  63|0x0000000083f00000, 0x0000000083f00000, 0x0000000084000000|  0%| F|  |TAMS 0x0000000083f00000, 0x0000000083f00000| Untracked 
|  64|0x0000000084000000, 0x0000000084000000, 0x0000000084100000|  0%| F|  |TAMS 0x0000000084000000, 0x0000000084000000| Untracked 
|  65|0x0000000084100000, 0x0000000084100000, 0x0000000084200000|  0%| F|  |TAMS 0x0000000084100000, 0x0000000084100000| Untracked 
|  66|0x0000000084200000, 0x0000000084200000, 0x0000000084300000|  0%| F|  |TAMS 0x0000000084200000, 0x0000000084200000| Untracked 
|  67|0x0000000084300000, 0x0000000084300000, 0x0000000084400000|  0%| F|  |TAMS 0x0000000084300000, 0x0000000084300000| Untracked 
|  68|0x0000000084400000, 0x0000000084400000, 0x0000000084500000|  0%| F|  |TAMS 0x0000000084400000, 0x0000000084400000| Untracked 
|  69|0x0000000084500000, 0x0000000084500000, 0x0000000084600000|  0%| F|  |TAMS 0x0000000084500000, 0x0000000084500000| Untracked 
|  70|0x0000000084600000, 0x0000000084600000, 0x0000000084700000|  0%| F|  |TAMS 0x0000000084600000, 0x0000000084600000| Untracked 
|  71|0x0000000084700000, 0x0000000084700000, 0x0000000084800000|  0%| F|  |TAMS 0x0000000084700000, 0x0000000084700000| Untracked 
|  72|0x0000000084800000, 0x0000000084800000, 0x0000000084900000|  0%| F|  |TAMS 0x0000000084800000, 0x0000000084800000| Untracked 
|  73|0x0000000084900000, 0x0000000084900000, 0x0000000084a00000|  0%| F|  |TAMS 0x0000000084900000, 0x0000000084900000| Untracked 
|  74|0x0000000084a00000, 0x0000000084a00000, 0x0000000084b00000|  0%| F|  |TAMS 0x0000000084a00000, 0x0000000084a00000| Untracked 
|  75|0x0000000084b00000, 0x0000000084b00000, 0x0000000084c00000|  0%| F|  |TAMS 0x0000000084b00000, 0x0000000084b00000| Untracked 
|  76|0x0000000084c00000, 0x0000000084c70f80, 0x0000000084d00000| 44%| S|CS|TAMS 0x0000000084c00000, 0x0000000084c00000| Complete 
|  77|0x0000000084d00000, 0x0000000084e00000, 0x0000000084e00000|100%| S|CS|TAMS 0x0000000084d00000, 0x0000000084d00000| Complete 
|  78|0x0000000084e00000, 0x0000000084f00000, 0x0000000084f00000|100%| S|CS|TAMS 0x0000000084e00000, 0x0000000084e00000| Complete 
|  79|0x0000000084f00000, 0x0000000085000000, 0x0000000085000000|100%| S|CS|TAMS 0x0000000084f00000, 0x0000000084f00000| Complete 
|  80|0x0000000085000000, 0x0000000085100000, 0x0000000085100000|100%| S|CS|TAMS 0x0000000085000000, 0x0000000085000000| Complete 
|  81|0x0000000085100000, 0x0000000085100000, 0x0000000085200000|  0%| F|  |TAMS 0x0000000085100000, 0x0000000085100000| Untracked 
|  82|0x0000000085200000, 0x0000000085200000, 0x0000000085300000|  0%| F|  |TAMS 0x0000000085200000, 0x0000000085200000| Untracked 
|  83|0x0000000085300000, 0x0000000085300000, 0x0000000085400000|  0%| F|  |TAMS 0x0000000085300000, 0x0000000085300000| Untracked 
|  84|0x0000000085400000, 0x0000000085400000, 0x0000000085500000|  0%| F|  |TAMS 0x0000000085400000, 0x0000000085400000| Untracked 
|  85|0x0000000085500000, 0x0000000085500000, 0x0000000085600000|  0%| F|  |TAMS 0x0000000085500000, 0x0000000085500000| Untracked 
|  86|0x0000000085600000, 0x0000000085600000, 0x0000000085700000|  0%| F|  |TAMS 0x0000000085600000, 0x0000000085600000| Untracked 
|  87|0x0000000085700000, 0x0000000085700000, 0x0000000085800000|  0%| F|  |TAMS 0x0000000085700000, 0x0000000085700000| Untracked 
|  88|0x0000000085800000, 0x0000000085800000, 0x0000000085900000|  0%| F|  |TAMS 0x0000000085800000, 0x0000000085800000| Untracked 
|  89|0x0000000085900000, 0x0000000085900000, 0x0000000085a00000|  0%| F|  |TAMS 0x0000000085900000, 0x0000000085900000| Untracked 
|  90|0x0000000085a00000, 0x0000000085a00000, 0x0000000085b00000|  0%| F|  |TAMS 0x0000000085a00000, 0x0000000085a00000| Untracked 
|  91|0x0000000085b00000, 0x0000000085b00000, 0x0000000085c00000|  0%| F|  |TAMS 0x0000000085b00000, 0x0000000085b00000| Untracked 
|  92|0x0000000085c00000, 0x0000000085c00000, 0x0000000085d00000|  0%| F|  |TAMS 0x0000000085c00000, 0x0000000085c00000| Untracked 
|  93|0x0000000085d00000, 0x0000000085d00000, 0x0000000085e00000|  0%| F|  |TAMS 0x0000000085d00000, 0x0000000085d00000| Untracked 
|  94|0x0000000085e00000, 0x0000000085e00000, 0x0000000085f00000|  0%| F|  |TAMS 0x0000000085e00000, 0x0000000085e00000| Untracked 
|  95|0x0000000085f00000, 0x0000000085f00000, 0x0000000086000000|  0%| F|  |TAMS 0x0000000085f00000, 0x0000000085f00000| Untracked 
|  96|0x0000000086000000, 0x0000000086000000, 0x0000000086100000|  0%| F|  |TAMS 0x0000000086000000, 0x0000000086000000| Untracked 
|  97|0x0000000086100000, 0x0000000086100000, 0x0000000086200000|  0%| F|  |TAMS 0x0000000086100000, 0x0000000086100000| Untracked 
|  98|0x0000000086200000, 0x0000000086200000, 0x0000000086300000|  0%| F|  |TAMS 0x0000000086200000, 0x0000000086200000| Untracked 
|  99|0x0000000086300000, 0x0000000086300000, 0x0000000086400000|  0%| F|  |TAMS 0x0000000086300000, 0x0000000086300000| Untracked 
| 100|0x0000000086400000, 0x0000000086400000, 0x0000000086500000|  0%| F|  |TAMS 0x0000000086400000, 0x0000000086400000| Untracked 
| 101|0x0000000086500000, 0x0000000086500000, 0x0000000086600000|  0%| F|  |TAMS 0x0000000086500000, 0x0000000086500000| Untracked 
| 102|0x0000000086600000, 0x0000000086600000, 0x0000000086700000|  0%| F|  |TAMS 0x0000000086600000, 0x0000000086600000| Untracked 
| 103|0x0000000086700000, 0x0000000086700000, 0x0000000086800000|  0%| F|  |TAMS 0x0000000086700000, 0x0000000086700000| Untracked 
| 104|0x0000000086800000, 0x0000000086800000, 0x0000000086900000|  0%| F|  |TAMS 0x0000000086800000, 0x0000000086800000| Untracked 
| 105|0x0000000086900000, 0x0000000086900000, 0x0000000086a00000|  0%| F|  |TAMS 0x0000000086900000, 0x0000000086900000| Untracked 
| 106|0x0000000086a00000, 0x0000000086a00000, 0x0000000086b00000|  0%| F|  |TAMS 0x0000000086a00000, 0x0000000086a00000| Untracked 
| 107|0x0000000086b00000, 0x0000000086b00000, 0x0000000086c00000|  0%| F|  |TAMS 0x0000000086b00000, 0x0000000086b00000| Untracked 
| 108|0x0000000086c00000, 0x0000000086c00000, 0x0000000086d00000|  0%| F|  |TAMS 0x0000000086c00000, 0x0000000086c00000| Untracked 
| 109|0x0000000086d00000, 0x0000000086d00000, 0x0000000086e00000|  0%| F|  |TAMS 0x0000000086d00000, 0x0000000086d00000| Untracked 
| 110|0x0000000086e00000, 0x0000000086e00000, 0x0000000086f00000|  0%| F|  |TAMS 0x0000000086e00000, 0x0000000086e00000| Untracked 
| 111|0x0000000086f00000, 0x0000000086f00000, 0x0000000087000000|  0%| F|  |TAMS 0x0000000086f00000, 0x0000000086f00000| Untracked 
| 112|0x0000000087000000, 0x0000000087000000, 0x0000000087100000|  0%| F|  |TAMS 0x0000000087000000, 0x0000000087000000| Untracked 
| 113|0x0000000087100000, 0x0000000087100000, 0x0000000087200000|  0%| F|  |TAMS 0x0000000087100000, 0x0000000087100000| Untracked 
| 114|0x0000000087200000, 0x0000000087200000, 0x0000000087300000|  0%| F|  |TAMS 0x0000000087200000, 0x0000000087200000| Untracked 
| 115|0x0000000087300000, 0x0000000087300000, 0x0000000087400000|  0%| F|  |TAMS 0x0000000087300000, 0x0000000087300000| Untracked 
| 116|0x0000000087400000, 0x0000000087400000, 0x0000000087500000|  0%| F|  |TAMS 0x0000000087400000, 0x0000000087400000| Untracked 
| 117|0x0000000087500000, 0x0000000087500000, 0x0000000087600000|  0%| F|  |TAMS 0x0000000087500000, 0x0000000087500000| Untracked 
| 118|0x0000000087600000, 0x0000000087600000, 0x0000000087700000|  0%| F|  |TAMS 0x0000000087600000, 0x0000000087600000| Untracked 
| 119|0x0000000087700000, 0x0000000087700000, 0x0000000087800000|  0%| F|  |TAMS 0x0000000087700000, 0x0000000087700000| Untracked 
| 120|0x0000000087800000, 0x0000000087800000, 0x0000000087900000|  0%| F|  |TAMS 0x0000000087800000, 0x0000000087800000| Untracked 
| 121|0x0000000087900000, 0x0000000087900000, 0x0000000087a00000|  0%| F|  |TAMS 0x0000000087900000, 0x0000000087900000| Untracked 
| 122|0x0000000087a00000, 0x0000000087a00000, 0x0000000087b00000|  0%| F|  |TAMS 0x0000000087a00000, 0x0000000087a00000| Untracked 
| 123|0x0000000087b00000, 0x0000000087b00000, 0x0000000087c00000|  0%| F|  |TAMS 0x0000000087b00000, 0x0000000087b00000| Untracked 
| 124|0x0000000087c00000, 0x0000000087c00000, 0x0000000087d00000|  0%| F|  |TAMS 0x0000000087c00000, 0x0000000087c00000| Untracked 
| 125|0x0000000087d00000, 0x0000000087d00000, 0x0000000087e00000|  0%| F|  |TAMS 0x0000000087d00000, 0x0000000087d00000| Untracked 
| 126|0x0000000087e00000, 0x0000000087e00000, 0x0000000087f00000|  0%| F|  |TAMS 0x0000000087e00000, 0x0000000087e00000| Untracked 
| 127|0x0000000087f00000, 0x0000000087f00000, 0x0000000088000000|  0%| F|  |TAMS 0x0000000087f00000, 0x0000000087f00000| Untracked 
| 128|0x0000000088000000, 0x0000000088000000, 0x0000000088100000|  0%| F|  |TAMS 0x0000000088000000, 0x0000000088000000| Untracked 
| 129|0x0000000088100000, 0x0000000088100000, 0x0000000088200000|  0%| F|  |TAMS 0x0000000088100000, 0x0000000088100000| Untracked 
| 130|0x0000000088200000, 0x0000000088200000, 0x0000000088300000|  0%| F|  |TAMS 0x0000000088200000, 0x0000000088200000| Untracked 
| 131|0x0000000088300000, 0x0000000088300000, 0x0000000088400000|  0%| F|  |TAMS 0x0000000088300000, 0x0000000088300000| Untracked 
| 132|0x0000000088400000, 0x0000000088400000, 0x0000000088500000|  0%| F|  |TAMS 0x0000000088400000, 0x0000000088400000| Untracked 
| 133|0x0000000088500000, 0x0000000088500000, 0x0000000088600000|  0%| F|  |TAMS 0x0000000088500000, 0x0000000088500000| Untracked 
| 134|0x0000000088600000, 0x0000000088600000, 0x0000000088700000|  0%| F|  |TAMS 0x0000000088600000, 0x0000000088600000| Untracked 
| 135|0x0000000088700000, 0x0000000088700000, 0x0000000088800000|  0%| F|  |TAMS 0x0000000088700000, 0x0000000088700000| Untracked 
| 136|0x0000000088800000, 0x0000000088800000, 0x0000000088900000|  0%| F|  |TAMS 0x0000000088800000, 0x0000000088800000| Untracked 
| 137|0x0000000088900000, 0x0000000088900000, 0x0000000088a00000|  0%| F|  |TAMS 0x0000000088900000, 0x0000000088900000| Untracked 
| 138|0x0000000088a00000, 0x0000000088a00000, 0x0000000088b00000|  0%| F|  |TAMS 0x0000000088a00000, 0x0000000088a00000| Untracked 
| 139|0x0000000088b00000, 0x0000000088b00000, 0x0000000088c00000|  0%| F|  |TAMS 0x0000000088b00000, 0x0000000088b00000| Untracked 
| 140|0x0000000088c00000, 0x0000000088c00000, 0x0000000088d00000|  0%| F|  |TAMS 0x0000000088c00000, 0x0000000088c00000| Untracked 
| 141|0x0000000088d00000, 0x0000000088d00000, 0x0000000088e00000|  0%| F|  |TAMS 0x0000000088d00000, 0x0000000088d00000| Untracked 
| 142|0x0000000088e00000, 0x0000000088e00000, 0x0000000088f00000|  0%| F|  |TAMS 0x0000000088e00000, 0x0000000088e00000| Untracked 
| 143|0x0000000088f00000, 0x0000000088f00000, 0x0000000089000000|  0%| F|  |TAMS 0x0000000088f00000, 0x0000000088f00000| Untracked 

Card table byte_map: [0x000001e8f68b0000,0x000001e8f6cb0000] _byte_map_base: 0x000001e8f64b0000

Marking Bits (Prev, Next): (CMBitMap*) 0x000001e8e32edb30, (CMBitMap*) 0x000001e8e32edaf8
 Prev Bits: [0x000001e8f90b0000, 0x000001e8fb0b0000)
 Next Bits: [0x000001e8f70b0000, 0x000001e8f90b0000)

Polling page: 0x000001e8e0fd0000

Metaspace:

Usage:
  Non-class:     55.20 MB capacity,    54.29 MB ( 98%) used,   788.73 KB (  1%) free+waste,   138.75 KB ( <1%) overhead. 
      Class:      8.58 MB capacity,     8.08 MB ( 94%) used,   445.95 KB (  5%) free+waste,    64.81 KB ( <1%) overhead. 
       Both:     63.77 MB capacity,    62.37 MB ( 98%) used,     1.21 MB (  2%) free+waste,   203.56 KB ( <1%) overhead. 

Virtual space:
  Non-class space:       56.00 MB reserved,      55.45 MB (>99%) committed 
      Class space:        1.00 GB reserved,       8.63 MB ( <1%) committed 
             Both:        1.05 GB reserved,      64.08 MB (  6%) committed 

Chunk freelists:
   Non-Class:  69.00 KB
       Class:  50.00 KB
        Both:  119.00 KB

MaxMetaspaceSize: 17179869184.00 GB
CompressedClassSpaceSize: 1.00 GB

CodeHeap 'non-profiled nmethods': size=119168Kb used=3413Kb max_used=3413Kb free=115754Kb
 bounds [0x000001e8ee7d0000, 0x000001e8eeb30000, 0x000001e8f5c30000]
CodeHeap 'profiled nmethods': size=119168Kb used=13222Kb max_used=13222Kb free=105945Kb
 bounds [0x000001e8e7370000, 0x000001e8e8060000, 0x000001e8ee7d0000]
CodeHeap 'non-nmethods': size=7424Kb used=3927Kb max_used=4007Kb free=3496Kb
 bounds [0x000001e8e6c30000, 0x000001e8e7020000, 0x000001e8e7370000]
 total_blobs=6915 nmethods=6097 adapters=725
 compilation: enabled
              stopped_count=0, restarted_count=0
 full_count=0

Compilation events (20 events):
Event: 6.985 Thread 0x000001e880022800 nmethod 6351 0x000001e8e8055410 code [0x000001e8e8055680, 0x000001e8e8056258]
Event: 6.985 Thread 0x000001e8feb3a000 6358       1       org.gradle.api.internal.artifacts.configurations.DefaultConfiguration::access$2100 (5 bytes)
Event: 6.985 Thread 0x000001e8feb3a000 nmethod 6358 0x000001e8eeb24d90 code [0x000001e8eeb24f40, 0x000001e8eeb24fd8]
Event: 6.985 Thread 0x000001e8fe074800 nmethod 6360 0x000001e8eeb25090 code [0x000001e8eeb25220, 0x000001e8eeb252d8]
Event: 6.988 Thread 0x000001e8ff387800 6361       3       java.lang.Class::searchFields (43 bytes)
Event: 6.988 Thread 0x000001e8ff387800 nmethod 6361 0x000001e8e8056690 code [0x000001e8e8056860, 0x000001e8e8056ae8]
Event: 6.989 Thread 0x000001e8fe077800 6362       3       java.lang.reflect.ProxyGenerator$ProxyMethod::<init> (71 bytes)
Event: 6.990 Thread 0x000001e8fe077800 nmethod 6362 0x000001e8e8056c90 code [0x000001e8e8056f00, 0x000001e8e8057968]
Event: 6.991 Thread 0x000001e880022800 6363       1       com.google.common.collect.CompactHashMap::size (5 bytes)
Event: 6.992 Thread 0x000001e880022800 nmethod 6363 0x000001e8eeb25390 code [0x000001e8eeb25540, 0x000001e8eeb255f8]
Event: 6.992 Thread 0x000001e8fe074800 6364       4       sun.invoke.util.BytecodeDescriptor::unparseSig (91 bytes)
Event: 7.000 Thread 0x000001e8feb3a000 6365       3       org.gradle.internal.instantiation.generator.AbstractClassGenerator$GeneratedClassImpl::getGeneratedClass (11 bytes)
Event: 7.001 Thread 0x000001e8ff387800 6366       3       org.gradle.internal.instantiation.generator.ManagedObjectFactory::newInstance (160 bytes)
Event: 7.001 Thread 0x000001e8feb3a000 nmethod 6365 0x000001e8e8057c90 code [0x000001e8e8057e40, 0x000001e8e8057f98]
Event: 7.001 Thread 0x000001e8fe077800 6367       3       com.google.common.collect.CompactHashMap$Itr::hasNext (13 bytes)
Event: 7.002 Thread 0x000001e8fe077800 nmethod 6367 0x000001e8e8058090 code [0x000001e8e8058240, 0x000001e8e8058398]
Event: 7.002 Thread 0x000001e8ff387800 nmethod 6366 0x000001e8e8058410 code [0x000001e8e8058960, 0x000001e8e805b798]
Event: 7.010 Thread 0x000001e880022800 6369       3       com.google.common.collect.CompactHashMap::isEmpty (13 bytes)
Event: 7.010 Thread 0x000001e880022800 nmethod 6369 0x000001e8e805c210 code [0x000001e8e805c3c0, 0x000001e8e805c518]
Event: 7.010 Thread 0x000001e8feb3a000 6370       3       java.util.TimSort::countRunAndMakeAscending (128 bytes)

GC Heap History (20 events):
Event: 0.651 GC heap after
{Heap after GC invocations=1 (full 0):
 garbage-first heap   total 122880K, used 8389K [0x0000000080000000, 0x0000000100000000)
  region size 1024K, 3 young (3072K), 3 survivors (3072K)
 Metaspace       used 10507K, capacity 10783K, committed 11008K, reserved 1058816K
  class space    used 1097K, capacity 1193K, committed 1280K, reserved 1048576K
}
Event: 1.806 GC heap before
{Heap before GC invocations=1 (full 0):
 garbage-first heap   total 122880K, used 78021K [0x0000000080000000, 0x0000000100000000)
  region size 1024K, 72 young (73728K), 3 survivors (3072K)
 Metaspace       used 18611K, capacity 19035K, committed 19328K, reserved 1067008K
  class space    used 2218K, capacity 2361K, committed 2432K, reserved 1048576K
}
Event: 1.814 GC heap after
{Heap after GC invocations=2 (full 0):
 garbage-first heap   total 122880K, used 15390K [0x0000000080000000, 0x0000000100000000)
  region size 1024K, 9 young (9216K), 9 survivors (9216K)
 Metaspace       used 18611K, capacity 19035K, committed 19328K, reserved 1067008K
  class space    used 2218K, capacity 2361K, committed 2432K, reserved 1048576K
}
Event: 1.961 GC heap before
{Heap before GC invocations=2 (full 0):
 garbage-first heap   total 122880K, used 30750K [0x0000000080000000, 0x0000000100000000)
  region size 1024K, 25 young (25600K), 9 survivors (9216K)
 Metaspace       used 20662K, capacity 21191K, committed 21296K, reserved 1069056K
  class space    used 2517K, capacity 2680K, committed 2688K, reserved 1048576K
}
Event: 1.967 GC heap after
{Heap after GC invocations=3 (full 0):
 garbage-first heap   total 122880K, used 16626K [0x0000000080000000, 0x0000000100000000)
  region size 1024K, 1 young (1024K), 1 survivors (1024K)
 Metaspace       used 20662K, capacity 21191K, committed 21296K, reserved 1069056K
  class space    used 2517K, capacity 2680K, committed 2688K, reserved 1048576K
}
Event: 2.424 GC heap before
{Heap before GC invocations=4 (full 0):
 garbage-first heap   total 122880K, used 60658K [0x0000000080000000, 0x0000000100000000)
  region size 1024K, 44 young (45056K), 1 survivors (1024K)
 Metaspace       used 25669K, capacity 26341K, committed 26368K, reserved 1073152K
  class space    used 3330K, capacity 3570K, committed 3584K, reserved 1048576K
}
Event: 2.427 GC heap after
{Heap after GC invocations=5 (full 0):
 garbage-first heap   total 122880K, used 18123K [0x0000000080000000, 0x0000000100000000)
  region size 1024K, 3 young (3072K), 3 survivors (3072K)
 Metaspace       used 25669K, capacity 26341K, committed 26368K, reserved 1073152K
  class space    used 3330K, capacity 3570K, committed 3584K, reserved 1048576K
}
Event: 3.080 GC heap before
{Heap before GC invocations=5 (full 0):
 garbage-first heap   total 122880K, used 65227K [0x0000000080000000, 0x0000000100000000)
  region size 1024K, 50 young (51200K), 3 survivors (3072K)
 Metaspace       used 33495K, capacity 34141K, committed 34304K, reserved 1079296K
  class space    used 4322K, capacity 4553K, committed 4608K, reserved 1048576K
}
Event: 3.085 GC heap after
{Heap after GC invocations=6 (full 0):
 garbage-first heap   total 122880K, used 20935K [0x0000000080000000, 0x0000000100000000)
  region size 1024K, 6 young (6144K), 6 survivors (6144K)
 Metaspace       used 33495K, capacity 34141K, committed 34304K, reserved 1079296K
  class space    used 4322K, capacity 4553K, committed 4608K, reserved 1048576K
}
Event: 3.240 GC heap before
{Heap before GC invocations=6 (full 0):
 garbage-first heap   total 122880K, used 33223K [0x0000000080000000, 0x0000000100000000)
  region size 1024K, 19 young (19456K), 6 survivors (6144K)
 Metaspace       used 35264K, capacity 36009K, committed 36048K, reserved 1081344K
  class space    used 4575K, capacity 4858K, committed 4864K, reserved 1048576K
}
Event: 3.249 GC heap after
{Heap after GC invocations=7 (full 0):
 garbage-first heap   total 122880K, used 22025K [0x0000000080000000, 0x0000000100000000)
  region size 1024K, 4 young (4096K), 4 survivors (4096K)
 Metaspace       used 35264K, capacity 36009K, committed 36048K, reserved 1081344K
  class space    used 4575K, capacity 4858K, committed 4864K, reserved 1048576K
}
Event: 3.852 GC heap before
{Heap before GC invocations=8 (full 0):
 garbage-first heap   total 122880K, used 80393K [0x0000000080000000, 0x0000000100000000)
  region size 1024K, 58 young (59392K), 4 survivors (4096K)
 Metaspace       used 40823K, capacity 41766K, committed 41936K, reserved 1085440K
  class space    used 5205K, capacity 5533K, committed 5632K, reserved 1048576K
}
Event: 3.860 GC heap after
{Heap after GC invocations=9 (full 0):
 garbage-first heap   total 147456K, used 24852K [0x0000000080000000, 0x0000000100000000)
  region size 1024K, 7 young (7168K), 7 survivors (7168K)
 Metaspace       used 40823K, capacity 41766K, committed 41936K, reserved 1085440K
  class space    used 5205K, capacity 5533K, committed 5632K, reserved 1048576K
}
Event: 4.598 GC heap before
{Heap before GC invocations=9 (full 0):
 garbage-first heap   total 147456K, used 92436K [0x0000000080000000, 0x0000000100000000)
  region size 1024K, 73 young (74752K), 7 survivors (7168K)
 Metaspace       used 44684K, capacity 45819K, committed 46032K, reserved 1089536K
  class space    used 5701K, capacity 6095K, committed 6144K, reserved 1048576K
}
Event: 4.608 GC heap after
{Heap after GC invocations=10 (full 0):
 garbage-first heap   total 147456K, used 30559K [0x0000000080000000, 0x0000000100000000)
  region size 1024K, 9 young (9216K), 9 survivors (9216K)
 Metaspace       used 44684K, capacity 45819K, committed 46032K, reserved 1089536K
  class space    used 5701K, capacity 6095K, committed 6144K, reserved 1048576K
}
Event: 5.335 GC heap before
{Heap before GC invocations=10 (full 0):
 garbage-first heap   total 147456K, used 100191K [0x0000000080000000, 0x0000000100000000)
  region size 1024K, 75 young (76800K), 9 survivors (9216K)
 Metaspace       used 53220K, capacity 54518K, committed 54864K, reserved 1097728K
  class space    used 6739K, capacity 7189K, committed 7296K, reserved 1048576K
}
Event: 5.348 GC heap after
{Heap after GC invocations=11 (full 0):
 garbage-first heap   total 147456K, used 38497K [0x0000000080000000, 0x0000000100000000)
  region size 1024K, 10 young (10240K), 10 survivors (10240K)
 Metaspace       used 53220K, capacity 54518K, committed 54864K, reserved 1097728K
  class space    used 6739K, capacity 7189K, committed 7296K, reserved 1048576K
}
Event: 6.137 GC heap before
{Heap before GC invocations=11 (full 0):
 garbage-first heap   total 147456K, used 87649K [0x0000000080000000, 0x0000000100000000)
  region size 1024K, 58 young (59392K), 10 survivors (10240K)
 Metaspace       used 58906K, capacity 60366K, committed 60496K, reserved 1101824K
  class space    used 7444K, capacity 7952K, committed 8064K, reserved 1048576K
}
Event: 6.161 GC heap after
{Heap after GC invocations=12 (full 0):
 garbage-first heap   total 147456K, used 44444K [0x0000000080000000, 0x0000000100000000)
  region size 1024K, 6 young (6144K), 6 survivors (6144K)
 Metaspace       used 58906K, capacity 60366K, committed 60496K, reserved 1101824K
  class space    used 7444K, capacity 7952K, committed 8064K, reserved 1048576K
}
Event: 7.011 GC heap before
{Heap before GC invocations=13 (full 0):
 garbage-first heap   total 147456K, used 102812K [0x0000000080000000, 0x0000000100000000)
  region size 1024K, 63 young (64512K), 6 survivors (6144K)
 Metaspace       used 63866K, capacity 65305K, committed 65616K, reserved 1105920K
  class space    used 8271K, capacity 8782K, committed 8832K, reserved 1048576K
}

Deoptimization events (20 events):
Event: 6.232 Thread 0x000001e8fec12000 Uncommon trap: trap_request=0xffffff4d fr.pc=0x000001e8ee818e90 relative=0x00000000000004d0
Event: 6.232 Thread 0x000001e8fec12000 Uncommon trap: reason=unstable_if action=reinterpret pc=0x000001e8ee818e90 method=java.lang.String.substring(II)Ljava/lang/String; @ 31 c2
Event: 6.232 Thread 0x000001e8fec12000 DEOPT PACKING pc=0x000001e8ee818e90 sp=0x00000092047f6720
Event: 6.232 Thread 0x000001e8fec12000 DEOPT UNPACKING pc=0x000001e8e6c574af sp=0x00000092047f66d8 mode 2
Event: 6.365 Thread 0x000001e8fec12000 Uncommon trap: trap_request=0xffffffdc fr.pc=0x000001e8eeae6168 relative=0x00000000000002a8
Event: 6.365 Thread 0x000001e8fec12000 Uncommon trap: reason=class_check action=make_not_entrant pc=0x000001e8eeae6168 method=java.util.ArrayList.toArray([Ljava/lang/Object;)[Ljava/lang/Object; @ 21 c2
Event: 6.365 Thread 0x000001e8fec12000 DEOPT PACKING pc=0x000001e8eeae6168 sp=0x00000092047f6360
Event: 6.365 Thread 0x000001e8fec12000 DEOPT UNPACKING pc=0x000001e8e6c574af sp=0x00000092047f6320 mode 2
Event: 6.373 Thread 0x000001e8fec12000 Uncommon trap: trap_request=0xfffffff4 fr.pc=0x000001e8eeae4e10 relative=0x00000000000009f0
Event: 6.373 Thread 0x000001e8fec12000 Uncommon trap: reason=null_check action=make_not_entrant pc=0x000001e8eeae4e10 method=com.sun.beans.introspect.MethodInfo$MethodOrder.compare(Ljava/lang/reflect/Method;Ljava/lang/reflect/Method;)I @ 133 c2
Event: 6.373 Thread 0x000001e8fec12000 DEOPT PACKING pc=0x000001e8eeae4e10 sp=0x00000092047f4190
Event: 6.373 Thread 0x000001e8fec12000 DEOPT UNPACKING pc=0x000001e8e6c574af sp=0x00000092047f40c0 mode 2
Event: 6.442 Thread 0x000001e8fec12000 Uncommon trap: trap_request=0xfffffff4 fr.pc=0x000001e8eeae8314 relative=0x0000000000000af4
Event: 6.442 Thread 0x000001e8fec12000 Uncommon trap: reason=null_check action=make_not_entrant pc=0x000001e8eeae8314 method=com.sun.beans.introspect.MethodInfo$MethodOrder.compare(Ljava/lang/reflect/Method;Ljava/lang/reflect/Method;)I @ 145 c2
Event: 6.442 Thread 0x000001e8fec12000 DEOPT PACKING pc=0x000001e8eeae8314 sp=0x00000092047f2e50
Event: 6.442 Thread 0x000001e8fec12000 DEOPT UNPACKING pc=0x000001e8e6c574af sp=0x00000092047f2d98 mode 2
Event: 6.442 Thread 0x000001e8fec12000 Uncommon trap: trap_request=0xfffffff4 fr.pc=0x000001e8eeaeb800 relative=0x0000000000000a60
Event: 6.442 Thread 0x000001e8fec12000 Uncommon trap: reason=null_check action=make_not_entrant pc=0x000001e8eeaeb800 method=com.sun.beans.introspect.MethodInfo$MethodOrder.compare(Ljava/lang/reflect/Method;Ljava/lang/reflect/Method;)I @ 145 c2
Event: 6.442 Thread 0x000001e8fec12000 DEOPT PACKING pc=0x000001e8eeaeb800 sp=0x00000092047f2df0
Event: 6.442 Thread 0x000001e8fec12000 DEOPT UNPACKING pc=0x000001e8e6c574af sp=0x00000092047f2da8 mode 2

Classes redefined (0 events):
No events

Internal exceptions (20 events):
Event: 6.441 Thread 0x000001e8fec12000 Exception <a 'java/lang/ClassNotFoundException'{0x0000000087a522b8}: com/android/build/gradle/internal/dsl/BuildType_DecoratedBeanInfo> (0x0000000087a522b8) thrown at [./src/hotspot/share/classfile/systemDictionary.cpp, line 231]
Event: 6.441 Thread 0x000001e8fec12000 Exception <a 'java/lang/ClassNotFoundException'{0x0000000087a682a0}: com/android/build/gradle/internal/dsl/BuildTypeBeanInfo> (0x0000000087a682a0) thrown at [./src/hotspot/share/classfile/systemDictionary.cpp, line 231]
Event: 6.441 Thread 0x000001e8fec12000 Exception <a 'java/lang/ClassNotFoundException'{0x0000000087a7d970}: com/android/builder/core/AbstractBuildTypeBeanInfo> (0x0000000087a7d970) thrown at [./src/hotspot/share/classfile/systemDictionary.cpp, line 231]
Event: 6.442 Thread 0x000001e8fec12000 Exception <a 'java/lang/ClassNotFoundException'{0x0000000087a93898}: com/android/builder/core/AbstractBuildTypeCustomizer> (0x0000000087a93898) thrown at [./src/hotspot/share/classfile/systemDictionary.cpp, line 231]
Event: 6.442 Thread 0x000001e8fec12000 Implicit null exception at 0x000001e8eeae7e97 to 0x000001e8eeae8300
Event: 6.442 Thread 0x000001e8fec12000 Implicit null exception at 0x000001e8eeaeb3be to 0x000001e8eeaeb7ec
Event: 6.444 Thread 0x000001e8fec12000 Exception <a 'java/lang/ClassNotFoundException'{0x0000000087ac5de8}: com/android/build/gradle/internal/dsl/BuildTypeCustomizer> (0x0000000087ac5de8) thrown at [./src/hotspot/share/classfile/systemDictionary.cpp, line 231]
Event: 6.448 Thread 0x000001e8fec12000 Exception <a 'java/lang/ClassNotFoundException'{0x000000008794b3a0}: com/android/build/gradle/internal/dsl/BuildType_DecoratedCustomizer> (0x000000008794b3a0) thrown at [./src/hotspot/share/classfile/systemDictionary.cpp, line 231]
Event: 6.457 Thread 0x000001e8fec12000 Exception <a 'java/lang/ClassNotFoundException'{0x0000000087805788}: build_c8j89snrgye5jijbsh4inr2gj$_run_closure1$_closure4BeanInfo> (0x0000000087805788) thrown at [./src/hotspot/share/classfile/systemDictionary.cpp, line 231]
Event: 6.457 Thread 0x000001e8fec12000 Exception <a 'java/lang/ClassNotFoundException'{0x0000000087814cf0}: build_c8j89snrgye5jijbsh4inr2gj$_run_closure1$_closure4Customizer> (0x0000000087814cf0) thrown at [./src/hotspot/share/classfile/systemDictionary.cpp, line 231]
Event: 6.460 Thread 0x000001e8fec12000 Exception <a 'java/lang/ClassNotFoundException'{0x000000008783b4d8}: build_c8j89snrgye5jijbsh4inr2gj$_run_closure1BeanInfo> (0x000000008783b4d8) thrown at [./src/hotspot/share/classfile/systemDictionary.cpp, line 231]
Event: 6.461 Thread 0x000001e8fec12000 Exception <a 'java/lang/ClassNotFoundException'{0x000000008784a238}: build_c8j89snrgye5jijbsh4inr2gj$_run_closure1Customizer> (0x000000008784a238) thrown at [./src/hotspot/share/classfile/systemDictionary.cpp, line 231]
Event: 6.474 Thread 0x000001e8fec12000 Exception <a 'java/lang/ClassNotFoundException'{0x00000000878a0558}: org/gradle/api/JavaVersionBeanInfo> (0x00000000878a0558) thrown at [./src/hotspot/share/classfile/systemDictionary.cpp, line 231]
Event: 6.475 Thread 0x000001e8fec12000 Exception <a 'java/lang/ClassNotFoundException'{0x00000000878aae58}: java/lang/EnumBeanInfo> (0x00000000878aae58) thrown at [./src/hotspot/share/classfile/systemDictionary.cpp, line 231]
Event: 6.475 Thread 0x000001e8fec12000 Exception <a 'java/lang/ClassNotFoundException'{0x00000000878b57c8}: java/lang/EnumCustomizer> (0x00000000878b57c8) thrown at [./src/hotspot/share/classfile/systemDictionary.cpp, line 231]
Event: 6.477 Thread 0x000001e8fec12000 Exception <a 'java/lang/ClassNotFoundException'{0x00000000878df490}: org/gradle/api/JavaVersionCustomizer> (0x00000000878df490) thrown at [./src/hotspot/share/classfile/systemDictionary.cpp, line 231]
Event: 6.482 Thread 0x000001e8fec12000 Exception <a 'java/lang/ClassNotFoundException'{0x000000008772d190}: com/android/build/gradle/internal/CompileOptions_DecoratedBeanInfo> (0x000000008772d190) thrown at [./src/hotspot/share/classfile/systemDictionary.cpp, line 231]
Event: 6.482 Thread 0x000001e8fec12000 Exception <a 'java/lang/ClassNotFoundException'{0x0000000087741ee8}: com/android/build/gradle/internal/CompileOptionsBeanInfo> (0x0000000087741ee8) thrown at [./src/hotspot/share/classfile/systemDictionary.cpp, line 231]
Event: 6.483 Thread 0x000001e8fec12000 Exception <a 'java/lang/ClassNotFoundException'{0x0000000087757280}: com/android/build/gradle/internal/CompileOptionsCustomizer> (0x0000000087757280) thrown at [./src/hotspot/share/classfile/systemDictionary.cpp, line 231]
Event: 6.484 Thread 0x000001e8fec12000 Exception <a 'java/lang/ClassNotFoundException'{0x0000000087778c10}: com/android/build/gradle/internal/CompileOptions_DecoratedCustomizer> (0x0000000087778c10) thrown at [./src/hotspot/share/classfile/systemDictionary.cpp, line 231]

Events (20 events):
Event: 6.995 loading class com/android/build/gradle/internal/DependencyConfigurator$configureGeneralTransforms$2 done
Event: 6.996 loading class com/android/build/gradle/internal/dependency/ExtractAarTransform
Event: 6.996 loading class com/android/build/gradle/internal/dependency/ExtractAarTransform done
Event: 6.998 loading class com/android/build/gradle/internal/dependency/MockableJarTransform
Event: 6.998 loading class com/android/build/gradle/internal/dependency/MockableJarTransform done
Event: 6.999 loading class com/android/build/gradle/internal/DependencyConfigurator$configureGeneralTransforms$3
Event: 6.999 loading class com/android/build/gradle/internal/DependencyConfigurator$configureGeneralTransforms$3 done
Event: 6.999 loading class com/android/build/gradle/internal/dependency/MockableJarTransform$Parameters
Event: 6.999 loading class com/android/build/gradle/internal/dependency/MockableJarTransform$Parameters done
Event: 7.003 loading class com/android/build/gradle/internal/DependencyConfigurator$configureGeneralTransforms$4
Event: 7.003 loading class com/android/build/gradle/internal/DependencyConfigurator$configureGeneralTransforms$4 done
Event: 7.004 loading class com/android/build/gradle/internal/dependency/PlatformAttrTransform
Event: 7.004 loading class com/android/build/gradle/internal/dependency/PlatformAttrTransform done
Event: 7.007 loading class com/android/build/gradle/internal/dependency/AarTransform
Event: 7.007 loading class com/android/build/gradle/internal/dependency/AarTransform done
Event: 7.008 loading class com/android/build/gradle/internal/DependencyConfigurator$configureGeneralTransforms$5
Event: 7.008 loading class com/android/build/gradle/internal/DependencyConfigurator$configureGeneralTransforms$5 done
Event: 7.008 loading class com/android/build/gradle/internal/dependency/AarTransform$Parameters
Event: 7.008 loading class com/android/build/gradle/internal/dependency/AarTransform$Parameters done
Event: 7.011 Executing VM operation: G1CollectForAllocation


Dynamic libraries:
0x00007ff66f6b0000 - 0x00007ff66f6ba000 	B:\programs\Android studio\jre\bin\java.exe
0x00007ff8c2910000 - 0x00007ff8c2b05000 	C:\Windows\SYSTEM32\ntdll.dll
0x00007ff8c15b0000 - 0x00007ff8c166e000 	C:\Windows\System32\KERNEL32.DLL
0x00007ff8c0030000 - 0x00007ff8c02f8000 	C:\Windows\System32\KERNELBASE.dll
0x00007ff8b0d30000 - 0x00007ff8b0d47000 	B:\programs\Android studio\jre\bin\VCRUNTIME140.dll
0x00007ff8b0c30000 - 0x00007ff8b0c49000 	B:\programs\Android studio\jre\bin\jli.dll
0x00007ff8c0470000 - 0x00007ff8c0570000 	C:\Windows\System32\ucrtbase.dll
0x00007ff8ae680000 - 0x00007ff8ae91a000 	C:\Windows\WinSxS\amd64_microsoft.windows.common-controls_6595b64144ccf1df_6.0.19041.1110_none_60b5254171f9507e\COMCTL32.dll
0x00007ff8c23f0000 - 0x00007ff8c2590000 	C:\Windows\System32\USER32.dll
0x00007ff8c20e0000 - 0x00007ff8c217e000 	C:\Windows\System32\msvcrt.dll
0x00007ff8c2840000 - 0x00007ff8c286b000 	C:\Windows\System32\GDI32.dll
0x00007ff8c0940000 - 0x00007ff8c0962000 	C:\Windows\System32\win32u.dll
0x00007ff8c05c0000 - 0x00007ff8c06cb000 	C:\Windows\System32\gdi32full.dll
0x00007ff8c06d0000 - 0x00007ff8c076d000 	C:\Windows\System32\msvcp_win.dll
0x00007ff8c1450000 - 0x00007ff8c1480000 	C:\Windows\System32\IMM32.DLL
0x00007ff898160000 - 0x00007ff8981fd000 	B:\programs\Android studio\jre\bin\msvcp140.dll
0x00007ff889dd0000 - 0x00007ff88a88c000 	B:\programs\Android studio\jre\bin\server\jvm.dll
0x00007ff8c2590000 - 0x00007ff8c263e000 	C:\Windows\System32\ADVAPI32.dll
0x00007ff8c1670000 - 0x00007ff8c170c000 	C:\Windows\System32\sechost.dll
0x00007ff8c1480000 - 0x00007ff8c15a5000 	C:\Windows\System32\RPCRT4.dll
0x00007ff8c2180000 - 0x00007ff8c2188000 	C:\Windows\System32\PSAPI.DLL
0x00007ff8aa4f0000 - 0x00007ff8aa4f9000 	C:\Windows\SYSTEM32\WSOCK32.dll
0x00007ff8b9ba0000 - 0x00007ff8b9baa000 	C:\Windows\SYSTEM32\VERSION.dll
0x00007ff8b9590000 - 0x00007ff8b95b7000 	C:\Windows\SYSTEM32\WINMM.dll
0x00007ff8c1710000 - 0x00007ff8c177b000 	C:\Windows\System32\WS2_32.dll
0x00007ff8be100000 - 0x00007ff8be112000 	C:\Windows\SYSTEM32\kernel.appcore.dll
0x00007ff88ae00000 - 0x00007ff88ae11000 	B:\programs\Android studio\jre\bin\verify.dll
0x00007ff8bdcb0000 - 0x00007ff8bde94000 	C:\Windows\SYSTEM32\DBGHELP.DLL
0x00007ff8b4310000 - 0x00007ff8b433c000 	C:\Windows\SYSTEM32\dbgcore.DLL
0x00007ff8c03b0000 - 0x00007ff8c0432000 	C:\Windows\System32\bcryptPrimitives.dll
0x00007ff889da0000 - 0x00007ff889dc9000 	B:\programs\Android studio\jre\bin\java.dll
0x00007ff8ac840000 - 0x00007ff8ac84b000 	B:\programs\Android studio\jre\bin\jimage.dll
0x00007ff88ac90000 - 0x00007ff88aca8000 	B:\programs\Android studio\jre\bin\zip.dll
0x00007ff8c0970000 - 0x00007ff8c10b4000 	C:\Windows\System32\SHELL32.dll
0x00007ff8be140000 - 0x00007ff8be8d4000 	C:\Windows\SYSTEM32\windows.storage.dll
0x00007ff8c1d80000 - 0x00007ff8c20d4000 	C:\Windows\System32\combase.dll
0x00007ff8bfa90000 - 0x00007ff8bfabc000 	C:\Windows\SYSTEM32\Wldp.dll
0x00007ff8c2190000 - 0x00007ff8c223d000 	C:\Windows\System32\SHCORE.dll
0x00007ff8c2870000 - 0x00007ff8c28c5000 	C:\Windows\System32\shlwapi.dll
0x00007ff8bff70000 - 0x00007ff8bff8f000 	C:\Windows\SYSTEM32\profapi.dll
0x00007ff889d80000 - 0x00007ff889d9a000 	B:\programs\Android studio\jre\bin\net.dll
0x00007ff8bba00000 - 0x00007ff8bbb09000 	C:\Windows\SYSTEM32\WINHTTP.dll
0x00007ff8bf7f0000 - 0x00007ff8bf85a000 	C:\Windows\system32\mswsock.dll
0x00007ff889d60000 - 0x00007ff889d74000 	B:\programs\Android studio\jre\bin\nio.dll
0x00007ff89a960000 - 0x00007ff89a987000 	C:\Users\Admin\.gradle\native\fdc75f09e3144964f2cf3f50f0aa648679c211496f362492102eb8c894070792\windows-amd64\native-platform.dll
0x00007ff898300000 - 0x00007ff898496000 	C:\Users\Admin\.gradle\native\12488b8bf47d2d4c9fbf2f6322a914ad602e24e48041cd04a747c6da556b65c4\windows-amd64\native-platform-file-events.dll
0x00007ff8ac7d0000 - 0x00007ff8ac7da000 	B:\programs\Android studio\jre\bin\management.dll
0x00007ff8ab7a0000 - 0x00007ff8ab7ac000 	B:\programs\Android studio\jre\bin\management_ext.dll
0x00007ff8bf9e0000 - 0x00007ff8bf9f8000 	C:\Windows\SYSTEM32\CRYPTSP.dll
0x00007ff8bf100000 - 0x00007ff8bf134000 	C:\Windows\system32\rsaenh.dll
0x00007ff8c0440000 - 0x00007ff8c0467000 	C:\Windows\System32\bcrypt.dll
0x00007ff8bfef0000 - 0x00007ff8bff1e000 	C:\Windows\SYSTEM32\USERENV.dll
0x00007ff8bfa00000 - 0x00007ff8bfa0c000 	C:\Windows\SYSTEM32\CRYPTBASE.dll
0x00007ff8bf490000 - 0x00007ff8bf4cb000 	C:\Windows\SYSTEM32\IPHLPAPI.DLL
0x00007ff8c1300000 - 0x00007ff8c1308000 	C:\Windows\System32\NSI.dll
0x00007ff8ba850000 - 0x00007ff8ba867000 	C:\Windows\SYSTEM32\dhcpcsvc6.DLL
0x00007ff8ba830000 - 0x00007ff8ba84d000 	C:\Windows\SYSTEM32\dhcpcsvc.DLL
0x00007ff8bf4d0000 - 0x00007ff8bf59a000 	C:\Windows\SYSTEM32\DNSAPI.dll
0x00007ff8bb9f0000 - 0x00007ff8bb9fb000 	C:\Windows\SYSTEM32\WINNSI.DLL

dbghelp: loaded successfully - version: 4.0.5 - missing functions: none
symbol engine: initialized successfully - sym options: 0x614 - pdb path: .;B:\programs\Android studio\jre\bin;C:\Windows\SYSTEM32;C:\Windows\WinSxS\amd64_microsoft.windows.common-controls_6595b64144ccf1df_6.0.19041.1110_none_60b5254171f9507e;B:\programs\Android studio\jre\bin\server;C:\Users\Admin\.gradle\native\fdc75f09e3144964f2cf3f50f0aa648679c211496f362492102eb8c894070792\windows-amd64;C:\Users\Admin\.gradle\native\12488b8bf47d2d4c9fbf2f6322a914ad602e24e48041cd04a747c6da556b65c4\windows-amd64

VM Arguments:
jvm_args: --add-opens=java.base/java.util=ALL-UNNAMED --add-opens=java.base/java.lang=ALL-UNNAMED --add-opens=java.base/java.lang.invoke=ALL-UNNAMED --add-opens=java.prefs/java.util.prefs=ALL-UNNAMED -Xmx2048m -Dfile.encoding=UTF-8 -Duser.country=UA -Duser.language=uk -Duser.variant 
java_command: org.gradle.launcher.daemon.bootstrap.GradleDaemon 6.7.1
java_class_path (initial): C:\Users\Admin\.gradle\wrapper\dists\gradle-6.7.1-bin\bwlcbys1h7rz3272sye1xwiv6\gradle-6.7.1\lib\gradle-launcher-6.7.1.jar
Launcher Type: SUN_STANDARD

[Global flags]
     intx CICompilerCount                          = 12                                        {product} {ergonomic}
     uint ConcGCThreads                            = 3                                         {product} {ergonomic}
     uint G1ConcRefinementThreads                  = 13                                        {product} {ergonomic}
   size_t G1HeapRegionSize                         = 1048576                                   {product} {ergonomic}
    uintx GCDrainStackTargetSize                   = 64                                        {product} {ergonomic}
   size_t InitialHeapSize                          = 125829120                                 {product} {ergonomic}
   size_t MarkStackSize                            = 4194304                                   {product} {ergonomic}
   size_t MaxHeapSize                              = 2147483648                                {product} {command line}
   size_t MaxNewSize                               = 1287651328                                {product} {ergonomic}
   size_t MinHeapDeltaBytes                        = 1048576                                   {product} {ergonomic}
    uintx NonNMethodCodeHeapSize                   = 7594288                                {pd product} {ergonomic}
    uintx NonProfiledCodeHeapSize                  = 122031976                              {pd product} {ergonomic}
    uintx ProfiledCodeHeapSize                     = 122031976                              {pd product} {ergonomic}
    uintx ReservedCodeCacheSize                    = 251658240                              {pd product} {ergonomic}
     bool SegmentedCodeCache                       = true                                      {product} {ergonomic}
     bool UseCompressedClassPointers               = true                                 {lp64_product} {ergonomic}
     bool UseCompressedOops                        = true                                 {lp64_product} {ergonomic}
     bool UseG1GC                                  = true                                      {product} {ergonomic}
     bool UseLargePagesIndividualAllocation        = false                                  {pd product} {ergonomic}

Logging:
Log output configuration:
 #0: stdout all=warning uptime,level,tags
 #1: stderr all=off uptime,level,tags

Environment Variables:
PATH=C:\Program Files (x86)\Common Files\Intel\Shared Libraries\redist\intel64\compiler;C:\ProgramData\Oracle\Java\javapath;C:\Windows\system32;C:\Windows;C:\Windows\System32\Wbem;C:\Windows\System32\WindowsPowerShell\v1.0\;C:\Windows\System32\OpenSSH\;C:\Program Files (x86)\NVIDIA Corporation\PhysX\Common;C:\Program Files\NVIDIA Corporation\NVIDIA NvDLISR;B:\programs\Git\Git\cmd;C:\Users\Admin\AppData\Local\Microsoft\WindowsApps;C:\Users\Admin\AppData\Local\GitHubDesktop\bin
USERNAME=Admin
OS=Windows_NT
PROCESSOR_IDENTIFIER=AMD64 Family 23 Model 96 Stepping 1, AuthenticAMD



---------------  S Y S T E M  ---------------

OS: Windows 10 , 64 bit Build 19041 (10.0.19041.1566)
OS uptime: 0 days 10:57 hours

CPU:total 16 (initial active 16) (16 cores per cpu, 2 threads per core) family 23 model 96 stepping 1, cmov, cx8, fxsr, mmx, sse, sse2, sse3, ssse3, sse4.1, sse4.2, popcnt, avx, avx2, aes, clmul, mmxext, 3dnowpref, lzcnt, sse4a, ht, tsc, tscinvbit, tscinv, bmi1, bmi2, adx, sha, fma

Memory: 4k page, system-wide physical 7600M (1107M free)
TotalPageFile size 10668M (AvailPageFile size 15M)
current process WorkingSet (physical memory assigned to process): 366M, peak: 369M
current process commit charge ("private bytes"): 418M, peak: 449M

vm_info: OpenJDK 64-Bit Server VM (11.0.8+10-b944.6842174) for windows-amd64 JRE (11.0.8+10-b944.6842174), built on Sep 19 2020 01:11:42 by "builder" with MS VC++ 14.0 (VS2015)

END.
