#
# There is insufficient memory for the Java Runtime Environment to continue.
# Native memory allocation (malloc) failed to allocate 1302896 bytes for Chunk::new
# Possible reasons:
#   The system is out of physical RAM or swap space
#   The process is running with CompressedOops enabled, and the Java Heap may be blocking the growth of the native heap
# Possible solutions:
#   Reduce memory load on the system
#   Increase physical memory or swap space
#   Check if swap backing store is full
#   Decrease Java heap size (-Xmx/-Xms)
#   Decrease number of Java threads
#   Decrease Java thread stack sizes (-Xss)
#   Set larger code cache with -XX:ReservedCodeCacheSize=
#   JVM is running with Unscaled Compressed Oops mode in which the Java heap is
#     placed in the first 4GB address space. The Java Heap base address is the
#     maximum limit for the native heap growth. Please use -XX:HeapBaseMinAddress
#     to set the Java Heap base and to place the Java Heap above 4GB virtual address.
# This output file may be truncated or incomplete.
#
#  Out of Memory Error (./src/hotspot/share/memory/arena.cpp:197), pid=5484, tid=8888
#
# JRE version: OpenJDK Runtime Environment (11.0.8+10) (build 11.0.8+10-b944.6842174)
# Java VM: OpenJDK 64-Bit Server VM (11.0.8+10-b944.6842174, mixed mode, tiered, compressed oops, g1 gc, windows-amd64)
# No core dump will be written. Minidumps are not enabled by default on client versions of Windows
#

---------------  S U M M A R Y ------------

Command Line: --add-opens=java.base/java.util=ALL-UNNAMED --add-opens=java.base/java.lang=ALL-UNNAMED --add-opens=java.base/java.lang.invoke=ALL-UNNAMED --add-opens=java.prefs/java.util.prefs=ALL-UNNAMED -Xmx2048m -Dfile.encoding=UTF-8 -Duser.country=UA -Duser.language=uk -Duser.variant org.gradle.launcher.daemon.bootstrap.GradleDaemon 6.7.1

Host: AMD Ryzen 7 4800H with Radeon Graphics         , 16 cores, 7G,  Windows 10 , 64 bit Build 19041 (10.0.19041.1566)
Time: Thu Mar 31 10:50:35 2022 Ô³íëÿíä³ÿ (ë³òî) elapsed time: 9 seconds (0d 0h 0m 9s)

---------------  T H R E A D  ---------------

Current thread (0x000002acaa517000):  JavaThread "C2 CompilerThread0" daemon [_thread_in_native, id=8888, stack(0x000000b9ac900000,0x000000b9aca00000)]


Current CompileTask:
C2:   9740 8456       4       org.gradle.cache.internal.btree.FreeListBlockStore::read (12 bytes)

Stack: [0x000000b9ac900000,0x000000b9aca00000]
Native frames: (J=compiled Java code, j=interpreted, Vv=VM code, C=native code)
V  [jvm.dll+0x5de50a]
V  [jvm.dll+0x7122f5]
V  [jvm.dll+0x71384d]
V  [jvm.dll+0x713f03]
V  [jvm.dll+0x23e728]
V  [jvm.dll+0xb899c]
V  [jvm.dll+0xb8e9c]
V  [jvm.dll+0x35020b]
V  [jvm.dll+0x31dea3]
V  [jvm.dll+0x31d39a]
V  [jvm.dll+0x1f7702]
V  [jvm.dll+0x1f68d4]
V  [jvm.dll+0x17f32c]
V  [jvm.dll+0x205047]
V  [jvm.dll+0x203891]
V  [jvm.dll+0x6dad3f]
V  [jvm.dll+0x6d3895]
V  [jvm.dll+0x5dd4a6]
C  [ucrtbase.dll+0x21bb2]
C  [KERNEL32.DLL+0x17034]
C  [ntdll.dll+0x52651]


---------------  P R O C E S S  ---------------

Threads class SMR info:
_java_thread_list=0x000002acb0204750, length=170, elements={
0x000002ac8d738000, 0x000002acaa4f6000, 0x000002acaa4ff000, 0x000002acaa512800,
0x000002acaa514000, 0x000002acaa517000, 0x000002acaa51a000, 0x000002acaa529000,
0x000002acaafcd800, 0x000002acaafd8000, 0x000002acaaff4800, 0x000002acab07d000,
0x000002acab22c800, 0x000002acad0e2000, 0x000002acabe73800, 0x000002acac0f1800,
0x000002acac3d0800, 0x000002acac415000, 0x000002acabfa4800, 0x000002acae2df800,
0x000002acae2e0800, 0x000002acacd64000, 0x000002acae24a800, 0x000002acad831000,
0x000002acac778000, 0x000002acac777000, 0x000002acac774800, 0x000002acac778800,
0x000002acac775800, 0x000002acad727800, 0x000002acac776000, 0x000002acac773000,
0x000002acae461000, 0x000002acac773800, 0x000002acac779800, 0x000002acae560000,
0x000002acae561800, 0x000002acae563800, 0x000002acae566000, 0x000002acae566800,
0x000002acae564000, 0x000002acae565000, 0x000002acae562800, 0x000002acb0bc5800,
0x000002acb0bc1800, 0x000002acb0bc6000, 0x000002acb0bc0800, 0x000002acb0bc7000,
0x000002acb0bc8000, 0x000002acb0bc3800, 0x000002acb0bc2000, 0x000002acb0bc4800,
0x000002acb0bc8800, 0x000002acb0bc3000, 0x000002acb0bc9800, 0x000002acb0bca800,
0x000002acb0bce800, 0x000002acb0bcb000, 0x000002acb0bcd800, 0x000002acb0bcc000,
0x000002acb0bcf000, 0x000002acb0bcc800, 0x000002acb342c800, 0x000002acb3429000,
0x000002acb342a000, 0x000002acb342d000, 0x000002acb342b800, 0x000002acb342e000,
0x000002acb3428800, 0x000002acb342f000, 0x000002acb342f800, 0x000002acb3430800,
0x000002acb342a800, 0x000002acb3437000, 0x000002acb3431800, 0x000002acb3432000,
0x000002acb3433000, 0x000002acb3433800, 0x000002acb3434800, 0x000002acb3435800,
0x000002acb3436000, 0x000002acb0a37800, 0x000002acb0a38000, 0x000002acb0a39000,
0x000002acb0a3a000, 0x000002acb0a35800, 0x000002acb0a34000, 0x000002acb0a35000,
0x000002acb0a3a800, 0x000002acb0a3b800, 0x000002acb0a3c800, 0x000002acb0a36800,
0x000002acb0a3e000, 0x000002acb0a40800, 0x000002acb0a42000, 0x000002acb0a3e800,
0x000002acb0a3f800, 0x000002acb0a41000, 0x000002acb0a43000, 0x000002acb0a3d000,
0x000002acb21ef800, 0x000002acb21ed800, 0x000002acb21ee800, 0x000002acb21ed000,
0x000002acb21f2800, 0x000002acb21f5000, 0x000002acb21f0000, 0x000002acb21f6000,
0x000002acb21f6800, 0x000002acb21f3800, 0x000002acb21f1000, 0x000002acb21f7800,
0x000002acb21f2000, 0x000002acb21f9000, 0x000002acb21fa000, 0x000002acb21f4000,
0x000002acb21fb000, 0x000002acb21f8800, 0x000002acb21fb800, 0x000002acb077d800,
0x000002acb0781800, 0x000002acb0784000, 0x000002acb077f800, 0x000002acb0782800,
0x000002acb0783800, 0x000002acb0781000, 0x000002acb0780000, 0x000002acb077e800,
0x000002acb0787800, 0x000002acb0786800, 0x000002acb0788800, 0x000002acb0789000,
0x000002acb078a000, 0x000002acb078a800, 0x000002acb0785000, 0x000002acb0786000,
0x000002acb078b800, 0x000002acb078c800, 0x000002acaec1c800, 0x000002acaec1d800,
0x000002acaec19800, 0x000002acaec20000, 0x000002acaec1e000, 0x000002acaec1b000,
0x000002acaec1a000, 0x000002acaec21800, 0x000002acaec1b800, 0x000002acaec1f000,
0x000002acaec20800, 0x000002acaec24800, 0x000002acaec26800, 0x000002acaec27000,
0x000002acaec22800, 0x000002acaec28000, 0x000002acaec23000, 0x000002acaec25800,
0x000002acaec24000, 0x000002acb0d0b000, 0x000002acb0d09000, 0x000002acb0d0d800,
0x000002acb0d0b800, 0x000002acb0d08800, 0x000002acb0d0c800, 0x000002acb0d0e000,
0x000002acb0d0f000, 0x000002acb0d0f800, 0x000002acb0d0a000, 0x000002acb0d13000,
0x000002acb0d15800, 0x000002acb0d16000
}

Java Threads: ( => current thread )
  0x000002ac8d738000 JavaThread "main" [_thread_blocked, id=14424, stack(0x000000b9abe00000,0x000000b9abf00000)]
  0x000002acaa4f6000 JavaThread "Reference Handler" daemon [_thread_blocked, id=8220, stack(0x000000b9ac500000,0x000000b9ac600000)]
  0x000002acaa4ff000 JavaThread "Finalizer" daemon [_thread_blocked, id=16164, stack(0x000000b9ac600000,0x000000b9ac700000)]
  0x000002acaa512800 JavaThread "Signal Dispatcher" daemon [_thread_blocked, id=15568, stack(0x000000b9ac700000,0x000000b9ac800000)]
  0x000002acaa514000 JavaThread "Attach Listener" daemon [_thread_blocked, id=12716, stack(0x000000b9ac800000,0x000000b9ac900000)]
=>0x000002acaa517000 JavaThread "C2 CompilerThread0" daemon [_thread_in_native, id=8888, stack(0x000000b9ac900000,0x000000b9aca00000)]
  0x000002acaa51a000 JavaThread "C1 CompilerThread0" daemon [_thread_blocked, id=15008, stack(0x000000b9aca00000,0x000000b9acb00000)]
  0x000002acaa529000 JavaThread "Sweeper thread" daemon [_thread_blocked, id=9004, stack(0x000000b9acb00000,0x000000b9acc00000)]
  0x000002acaafcd800 JavaThread "Common-Cleaner" daemon [_thread_blocked, id=10860, stack(0x000000b9acc00000,0x000000b9acd00000)]
  0x000002acaafd8000 JavaThread "C1 CompilerThread1" daemon [_thread_blocked, id=15656, stack(0x000000b9acd00000,0x000000b9ace00000)]
  0x000002acaaff4800 JavaThread "C1 CompilerThread2" daemon [_thread_blocked, id=10740, stack(0x000000b9ace00000,0x000000b9acf00000)]
  0x000002acab07d000 JavaThread "Service Thread" daemon [_thread_blocked, id=12980, stack(0x000000b9acf00000,0x000000b9ad000000)]
  0x000002acab22c800 JavaThread "C2 CompilerThread1" daemon [_thread_in_native, id=1392, stack(0x000000b9ad100000,0x000000b9ad200000)]
  0x000002acad0e2000 JavaThread "C1 CompilerThread3" daemon [_thread_blocked, id=3948, stack(0x000000b9ad500000,0x000000b9ad600000)]
  0x000002acabe73800 JavaThread "Daemon health stats" [_thread_blocked, id=7560, stack(0x000000b9ad600000,0x000000b9ad700000)]
  0x000002acac0f1800 JavaThread "Incoming local TCP Connector on port 63198" [_thread_in_native, id=5840, stack(0x000000b9ad800000,0x000000b9ad900000)]
  0x000002acac3d0800 JavaThread "Daemon periodic checks" [_thread_blocked, id=9900, stack(0x000000b9ad900000,0x000000b9ada00000)]
  0x000002acac415000 JavaThread "Daemon" [_thread_blocked, id=13948, stack(0x000000b9ada00000,0x000000b9adb00000)]
  0x000002acabfa4800 JavaThread "Handler for socket connection from /127.0.0.1:63198 to /127.0.0.1:63199" [_thread_in_native, id=12444, stack(0x000000b9adb00000,0x000000b9adc00000)]
  0x000002acae2df800 JavaThread "Cancel handler" [_thread_blocked, id=16076, stack(0x000000b9adc00000,0x000000b9add00000)]
  0x000002acae2e0800 JavaThread "Daemon worker" [_thread_blocked, id=5864, stack(0x000000b9add00000,0x000000b9ade00000)]
  0x000002acacd64000 JavaThread "Asynchronous log dispatcher for DefaultDaemonConnection: socket connection from /127.0.0.1:63198 to /127.0.0.1:63199" [_thread_blocked, id=15040, stack(0x000000b9ade00000,0x000000b9adf00000)]
  0x000002acae24a800 JavaThread "Stdin handler" [_thread_blocked, id=1876, stack(0x000000b9adf00000,0x000000b9ae000000)]
  0x000002acad831000 JavaThread "Thread-8" [_thread_blocked, id=5756, stack(0x000000b9ae000000,0x000000b9ae100000)]
  0x000002acac778000 JavaThread "Cache worker for file hash cache (C:\Users\Admin\.gradle\caches\6.7.1\fileHashes)" [_thread_blocked, id=3868, stack(0x000000b9aed00000,0x000000b9aee00000)]
  0x000002acac777000 JavaThread "File lock request listener" [_thread_in_native, id=4104, stack(0x000000b9aee00000,0x000000b9aef00000)]
  0x000002acac774800 JavaThread "Cache worker for journal cache (C:\Users\Admin\.gradle\caches\journal-1)" [_thread_blocked, id=12700, stack(0x000000b9af000000,0x000000b9af100000)]
  0x000002acac778800 JavaThread "Cache worker for file hash cache (B:\programs\Java_dev\codes\Alarm\.gradle\6.7.1\fileHashes)" [_thread_blocked, id=2864, stack(0x000000b9af100000,0x000000b9af200000)]
  0x000002acac775800 JavaThread "Cache worker for checksums cache (B:\programs\Java_dev\codes\Alarm\.gradle\checksums)" [_thread_blocked, id=2584, stack(0x000000b9af200000,0x000000b9af300000)]
  0x000002acad727800 JavaThread "C2 CompilerThread2" daemon [_thread_in_native, id=8152, stack(0x000000b9af300000,0x000000b9af400000)]
  0x000002acac776000 JavaThread "Cache worker for cache directory md-supplier (C:\Users\Admin\.gradle\caches\6.7.1\md-supplier)" [_thread_blocked, id=1868, stack(0x000000b9af400000,0x000000b9af500000)]
  0x000002acac773000 JavaThread "Cache worker for cache directory md-rule (C:\Users\Admin\.gradle\caches\6.7.1\md-rule)" [_thread_blocked, id=8500, stack(0x000000b9af500000,0x000000b9af600000)]
  0x000002acae461000 JavaThread "C2 CompilerThread3" daemon [_thread_in_native, id=12956, stack(0x000000b9af600000,0x000000b9af700000)]
  0x000002acac773800 JavaThread "Cache worker for execution history cache (C:\Users\Admin\.gradle\caches\6.7.1\executionHistory)" [_thread_blocked, id=13920, stack(0x000000b9af700000,0x000000b9af800000)]
  0x000002acac779800 JavaThread "jar transforms" [_thread_blocked, id=11424, stack(0x000000b9af800000,0x000000b9af900000)]
  0x000002acae560000 JavaThread "Cache worker for file content cache (C:\Users\Admin\.gradle\caches\6.7.1\fileContent)" [_thread_blocked, id=12976, stack(0x000000b9af900000,0x000000b9afa00000)]
  0x000002acae561800 JavaThread "Cache worker for Build Output Cleanup Cache (B:\programs\Java_dev\codes\Alarm\.gradle\buildOutputCleanup)" [_thread_blocked, id=15764, stack(0x000000b9afa00000,0x000000b9afb00000)]
  0x000002acae563800 JavaThread "Build operations" [_thread_blocked, id=1600, stack(0x000000b9afb00000,0x000000b9afc00000)]
  0x000002acae566000 JavaThread "Build operations Thread 2" [_thread_blocked, id=8064, stack(0x000000b9afc00000,0x000000b9afd00000)]
  0x000002acae566800 JavaThread "Build operations Thread 3" [_thread_blocked, id=2888, stack(0x000000b9afd00000,0x000000b9afe00000)]
  0x000002acae564000 JavaThread "Build operations Thread 4" [_thread_blocked, id=2264, stack(0x000000b9afe00000,0x000000b9aff00000)]
  0x000002acae565000 JavaThread "Build operations Thread 5" [_thread_blocked, id=7856, stack(0x000000b9aff00000,0x000000b9b0000000)]
  0x000002acae562800 JavaThread "Build operations Thread 6" [_thread_blocked, id=8592, stack(0x000000b9b0000000,0x000000b9b0100000)]
  0x000002acb0bc5800 JavaThread "Build operations Thread 7" [_thread_blocked, id=15648, stack(0x000000b9b0100000,0x000000b9b0200000)]
  0x000002acb0bc1800 JavaThread "Build operations Thread 8" [_thread_blocked, id=14312, stack(0x000000b9b0200000,0x000000b9b0300000)]
  0x000002acb0bc6000 JavaThread "Build operations Thread 9" [_thread_blocked, id=15368, stack(0x000000b9b0300000,0x000000b9b0400000)]
  0x000002acb0bc0800 JavaThread "Build operations Thread 10" [_thread_blocked, id=988, stack(0x000000b9b0400000,0x000000b9b0500000)]
  0x000002acb0bc7000 JavaThread "Build operations Thread 11" [_thread_blocked, id=12552, stack(0x000000b9b0500000,0x000000b9b0600000)]
  0x000002acb0bc8000 JavaThread "Build operations Thread 12" [_thread_blocked, id=8632, stack(0x000000b9b0600000,0x000000b9b0700000)]
  0x000002acb0bc3800 JavaThread "Build operations Thread 13" [_thread_blocked, id=12040, stack(0x000000b9b0700000,0x000000b9b0800000)]
  0x000002acb0bc2000 JavaThread "Build operations Thread 14" [_thread_blocked, id=2260, stack(0x000000b9b0800000,0x000000b9b0900000)]
  0x000002acb0bc4800 JavaThread "Build operations Thread 15" [_thread_blocked, id=5396, stack(0x000000b9b0900000,0x000000b9b0a00000)]
  0x000002acb0bc8800 JavaThread "Build operations Thread 16" [_thread_blocked, id=5344, stack(0x000000b9b0a00000,0x000000b9b0b00000)]
  0x000002acb0bc3000 JavaThread "jar transforms Thread 2" [_thread_blocked, id=8468, stack(0x000000b9b0b00000,0x000000b9b0c00000)]
  0x000002acb0bc9800 JavaThread "jar transforms Thread 3" [_thread_blocked, id=5208, stack(0x000000b9b0c00000,0x000000b9b0d00000)]
  0x000002acb0bca800 JavaThread "jar transforms Thread 4" [_thread_blocked, id=9740, stack(0x000000b9b0d00000,0x000000b9b0e00000)]
  0x000002acb0bce800 JavaThread "jar transforms Thread 5" [_thread_blocked, id=9552, stack(0x000000b9b0e00000,0x000000b9b0f00000)]
  0x000002acb0bcb000 JavaThread "jar transforms Thread 6" [_thread_blocked, id=3588, stack(0x000000b9b0f00000,0x000000b9b1000000)]
  0x000002acb0bcd800 JavaThread "jar transforms Thread 7" [_thread_blocked, id=13820, stack(0x000000b9b1000000,0x000000b9b1100000)]
  0x000002acb0bcc000 JavaThread "jar transforms Thread 8" [_thread_blocked, id=9652, stack(0x000000b9b1100000,0x000000b9b1200000)]
  0x000002acb0bcf000 JavaThread "jar transforms Thread 9" [_thread_blocked, id=10972, stack(0x000000b9b1200000,0x000000b9b1300000)]
  0x000002acb0bcc800 JavaThread "jar transforms Thread 10" [_thread_blocked, id=7080, stack(0x000000b9b1300000,0x000000b9b1400000)]
  0x000002acb342c800 JavaThread "jar transforms Thread 11" [_thread_blocked, id=5672, stack(0x000000b9b1400000,0x000000b9b1500000)]
  0x000002acb3429000 JavaThread "jar transforms Thread 12" [_thread_blocked, id=1464, stack(0x000000b9b1500000,0x000000b9b1600000)]
  0x000002acb342a000 JavaThread "jar transforms Thread 13" [_thread_blocked, id=15988, stack(0x000000b9b1600000,0x000000b9b1700000)]
  0x000002acb342d000 JavaThread "jar transforms Thread 14" [_thread_blocked, id=11932, stack(0x000000b9b1700000,0x000000b9b1800000)]
  0x000002acb342b800 JavaThread "jar transforms Thread 15" [_thread_blocked, id=6412, stack(0x000000b9b1800000,0x000000b9b1900000)]
  0x000002acb342e000 JavaThread "jar transforms Thread 16" [_thread_blocked, id=8144, stack(0x000000b9b1900000,0x000000b9b1a00000)]
  0x000002acb3428800 JavaThread "jar transforms Thread 17" [_thread_blocked, id=14352, stack(0x000000b9b1a00000,0x000000b9b1b00000)]
  0x000002acb342f000 JavaThread "jar transforms Thread 18" [_thread_blocked, id=2004, stack(0x000000b9b1b00000,0x000000b9b1c00000)]
  0x000002acb342f800 JavaThread "jar transforms Thread 19" [_thread_blocked, id=372, stack(0x000000b9b1c00000,0x000000b9b1d00000)]
  0x000002acb3430800 JavaThread "jar transforms Thread 20" [_thread_blocked, id=6624, stack(0x000000b9b1d00000,0x000000b9b1e00000)]
  0x000002acb342a800 JavaThread "jar transforms Thread 21" [_thread_blocked, id=9452, stack(0x000000b9b1e00000,0x000000b9b1f00000)]
  0x000002acb3437000 JavaThread "jar transforms Thread 22" [_thread_blocked, id=12340, stack(0x000000b9b1f00000,0x000000b9b2000000)]
  0x000002acb3431800 JavaThread "jar transforms Thread 23" [_thread_blocked, id=1512, stack(0x000000b9b2000000,0x000000b9b2100000)]
  0x000002acb3432000 JavaThread "jar transforms Thread 24" [_thread_blocked, id=15844, stack(0x000000b9b2100000,0x000000b9b2200000)]
  0x000002acb3433000 JavaThread "jar transforms Thread 25" [_thread_blocked, id=6032, stack(0x000000b9b2200000,0x000000b9b2300000)]
  0x000002acb3433800 JavaThread "jar transforms Thread 26" [_thread_blocked, id=5204, stack(0x000000b9b2300000,0x000000b9b2400000)]
  0x000002acb3434800 JavaThread "jar transforms Thread 27" [_thread_blocked, id=14244, stack(0x000000b9b2400000,0x000000b9b2500000)]
  0x000002acb3435800 JavaThread "jar transforms Thread 28" [_thread_blocked, id=5316, stack(0x000000b9b2500000,0x000000b9b2600000)]
  0x000002acb3436000 JavaThread "jar transforms Thread 29" [_thread_blocked, id=4980, stack(0x000000b9b2600000,0x000000b9b2700000)]
  0x000002acb0a37800 JavaThread "jar transforms Thread 30" [_thread_blocked, id=7808, stack(0x000000b9b2700000,0x000000b9b2800000)]
  0x000002acb0a38000 JavaThread "jar transforms Thread 31" [_thread_blocked, id=7664, stack(0x000000b9b2800000,0x000000b9b2900000)]
  0x000002acb0a39000 JavaThread "jar transforms Thread 32" [_thread_blocked, id=14184, stack(0x000000b9b2900000,0x000000b9b2a00000)]
  0x000002acb0a3a000 JavaThread "jar transforms Thread 33" [_thread_blocked, id=12248, stack(0x000000b9b2a00000,0x000000b9b2b00000)]
  0x000002acb0a35800 JavaThread "jar transforms Thread 34" [_thread_blocked, id=5740, stack(0x000000b9b2b00000,0x000000b9b2c00000)]
  0x000002acb0a34000 JavaThread "jar transforms Thread 35" [_thread_blocked, id=10720, stack(0x000000b9b2c00000,0x000000b9b2d00000)]
  0x000002acb0a35000 JavaThread "jar transforms Thread 36" [_thread_blocked, id=2648, stack(0x000000b9b2d00000,0x000000b9b2e00000)]
  0x000002acb0a3a800 JavaThread "jar transforms Thread 37" [_thread_blocked, id=9176, stack(0x000000b9b2e00000,0x000000b9b2f00000)]
  0x000002acb0a3b800 JavaThread "jar transforms Thread 38" [_thread_blocked, id=2036, stack(0x000000b9b2f00000,0x000000b9b3000000)]
  0x000002acb0a3c800 JavaThread "jar transforms Thread 39" [_thread_blocked, id=10788, stack(0x000000b9b3000000,0x000000b9b3100000)]
  0x000002acb0a36800 JavaThread "jar transforms Thread 40" [_thread_blocked, id=11724, stack(0x000000b9b3100000,0x000000b9b3200000)]
  0x000002acb0a3e000 JavaThread "jar transforms Thread 41" [_thread_blocked, id=8512, stack(0x000000b9b3200000,0x000000b9b3300000)]
  0x000002acb0a40800 JavaThread "jar transforms Thread 42" [_thread_blocked, id=15484, stack(0x000000b9b3300000,0x000000b9b3400000)]
  0x000002acb0a42000 JavaThread "jar transforms Thread 43" [_thread_blocked, id=14408, stack(0x000000b9b3400000,0x000000b9b3500000)]
  0x000002acb0a3e800 JavaThread "jar transforms Thread 44" [_thread_blocked, id=7748, stack(0x000000b9b3500000,0x000000b9b3600000)]
  0x000002acb0a3f800 JavaThread "jar transforms Thread 45" [_thread_blocked, id=13132, stack(0x000000b9b3600000,0x000000b9b3700000)]
  0x000002acb0a41000 JavaThread "jar transforms Thread 46" [_thread_blocked, id=2892, stack(0x000000b9b3700000,0x000000b9b3800000)]
  0x000002acb0a43000 JavaThread "jar transforms Thread 47" [_thread_blocked, id=8604, stack(0x000000b9b3800000,0x000000b9b3900000)]
  0x000002acb0a3d000 JavaThread "jar transforms Thread 48" [_thread_blocked, id=9528, stack(0x000000b9b3900000,0x000000b9b3a00000)]
  0x000002acb21ef800 JavaThread "jar transforms Thread 49" [_thread_blocked, id=8224, stack(0x000000b9b3a00000,0x000000b9b3b00000)]
  0x000002acb21ed800 JavaThread "jar transforms Thread 50" [_thread_blocked, id=11904, stack(0x000000b9b3b00000,0x000000b9b3c00000)]
  0x000002acb21ee800 JavaThread "jar transforms Thread 51" [_thread_blocked, id=8812, stack(0x000000b9b3c00000,0x000000b9b3d00000)]
  0x000002acb21ed000 JavaThread "jar transforms Thread 52" [_thread_blocked, id=15320, stack(0x000000b9b3d00000,0x000000b9b3e00000)]
  0x000002acb21f2800 JavaThread "jar transforms Thread 53" [_thread_blocked, id=8980, stack(0x000000b9b3e00000,0x000000b9b3f00000)]
  0x000002acb21f5000 JavaThread "jar transforms Thread 54" [_thread_blocked, id=15652, stack(0x000000b9b3f00000,0x000000b9b4000000)]
  0x000002acb21f0000 JavaThread "jar transforms Thread 55" [_thread_blocked, id=16380, stack(0x000000b9b4000000,0x000000b9b4100000)]
  0x000002acb21f6000 JavaThread "jar transforms Thread 56" [_thread_blocked, id=7932, stack(0x000000b9b4100000,0x000000b9b4200000)]
  0x000002acb21f6800 JavaThread "jar transforms Thread 57" [_thread_blocked, id=4316, stack(0x000000b9b4200000,0x000000b9b4300000)]
  0x000002acb21f3800 JavaThread "jar transforms Thread 58" [_thread_blocked, id=724, stack(0x000000b9b4300000,0x000000b9b4400000)]
  0x000002acb21f1000 JavaThread "jar transforms Thread 59" [_thread_blocked, id=2936, stack(0x000000b9b4400000,0x000000b9b4500000)]
  0x000002acb21f7800 JavaThread "jar transforms Thread 60" [_thread_blocked, id=15300, stack(0x000000b9b4500000,0x000000b9b4600000)]
  0x000002acb21f2000 JavaThread "jar transforms Thread 61" [_thread_blocked, id=16320, stack(0x000000b9b4600000,0x000000b9b4700000)]
  0x000002acb21f9000 JavaThread "jar transforms Thread 62" [_thread_blocked, id=7772, stack(0x000000b9b4700000,0x000000b9b4800000)]
  0x000002acb21fa000 JavaThread "jar transforms Thread 63" [_thread_blocked, id=15216, stack(0x000000b9b4800000,0x000000b9b4900000)]
  0x000002acb21f4000 JavaThread "jar transforms Thread 64" [_thread_blocked, id=8188, stack(0x000000b9b4900000,0x000000b9b4a00000)]
  0x000002acb21fb000 JavaThread "jar transforms Thread 65" [_thread_blocked, id=7948, stack(0x000000b9b4a00000,0x000000b9b4b00000)]
  0x000002acb21f8800 JavaThread "jar transforms Thread 66" [_thread_blocked, id=14028, stack(0x000000b9b4b00000,0x000000b9b4c00000)]
  0x000002acb21fb800 JavaThread "jar transforms Thread 67" [_thread_blocked, id=12964, stack(0x000000b9b4c00000,0x000000b9b4d00000)]
  0x000002acb077d800 JavaThread "jar transforms Thread 68" [_thread_blocked, id=10388, stack(0x000000b9b4d00000,0x000000b9b4e00000)]
  0x000002acb0781800 JavaThread "jar transforms Thread 69" [_thread_blocked, id=3196, stack(0x000000b9b4e00000,0x000000b9b4f00000)]
  0x000002acb0784000 JavaThread "jar transforms Thread 70" [_thread_blocked, id=14048, stack(0x000000b9b4f00000,0x000000b9b5000000)]
  0x000002acb077f800 JavaThread "jar transforms Thread 71" [_thread_blocked, id=7704, stack(0x000000b9b5000000,0x000000b9b5100000)]
  0x000002acb0782800 JavaThread "jar transforms Thread 72" [_thread_blocked, id=13184, stack(0x000000b9b5100000,0x000000b9b5200000)]
  0x000002acb0783800 JavaThread "jar transforms Thread 73" [_thread_blocked, id=2024, stack(0x000000b9b5200000,0x000000b9b5300000)]
  0x000002acb0781000 JavaThread "jar transforms Thread 74" [_thread_blocked, id=2984, stack(0x000000b9b5300000,0x000000b9b5400000)]
  0x000002acb0780000 JavaThread "jar transforms Thread 75" [_thread_blocked, id=16252, stack(0x000000b9b5400000,0x000000b9b5500000)]
  0x000002acb077e800 JavaThread "jar transforms Thread 76" [_thread_blocked, id=2536, stack(0x000000b9b5500000,0x000000b9b5600000)]
  0x000002acb0787800 JavaThread "jar transforms Thread 77" [_thread_blocked, id=11036, stack(0x000000b9b5600000,0x000000b9b5700000)]
  0x000002acb0786800 JavaThread "jar transforms Thread 78" [_thread_blocked, id=13816, stack(0x000000b9b5700000,0x000000b9b5800000)]
  0x000002acb0788800 JavaThread "jar transforms Thread 79" [_thread_blocked, id=14576, stack(0x000000b9b5800000,0x000000b9b5900000)]
  0x000002acb0789000 JavaThread "jar transforms Thread 80" [_thread_blocked, id=8416, stack(0x000000b9b5900000,0x000000b9b5a00000)]
  0x000002acb078a000 JavaThread "jar transforms Thread 81" [_thread_blocked, id=11680, stack(0x000000b9b5a00000,0x000000b9b5b00000)]
  0x000002acb078a800 JavaThread "jar transforms Thread 82" [_thread_blocked, id=9164, stack(0x000000b9b5b00000,0x000000b9b5c00000)]
  0x000002acb0785000 JavaThread "jar transforms Thread 83" [_thread_blocked, id=16292, stack(0x000000b9b5c00000,0x000000b9b5d00000)]
  0x000002acb0786000 JavaThread "jar transforms Thread 84" [_thread_blocked, id=15516, stack(0x000000b9b5d00000,0x000000b9b5e00000)]
  0x000002acb078b800 JavaThread "jar transforms Thread 85" [_thread_blocked, id=12524, stack(0x000000b9b5e00000,0x000000b9b5f00000)]
  0x000002acb078c800 JavaThread "jar transforms Thread 86" [_thread_blocked, id=14764, stack(0x000000b9b5f00000,0x000000b9b6000000)]
  0x000002acaec1c800 JavaThread "jar transforms Thread 87" [_thread_blocked, id=1508, stack(0x000000b9b6000000,0x000000b9b6100000)]
  0x000002acaec1d800 JavaThread "jar transforms Thread 88" [_thread_blocked, id=12920, stack(0x000000b9b6100000,0x000000b9b6200000)]
  0x000002acaec19800 JavaThread "jar transforms Thread 89" [_thread_blocked, id=8240, stack(0x000000b9b6200000,0x000000b9b6300000)]
  0x000002acaec20000 JavaThread "jar transforms Thread 90" [_thread_blocked, id=8780, stack(0x000000b9b6300000,0x000000b9b6400000)]
  0x000002acaec1e000 JavaThread "jar transforms Thread 91" [_thread_blocked, id=5240, stack(0x000000b9b6400000,0x000000b9b6500000)]
  0x000002acaec1b000 JavaThread "jar transforms Thread 92" [_thread_blocked, id=6264, stack(0x000000b9b6500000,0x000000b9b6600000)]
  0x000002acaec1a000 JavaThread "jar transforms Thread 93" [_thread_blocked, id=16056, stack(0x000000b9b6600000,0x000000b9b6700000)]
  0x000002acaec21800 JavaThread "jar transforms Thread 94" [_thread_blocked, id=316, stack(0x000000b9b6700000,0x000000b9b6800000)]
  0x000002acaec1b800 JavaThread "jar transforms Thread 95" [_thread_blocked, id=5564, stack(0x000000b9b6800000,0x000000b9b6900000)]
  0x000002acaec1f000 JavaThread "jar transforms Thread 96" [_thread_blocked, id=5256, stack(0x000000b9b6900000,0x000000b9b6a00000)]
  0x000002acaec20800 JavaThread "jar transforms Thread 97" [_thread_blocked, id=7660, stack(0x000000b9b6a00000,0x000000b9b6b00000)]
  0x000002acaec24800 JavaThread "Memory manager" [_thread_blocked, id=8896, stack(0x000000b9b6b00000,0x000000b9b6c00000)]
  0x000002acaec26800 JavaThread "C2 CompilerThread4" daemon [_thread_in_native, id=12424, stack(0x000000b9b6c00000,0x000000b9b6d00000)]
  0x000002acaec27000 JavaThread "build event listener" [_thread_blocked, id=7140, stack(0x000000b9b6d00000,0x000000b9b6e00000)]
  0x000002acaec22800 JavaThread "pool-3-thread-1" [_thread_blocked, id=9656, stack(0x000000b9b6e00000,0x000000b9b6f00000)]
  0x000002acaec28000 JavaThread "build event listener" [_thread_blocked, id=5248, stack(0x000000b9b6f00000,0x000000b9b7000000)]
  0x000002acaec23000 JavaThread "Execution worker for ':'" [_thread_blocked, id=11848, stack(0x000000b9b7000000,0x000000b9b7100000)]
  0x000002acaec25800 JavaThread "Execution worker for ':' Thread 2" [_thread_in_native, id=8732, stack(0x000000b9b7100000,0x000000b9b7200000)]
  0x000002acaec24000 JavaThread "Execution worker for ':' Thread 3" [_thread_blocked, id=6100, stack(0x000000b9b7200000,0x000000b9b7300000)]
  0x000002acb0d0b000 JavaThread "Execution worker for ':' Thread 4" [_thread_blocked, id=4324, stack(0x000000b9b7300000,0x000000b9b7400000)]
  0x000002acb0d09000 JavaThread "Execution worker for ':' Thread 5" [_thread_blocked, id=8440, stack(0x000000b9b7400000,0x000000b9b7500000)]
  0x000002acb0d0d800 JavaThread "Execution worker for ':' Thread 6" [_thread_blocked, id=7720, stack(0x000000b9b7500000,0x000000b9b7600000)]
  0x000002acb0d0b800 JavaThread "Execution worker for ':' Thread 7" [_thread_blocked, id=15748, stack(0x000000b9b7600000,0x000000b9b7700000)]
  0x000002acb0d08800 JavaThread "Execution worker for ':' Thread 8" [_thread_blocked, id=2380, stack(0x000000b9b7700000,0x000000b9b7800000)]
  0x000002acb0d0c800 JavaThread "Execution worker for ':' Thread 9" [_thread_blocked, id=11736, stack(0x000000b9b7800000,0x000000b9b7900000)]
  0x000002acb0d0e000 JavaThread "Execution worker for ':' Thread 10" [_thread_blocked, id=2288, stack(0x000000b9b7900000,0x000000b9b7a00000)]
  0x000002acb0d0f000 JavaThread "Execution worker for ':' Thread 11" [_thread_blocked, id=9284, stack(0x000000b9b7a00000,0x000000b9b7b00000)]
  0x000002acb0d0f800 JavaThread "Execution worker for ':' Thread 12" [_thread_blocked, id=14128, stack(0x000000b9b7b00000,0x000000b9b7c00000)]
  0x000002acb0d0a000 JavaThread "Execution worker for ':' Thread 13" [_thread_blocked, id=3148, stack(0x000000b9b7c00000,0x000000b9b7d00000)]
  0x000002acb0d13000 JavaThread "Execution worker for ':' Thread 14" [_thread_blocked, id=9568, stack(0x000000b9b7d00000,0x000000b9b7e00000)]
  0x000002acb0d15800 JavaThread "Execution worker for ':' Thread 15" [_thread_blocked, id=7132, stack(0x000000b9b7e00000,0x000000b9b7f00000)]
  0x000002acb0d16000 JavaThread "Cache worker for execution history cache (B:\programs\Java_dev\codes\Alarm\.gradle\6.7.1\executionHistory)" [_thread_blocked, id=11628, stack(0x000000b9b7f00000,0x000000b9b8000000)]

Other Threads:
  0x000002acaa4ef000 VMThread "VM Thread" [stack: 0x000000b9ac400000,0x000000b9ac500000] [id=12868]
  0x000002acab030000 WatcherThread [stack: 0x000000b9ad000000,0x000000b9ad100000] [id=9588]
  0x000002ac8d752800 GCTaskThread "GC Thread#0" [stack: 0x000000b9abf00000,0x000000b9ac000000] [id=2128]
  0x000002acabec1800 GCTaskThread "GC Thread#1" [stack: 0x000000b9ad200000,0x000000b9ad300000] [id=15412]
  0x000002acacd35000 GCTaskThread "GC Thread#2" [stack: 0x000000b9ae100000,0x000000b9ae200000] [id=14976]
  0x000002acad3f8000 GCTaskThread "GC Thread#3" [stack: 0x000000b9ae200000,0x000000b9ae300000] [id=1908]
  0x000002acadbcc800 GCTaskThread "GC Thread#4" [stack: 0x000000b9ae300000,0x000000b9ae400000] [id=12264]
  0x000002acacc56800 GCTaskThread "GC Thread#5" [stack: 0x000000b9ae400000,0x000000b9ae500000] [id=15120]
  0x000002acad58a000 GCTaskThread "GC Thread#6" [stack: 0x000000b9ae500000,0x000000b9ae600000] [id=10808]
  0x000002acad10e000 GCTaskThread "GC Thread#7" [stack: 0x000000b9ae600000,0x000000b9ae700000] [id=12452]
  0x000002acad7c8800 GCTaskThread "GC Thread#8" [stack: 0x000000b9ae700000,0x000000b9ae800000] [id=6508]
  0x000002acac811800 GCTaskThread "GC Thread#9" [stack: 0x000000b9ae800000,0x000000b9ae900000] [id=14932]
  0x000002acac812000 GCTaskThread "GC Thread#10" [stack: 0x000000b9ae900000,0x000000b9aea00000] [id=544]
  0x000002acad89e800 GCTaskThread "GC Thread#11" [stack: 0x000000b9aea00000,0x000000b9aeb00000] [id=4484]
  0x000002acad89f800 GCTaskThread "GC Thread#12" [stack: 0x000000b9aeb00000,0x000000b9aec00000] [id=7448]
  0x000002ac8d786000 ConcurrentGCThread "G1 Main Marker" [stack: 0x000000b9ac000000,0x000000b9ac100000] [id=15868]
  0x000002ac8d787000 ConcurrentGCThread "G1 Conc#0" [stack: 0x000000b9ac100000,0x000000b9ac200000] [id=11052]
  0x000002acac60c000 ConcurrentGCThread "G1 Conc#1" [stack: 0x000000b9ad300000,0x000000b9ad400000] [id=6388]
  0x000002acac589800 ConcurrentGCThread "G1 Conc#2" [stack: 0x000000b9aef00000,0x000000b9af000000] [id=15924]
  0x000002acaa341800 ConcurrentGCThread "G1 Refine#0" [stack: 0x000000b9ac200000,0x000000b9ac300000] [id=8100]
  0x000002acad7a8800 ConcurrentGCThread "G1 Refine#1" [stack: 0x000000b9aec00000,0x000000b9aed00000] [id=8924]
  0x000002ac8d819800 ConcurrentGCThread "G1 Young RemSet Sampling" [stack: 0x000000b9ac300000,0x000000b9ac400000] [id=8612]

Threads with active compile tasks:
C2 CompilerThread0   9763 8456       4       org.gradle.cache.internal.btree.FreeListBlockStore::read (12 bytes)
C2 CompilerThread1   9763 8630   !   4       com.google.common.cache.LocalCache$Segment::get (122 bytes)
C2 CompilerThread2   9763 8631       4       com.google.common.cache.LocalCache$Segment::getLiveEntry (38 bytes)
C2 CompilerThread3   9763 8455       4       org.gradle.cache.internal.btree.CachingBlockStore::read (56 bytes)
C2 CompilerThread4   9763 8726       4       com.esotericsoftware.kryo.io.Input::readString (127 bytes)

VM state:not at safepoint (normal execution)

VM Mutex/Monitor currently owned by a thread: None

Heap address: 0x0000000080000000, size: 2048 MB, Compressed Oops mode: 32-bit
Narrow klass base: 0x0000000000000000, Narrow klass shift: 3
Compressed class space size: 1073741824 Address: 0x0000000100000000

Heap:
 garbage-first heap   total 177152K, used 63977K [0x0000000080000000, 0x0000000100000000)
  region size 1024K, 19 young (19456K), 10 survivors (10240K)
 Metaspace       used 76189K, capacity 78239K, committed 78544K, reserved 1118208K
  class space    used 9934K, capacity 10658K, committed 10752K, reserved 1048576K
Heap Regions: E=young(eden), S=young(survivor), O=old, HS=humongous(starts), HC=humongous(continues), CS=collection set, F=free, A=archive, TAMS=top-at-mark-start (previous, next)
|   0|0x0000000080000000, 0x0000000080100000, 0x0000000080100000|100%| O|  |TAMS 0x0000000080100000, 0x0000000080000000| Untracked 
|   1|0x0000000080100000, 0x0000000080200000, 0x0000000080200000|100%| O|  |TAMS 0x0000000080200000, 0x0000000080100000| Untracked 
|   2|0x0000000080200000, 0x0000000080300000, 0x0000000080300000|100%| O|  |TAMS 0x0000000080300000, 0x0000000080200000| Untracked 
|   3|0x0000000080300000, 0x0000000080400000, 0x0000000080400000|100%|HS|  |TAMS 0x0000000080400000, 0x0000000080300000| Complete 
|   4|0x0000000080400000, 0x0000000080500000, 0x0000000080500000|100%|HC|  |TAMS 0x0000000080500000, 0x0000000080400000| Complete 
|   5|0x0000000080500000, 0x0000000080600000, 0x0000000080600000|100%|HC|  |TAMS 0x0000000080600000, 0x0000000080500000| Complete 
|   6|0x0000000080600000, 0x0000000080700000, 0x0000000080700000|100%| O|  |TAMS 0x0000000080700000, 0x0000000080600000| Untracked 
|   7|0x0000000080700000, 0x0000000080800000, 0x0000000080800000|100%| O|  |TAMS 0x0000000080800000, 0x0000000080700000| Untracked 
|   8|0x0000000080800000, 0x0000000080900000, 0x0000000080900000|100%| O|  |TAMS 0x0000000080900000, 0x0000000080800000| Untracked 
|   9|0x0000000080900000, 0x0000000080a00000, 0x0000000080a00000|100%| O|  |TAMS 0x0000000080a00000, 0x0000000080900000| Untracked 
|  10|0x0000000080a00000, 0x0000000080b00000, 0x0000000080b00000|100%| O|  |TAMS 0x0000000080b00000, 0x0000000080a00000| Untracked 
|  11|0x0000000080b00000, 0x0000000080c00000, 0x0000000080c00000|100%| O|  |TAMS 0x0000000080c00000, 0x0000000080b00000| Untracked 
|  12|0x0000000080c00000, 0x0000000080d00000, 0x0000000080d00000|100%| O|  |TAMS 0x0000000080d00000, 0x0000000080c00000| Untracked 
|  13|0x0000000080d00000, 0x0000000080e00000, 0x0000000080e00000|100%| O|  |TAMS 0x0000000080e00000, 0x0000000080d00000| Untracked 
|  14|0x0000000080e00000, 0x0000000080f00000, 0x0000000080f00000|100%| O|  |TAMS 0x0000000080f00000, 0x0000000080e00000| Untracked 
|  15|0x0000000080f00000, 0x0000000081000000, 0x0000000081000000|100%| O|  |TAMS 0x0000000081000000, 0x0000000080f00000| Untracked 
|  16|0x0000000081000000, 0x0000000081100000, 0x0000000081100000|100%| O|  |TAMS 0x0000000081100000, 0x0000000081000000| Untracked 
|  17|0x0000000081100000, 0x0000000081200000, 0x0000000081200000|100%| O|  |TAMS 0x0000000081200000, 0x0000000081100000| Untracked 
|  18|0x0000000081200000, 0x0000000081300000, 0x0000000081300000|100%| O|  |TAMS 0x0000000081300000, 0x0000000081200000| Untracked 
|  19|0x0000000081300000, 0x0000000081400000, 0x0000000081400000|100%| O|  |TAMS 0x0000000081400000, 0x0000000081300000| Untracked 
|  20|0x0000000081400000, 0x0000000081500000, 0x0000000081500000|100%| O|  |TAMS 0x0000000081500000, 0x0000000081400000| Untracked 
|  21|0x0000000081500000, 0x0000000081600000, 0x0000000081600000|100%|HS|  |TAMS 0x0000000081600000, 0x0000000081500000| Complete 
|  22|0x0000000081600000, 0x0000000081700000, 0x0000000081700000|100%|HS|  |TAMS 0x0000000081700000, 0x0000000081600000| Complete 
|  23|0x0000000081700000, 0x0000000081800000, 0x0000000081800000|100%|HC|  |TAMS 0x0000000081800000, 0x0000000081700000| Complete 
|  24|0x0000000081800000, 0x0000000081900000, 0x0000000081900000|100%| O|  |TAMS 0x0000000081900000, 0x0000000081800000| Untracked 
|  25|0x0000000081900000, 0x0000000081a00000, 0x0000000081a00000|100%| O|  |TAMS 0x0000000081a00000, 0x0000000081900000| Untracked 
|  26|0x0000000081a00000, 0x0000000081b00000, 0x0000000081b00000|100%| O|  |TAMS 0x0000000081b00000, 0x0000000081a00000| Untracked 
|  27|0x0000000081b00000, 0x0000000081c00000, 0x0000000081c00000|100%| O|  |TAMS 0x0000000081c00000, 0x0000000081b00000| Untracked 
|  28|0x0000000081c00000, 0x0000000081d00000, 0x0000000081d00000|100%| O|  |TAMS 0x0000000081c00000, 0x0000000081c00000| Untracked 
|  29|0x0000000081d00000, 0x0000000081e00000, 0x0000000081e00000|100%| O|  |TAMS 0x0000000081e00000, 0x0000000081d00000| Untracked 
|  30|0x0000000081e00000, 0x0000000081f00000, 0x0000000081f00000|100%| O|  |TAMS 0x0000000081f00000, 0x0000000081e00000| Untracked 
|  31|0x0000000081f00000, 0x0000000082000000, 0x0000000082000000|100%| O|  |TAMS 0x0000000082000000, 0x0000000081f00000| Untracked 
|  32|0x0000000082000000, 0x0000000082100000, 0x0000000082100000|100%| O|  |TAMS 0x0000000082100000, 0x0000000082000000| Untracked 
|  33|0x0000000082100000, 0x0000000082200000, 0x0000000082200000|100%| O|  |TAMS 0x0000000082200000, 0x0000000082100000| Untracked 
|  34|0x0000000082200000, 0x0000000082300000, 0x0000000082300000|100%| O|  |TAMS 0x0000000082300000, 0x0000000082200000| Untracked 
|  35|0x0000000082300000, 0x0000000082400000, 0x0000000082400000|100%| O|  |TAMS 0x0000000082400000, 0x0000000082300000| Untracked 
|  36|0x0000000082400000, 0x0000000082500000, 0x0000000082500000|100%| O|  |TAMS 0x0000000082500000, 0x0000000082400000| Untracked 
|  37|0x0000000082500000, 0x0000000082600000, 0x0000000082600000|100%| O|  |TAMS 0x0000000082600000, 0x0000000082500000| Untracked 
|  38|0x0000000082600000, 0x0000000082700000, 0x0000000082700000|100%| O|  |TAMS 0x00000000826a4a00, 0x0000000082600000| Untracked 
|  39|0x0000000082700000, 0x0000000082800000, 0x0000000082800000|100%| O|  |TAMS 0x0000000082700000, 0x0000000082700000| Untracked 
|  40|0x0000000082800000, 0x0000000082900000, 0x0000000082900000|100%| O|  |TAMS 0x0000000082800000, 0x0000000082800000| Untracked 
|  41|0x0000000082900000, 0x0000000082a00000, 0x0000000082a00000|100%| O|  |TAMS 0x0000000082900000, 0x0000000082900000| Untracked 
|  42|0x0000000082a00000, 0x0000000082b00000, 0x0000000082b00000|100%| O|  |TAMS 0x0000000082a00000, 0x0000000082a00000| Untracked 
|  43|0x0000000082b00000, 0x0000000082c00000, 0x0000000082c00000|100%| O|  |TAMS 0x0000000082b00000, 0x0000000082b00000| Untracked 
|  44|0x0000000082c00000, 0x0000000082d00000, 0x0000000082d00000|100%| O|  |TAMS 0x0000000082c00000, 0x0000000082c00000| Untracked 
|  45|0x0000000082d00000, 0x0000000082e00000, 0x0000000082e00000|100%| O|  |TAMS 0x0000000082d00000, 0x0000000082d00000| Untracked 
|  46|0x0000000082e00000, 0x0000000082e41000, 0x0000000082f00000| 25%| O|  |TAMS 0x0000000082e00000, 0x0000000082e00000| Untracked 
|  47|0x0000000082f00000, 0x0000000082f00000, 0x0000000083000000|  0%| F|  |TAMS 0x0000000082f00000, 0x0000000082f00000| Untracked 
|  48|0x0000000083000000, 0x0000000083000000, 0x0000000083100000|  0%| F|  |TAMS 0x0000000083000000, 0x0000000083000000| Untracked 
|  49|0x0000000083100000, 0x0000000083100000, 0x0000000083200000|  0%| F|  |TAMS 0x0000000083100000, 0x0000000083100000| Untracked 
|  50|0x0000000083200000, 0x0000000083200000, 0x0000000083300000|  0%| F|  |TAMS 0x0000000083200000, 0x0000000083200000| Untracked 
|  51|0x0000000083300000, 0x0000000083300000, 0x0000000083400000|  0%| F|  |TAMS 0x0000000083300000, 0x0000000083300000| Untracked 
|  52|0x0000000083400000, 0x0000000083400000, 0x0000000083500000|  0%| F|  |TAMS 0x0000000083400000, 0x0000000083400000| Untracked 
|  53|0x0000000083500000, 0x0000000083500000, 0x0000000083600000|  0%| F|  |TAMS 0x0000000083500000, 0x0000000083500000| Untracked 
|  54|0x0000000083600000, 0x0000000083600000, 0x0000000083700000|  0%| F|  |TAMS 0x0000000083600000, 0x0000000083600000| Untracked 
|  55|0x0000000083700000, 0x0000000083700000, 0x0000000083800000|  0%| F|  |TAMS 0x0000000083700000, 0x0000000083700000| Untracked 
|  56|0x0000000083800000, 0x0000000083800000, 0x0000000083900000|  0%| F|  |TAMS 0x0000000083800000, 0x0000000083800000| Untracked 
|  57|0x0000000083900000, 0x0000000083900000, 0x0000000083a00000|  0%| F|  |TAMS 0x0000000083900000, 0x0000000083900000| Untracked 
|  58|0x0000000083a00000, 0x0000000083a00000, 0x0000000083b00000|  0%| F|  |TAMS 0x0000000083a00000, 0x0000000083a00000| Untracked 
|  59|0x0000000083b00000, 0x0000000083b00000, 0x0000000083c00000|  0%| F|  |TAMS 0x0000000083b00000, 0x0000000083b00000| Untracked 
|  60|0x0000000083c00000, 0x0000000083c00000, 0x0000000083d00000|  0%| F|  |TAMS 0x0000000083c00000, 0x0000000083c00000| Untracked 
|  61|0x0000000083d00000, 0x0000000083d00000, 0x0000000083e00000|  0%| F|  |TAMS 0x0000000083d00000, 0x0000000083d00000| Untracked 
|  62|0x0000000083e00000, 0x0000000083e00000, 0x0000000083f00000|  0%| F|  |TAMS 0x0000000083e00000, 0x0000000083e00000| Untracked 
|  63|0x0000000083f00000, 0x0000000083f00000, 0x0000000084000000|  0%| F|  |TAMS 0x0000000083f00000, 0x0000000083f00000| Untracked 
|  64|0x0000000084000000, 0x0000000084000000, 0x0000000084100000|  0%| F|  |TAMS 0x0000000084000000, 0x0000000084000000| Untracked 
|  65|0x0000000084100000, 0x0000000084100000, 0x0000000084200000|  0%| F|  |TAMS 0x0000000084100000, 0x0000000084100000| Untracked 
|  66|0x0000000084200000, 0x0000000084200000, 0x0000000084300000|  0%| F|  |TAMS 0x0000000084200000, 0x0000000084200000| Untracked 
|  67|0x0000000084300000, 0x0000000084300000, 0x0000000084400000|  0%| F|  |TAMS 0x0000000084300000, 0x0000000084300000| Untracked 
|  68|0x0000000084400000, 0x0000000084400000, 0x0000000084500000|  0%| F|  |TAMS 0x0000000084400000, 0x0000000084400000| Untracked 
|  69|0x0000000084500000, 0x0000000084500000, 0x0000000084600000|  0%| F|  |TAMS 0x0000000084500000, 0x0000000084500000| Untracked 
|  70|0x0000000084600000, 0x0000000084600000, 0x0000000084700000|  0%| F|  |TAMS 0x0000000084600000, 0x0000000084600000| Untracked 
|  71|0x0000000084700000, 0x0000000084700000, 0x0000000084800000|  0%| F|  |TAMS 0x0000000084700000, 0x0000000084700000| Untracked 
|  72|0x0000000084800000, 0x0000000084800000, 0x0000000084900000|  0%| F|  |TAMS 0x0000000084800000, 0x0000000084800000| Untracked 
|  73|0x0000000084900000, 0x0000000084900000, 0x0000000084a00000|  0%| F|  |TAMS 0x0000000084900000, 0x0000000084900000| Untracked 
|  74|0x0000000084a00000, 0x0000000084a00000, 0x0000000084b00000|  0%| F|  |TAMS 0x0000000084a00000, 0x0000000084a00000| Untracked 
|  75|0x0000000084b00000, 0x0000000084b00000, 0x0000000084c00000|  0%| F|  |TAMS 0x0000000084b00000, 0x0000000084b00000| Untracked 
|  76|0x0000000084c00000, 0x0000000084c00000, 0x0000000084d00000|  0%| F|  |TAMS 0x0000000084c00000, 0x0000000084c00000| Untracked 
|  77|0x0000000084d00000, 0x0000000084d00000, 0x0000000084e00000|  0%| F|  |TAMS 0x0000000084d00000, 0x0000000084d00000| Untracked 
|  78|0x0000000084e00000, 0x0000000084e00000, 0x0000000084f00000|  0%| F|  |TAMS 0x0000000084e00000, 0x0000000084e00000| Untracked 
|  79|0x0000000084f00000, 0x0000000084f00000, 0x0000000085000000|  0%| F|  |TAMS 0x0000000084f00000, 0x0000000084f00000| Untracked 
|  80|0x0000000085000000, 0x0000000085000000, 0x0000000085100000|  0%| F|  |TAMS 0x0000000085000000, 0x0000000085000000| Untracked 
|  81|0x0000000085100000, 0x0000000085100000, 0x0000000085200000|  0%| F|  |TAMS 0x0000000085100000, 0x0000000085100000| Untracked 
|  82|0x0000000085200000, 0x0000000085239540, 0x0000000085300000| 22%| S|CS|TAMS 0x0000000085200000, 0x0000000085200000| Complete 
|  83|0x0000000085300000, 0x0000000085400000, 0x0000000085400000|100%| S|CS|TAMS 0x0000000085300000, 0x0000000085300000| Complete 
|  84|0x0000000085400000, 0x0000000085500000, 0x0000000085500000|100%| S|CS|TAMS 0x0000000085400000, 0x0000000085400000| Complete 
|  85|0x0000000085500000, 0x0000000085600000, 0x0000000085600000|100%| S|CS|TAMS 0x0000000085500000, 0x0000000085500000| Complete 
|  86|0x0000000085600000, 0x0000000085700000, 0x0000000085700000|100%| S|CS|TAMS 0x0000000085600000, 0x0000000085600000| Complete 
|  87|0x0000000085700000, 0x0000000085800000, 0x0000000085800000|100%| S|CS|TAMS 0x0000000085700000, 0x0000000085700000| Complete 
|  88|0x0000000085800000, 0x0000000085900000, 0x0000000085900000|100%| S|CS|TAMS 0x0000000085800000, 0x0000000085800000| Complete 
|  89|0x0000000085900000, 0x0000000085a00000, 0x0000000085a00000|100%| S|CS|TAMS 0x0000000085900000, 0x0000000085900000| Complete 
|  90|0x0000000085a00000, 0x0000000085b00000, 0x0000000085b00000|100%| S|CS|TAMS 0x0000000085a00000, 0x0000000085a00000| Complete 
|  91|0x0000000085b00000, 0x0000000085c00000, 0x0000000085c00000|100%| S|CS|TAMS 0x0000000085b00000, 0x0000000085b00000| Complete 
|  92|0x0000000085c00000, 0x0000000085c00000, 0x0000000085d00000|  0%| F|  |TAMS 0x0000000085c00000, 0x0000000085c00000| Untracked 
|  93|0x0000000085d00000, 0x0000000085d00000, 0x0000000085e00000|  0%| F|  |TAMS 0x0000000085d00000, 0x0000000085d00000| Untracked 
|  94|0x0000000085e00000, 0x0000000085e00000, 0x0000000085f00000|  0%| F|  |TAMS 0x0000000085e00000, 0x0000000085e00000| Untracked 
|  95|0x0000000085f00000, 0x0000000085f00000, 0x0000000086000000|  0%| F|  |TAMS 0x0000000085f00000, 0x0000000085f00000| Untracked 
|  96|0x0000000086000000, 0x0000000086000000, 0x0000000086100000|  0%| F|  |TAMS 0x0000000086000000, 0x0000000086000000| Untracked 
|  97|0x0000000086100000, 0x0000000086100000, 0x0000000086200000|  0%| F|  |TAMS 0x0000000086100000, 0x0000000086100000| Untracked 
|  98|0x0000000086200000, 0x0000000086200000, 0x0000000086300000|  0%| F|  |TAMS 0x0000000086200000, 0x0000000086200000| Untracked 
|  99|0x0000000086300000, 0x0000000086300000, 0x0000000086400000|  0%| F|  |TAMS 0x0000000086300000, 0x0000000086300000| Untracked 
| 100|0x0000000086400000, 0x0000000086400000, 0x0000000086500000|  0%| F|  |TAMS 0x0000000086400000, 0x0000000086400000| Untracked 
| 101|0x0000000086500000, 0x0000000086500000, 0x0000000086600000|  0%| F|  |TAMS 0x0000000086500000, 0x0000000086500000| Untracked 
| 102|0x0000000086600000, 0x0000000086600000, 0x0000000086700000|  0%| F|  |TAMS 0x0000000086600000, 0x0000000086600000| Untracked 
| 103|0x0000000086700000, 0x0000000086700000, 0x0000000086800000|  0%| F|  |TAMS 0x0000000086700000, 0x0000000086700000| Untracked 
| 104|0x0000000086800000, 0x0000000086800000, 0x0000000086900000|  0%| F|  |TAMS 0x0000000086800000, 0x0000000086800000| Untracked 
| 105|0x0000000086900000, 0x0000000086900000, 0x0000000086a00000|  0%| F|  |TAMS 0x0000000086900000, 0x0000000086900000| Untracked 
| 106|0x0000000086a00000, 0x0000000086a00000, 0x0000000086b00000|  0%| F|  |TAMS 0x0000000086a00000, 0x0000000086a00000| Untracked 
| 107|0x0000000086b00000, 0x0000000086b00000, 0x0000000086c00000|  0%| F|  |TAMS 0x0000000086b00000, 0x0000000086b00000| Untracked 
| 108|0x0000000086c00000, 0x0000000086c00000, 0x0000000086d00000|  0%| F|  |TAMS 0x0000000086c00000, 0x0000000086c00000| Untracked 
| 109|0x0000000086d00000, 0x0000000086d00000, 0x0000000086e00000|  0%| F|  |TAMS 0x0000000086d00000, 0x0000000086d00000| Untracked 
| 110|0x0000000086e00000, 0x0000000086e00000, 0x0000000086f00000|  0%| F|  |TAMS 0x0000000086e00000, 0x0000000086e00000| Untracked 
| 111|0x0000000086f00000, 0x0000000086f00000, 0x0000000087000000|  0%| F|  |TAMS 0x0000000086f00000, 0x0000000086f00000| Untracked 
| 112|0x0000000087000000, 0x0000000087000000, 0x0000000087100000|  0%| F|  |TAMS 0x0000000087000000, 0x0000000087000000| Untracked 
| 113|0x0000000087100000, 0x0000000087100000, 0x0000000087200000|  0%| F|  |TAMS 0x0000000087100000, 0x0000000087100000| Untracked 
| 114|0x0000000087200000, 0x0000000087200000, 0x0000000087300000|  0%| F|  |TAMS 0x0000000087200000, 0x0000000087200000| Untracked 
| 115|0x0000000087300000, 0x0000000087300000, 0x0000000087400000|  0%| F|  |TAMS 0x0000000087300000, 0x0000000087300000| Untracked 
| 116|0x0000000087400000, 0x0000000087400000, 0x0000000087500000|  0%| F|  |TAMS 0x0000000087400000, 0x0000000087400000| Untracked 
| 117|0x0000000087500000, 0x0000000087500000, 0x0000000087600000|  0%| F|  |TAMS 0x0000000087500000, 0x0000000087500000| Untracked 
| 118|0x0000000087600000, 0x0000000087600000, 0x0000000087700000|  0%| F|  |TAMS 0x0000000087600000, 0x0000000087600000| Untracked 
| 119|0x0000000087700000, 0x0000000087700000, 0x0000000087800000|  0%| F|  |TAMS 0x0000000087700000, 0x0000000087700000| Untracked 
| 120|0x0000000087800000, 0x0000000087800000, 0x0000000087900000|  0%| F|  |TAMS 0x0000000087800000, 0x0000000087800000| Untracked 
| 121|0x0000000087900000, 0x0000000087900000, 0x0000000087a00000|  0%| F|  |TAMS 0x0000000087900000, 0x0000000087900000| Untracked 
| 122|0x0000000087a00000, 0x0000000087a00000, 0x0000000087b00000|  0%| F|  |TAMS 0x0000000087a00000, 0x0000000087a00000| Untracked 
| 123|0x0000000087b00000, 0x0000000087b00000, 0x0000000087c00000|  0%| F|  |TAMS 0x0000000087b00000, 0x0000000087b00000| Untracked 
| 124|0x0000000087c00000, 0x0000000087c00000, 0x0000000087d00000|  0%| F|  |TAMS 0x0000000087c00000, 0x0000000087c00000| Untracked 
| 125|0x0000000087d00000, 0x0000000087d00000, 0x0000000087e00000|  0%| F|  |TAMS 0x0000000087d00000, 0x0000000087d00000| Untracked 
| 126|0x0000000087e00000, 0x0000000087e00000, 0x0000000087f00000|  0%| F|  |TAMS 0x0000000087e00000, 0x0000000087e00000| Untracked 
| 127|0x0000000087f00000, 0x0000000087f00000, 0x0000000088000000|  0%| F|  |TAMS 0x0000000087f00000, 0x0000000087f00000| Untracked 
| 128|0x0000000088000000, 0x0000000088000000, 0x0000000088100000|  0%| F|  |TAMS 0x0000000088000000, 0x0000000088000000| Untracked 
| 129|0x0000000088100000, 0x0000000088100000, 0x0000000088200000|  0%| F|  |TAMS 0x0000000088100000, 0x0000000088100000| Untracked 
| 130|0x0000000088200000, 0x0000000088200000, 0x0000000088300000|  0%| F|  |TAMS 0x0000000088200000, 0x0000000088200000| Untracked 
| 131|0x0000000088300000, 0x0000000088300000, 0x0000000088400000|  0%| F|  |TAMS 0x0000000088300000, 0x0000000088300000| Untracked 
| 132|0x0000000088400000, 0x0000000088400000, 0x0000000088500000|  0%| F|  |TAMS 0x0000000088400000, 0x0000000088400000| Untracked 
| 133|0x0000000088500000, 0x0000000088500000, 0x0000000088600000|  0%| F|  |TAMS 0x0000000088500000, 0x0000000088500000| Untracked 
| 134|0x0000000088600000, 0x0000000088600000, 0x0000000088700000|  0%| F|  |TAMS 0x0000000088600000, 0x0000000088600000| Untracked 
| 135|0x0000000088700000, 0x0000000088700000, 0x0000000088800000|  0%| F|  |TAMS 0x0000000088700000, 0x0000000088700000| Untracked 
| 136|0x0000000088800000, 0x0000000088800000, 0x0000000088900000|  0%| F|  |TAMS 0x0000000088800000, 0x0000000088800000| Untracked 
| 137|0x0000000088900000, 0x0000000088900000, 0x0000000088a00000|  0%| F|  |TAMS 0x0000000088900000, 0x0000000088900000| Untracked 
| 138|0x0000000088a00000, 0x0000000088a00000, 0x0000000088b00000|  0%| F|  |TAMS 0x0000000088a00000, 0x0000000088a00000| Untracked 
| 139|0x0000000088b00000, 0x0000000088b00000, 0x0000000088c00000|  0%| F|  |TAMS 0x0000000088b00000, 0x0000000088b00000| Untracked 
| 140|0x0000000088c00000, 0x0000000088c00000, 0x0000000088d00000|  0%| F|  |TAMS 0x0000000088c00000, 0x0000000088c00000| Untracked 
| 141|0x0000000088d00000, 0x0000000088d00000, 0x0000000088e00000|  0%| F|  |TAMS 0x0000000088d00000, 0x0000000088d00000| Untracked 
| 142|0x0000000088e00000, 0x0000000088e00000, 0x0000000088f00000|  0%| F|  |TAMS 0x0000000088e00000, 0x0000000088e00000| Untracked 
| 143|0x0000000088f00000, 0x0000000088f00000, 0x0000000089000000|  0%| F|  |TAMS 0x0000000088f00000, 0x0000000088f00000| Untracked 
| 144|0x0000000089000000, 0x0000000089000000, 0x0000000089100000|  0%| F|  |TAMS 0x0000000089000000, 0x0000000089000000| Untracked 
| 145|0x0000000089100000, 0x0000000089100000, 0x0000000089200000|  0%| F|  |TAMS 0x0000000089100000, 0x0000000089100000| Untracked 
| 146|0x0000000089200000, 0x0000000089200000, 0x0000000089300000|  0%| F|  |TAMS 0x0000000089200000, 0x0000000089200000| Untracked 
| 147|0x0000000089300000, 0x0000000089300000, 0x0000000089400000|  0%| F|  |TAMS 0x0000000089300000, 0x0000000089300000| Untracked 
| 148|0x0000000089400000, 0x0000000089400000, 0x0000000089500000|  0%| F|  |TAMS 0x0000000089400000, 0x0000000089400000| Untracked 
| 149|0x0000000089500000, 0x0000000089500000, 0x0000000089600000|  0%| F|  |TAMS 0x0000000089500000, 0x0000000089500000| Untracked 
| 150|0x0000000089600000, 0x0000000089600000, 0x0000000089700000|  0%| F|  |TAMS 0x0000000089600000, 0x0000000089600000| Untracked 
| 151|0x0000000089700000, 0x0000000089700000, 0x0000000089800000|  0%| F|  |TAMS 0x0000000089700000, 0x0000000089700000| Untracked 
| 152|0x0000000089800000, 0x0000000089800000, 0x0000000089900000|  0%| F|  |TAMS 0x0000000089800000, 0x0000000089800000| Untracked 
| 153|0x0000000089900000, 0x0000000089900000, 0x0000000089a00000|  0%| F|  |TAMS 0x0000000089900000, 0x0000000089900000| Untracked 
| 154|0x0000000089a00000, 0x0000000089a00000, 0x0000000089b00000|  0%| F|  |TAMS 0x0000000089a00000, 0x0000000089a00000| Untracked 
| 155|0x0000000089b00000, 0x0000000089b00000, 0x0000000089c00000|  0%| F|  |TAMS 0x0000000089b00000, 0x0000000089b00000| Untracked 
| 156|0x0000000089c00000, 0x0000000089c00000, 0x0000000089d00000|  0%| F|  |TAMS 0x0000000089c00000, 0x0000000089c00000| Untracked 
| 157|0x0000000089d00000, 0x0000000089d00000, 0x0000000089e00000|  0%| F|  |TAMS 0x0000000089d00000, 0x0000000089d00000| Untracked 
| 158|0x0000000089e00000, 0x0000000089e00000, 0x0000000089f00000|  0%| F|  |TAMS 0x0000000089e00000, 0x0000000089e00000| Untracked 
| 159|0x0000000089f00000, 0x0000000089f00000, 0x000000008a000000|  0%| F|  |TAMS 0x0000000089f00000, 0x0000000089f00000| Untracked 
| 160|0x000000008a000000, 0x000000008a000000, 0x000000008a100000|  0%| F|  |TAMS 0x000000008a000000, 0x000000008a000000| Untracked 
| 161|0x000000008a100000, 0x000000008a100000, 0x000000008a200000|  0%| F|  |TAMS 0x000000008a100000, 0x000000008a100000| Untracked 
| 162|0x000000008a200000, 0x000000008a200000, 0x000000008a300000|  0%| F|  |TAMS 0x000000008a200000, 0x000000008a200000| Untracked 
| 163|0x000000008a300000, 0x000000008a300000, 0x000000008a400000|  0%| F|  |TAMS 0x000000008a300000, 0x000000008a300000| Untracked 
| 164|0x000000008a400000, 0x000000008a466ba8, 0x000000008a500000| 40%| E|  |TAMS 0x000000008a400000, 0x000000008a400000| Complete 
| 165|0x000000008a500000, 0x000000008a600000, 0x000000008a600000|100%| E|CS|TAMS 0x000000008a500000, 0x000000008a500000| Complete 
| 166|0x000000008a600000, 0x000000008a700000, 0x000000008a700000|100%| E|CS|TAMS 0x000000008a600000, 0x000000008a600000| Complete 
| 167|0x000000008a700000, 0x000000008a800000, 0x000000008a800000|100%| E|CS|TAMS 0x000000008a700000, 0x000000008a700000| Complete 
| 168|0x000000008a800000, 0x000000008a900000, 0x000000008a900000|100%| E|CS|TAMS 0x000000008a800000, 0x000000008a800000| Complete 
| 169|0x000000008a900000, 0x000000008aa00000, 0x000000008aa00000|100%| E|  |TAMS 0x000000008a900000, 0x000000008a900000| Complete 
| 170|0x000000008aa00000, 0x000000008ab00000, 0x000000008ab00000|100%| E|CS|TAMS 0x000000008aa00000, 0x000000008aa00000| Complete 
| 171|0x000000008ab00000, 0x000000008ac00000, 0x000000008ac00000|100%| E|CS|TAMS 0x000000008ab00000, 0x000000008ab00000| Complete 
| 172|0x000000008ac00000, 0x000000008ad00000, 0x000000008ad00000|100%| E|CS|TAMS 0x000000008ac00000, 0x000000008ac00000| Complete 

Card table byte_map: [0x000002aca2c60000,0x000002aca3060000] _byte_map_base: 0x000002aca2860000

Marking Bits (Prev, Next): (CMBitMap*) 0x000002ac8d77d120, (CMBitMap*) 0x000002ac8d77d0e8
 Prev Bits: [0x000002aca5460000, 0x000002aca7460000)
 Next Bits: [0x000002aca3460000, 0x000002aca5460000)

Polling page: 0x000002ac8d520000

Metaspace:

Usage:
  Non-class:     66.00 MB capacity,    64.70 MB ( 98%) used,     1.09 MB (  2%) free+waste,   210.19 KB ( <1%) overhead. 
      Class:     10.41 MB capacity,     9.70 MB ( 93%) used,   626.45 KB (  6%) free+waste,    96.81 KB ( <1%) overhead. 
       Both:     76.41 MB capacity,    74.41 MB ( 97%) used,     1.70 MB (  2%) free+waste,   307.00 KB ( <1%) overhead. 

Virtual space:
  Non-class space:       68.00 MB reserved,      66.20 MB ( 97%) committed 
      Class space:        1.00 GB reserved,      10.50 MB (  1%) committed 
             Both:        1.07 GB reserved,      76.70 MB (  7%) committed 

Chunk freelists:
   Non-Class:  19.00 KB
       Class:  0 bytes
        Both:  19.00 KB

MaxMetaspaceSize: 17179869184.00 GB
CompressedClassSpaceSize: 1.00 GB

CodeHeap 'non-profiled nmethods': size=119168Kb used=4869Kb max_used=4869Kb free=114298Kb
 bounds [0x000002ac9a440000, 0x000002ac9a910000, 0x000002aca18a0000]
CodeHeap 'profiled nmethods': size=119168Kb used=18270Kb max_used=18270Kb free=100898Kb
 bounds [0x000002ac92fe0000, 0x000002ac941c0000, 0x000002ac9a440000]
CodeHeap 'non-nmethods': size=7424Kb used=3937Kb max_used=3997Kb free=3486Kb
 bounds [0x000002ac928a0000, 0x000002ac92c90000, 0x000002ac92fe0000]
 total_blobs=9348 nmethods=8510 adapters=746
 compilation: enabled
              stopped_count=0, restarted_count=0
 full_count=0

Compilation events (20 events):
Event: 9.724 Thread 0x000002acaa51a000 nmethod 8720 0x000002ac9419dd90 code [0x000002ac9419dfe0, 0x000002ac9419ea48]
Event: 9.724 Thread 0x000002acad0e2000 8723       3       org.gradle.internal.operations.BuildOperationDescriptor$Builder::progressDisplayName (7 bytes)
Event: 9.725 Thread 0x000002acad0e2000 nmethod 8723 0x000002ac9419ee10 code [0x000002ac9419efc0, 0x000002ac9419f118]
Event: 9.725 Thread 0x000002acaafd8000 nmethod 8722 0x000002ac9419f190 code [0x000002ac9419f4a0, 0x000002ac941a0588]
Event: 9.726 Thread 0x000002acaaff4800 8724       3       org.gradle.internal.time.DefaultTimer::reset (14 bytes)
Event: 9.727 Thread 0x000002acaa51a000 8725       3       com.esotericsoftware.kryo.io.Input::readUtf8_slow (255 bytes)
Event: 9.727 Thread 0x000002acaaff4800 nmethod 8724 0x000002ac941a0d90 code [0x000002ac941a0f40, 0x000002ac941a1118]
Event: 9.728 Thread 0x000002acaa51a000 nmethod 8725 0x000002ac941a1210 code [0x000002ac941a1420, 0x000002ac941a1ac8]
Event: 9.730 Thread 0x000002acaafd8000 8728       3       org.gradle.api.internal.changedetection.state.RuntimeClasspathResourceHasher::hash (5 bytes)
Event: 9.730 Thread 0x000002acad0e2000 8727       3       org.gradle.api.internal.changedetection.state.MetaInfAwareClasspathResourceHasher::hash (11 bytes)
Event: 9.731 Thread 0x000002acad0e2000 nmethod 8727 0x000002ac941a1d90 code [0x000002ac941a1f40, 0x000002ac941a2108]
Event: 9.731 Thread 0x000002acaafd8000 nmethod 8728 0x000002ac941a2210 code [0x000002ac941a23c0, 0x000002ac941a24f8]
Event: 9.732 Thread 0x000002acaaff4800 8729       3       java.lang.Class::isSynthetic (17 bytes)
Event: 9.732 Thread 0x000002acaec26800 nmethod 8625 0x000002ac9a8f6390 code [0x000002ac9a8f6600, 0x000002ac9a8f75d0]
Event: 9.732 Thread 0x000002acaa51a000 8730       3       org.gradle.internal.classloader.CachingClassLoader::equals (33 bytes)
Event: 9.733 Thread 0x000002acaec26800 8726       4       com.esotericsoftware.kryo.io.Input::readString (127 bytes)
Event: 9.733 Thread 0x000002acaaff4800 nmethod 8729 0x000002ac941a2590 code [0x000002ac941a2740, 0x000002ac941a28c8]
Event: 9.734 Thread 0x000002acaa51a000 nmethod 8730 0x000002ac941a2990 code [0x000002ac941a2b60, 0x000002ac941a2fa8]
Event: 9.735 Thread 0x000002acaaff4800 8731       3       org.gradle.internal.fingerprint.impl.IgnoredPathFileSystemLocationFingerprint::<init> (15 bytes)
Event: 9.736 Thread 0x000002acad0e2000 8732       3       org.gradle.internal.remote.internal.inet.SocketConnection$SocketOutputStream::writeWithNonBlockingRetry (52 bytes)

GC Heap History (20 events):
Event: 2.643 GC heap before
{Heap before GC invocations=4 (full 0):
 garbage-first heap   total 122880K, used 62424K [0x0000000080000000, 0x0000000100000000)
  region size 1024K, 46 young (47104K), 1 survivors (1024K)
 Metaspace       used 25861K, capacity 26565K, committed 26752K, reserved 1073152K
  class space    used 3358K, capacity 3602K, committed 3712K, reserved 1048576K
}
Event: 2.646 GC heap after
{Heap after GC invocations=5 (full 0):
 garbage-first heap   total 122880K, used 18049K [0x0000000080000000, 0x0000000100000000)
  region size 1024K, 3 young (3072K), 3 survivors (3072K)
 Metaspace       used 25861K, capacity 26565K, committed 26752K, reserved 1073152K
  class space    used 3358K, capacity 3602K, committed 3712K, reserved 1048576K
}
Event: 3.486 GC heap before
{Heap before GC invocations=5 (full 0):
 garbage-first heap   total 122880K, used 67201K [0x0000000080000000, 0x0000000100000000)
  region size 1024K, 52 young (53248K), 3 survivors (3072K)
 Metaspace       used 34306K, capacity 34991K, committed 35200K, reserved 1079296K
  class space    used 4429K, capacity 4667K, committed 4736K, reserved 1048576K
}
Event: 3.492 GC heap after
{Heap after GC invocations=6 (full 0):
 garbage-first heap   total 122880K, used 21146K [0x0000000080000000, 0x0000000100000000)
  region size 1024K, 6 young (6144K), 6 survivors (6144K)
 Metaspace       used 34306K, capacity 34991K, committed 35200K, reserved 1079296K
  class space    used 4429K, capacity 4667K, committed 4736K, reserved 1048576K
}
Event: 3.607 GC heap before
{Heap before GC invocations=6 (full 0):
 garbage-first heap   total 122880K, used 28314K [0x0000000080000000, 0x0000000100000000)
  region size 1024K, 14 young (14336K), 6 survivors (6144K)
 Metaspace       used 35268K, capacity 36009K, committed 36048K, reserved 1081344K
  class space    used 4572K, capacity 4858K, committed 4864K, reserved 1048576K
}
Event: 3.615 GC heap after
{Heap after GC invocations=7 (full 0):
 garbage-first heap   total 122880K, used 21862K [0x0000000080000000, 0x0000000100000000)
  region size 1024K, 4 young (4096K), 4 survivors (4096K)
 Metaspace       used 35268K, capacity 36009K, committed 36048K, reserved 1081344K
  class space    used 4572K, capacity 4858K, committed 4864K, reserved 1048576K
}
Event: 4.236 GC heap before
{Heap before GC invocations=8 (full 0):
 garbage-first heap   total 122880K, used 78182K [0x0000000080000000, 0x0000000100000000)
  region size 1024K, 56 young (57344K), 4 survivors (4096K)
 Metaspace       used 40754K, capacity 41606K, committed 41808K, reserved 1085440K
  class space    used 5193K, capacity 5501K, committed 5504K, reserved 1048576K
}
Event: 4.243 GC heap after
{Heap after GC invocations=9 (full 0):
 garbage-first heap   total 147456K, used 24613K [0x0000000080000000, 0x0000000100000000)
  region size 1024K, 7 young (7168K), 7 survivors (7168K)
 Metaspace       used 40754K, capacity 41606K, committed 41808K, reserved 1085440K
  class space    used 5193K, capacity 5501K, committed 5504K, reserved 1048576K
}
Event: 5.067 GC heap before
{Heap before GC invocations=9 (full 0):
 garbage-first heap   total 147456K, used 90149K [0x0000000080000000, 0x0000000100000000)
  region size 1024K, 71 young (72704K), 7 survivors (7168K)
 Metaspace       used 44571K, capacity 45627K, committed 45776K, reserved 1089536K
  class space    used 5687K, capacity 6055K, committed 6144K, reserved 1048576K
}
Event: 5.076 GC heap after
{Heap after GC invocations=10 (full 0):
 garbage-first heap   total 147456K, used 27400K [0x0000000080000000, 0x0000000100000000)
  region size 1024K, 7 young (7168K), 7 survivors (7168K)
 Metaspace       used 44571K, capacity 45627K, committed 45776K, reserved 1089536K
  class space    used 5687K, capacity 6055K, committed 6144K, reserved 1048576K
}
Event: 5.824 GC heap before
{Heap before GC invocations=10 (full 0):
 garbage-first heap   total 147456K, used 97032K [0x0000000080000000, 0x0000000100000000)
  region size 1024K, 73 young (74752K), 7 survivors (7168K)
 Metaspace       used 52391K, capacity 53692K, committed 53968K, reserved 1095680K
  class space    used 6654K, capacity 7109K, committed 7168K, reserved 1048576K
}
Event: 5.833 GC heap after
{Heap after GC invocations=11 (full 0):
 garbage-first heap   total 147456K, used 38422K [0x0000000080000000, 0x0000000100000000)
  region size 1024K, 10 young (10240K), 10 survivors (10240K)
 Metaspace       used 52391K, capacity 53692K, committed 53968K, reserved 1095680K
  class space    used 6654K, capacity 7109K, committed 7168K, reserved 1048576K
}
Event: 6.661 GC heap before
{Heap before GC invocations=11 (full 0):
 garbage-first heap   total 147456K, used 91670K [0x0000000080000000, 0x0000000100000000)
  region size 1024K, 63 young (64512K), 10 survivors (10240K)
 Metaspace       used 58899K, capacity 60358K, committed 60496K, reserved 1101824K
  class space    used 7440K, capacity 7950K, committed 8064K, reserved 1048576K
}
Event: 6.684 GC heap after
{Heap after GC invocations=12 (full 0):
 garbage-first heap   total 147456K, used 44134K [0x0000000080000000, 0x0000000100000000)
  region size 1024K, 6 young (6144K), 6 survivors (6144K)
 Metaspace       used 58899K, capacity 60358K, committed 60496K, reserved 1101824K
  class space    used 7440K, capacity 7950K, committed 8064K, reserved 1048576K
}
Event: 7.495 GC heap before
{Heap before GC invocations=13 (full 0):
 garbage-first heap   total 147456K, used 103526K [0x0000000080000000, 0x0000000100000000)
  region size 1024K, 64 young (65536K), 6 survivors (6144K)
 Metaspace       used 64068K, capacity 65545K, committed 65744K, reserved 1105920K
  class space    used 8311K, capacity 8839K, committed 8960K, reserved 1048576K
}
Event: 7.505 GC heap after
{Heap after GC invocations=14 (full 0):
 garbage-first heap   total 177152K, used 47714K [0x0000000080000000, 0x0000000100000000)
  region size 1024K, 5 young (5120K), 5 survivors (5120K)
 Metaspace       used 64068K, capacity 65545K, committed 65744K, reserved 1105920K
  class space    used 8311K, capacity 8839K, committed 8960K, reserved 1048576K
}
Event: 8.556 GC heap before
{Heap before GC invocations=14 (full 0):
 garbage-first heap   total 177152K, used 120418K [0x0000000080000000, 0x0000000100000000)
  region size 1024K, 76 young (77824K), 5 survivors (5120K)
 Metaspace       used 71612K, capacity 73405K, committed 73552K, reserved 1112064K
  class space    used 9377K, capacity 9985K, committed 10112K, reserved 1048576K
}
Event: 8.565 GC heap after
{Heap after GC invocations=15 (full 0):
 garbage-first heap   total 177152K, used 52020K [0x0000000080000000, 0x0000000100000000)
  region size 1024K, 9 young (9216K), 9 survivors (9216K)
 Metaspace       used 71612K, capacity 73405K, committed 73552K, reserved 1112064K
  class space    used 9377K, capacity 9985K, committed 10112K, reserved 1048576K
}
Event: 9.663 GC heap before
{Heap before GC invocations=15 (full 0):
 garbage-first heap   total 177152K, used 124724K [0x0000000080000000, 0x0000000100000000)
  region size 1024K, 81 young (82944K), 9 survivors (9216K)
 Metaspace       used 76115K, capacity 78170K, committed 78288K, reserved 1116160K
  class space    used 9934K, capacity 10658K, committed 10752K, reserved 1048576K
}
Event: 9.676 GC heap after
{Heap after GC invocations=16 (full 0):
 garbage-first heap   total 177152K, used 56809K [0x0000000080000000, 0x0000000100000000)
  region size 1024K, 10 young (10240K), 10 survivors (10240K)
 Metaspace       used 76115K, capacity 78170K, committed 78288K, reserved 1116160K
  class space    used 9934K, capacity 10658K, committed 10752K, reserved 1048576K
}

Deoptimization events (20 events):
Event: 9.303 Thread 0x000002acae566000 DEOPT PACKING pc=0x000002ac9a48fd38 sp=0x000000b9afcfbf60
Event: 9.303 Thread 0x000002acae566000 DEOPT UNPACKING pc=0x000002ac928c74af sp=0x000000b9afcfbee8 mode 2
Event: 9.525 Thread 0x000002acb0bc1800 DEOPT PACKING pc=0x000002ac940d32b1 sp=0x000000b9b02fbc60
Event: 9.525 Thread 0x000002acb0bc1800 DEOPT UNPACKING pc=0x000002ac928c72ce sp=0x000000b9b02fb128 mode 0
Event: 9.558 Thread 0x000002acac773800 Uncommon trap: trap_request=0xffffff4d fr.pc=0x000002ac9a87d924 relative=0x0000000000000244
Event: 9.558 Thread 0x000002acac773800 Uncommon trap: reason=unstable_if action=reinterpret pc=0x000002ac9a87d924 method=com.esotericsoftware.kryo.io.Input.readVarInt(Z)I @ 42 c2
Event: 9.558 Thread 0x000002acac773800 DEOPT PACKING pc=0x000002ac9a87d924 sp=0x000000b9af7fe130
Event: 9.558 Thread 0x000002acac773800 DEOPT UNPACKING pc=0x000002ac928c74af sp=0x000000b9af7fe010 mode 2
Event: 9.566 Thread 0x000002acac773800 Uncommon trap: trap_request=0xffffff4d fr.pc=0x000002ac9a7f3998 relative=0x00000000000001d8
Event: 9.566 Thread 0x000002acac773800 Uncommon trap: reason=unstable_if action=reinterpret pc=0x000002ac9a7f3998 method=com.esotericsoftware.kryo.io.Input.readVarInt(Z)I @ 42 c2
Event: 9.566 Thread 0x000002acac773800 DEOPT PACKING pc=0x000002ac9a7f3998 sp=0x000000b9af7fe0c0
Event: 9.566 Thread 0x000002acac773800 DEOPT UNPACKING pc=0x000002ac928c74af sp=0x000000b9af7fe010 mode 2
Event: 9.677 Thread 0x000002acaafcd800 Uncommon trap: trap_request=0xffffffde fr.pc=0x000002ac9a569b6c relative=0x000000000000052c
Event: 9.677 Thread 0x000002acaafcd800 Uncommon trap: reason=class_check action=maybe_recompile pc=0x000002ac9a569b6c method=jdk.internal.ref.PhantomCleanable.clean()V @ 12 c2
Event: 9.677 Thread 0x000002acaafcd800 DEOPT PACKING pc=0x000002ac9a569b6c sp=0x000000b9accff270
Event: 9.677 Thread 0x000002acaafcd800 DEOPT UNPACKING pc=0x000002ac928c74af sp=0x000000b9accff250 mode 2
Event: 9.714 Thread 0x000002acac773800 Uncommon trap: trap_request=0xffffff4d fr.pc=0x000002ac9a7f729c relative=0x000000000000023c
Event: 9.714 Thread 0x000002acac773800 Uncommon trap: reason=unstable_if action=reinterpret pc=0x000002ac9a7f729c method=com.esotericsoftware.kryo.io.Input.readVarInt(Z)I @ 42 c2
Event: 9.714 Thread 0x000002acac773800 DEOPT PACKING pc=0x000002ac9a7f729c sp=0x000000b9af7fe0b0
Event: 9.714 Thread 0x000002acac773800 DEOPT UNPACKING pc=0x000002ac928c74af sp=0x000000b9af7fe058 mode 2

Classes redefined (0 events):
No events

Internal exceptions (20 events):
Event: 8.695 Thread 0x000002acae2e0800 Exception <a 'java/lang/NoSuchMethodError'{0x000000008a4682a8}: <clinit>> (0x000000008a4682a8) thrown at [./src/hotspot/share/prims/jni.cpp, line 1362]
Event: 8.744 Thread 0x000002acae2e0800 Exception <a 'sun/nio/fs/WindowsException'{0x000000008a186490}> (0x000000008a186490) thrown at [./src/hotspot/share/prims/jni.cpp, line 615]
Event: 8.788 Thread 0x000002acad831000 Exception <a 'java/lang/NoSuchMethodError'{0x0000000089ee9988}: <clinit>> (0x0000000089ee9988) thrown at [./src/hotspot/share/prims/jni.cpp, line 1362]
Event: 8.789 Thread 0x000002acad831000 Exception <a 'java/lang/NoSuchMethodError'{0x0000000089ef3a68}: <clinit>> (0x0000000089ef3a68) thrown at [./src/hotspot/share/prims/jni.cpp, line 1362]
Event: 8.792 Thread 0x000002acad831000 Exception <a 'java/lang/NoSuchMethodError'{0x0000000089d1f040}: <clinit>> (0x0000000089d1f040) thrown at [./src/hotspot/share/prims/jni.cpp, line 1362]
Event: 8.793 Thread 0x000002acad831000 Exception <a 'java/lang/NoSuchMethodError'{0x0000000089d63900}: <clinit>> (0x0000000089d63900) thrown at [./src/hotspot/share/prims/jni.cpp, line 1362]
Event: 8.793 Thread 0x000002acad831000 Exception <a 'java/lang/NoSuchMethodError'{0x0000000089d64e40}: <clinit>> (0x0000000089d64e40) thrown at [./src/hotspot/share/prims/jni.cpp, line 1362]
Event: 8.796 Thread 0x000002acaec25800 Exception <a 'java/lang/NoSuchMethodError'{0x0000000089d83ed8}: 'java.lang.Object java.lang.invoke.Invokers$Holder.linkToTargetMethod(java.lang.Object, java.lang.Object, java.lang.Object, java.lang.Object, java.lang.Object, java.lang.Object, java.lang.Object, java.lang.Object)'> (0x0000000089d83ed8) thrown at [./src/hotspot/share/interpreter/linkResolver.cpp, line 773]
Event: 8.808 Thread 0x000002acaec27000 Exception <a 'java/lang/NoSuchMethodError'{0x000000008a689848}: <clinit>> (0x000000008a689848) thrown at [./src/hotspot/share/prims/jni.cpp, line 1362]
Event: 8.811 Thread 0x000002acaec27000 Exception <a 'java/lang/NoSuchMethodError'{0x0000000089cf2988}: <clinit>> (0x0000000089cf2988) thrown at [./src/hotspot/share/prims/jni.cpp, line 1362]
Event: 8.839 Thread 0x000002acad831000 Exception <a 'java/lang/NoSuchMethodError'{0x0000000089965f10}: <clinit>> (0x0000000089965f10) thrown at [./src/hotspot/share/prims/jni.cpp, line 1362]
Event: 8.988 Thread 0x000002acaec25800 Exception <a 'java/lang/NoSuchMethodError'{0x0000000089138cd0}: 'java.lang.Object java.lang.invoke.Invokers$Holder.linkToTargetMethod(java.lang.Object, java.lang.Object, java.lang.Object, java.lang.Object, java.lang.Object, java.lang.Object, java.lang.Object)'> (0x0000000089138cd0) thrown at [./src/hotspot/share/interpreter/linkResolver.cpp, line 773]
Event: 9.228 Thread 0x000002acae566000 Exception <a 'java/lang/NoSuchMethodError'{0x00000000889af2c8}: 'java.lang.Object java.lang.invoke.DirectMethodHandle$Holder.invokeSpecialIFC(java.lang.Object, java.lang.Object, java.lang.Object)'> (0x00000000889af2c8) thrown at [./src/hotspot/share/interpreter/linkResolver.cpp, line 773]
Event: 9.228 Thread 0x000002acae563800 Exception <a 'java/lang/NoSuchMethodError'{0x000000008822e970}: 'java.lang.Object java.lang.invoke.DirectMethodHandle$Holder.invokeSpecialIFC(java.lang.Object, java.lang.Object, java.lang.Object)'> (0x000000008822e970) thrown at [./src/hotspot/share/interpreter/linkResolver.cpp, line 773]
Event: 9.228 Thread 0x000002acae566800 Exception <a 'java/lang/NoSuchMethodError'{0x0000000088269ed0}: 'java.lang.Object java.lang.invoke.DirectMethodHandle$Holder.invokeSpecialIFC(java.lang.Object, java.lang.Object, java.lang.Object)'> (0x0000000088269ed0) thrown at [./src/hotspot/share/interpreter/linkResolver.cpp, line 773]
Event: 9.228 Thread 0x000002acb0bc5800 Exception <a 'java/lang/NoSuchMethodError'{0x0000000088241908}: 'java.lang.Object java.lang.invoke.DirectMethodHandle$Holder.invokeSpecialIFC(java.lang.Object, java.lang.Object, java.lang.Object)'> (0x0000000088241908) thrown at [./src/hotspot/share/interpreter/linkResolver.cpp, line 773]
Event: 9.228 Thread 0x000002acae562800 Exception <a 'java/lang/NoSuchMethodError'{0x0000000088255a28}: 'java.lang.Object java.lang.invoke.DirectMethodHandle$Holder.invokeSpecialIFC(java.lang.Object, java.lang.Object, java.lang.Object)'> (0x0000000088255a28) thrown at [./src/hotspot/share/interpreter/linkResolver.cpp, line 773]
Event: 9.228 Thread 0x000002acb0bc1800 Exception <a 'java/lang/NoSuchMethodError'{0x00000000889692e0}: 'java.lang.Object java.lang.invoke.DirectMethodHandle$Holder.invokeSpecialIFC(java.lang.Object, java.lang.Object, java.lang.Object)'> (0x00000000889692e0) thrown at [./src/hotspot/share/interpreter/linkResolver.cpp, line 773]
Event: 9.228 Thread 0x000002acb0bc4800 Exception <a 'java/lang/NoSuchMethodError'{0x0000000088ae06c8}: 'java.lang.Object java.lang.invoke.DirectMethodHandle$Holder.invokeSpecialIFC(java.lang.Object, java.lang.Object, java.lang.Object)'> (0x0000000088ae06c8) thrown at [./src/hotspot/share/interpreter/linkResolver.cpp, line 773]
Event: 9.228 Thread 0x000002acae565000 Exception <a 'java/lang/NoSuchMethodError'{0x00000000888a1608}: 'java.lang.Object java.lang.invoke.DirectMethodHandle$Holder.invokeSpecialIFC(java.lang.Object, java.lang.Object, java.lang.Object)'> (0x00000000888a1608) thrown at [./src/hotspot/share/interpreter/linkResolver.cpp, line 773]

Events (20 events):
Event: 9.564 Executing coalesced safepoint VM operation: RevokeBias
Event: 9.564 Executing coalesced safepoint VM operation: RevokeBias done
Event: 9.564 Executing VM operation: RevokeBias done
Event: 9.575 Executing VM operation: RevokeBias
Event: 9.575 Executing VM operation: RevokeBias done
Event: 9.577 Executing VM operation: BulkRevokeBias
Event: 9.581 Executing VM operation: BulkRevokeBias done
Event: 9.590 Executing VM operation: RevokeBias
Event: 9.590 Executing VM operation: RevokeBias done
Event: 9.591 Executing VM operation: RevokeBias
Event: 9.592 Executing VM operation: RevokeBias done
Event: 9.607 Executing VM operation: RevokeBias
Event: 9.608 Executing coalesced safepoint VM operation: RevokeBias
Event: 9.608 Executing coalesced safepoint VM operation: RevokeBias done
Event: 9.608 Executing VM operation: RevokeBias done
Event: 9.653 Loaded shared library B:\programs\Android studio\jre\bin\nio.dll
Event: 9.662 Executing VM operation: G1CollectForAllocation
Event: 9.676 Executing VM operation: G1CollectForAllocation done
Event: 9.728 Executing VM operation: RevokeBias
Event: 9.729 Executing VM operation: RevokeBias done


Dynamic libraries:
0x00007ff66f6b0000 - 0x00007ff66f6ba000 	B:\programs\Android studio\jre\bin\java.exe
0x00007ff8c2910000 - 0x00007ff8c2b05000 	C:\Windows\SYSTEM32\ntdll.dll
0x00007ff8c15b0000 - 0x00007ff8c166e000 	C:\Windows\System32\KERNEL32.DLL
0x00007ff8c0030000 - 0x00007ff8c02f8000 	C:\Windows\System32\KERNELBASE.dll
0x00007ff8b0d30000 - 0x00007ff8b0d49000 	B:\programs\Android studio\jre\bin\jli.dll
0x00007ff8c0470000 - 0x00007ff8c0570000 	C:\Windows\System32\ucrtbase.dll
0x00007ff8b0c30000 - 0x00007ff8b0c47000 	B:\programs\Android studio\jre\bin\VCRUNTIME140.dll
0x00007ff8c23f0000 - 0x00007ff8c2590000 	C:\Windows\System32\USER32.dll
0x00007ff8ae680000 - 0x00007ff8ae91a000 	C:\Windows\WinSxS\amd64_microsoft.windows.common-controls_6595b64144ccf1df_6.0.19041.1110_none_60b5254171f9507e\COMCTL32.dll
0x00007ff8c0940000 - 0x00007ff8c0962000 	C:\Windows\System32\win32u.dll
0x00007ff8c2840000 - 0x00007ff8c286b000 	C:\Windows\System32\GDI32.dll
0x00007ff8c20e0000 - 0x00007ff8c217e000 	C:\Windows\System32\msvcrt.dll
0x00007ff8c05c0000 - 0x00007ff8c06cb000 	C:\Windows\System32\gdi32full.dll
0x00007ff8c06d0000 - 0x00007ff8c076d000 	C:\Windows\System32\msvcp_win.dll
0x00007ff8c1450000 - 0x00007ff8c1480000 	C:\Windows\System32\IMM32.DLL
0x00007ff898160000 - 0x00007ff8981fd000 	B:\programs\Android studio\jre\bin\msvcp140.dll
0x00007ff889dd0000 - 0x00007ff88a88c000 	B:\programs\Android studio\jre\bin\server\jvm.dll
0x00007ff8c2590000 - 0x00007ff8c263e000 	C:\Windows\System32\ADVAPI32.dll
0x00007ff8c1670000 - 0x00007ff8c170c000 	C:\Windows\System32\sechost.dll
0x00007ff8c1480000 - 0x00007ff8c15a5000 	C:\Windows\System32\RPCRT4.dll
0x00007ff8c2180000 - 0x00007ff8c2188000 	C:\Windows\System32\PSAPI.DLL
0x00007ff8aa4f0000 - 0x00007ff8aa4f9000 	C:\Windows\SYSTEM32\WSOCK32.dll
0x00007ff8b9ba0000 - 0x00007ff8b9baa000 	C:\Windows\SYSTEM32\VERSION.dll
0x00007ff8b9590000 - 0x00007ff8b95b7000 	C:\Windows\SYSTEM32\WINMM.dll
0x00007ff8c1710000 - 0x00007ff8c177b000 	C:\Windows\System32\WS2_32.dll
0x00007ff8be100000 - 0x00007ff8be112000 	C:\Windows\SYSTEM32\kernel.appcore.dll
0x00007ff88ae00000 - 0x00007ff88ae11000 	B:\programs\Android studio\jre\bin\verify.dll
0x00007ff8bdcb0000 - 0x00007ff8bde94000 	C:\Windows\SYSTEM32\DBGHELP.DLL
0x00007ff8b4310000 - 0x00007ff8b433c000 	C:\Windows\SYSTEM32\dbgcore.DLL
0x00007ff8c03b0000 - 0x00007ff8c0432000 	C:\Windows\System32\bcryptPrimitives.dll
0x00007ff889da0000 - 0x00007ff889dc9000 	B:\programs\Android studio\jre\bin\java.dll
0x00007ff8ac840000 - 0x00007ff8ac84b000 	B:\programs\Android studio\jre\bin\jimage.dll
0x00007ff88ac90000 - 0x00007ff88aca8000 	B:\programs\Android studio\jre\bin\zip.dll
0x00007ff8c0970000 - 0x00007ff8c10b4000 	C:\Windows\System32\SHELL32.dll
0x00007ff8be140000 - 0x00007ff8be8d4000 	C:\Windows\SYSTEM32\windows.storage.dll
0x00007ff8c1d80000 - 0x00007ff8c20d4000 	C:\Windows\System32\combase.dll
0x00007ff8bfa90000 - 0x00007ff8bfabc000 	C:\Windows\SYSTEM32\Wldp.dll
0x00007ff8c2190000 - 0x00007ff8c223d000 	C:\Windows\System32\SHCORE.dll
0x00007ff8c2870000 - 0x00007ff8c28c5000 	C:\Windows\System32\shlwapi.dll
0x00007ff8bff70000 - 0x00007ff8bff8f000 	C:\Windows\SYSTEM32\profapi.dll
0x00007ff889d80000 - 0x00007ff889d9a000 	B:\programs\Android studio\jre\bin\net.dll
0x00007ff8bba00000 - 0x00007ff8bbb09000 	C:\Windows\SYSTEM32\WINHTTP.dll
0x00007ff8bf7f0000 - 0x00007ff8bf85a000 	C:\Windows\system32\mswsock.dll
0x00007ff889d60000 - 0x00007ff889d74000 	B:\programs\Android studio\jre\bin\nio.dll
0x00007ff89a960000 - 0x00007ff89a987000 	C:\Users\Admin\.gradle\native\fdc75f09e3144964f2cf3f50f0aa648679c211496f362492102eb8c894070792\windows-amd64\native-platform.dll
0x00007ff898300000 - 0x00007ff898496000 	C:\Users\Admin\.gradle\native\12488b8bf47d2d4c9fbf2f6322a914ad602e24e48041cd04a747c6da556b65c4\windows-amd64\native-platform-file-events.dll
0x00007ff8ac7d0000 - 0x00007ff8ac7da000 	B:\programs\Android studio\jre\bin\management.dll
0x00007ff8ab7a0000 - 0x00007ff8ab7ac000 	B:\programs\Android studio\jre\bin\management_ext.dll
0x00007ff8bf9e0000 - 0x00007ff8bf9f8000 	C:\Windows\SYSTEM32\CRYPTSP.dll
0x00007ff8bf100000 - 0x00007ff8bf134000 	C:\Windows\system32\rsaenh.dll
0x00007ff8c0440000 - 0x00007ff8c0467000 	C:\Windows\System32\bcrypt.dll
0x00007ff8bfef0000 - 0x00007ff8bff1e000 	C:\Windows\SYSTEM32\USERENV.dll
0x00007ff8bfa00000 - 0x00007ff8bfa0c000 	C:\Windows\SYSTEM32\CRYPTBASE.dll
0x00007ff8bf490000 - 0x00007ff8bf4cb000 	C:\Windows\SYSTEM32\IPHLPAPI.DLL
0x00007ff8c1300000 - 0x00007ff8c1308000 	C:\Windows\System32\NSI.dll
0x00007ff8ba850000 - 0x00007ff8ba867000 	C:\Windows\SYSTEM32\dhcpcsvc6.DLL
0x00007ff8ba830000 - 0x00007ff8ba84d000 	C:\Windows\SYSTEM32\dhcpcsvc.DLL
0x00007ff8bf4d0000 - 0x00007ff8bf59a000 	C:\Windows\SYSTEM32\DNSAPI.dll
0x00007ff8bb9f0000 - 0x00007ff8bb9fb000 	C:\Windows\SYSTEM32\WINNSI.DLL

dbghelp: loaded successfully - version: 4.0.5 - missing functions: none
symbol engine: initialized successfully - sym options: 0x614 - pdb path: .;B:\programs\Android studio\jre\bin;C:\Windows\SYSTEM32;C:\Windows\WinSxS\amd64_microsoft.windows.common-controls_6595b64144ccf1df_6.0.19041.1110_none_60b5254171f9507e;B:\programs\Android studio\jre\bin\server;C:\Users\Admin\.gradle\native\fdc75f09e3144964f2cf3f50f0aa648679c211496f362492102eb8c894070792\windows-amd64;C:\Users\Admin\.gradle\native\12488b8bf47d2d4c9fbf2f6322a914ad602e24e48041cd04a747c6da556b65c4\windows-amd64

VM Arguments:
jvm_args: --add-opens=java.base/java.util=ALL-UNNAMED --add-opens=java.base/java.lang=ALL-UNNAMED --add-opens=java.base/java.lang.invoke=ALL-UNNAMED --add-opens=java.prefs/java.util.prefs=ALL-UNNAMED -Xmx2048m -Dfile.encoding=UTF-8 -Duser.country=UA -Duser.language=uk -Duser.variant 
java_command: org.gradle.launcher.daemon.bootstrap.GradleDaemon 6.7.1
java_class_path (initial): C:\Users\Admin\.gradle\wrapper\dists\gradle-6.7.1-bin\bwlcbys1h7rz3272sye1xwiv6\gradle-6.7.1\lib\gradle-launcher-6.7.1.jar
Launcher Type: SUN_STANDARD

[Global flags]
     intx CICompilerCount                          = 12                                        {product} {ergonomic}
     uint ConcGCThreads                            = 3                                         {product} {ergonomic}
     uint G1ConcRefinementThreads                  = 13                                        {product} {ergonomic}
   size_t G1HeapRegionSize                         = 1048576                                   {product} {ergonomic}
    uintx GCDrainStackTargetSize                   = 64                                        {product} {ergonomic}
   size_t InitialHeapSize                          = 125829120                                 {product} {ergonomic}
   size_t MarkStackSize                            = 4194304                                   {product} {ergonomic}
   size_t MaxHeapSize                              = 2147483648                                {product} {command line}
   size_t MaxNewSize                               = 1287651328                                {product} {ergonomic}
   size_t MinHeapDeltaBytes                        = 1048576                                   {product} {ergonomic}
    uintx NonNMethodCodeHeapSize                   = 7594288                                {pd product} {ergonomic}
    uintx NonProfiledCodeHeapSize                  = 122031976                              {pd product} {ergonomic}
    uintx ProfiledCodeHeapSize                     = 122031976                              {pd product} {ergonomic}
    uintx ReservedCodeCacheSize                    = 251658240                              {pd product} {ergonomic}
     bool SegmentedCodeCache                       = true                                      {product} {ergonomic}
     bool UseCompressedClassPointers               = true                                 {lp64_product} {ergonomic}
     bool UseCompressedOops                        = true                                 {lp64_product} {ergonomic}
     bool UseG1GC                                  = true                                      {product} {ergonomic}
     bool UseLargePagesIndividualAllocation        = false                                  {pd product} {ergonomic}

Logging:
Log output configuration:
 #0: stdout all=warning uptime,level,tags
 #1: stderr all=off uptime,level,tags

Environment Variables:
PATH=C:\Program Files (x86)\Common Files\Intel\Shared Libraries\redist\intel64\compiler;C:\ProgramData\Oracle\Java\javapath;C:\Windows\system32;C:\Windows;C:\Windows\System32\Wbem;C:\Windows\System32\WindowsPowerShell\v1.0\;C:\Windows\System32\OpenSSH\;C:\Program Files (x86)\NVIDIA Corporation\PhysX\Common;C:\Program Files\NVIDIA Corporation\NVIDIA NvDLISR;B:\programs\Git\Git\cmd;C:\Users\Admin\AppData\Local\Microsoft\WindowsApps;C:\Users\Admin\AppData\Local\GitHubDesktop\bin
USERNAME=Admin
OS=Windows_NT
PROCESSOR_IDENTIFIER=AMD64 Family 23 Model 96 Stepping 1, AuthenticAMD



---------------  S Y S T E M  ---------------

OS: Windows 10 , 64 bit Build 19041 (10.0.19041.1566)
OS uptime: 0 days 10:53 hours

CPU:total 16 (initial active 16) (16 cores per cpu, 2 threads per core) family 23 model 96 stepping 1, cmov, cx8, fxsr, mmx, sse, sse2, sse3, ssse3, sse4.1, sse4.2, popcnt, avx, avx2, aes, clmul, mmxext, 3dnowpref, lzcnt, sse4a, ht, tsc, tscinvbit, tscinv, bmi1, bmi2, adx, sha, fma

Memory: 4k page, system-wide physical 7600M (1076M free)
TotalPageFile size 10668M (AvailPageFile size 5M)
current process WorkingSet (physical memory assigned to process): 421M, peak: 421M
current process commit charge ("private bytes"): 474M, peak: 475M

vm_info: OpenJDK 64-Bit Server VM (11.0.8+10-b944.6842174) for windows-amd64 JRE (11.0.8+10-b944.6842174), built on Sep 19 2020 01:11:42 by "builder" with MS VC++ 14.0 (VS2015)

END.
