#
# There is insufficient memory for the Java Runtime Environment to continue.
# Native memory allocation (malloc) failed to allocate 1304336 bytes for Chunk::new
# Possible reasons:
#   The system is out of physical RAM or swap space
#   The process is running with CompressedOops enabled, and the Java Heap may be blocking the growth of the native heap
# Possible solutions:
#   Reduce memory load on the system
#   Increase physical memory or swap space
#   Check if swap backing store is full
#   Decrease Java heap size (-Xmx/-Xms)
#   Decrease number of Java threads
#   Decrease Java thread stack sizes (-Xss)
#   Set larger code cache with -XX:ReservedCodeCacheSize=
#   JVM is running with Unscaled Compressed Oops mode in which the Java heap is
#     placed in the first 4GB address space. The Java Heap base address is the
#     maximum limit for the native heap growth. Please use -XX:HeapBaseMinAddress
#     to set the Java Heap base and to place the Java Heap above 4GB virtual address.
# This output file may be truncated or incomplete.
#
#  Out of Memory Error (./src/hotspot/share/memory/arena.cpp:197), pid=15404, tid=16280
#
# JRE version: OpenJDK Runtime Environment (11.0.8+10) (build 11.0.8+10-b944.6842174)
# Java VM: OpenJDK 64-Bit Server VM (11.0.8+10-b944.6842174, mixed mode, tiered, compressed oops, g1 gc, windows-amd64)
# No core dump will be written. Minidumps are not enabled by default on client versions of Windows
#

---------------  S U M M A R Y ------------

Command Line: --add-opens=java.base/java.util=ALL-UNNAMED --add-opens=java.base/java.lang=ALL-UNNAMED --add-opens=java.base/java.lang.invoke=ALL-UNNAMED --add-opens=java.prefs/java.util.prefs=ALL-UNNAMED -Xmx2048m -Dfile.encoding=UTF-8 -Duser.country=UA -Duser.language=uk -Duser.variant org.gradle.launcher.daemon.bootstrap.GradleDaemon 6.7.1

Host: AMD Ryzen 7 4800H with Radeon Graphics         , 16 cores, 7G,  Windows 10 , 64 bit Build 19041 (10.0.19041.1566)
Time: Thu Mar 31 11:00:44 2022 Ô³íëÿíä³ÿ (ë³òî) elapsed time: 5 seconds (0d 0h 0m 5s)

---------------  T H R E A D  ---------------

Current thread (0x0000023d9711e000):  JavaThread "C2 CompilerThread0" daemon [_thread_in_native, id=16280, stack(0x000000aa2f100000,0x000000aa2f200000)]


Current CompileTask:
C2:   5687 5383   !   4       com.google.common.reflect.TypeVisitor::visit (225 bytes)

Stack: [0x000000aa2f100000,0x000000aa2f200000]
Native frames: (J=compiled Java code, j=interpreted, Vv=VM code, C=native code)
V  [jvm.dll+0x5de50a]
V  [jvm.dll+0x7122f5]
V  [jvm.dll+0x71384d]
V  [jvm.dll+0x713f03]
V  [jvm.dll+0x23e728]
V  [jvm.dll+0xb899c]
V  [jvm.dll+0xb8e9c]
V  [jvm.dll+0x35020b]
V  [jvm.dll+0x193cbc]
V  [jvm.dll+0x1f780e]
V  [jvm.dll+0x1f68d4]
V  [jvm.dll+0x17f32c]
V  [jvm.dll+0x205047]
V  [jvm.dll+0x203891]
V  [jvm.dll+0x6dad3f]
V  [jvm.dll+0x6d3895]
V  [jvm.dll+0x5dd4a6]
C  [ucrtbase.dll+0x21bb2]
C  [KERNEL32.DLL+0x17034]
C  [ntdll.dll+0x52651]


---------------  P R O C E S S  ---------------

Threads class SMR info:
_java_thread_list=0x0000023d9f668010, length=150, elements={
0x0000023dfb909800, 0x0000023d96794000, 0x0000023d9679d000, 0x0000023d97118000,
0x0000023d9711a000, 0x0000023d9711e000, 0x0000023d97121000, 0x0000023d97122000,
0x0000023d9726b000, 0x0000023d972a2800, 0x0000023d97320800, 0x0000023d97518000,
0x0000023d97be6000, 0x0000023d98b48000, 0x0000023d973c6000, 0x0000023d973ca000,
0x0000023d973cb000, 0x0000023d973c7800, 0x0000023d973c8800, 0x0000023d973c5800,
0x0000023d973c9800, 0x0000023d973cc000, 0x0000023d973c7000, 0x0000023d9923d800,
0x0000023d99240000, 0x0000023d99240800, 0x0000023d99241800, 0x0000023d9923c000,
0x0000023d99242800, 0x0000023d9923c800, 0x0000023d99243000, 0x0000023d99244000,
0x0000023d9923e800, 0x0000023d9923f000, 0x0000023d99249000, 0x0000023d99247000,
0x0000023d99248000, 0x0000023d99245800, 0x0000023d99249800, 0x0000023d99245000,
0x0000023d9924a800, 0x0000023d9dcc8800, 0x0000023d9dccb000, 0x0000023d9dccb800,
0x0000023d9dcc9800, 0x0000023d9dccc800, 0x0000023d9dcca000, 0x0000023d9dcc7000,
0x0000023d9dccd800, 0x0000023d9dcc7800, 0x0000023d9dcd4000, 0x0000023d9dcce000,
0x0000023d9dcd0800, 0x0000023d9dcd0000, 0x0000023d9dcd2000, 0x0000023d9dcd1800,
0x0000023d9dcd3000, 0x0000023d9dcd4800, 0x0000023d9dccf000, 0x0000023d9dcd5800,
0x0000023d9a3c8000, 0x0000023d9a3c5000, 0x0000023d9a3c7800, 0x0000023d9a3c2800,
0x0000023d9a3c9000, 0x0000023d9a3c3800, 0x0000023d9a3c5800, 0x0000023d9a3ca000,
0x0000023d9a3c6800, 0x0000023d9a3c4000, 0x0000023d9a3ca800, 0x0000023d9a3d0800,
0x0000023d9a3cb800, 0x0000023d9a3ce000, 0x0000023d9a3cd000, 0x0000023d9a3cc800,
0x0000023d9a3d1000, 0x0000023d9a3cf800, 0x0000023d9a3ce800, 0x0000023d9a614000,
0x0000023d9a615000, 0x0000023d9a610000, 0x0000023d9a616000, 0x0000023d9a613800,
0x0000023d9a611000, 0x0000023d9a616800, 0x0000023d9a617800, 0x0000023d9a612000,
0x0000023d9a618800, 0x0000023d9a612800, 0x0000023d9a61a000, 0x0000023d9a61b800,
0x0000023d9a61b000, 0x0000023d9a61c800, 0x0000023d9a61d000, 0x0000023d9a61e000,
0x0000023d9a61f000, 0x0000023d9a619000, 0x0000023d9aef8000, 0x0000023d9aef7000,
0x0000023d9aef6800, 0x0000023d9aef2800, 0x0000023d9aef9000, 0x0000023d9aef4800,
0x0000023d9aef3000, 0x0000023d9aef9800, 0x0000023d9aef4000, 0x0000023d9aef5800,
0x0000023d9aeff800, 0x0000023d9af00000, 0x0000023d9aefb800, 0x0000023d9aefd000,
0x0000023d9aefc000, 0x0000023d9aefd800, 0x0000023d9aefa800, 0x0000023d9aefe800,
0x0000023d9af01000, 0x0000023d9acb4800, 0x0000023d9acb3000, 0x0000023d9acb6800,
0x0000023d9acb7000, 0x0000023d9acb4000, 0x0000023d9acb5800, 0x0000023d9acb1800,
0x0000023d9acb8000, 0x0000023d9acb2000, 0x0000023d9acb9800, 0x0000023d9acbc000,
0x0000023d9acbb000, 0x0000023d9acbd000, 0x0000023d9acbd800, 0x0000023d9acba800,
0x0000023d9acb8800, 0x0000023d9acbe800, 0x0000023d9acbf800, 0x0000023d9acc0000,
0x0000023d9a5cc800, 0x0000023d9a5cb800, 0x0000023d9a5cd000, 0x0000023d9a5ce000,
0x0000023d9a5c8800, 0x0000023d9a5cf000, 0x0000023d9a5ca000, 0x0000023d9a5c9000,
0x0000023d9a5cf800, 0x0000023d9a5d0800, 0x0000023d9a5ca800, 0x0000023d9a620000,
0x0000023d9e106800, 0x0000023d9a5d2000
}

Java Threads: ( => current thread )
  0x0000023dfb909800 JavaThread "main" [_thread_blocked, id=7732, stack(0x000000aa2e600000,0x000000aa2e700000)]
  0x0000023d96794000 JavaThread "Reference Handler" daemon [_thread_blocked, id=5656, stack(0x000000aa2ed00000,0x000000aa2ee00000)]
  0x0000023d9679d000 JavaThread "Finalizer" daemon [_thread_blocked, id=6100, stack(0x000000aa2ee00000,0x000000aa2ef00000)]
  0x0000023d97118000 JavaThread "Signal Dispatcher" daemon [_thread_blocked, id=8520, stack(0x000000aa2ef00000,0x000000aa2f000000)]
  0x0000023d9711a000 JavaThread "Attach Listener" daemon [_thread_blocked, id=14732, stack(0x000000aa2f000000,0x000000aa2f100000)]
=>0x0000023d9711e000 JavaThread "C2 CompilerThread0" daemon [_thread_in_native, id=16280, stack(0x000000aa2f100000,0x000000aa2f200000)]
  0x0000023d97121000 JavaThread "C1 CompilerThread0" daemon [_thread_blocked, id=9064, stack(0x000000aa2f200000,0x000000aa2f300000)]
  0x0000023d97122000 JavaThread "Sweeper thread" daemon [_thread_blocked, id=4180, stack(0x000000aa2f300000,0x000000aa2f400000)]
  0x0000023d9726b000 JavaThread "C1 CompilerThread1" daemon [_thread_blocked, id=4724, stack(0x000000aa2f400000,0x000000aa2f500000)]
  0x0000023d972a2800 JavaThread "Common-Cleaner" daemon [_thread_blocked, id=2268, stack(0x000000aa2f500000,0x000000aa2f600000)]
  0x0000023d97320800 JavaThread "Service Thread" daemon [_thread_blocked, id=1016, stack(0x000000aa2f600000,0x000000aa2f700000)]
  0x0000023d97518000 JavaThread "C2 CompilerThread1" daemon [_thread_in_native, id=8904, stack(0x000000aa2f800000,0x000000aa2f900000)]
  0x0000023d97be6000 JavaThread "C1 CompilerThread2" daemon [_thread_blocked, id=8568, stack(0x000000aa2f900000,0x000000aa2fa00000)]
  0x0000023d98b48000 JavaThread "C1 CompilerThread3" daemon [_thread_blocked, id=9252, stack(0x000000aa2fe00000,0x000000aa2ff00000)]
  0x0000023d973c6000 JavaThread "Daemon health stats" [_thread_blocked, id=5528, stack(0x000000aa2ff00000,0x000000aa30000000)]
  0x0000023d973ca000 JavaThread "Incoming local TCP Connector on port 63244" [_thread_in_native, id=10924, stack(0x000000aa2fd00000,0x000000aa2fe00000)]
  0x0000023d973cb000 JavaThread "Daemon periodic checks" [_thread_blocked, id=12708, stack(0x000000aa30200000,0x000000aa30300000)]
  0x0000023d973c7800 JavaThread "Daemon" [_thread_blocked, id=7956, stack(0x000000aa30300000,0x000000aa30400000)]
  0x0000023d973c8800 JavaThread "Handler for socket connection from /127.0.0.1:63244 to /127.0.0.1:63245" [_thread_in_native, id=10468, stack(0x000000aa30400000,0x000000aa30500000)]
  0x0000023d973c5800 JavaThread "Cancel handler" [_thread_blocked, id=12252, stack(0x000000aa30500000,0x000000aa30600000)]
  0x0000023d973c9800 JavaThread "Daemon worker" [_thread_in_vm, id=15420, stack(0x000000aa30600000,0x000000aa30700000)]
  0x0000023d973cc000 JavaThread "Asynchronous log dispatcher for DefaultDaemonConnection: socket connection from /127.0.0.1:63244 to /127.0.0.1:63245" [_thread_blocked, id=10128, stack(0x000000aa30700000,0x000000aa30800000)]
  0x0000023d973c7000 JavaThread "Stdin handler" [_thread_blocked, id=14224, stack(0x000000aa30800000,0x000000aa30900000)]
  0x0000023d9923d800 JavaThread "Thread-8" [_thread_blocked, id=8740, stack(0x000000aa30900000,0x000000aa30a00000)]
  0x0000023d99240000 JavaThread "Cache worker for file hash cache (C:\Users\Admin\.gradle\caches\6.7.1\fileHashes)" [_thread_blocked, id=1408, stack(0x000000aa31600000,0x000000aa31700000)]
  0x0000023d99240800 JavaThread "File lock request listener" [_thread_in_native, id=8608, stack(0x000000aa31700000,0x000000aa31800000)]
  0x0000023d99241800 JavaThread "Cache worker for journal cache (C:\Users\Admin\.gradle\caches\journal-1)" [_thread_blocked, id=8348, stack(0x000000aa31a00000,0x000000aa31b00000)]
  0x0000023d9923c000 JavaThread "Cache worker for file hash cache (B:\programs\Java_dev\codes\Alarm\.gradle\6.7.1\fileHashes)" [_thread_blocked, id=8156, stack(0x000000aa31b00000,0x000000aa31c00000)]
  0x0000023d99242800 JavaThread "Cache worker for checksums cache (B:\programs\Java_dev\codes\Alarm\.gradle\checksums)" [_thread_blocked, id=4088, stack(0x000000aa31c00000,0x000000aa31d00000)]
  0x0000023d9923c800 JavaThread "Cache worker for cache directory md-supplier (C:\Users\Admin\.gradle\caches\6.7.1\md-supplier)" [_thread_blocked, id=12324, stack(0x000000aa31d00000,0x000000aa31e00000)]
  0x0000023d99243000 JavaThread "Cache worker for cache directory md-rule (C:\Users\Admin\.gradle\caches\6.7.1\md-rule)" [_thread_blocked, id=13728, stack(0x000000aa31e00000,0x000000aa31f00000)]
  0x0000023d99244000 JavaThread "Cache worker for execution history cache (C:\Users\Admin\.gradle\caches\6.7.1\executionHistory)" [_thread_blocked, id=2212, stack(0x000000aa31f00000,0x000000aa32000000)]
  0x0000023d9923e800 JavaThread "jar transforms" [_thread_blocked, id=12480, stack(0x000000aa32000000,0x000000aa32100000)]
  0x0000023d9923f000 JavaThread "Cache worker for file content cache (C:\Users\Admin\.gradle\caches\6.7.1\fileContent)" [_thread_blocked, id=15612, stack(0x000000aa32100000,0x000000aa32200000)]
  0x0000023d99249000 JavaThread "Cache worker for Build Output Cleanup Cache (B:\programs\Java_dev\codes\Alarm\.gradle\buildOutputCleanup)" [_thread_blocked, id=8572, stack(0x000000aa32200000,0x000000aa32300000)]
  0x0000023d99247000 JavaThread "Build operations" [_thread_blocked, id=8600, stack(0x000000aa2fc00000,0x000000aa2fd00000)]
  0x0000023d99248000 JavaThread "Build operations Thread 2" [_thread_blocked, id=13964, stack(0x000000aa32300000,0x000000aa32400000)]
  0x0000023d99245800 JavaThread "Build operations Thread 3" [_thread_blocked, id=5484, stack(0x000000aa32400000,0x000000aa32500000)]
  0x0000023d99249800 JavaThread "Build operations Thread 4" [_thread_blocked, id=7484, stack(0x000000aa32500000,0x000000aa32600000)]
  0x0000023d99245000 JavaThread "Build operations Thread 5" [_thread_blocked, id=10796, stack(0x000000aa32600000,0x000000aa32700000)]
  0x0000023d9924a800 JavaThread "Build operations Thread 6" [_thread_blocked, id=15232, stack(0x000000aa32700000,0x000000aa32800000)]
  0x0000023d9dcc8800 JavaThread "Build operations Thread 7" [_thread_blocked, id=7788, stack(0x000000aa32800000,0x000000aa32900000)]
  0x0000023d9dccb000 JavaThread "Build operations Thread 8" [_thread_blocked, id=2636, stack(0x000000aa32900000,0x000000aa32a00000)]
  0x0000023d9dccb800 JavaThread "Build operations Thread 9" [_thread_blocked, id=15380, stack(0x000000aa32a00000,0x000000aa32b00000)]
  0x0000023d9dcc9800 JavaThread "Build operations Thread 10" [_thread_blocked, id=732, stack(0x000000aa32b00000,0x000000aa32c00000)]
  0x0000023d9dccc800 JavaThread "Build operations Thread 11" [_thread_blocked, id=13836, stack(0x000000aa32c00000,0x000000aa32d00000)]
  0x0000023d9dcca000 JavaThread "Build operations Thread 12" [_thread_blocked, id=11340, stack(0x000000aa32d00000,0x000000aa32e00000)]
  0x0000023d9dcc7000 JavaThread "Build operations Thread 13" [_thread_blocked, id=8924, stack(0x000000aa32e00000,0x000000aa32f00000)]
  0x0000023d9dccd800 JavaThread "Build operations Thread 14" [_thread_blocked, id=16164, stack(0x000000aa32f00000,0x000000aa33000000)]
  0x0000023d9dcc7800 JavaThread "Build operations Thread 15" [_thread_blocked, id=11932, stack(0x000000aa33000000,0x000000aa33100000)]
  0x0000023d9dcd4000 JavaThread "Build operations Thread 16" [_thread_blocked, id=8100, stack(0x000000aa33100000,0x000000aa33200000)]
  0x0000023d9dcce000 JavaThread "jar transforms Thread 2" [_thread_blocked, id=7684, stack(0x000000aa33300000,0x000000aa33400000)]
  0x0000023d9dcd0800 JavaThread "jar transforms Thread 3" [_thread_blocked, id=15736, stack(0x000000aa33400000,0x000000aa33500000)]
  0x0000023d9dcd0000 JavaThread "jar transforms Thread 4" [_thread_blocked, id=15064, stack(0x000000aa33500000,0x000000aa33600000)]
  0x0000023d9dcd2000 JavaThread "jar transforms Thread 5" [_thread_blocked, id=14204, stack(0x000000aa33600000,0x000000aa33700000)]
  0x0000023d9dcd1800 JavaThread "jar transforms Thread 6" [_thread_blocked, id=5456, stack(0x000000aa33700000,0x000000aa33800000)]
  0x0000023d9dcd3000 JavaThread "jar transforms Thread 7" [_thread_blocked, id=13128, stack(0x000000aa33800000,0x000000aa33900000)]
  0x0000023d9dcd4800 JavaThread "jar transforms Thread 8" [_thread_blocked, id=8752, stack(0x000000aa33900000,0x000000aa33a00000)]
  0x0000023d9dccf000 JavaThread "jar transforms Thread 9" [_thread_blocked, id=16152, stack(0x000000aa33a00000,0x000000aa33b00000)]
  0x0000023d9dcd5800 JavaThread "jar transforms Thread 10" [_thread_blocked, id=1060, stack(0x000000aa33b00000,0x000000aa33c00000)]
  0x0000023d9a3c8000 JavaThread "jar transforms Thread 11" [_thread_blocked, id=14176, stack(0x000000aa33c00000,0x000000aa33d00000)]
  0x0000023d9a3c5000 JavaThread "jar transforms Thread 12" [_thread_blocked, id=13116, stack(0x000000aa33d00000,0x000000aa33e00000)]
  0x0000023d9a3c7800 JavaThread "jar transforms Thread 13" [_thread_blocked, id=6132, stack(0x000000aa33e00000,0x000000aa33f00000)]
  0x0000023d9a3c2800 JavaThread "jar transforms Thread 14" [_thread_blocked, id=4484, stack(0x000000aa33f00000,0x000000aa34000000)]
  0x0000023d9a3c9000 JavaThread "jar transforms Thread 15" [_thread_blocked, id=15760, stack(0x000000aa34000000,0x000000aa34100000)]
  0x0000023d9a3c3800 JavaThread "jar transforms Thread 16" [_thread_blocked, id=14744, stack(0x000000aa34100000,0x000000aa34200000)]
  0x0000023d9a3c5800 JavaThread "jar transforms Thread 17" [_thread_blocked, id=9672, stack(0x000000aa34200000,0x000000aa34300000)]
  0x0000023d9a3ca000 JavaThread "jar transforms Thread 18" [_thread_blocked, id=13008, stack(0x000000aa34300000,0x000000aa34400000)]
  0x0000023d9a3c6800 JavaThread "jar transforms Thread 19" [_thread_blocked, id=12212, stack(0x000000aa34400000,0x000000aa34500000)]
  0x0000023d9a3c4000 JavaThread "jar transforms Thread 20" [_thread_blocked, id=8508, stack(0x000000aa34500000,0x000000aa34600000)]
  0x0000023d9a3ca800 JavaThread "jar transforms Thread 21" [_thread_blocked, id=3576, stack(0x000000aa34600000,0x000000aa34700000)]
  0x0000023d9a3d0800 JavaThread "jar transforms Thread 22" [_thread_blocked, id=8408, stack(0x000000aa34700000,0x000000aa34800000)]
  0x0000023d9a3cb800 JavaThread "jar transforms Thread 23" [_thread_blocked, id=13924, stack(0x000000aa34800000,0x000000aa34900000)]
  0x0000023d9a3ce000 JavaThread "jar transforms Thread 24" [_thread_blocked, id=13988, stack(0x000000aa34900000,0x000000aa34a00000)]
  0x0000023d9a3cd000 JavaThread "jar transforms Thread 25" [_thread_blocked, id=2640, stack(0x000000aa34a00000,0x000000aa34b00000)]
  0x0000023d9a3cc800 JavaThread "jar transforms Thread 26" [_thread_blocked, id=13176, stack(0x000000aa34b00000,0x000000aa34c00000)]
  0x0000023d9a3d1000 JavaThread "jar transforms Thread 27" [_thread_blocked, id=16376, stack(0x000000aa34c00000,0x000000aa34d00000)]
  0x0000023d9a3cf800 JavaThread "jar transforms Thread 28" [_thread_blocked, id=13092, stack(0x000000aa34d00000,0x000000aa34e00000)]
  0x0000023d9a3ce800 JavaThread "jar transforms Thread 29" [_thread_blocked, id=8684, stack(0x000000aa34e00000,0x000000aa34f00000)]
  0x0000023d9a614000 JavaThread "jar transforms Thread 30" [_thread_blocked, id=11396, stack(0x000000aa34f00000,0x000000aa35000000)]
  0x0000023d9a615000 JavaThread "jar transforms Thread 31" [_thread_blocked, id=5464, stack(0x000000aa35000000,0x000000aa35100000)]
  0x0000023d9a610000 JavaThread "jar transforms Thread 32" [_thread_blocked, id=3036, stack(0x000000aa35100000,0x000000aa35200000)]
  0x0000023d9a616000 JavaThread "jar transforms Thread 33" [_thread_blocked, id=14960, stack(0x000000aa35200000,0x000000aa35300000)]
  0x0000023d9a613800 JavaThread "jar transforms Thread 34" [_thread_blocked, id=16052, stack(0x000000aa35300000,0x000000aa35400000)]
  0x0000023d9a611000 JavaThread "jar transforms Thread 35" [_thread_blocked, id=10728, stack(0x000000aa35400000,0x000000aa35500000)]
  0x0000023d9a616800 JavaThread "jar transforms Thread 36" [_thread_blocked, id=12904, stack(0x000000aa35500000,0x000000aa35600000)]
  0x0000023d9a617800 JavaThread "jar transforms Thread 37" [_thread_blocked, id=9172, stack(0x000000aa35600000,0x000000aa35700000)]
  0x0000023d9a612000 JavaThread "jar transforms Thread 38" [_thread_blocked, id=11052, stack(0x000000aa35700000,0x000000aa35800000)]
  0x0000023d9a618800 JavaThread "jar transforms Thread 39" [_thread_blocked, id=9420, stack(0x000000aa35800000,0x000000aa35900000)]
  0x0000023d9a612800 JavaThread "jar transforms Thread 40" [_thread_blocked, id=7536, stack(0x000000aa35900000,0x000000aa35a00000)]
  0x0000023d9a61a000 JavaThread "jar transforms Thread 41" [_thread_blocked, id=12672, stack(0x000000aa35a00000,0x000000aa35b00000)]
  0x0000023d9a61b800 JavaThread "jar transforms Thread 42" [_thread_blocked, id=12548, stack(0x000000aa35b00000,0x000000aa35c00000)]
  0x0000023d9a61b000 JavaThread "jar transforms Thread 43" [_thread_blocked, id=10708, stack(0x000000aa35c00000,0x000000aa35d00000)]
  0x0000023d9a61c800 JavaThread "jar transforms Thread 44" [_thread_blocked, id=2864, stack(0x000000aa35d00000,0x000000aa35e00000)]
  0x0000023d9a61d000 JavaThread "jar transforms Thread 45" [_thread_blocked, id=15412, stack(0x000000aa35e00000,0x000000aa35f00000)]
  0x0000023d9a61e000 JavaThread "jar transforms Thread 46" [_thread_blocked, id=1672, stack(0x000000aa35f00000,0x000000aa36000000)]
  0x0000023d9a61f000 JavaThread "jar transforms Thread 47" [_thread_blocked, id=13200, stack(0x000000aa36000000,0x000000aa36100000)]
  0x0000023d9a619000 JavaThread "jar transforms Thread 48" [_thread_blocked, id=13000, stack(0x000000aa36100000,0x000000aa36200000)]
  0x0000023d9aef8000 JavaThread "jar transforms Thread 49" [_thread_blocked, id=15040, stack(0x000000aa36200000,0x000000aa36300000)]
  0x0000023d9aef7000 JavaThread "jar transforms Thread 50" [_thread_blocked, id=3696, stack(0x000000aa36300000,0x000000aa36400000)]
  0x0000023d9aef6800 JavaThread "jar transforms Thread 51" [_thread_blocked, id=3860, stack(0x000000aa36400000,0x000000aa36500000)]
  0x0000023d9aef2800 JavaThread "jar transforms Thread 52" [_thread_blocked, id=6676, stack(0x000000aa36500000,0x000000aa36600000)]
  0x0000023d9aef9000 JavaThread "jar transforms Thread 53" [_thread_blocked, id=13188, stack(0x000000aa36600000,0x000000aa36700000)]
  0x0000023d9aef4800 JavaThread "jar transforms Thread 54" [_thread_blocked, id=12632, stack(0x000000aa36700000,0x000000aa36800000)]
  0x0000023d9aef3000 JavaThread "jar transforms Thread 55" [_thread_blocked, id=11680, stack(0x000000aa36800000,0x000000aa36900000)]
  0x0000023d9aef9800 JavaThread "jar transforms Thread 56" [_thread_blocked, id=13356, stack(0x000000aa36900000,0x000000aa36a00000)]
  0x0000023d9aef4000 JavaThread "jar transforms Thread 57" [_thread_blocked, id=940, stack(0x000000aa36a00000,0x000000aa36b00000)]
  0x0000023d9aef5800 JavaThread "jar transforms Thread 58" [_thread_blocked, id=7964, stack(0x000000aa36b00000,0x000000aa36c00000)]
  0x0000023d9aeff800 JavaThread "jar transforms Thread 59" [_thread_blocked, id=11904, stack(0x000000aa36c00000,0x000000aa36d00000)]
  0x0000023d9af00000 JavaThread "jar transforms Thread 60" [_thread_blocked, id=12964, stack(0x000000aa36d00000,0x000000aa36e00000)]
  0x0000023d9aefb800 JavaThread "jar transforms Thread 61" [_thread_blocked, id=7948, stack(0x000000aa36e00000,0x000000aa36f00000)]
  0x0000023d9aefd000 JavaThread "jar transforms Thread 62" [_thread_blocked, id=15580, stack(0x000000aa36f00000,0x000000aa37000000)]
  0x0000023d9aefc000 JavaThread "jar transforms Thread 63" [_thread_blocked, id=10876, stack(0x000000aa37000000,0x000000aa37100000)]
  0x0000023d9aefd800 JavaThread "jar transforms Thread 64" [_thread_blocked, id=15652, stack(0x000000aa37100000,0x000000aa37200000)]
  0x0000023d9aefa800 JavaThread "jar transforms Thread 65" [_thread_blocked, id=13816, stack(0x000000aa37200000,0x000000aa37300000)]
  0x0000023d9aefe800 JavaThread "jar transforms Thread 66" [_thread_blocked, id=8780, stack(0x000000aa37300000,0x000000aa37400000)]
  0x0000023d9af01000 JavaThread "jar transforms Thread 67" [_thread_blocked, id=2892, stack(0x000000aa37400000,0x000000aa37500000)]
  0x0000023d9acb4800 JavaThread "jar transforms Thread 68" [_thread_blocked, id=7748, stack(0x000000aa37500000,0x000000aa37600000)]
  0x0000023d9acb3000 JavaThread "jar transforms Thread 69" [_thread_blocked, id=13132, stack(0x000000aa37600000,0x000000aa37700000)]
  0x0000023d9acb6800 JavaThread "jar transforms Thread 70" [_thread_blocked, id=4316, stack(0x000000aa37700000,0x000000aa37800000)]
  0x0000023d9acb7000 JavaThread "jar transforms Thread 71" [_thread_blocked, id=9132, stack(0x000000aa37800000,0x000000aa37900000)]
  0x0000023d9acb4000 JavaThread "jar transforms Thread 72" [_thread_blocked, id=7460, stack(0x000000aa37900000,0x000000aa37a00000)]
  0x0000023d9acb5800 JavaThread "jar transforms Thread 73" [_thread_blocked, id=724, stack(0x000000aa37a00000,0x000000aa37b00000)]
  0x0000023d9acb1800 JavaThread "jar transforms Thread 74" [_thread_blocked, id=12120, stack(0x000000aa37b00000,0x000000aa37c00000)]
  0x0000023d9acb8000 JavaThread "jar transforms Thread 75" [_thread_blocked, id=7704, stack(0x000000aa37c00000,0x000000aa37d00000)]
  0x0000023d9acb2000 JavaThread "jar transforms Thread 76" [_thread_blocked, id=7808, stack(0x000000aa37d00000,0x000000aa37e00000)]
  0x0000023d9acb9800 JavaThread "jar transforms Thread 77" [_thread_blocked, id=15516, stack(0x000000aa37e00000,0x000000aa37f00000)]
  0x0000023d9acbc000 JavaThread "jar transforms Thread 78" [_thread_blocked, id=8416, stack(0x000000aa37f00000,0x000000aa38000000)]
  0x0000023d9acbb000 JavaThread "jar transforms Thread 79" [_thread_blocked, id=14028, stack(0x000000aa38000000,0x000000aa38100000)]
  0x0000023d9acbd000 JavaThread "jar transforms Thread 80" [_thread_blocked, id=5600, stack(0x000000aa38100000,0x000000aa38200000)]
  0x0000023d9acbd800 JavaThread "jar transforms Thread 81" [_thread_blocked, id=15216, stack(0x000000aa38200000,0x000000aa38300000)]
  0x0000023d9acba800 JavaThread "jar transforms Thread 82" [_thread_blocked, id=15320, stack(0x000000aa38300000,0x000000aa38400000)]
  0x0000023d9acb8800 JavaThread "jar transforms Thread 83" [_thread_blocked, id=9528, stack(0x000000aa38400000,0x000000aa38500000)]
  0x0000023d9acbe800 JavaThread "jar transforms Thread 84" [_thread_blocked, id=9164, stack(0x000000aa38500000,0x000000aa38600000)]
  0x0000023d9acbf800 JavaThread "jar transforms Thread 85" [_thread_blocked, id=8224, stack(0x000000aa38600000,0x000000aa38700000)]
  0x0000023d9acc0000 JavaThread "jar transforms Thread 86" [_thread_blocked, id=8240, stack(0x000000aa38700000,0x000000aa38800000)]
  0x0000023d9a5cc800 JavaThread "jar transforms Thread 87" [_thread_blocked, id=7932, stack(0x000000aa38800000,0x000000aa38900000)]
  0x0000023d9a5cb800 JavaThread "jar transforms Thread 88" [_thread_blocked, id=14764, stack(0x000000aa38900000,0x000000aa38a00000)]
  0x0000023d9a5cd000 JavaThread "jar transforms Thread 89" [_thread_blocked, id=13236, stack(0x000000aa38a00000,0x000000aa38b00000)]
  0x0000023d9a5ce000 JavaThread "jar transforms Thread 90" [_thread_blocked, id=15696, stack(0x000000aa38b00000,0x000000aa38c00000)]
  0x0000023d9a5c8800 JavaThread "jar transforms Thread 91" [_thread_blocked, id=2888, stack(0x000000aa38c00000,0x000000aa38d00000)]
  0x0000023d9a5cf000 JavaThread "jar transforms Thread 92" [_thread_blocked, id=9712, stack(0x000000aa38d00000,0x000000aa38e00000)]
  0x0000023d9a5ca000 JavaThread "jar transforms Thread 93" [_thread_blocked, id=15648, stack(0x000000aa38e00000,0x000000aa38f00000)]
  0x0000023d9a5c9000 JavaThread "jar transforms Thread 94" [_thread_blocked, id=1868, stack(0x000000aa38f00000,0x000000aa39000000)]
  0x0000023d9a5cf800 JavaThread "jar transforms Thread 95" [_thread_blocked, id=2284, stack(0x000000aa39000000,0x000000aa39100000)]
  0x0000023d9a5d0800 JavaThread "jar transforms Thread 96" [_thread_blocked, id=11608, stack(0x000000aa39100000,0x000000aa39200000)]
  0x0000023d9a5ca800 JavaThread "jar transforms Thread 97" [_thread_blocked, id=4908, stack(0x000000aa39200000,0x000000aa39300000)]
  0x0000023d9a620000 JavaThread "C2 CompilerThread2" daemon [_thread_in_native, id=12452, stack(0x000000aa2fb00000,0x000000aa2fc00000)]
  0x0000023d9e106800 JavaThread "C2 CompilerThread3" daemon [_thread_in_native, id=11628, stack(0x000000aa33200000,0x000000aa33300000)]
  0x0000023d9a5d2000 JavaThread "Memory manager" [_thread_blocked, id=12700, stack(0x000000aa39300000,0x000000aa39400000)]

Other Threads:
  0x0000023d9678d000 VMThread "VM Thread" [stack: 0x000000aa2ec00000,0x000000aa2ed00000] [id=9976]
  0x0000023d9737b000 WatcherThread [stack: 0x000000aa2f700000,0x000000aa2f800000] [id=8392]
  0x0000023dfb922800 GCTaskThread "GC Thread#0" [stack: 0x000000aa2e700000,0x000000aa2e800000] [id=2388]
  0x0000023d98219800 GCTaskThread "GC Thread#1" [stack: 0x000000aa2fa00000,0x000000aa2fb00000] [id=4868]
  0x0000023d99c2e000 GCTaskThread "GC Thread#2" [stack: 0x000000aa30a00000,0x000000aa30b00000] [id=13968]
  0x0000023d98e77800 GCTaskThread "GC Thread#3" [stack: 0x000000aa30b00000,0x000000aa30c00000] [id=4872]
  0x0000023d98b3e000 GCTaskThread "GC Thread#4" [stack: 0x000000aa30c00000,0x000000aa30d00000] [id=5572]
  0x0000023d985c3000 GCTaskThread "GC Thread#5" [stack: 0x000000aa30d00000,0x000000aa30e00000] [id=10428]
  0x0000023d99b96000 GCTaskThread "GC Thread#6" [stack: 0x000000aa30e00000,0x000000aa30f00000] [id=5268]
  0x0000023d98e9e800 GCTaskThread "GC Thread#7" [stack: 0x000000aa30f00000,0x000000aa31000000] [id=14992]
  0x0000023d9898e800 GCTaskThread "GC Thread#8" [stack: 0x000000aa31000000,0x000000aa31100000] [id=11964]
  0x0000023d98e73800 GCTaskThread "GC Thread#9" [stack: 0x000000aa31100000,0x000000aa31200000] [id=8272]
  0x0000023d99121800 GCTaskThread "GC Thread#10" [stack: 0x000000aa31200000,0x000000aa31300000] [id=15076]
  0x0000023d98cd6800 GCTaskThread "GC Thread#11" [stack: 0x000000aa31300000,0x000000aa31400000] [id=5468]
  0x0000023d98cd7000 GCTaskThread "GC Thread#12" [stack: 0x000000aa31400000,0x000000aa31500000] [id=10992]
  0x0000023dfb956000 ConcurrentGCThread "G1 Main Marker" [stack: 0x000000aa2e800000,0x000000aa2e900000] [id=14220]
  0x0000023dfb957800 ConcurrentGCThread "G1 Conc#0" [stack: 0x000000aa2e900000,0x000000aa2ea00000] [id=13196]
  0x0000023d99dc2800 ConcurrentGCThread "G1 Conc#1" [stack: 0x000000aa31800000,0x000000aa31900000] [id=4656]
  0x0000023d9985e000 ConcurrentGCThread "G1 Conc#2" [stack: 0x000000aa31900000,0x000000aa31a00000] [id=15120]
  0x0000023dfb9ea000 ConcurrentGCThread "G1 Refine#0" [stack: 0x000000aa2ea00000,0x000000aa2eb00000] [id=8144]
  0x0000023d97bd3800 ConcurrentGCThread "G1 Refine#1" [stack: 0x000000aa31500000,0x000000aa31600000] [id=8472]
  0x0000023dfb9ea800 ConcurrentGCThread "G1 Young RemSet Sampling" [stack: 0x000000aa2eb00000,0x000000aa2ec00000] [id=1536]

Threads with active compile tasks:
C2 CompilerThread0   5706 5383   !   4       com.google.common.reflect.TypeVisitor::visit (225 bytes)
C2 CompilerThread1   5706 5425       4       org.objectweb.asm.Frame::execute (2318 bytes)
C2 CompilerThread2   5706 5452       4       org.gradle.internal.reflect.MethodSet::add (50 bytes)
C2 CompilerThread3   5706 5392       4       org.objectweb.asm.SymbolTable::addConstantMemberReference (147 bytes)

VM state:not at safepoint (normal execution)

VM Mutex/Monitor currently owned by a thread: None

Heap address: 0x0000000080000000, size: 2048 MB, Compressed Oops mode: 32-bit
Narrow klass base: 0x0000000000000000, Narrow klass shift: 3
Compressed class space size: 1073741824 Address: 0x0000000100000000

Heap:
 garbage-first heap   total 147456K, used 41822K [0x0000000080000000, 0x0000000100000000)
  region size 1024K, 6 young (6144K), 3 survivors (3072K)
 Metaspace       used 55194K, capacity 56601K, committed 56656K, reserved 1097728K
  class space    used 7020K, capacity 7498K, committed 7552K, reserved 1048576K
Heap Regions: E=young(eden), S=young(survivor), O=old, HS=humongous(starts), HC=humongous(continues), CS=collection set, F=free, A=archive, TAMS=top-at-mark-start (previous, next)
|   0|0x0000000080000000, 0x0000000080100000, 0x0000000080100000|100%| O|  |TAMS 0x0000000080100000, 0x0000000080000000| Untracked 
|   1|0x0000000080100000, 0x0000000080200000, 0x0000000080200000|100%| O|  |TAMS 0x0000000080200000, 0x0000000080100000| Untracked 
|   2|0x0000000080200000, 0x0000000080300000, 0x0000000080300000|100%| O|  |TAMS 0x0000000080300000, 0x0000000080200000| Untracked 
|   3|0x0000000080300000, 0x0000000080400000, 0x0000000080400000|100%|HS|  |TAMS 0x0000000080400000, 0x0000000080300000| Complete 
|   4|0x0000000080400000, 0x0000000080500000, 0x0000000080500000|100%|HC|  |TAMS 0x0000000080500000, 0x0000000080400000| Complete 
|   5|0x0000000080500000, 0x0000000080600000, 0x0000000080600000|100%|HC|  |TAMS 0x0000000080600000, 0x0000000080500000| Complete 
|   6|0x0000000080600000, 0x0000000080700000, 0x0000000080700000|100%| O|  |TAMS 0x0000000080700000, 0x0000000080600000| Untracked 
|   7|0x0000000080700000, 0x0000000080800000, 0x0000000080800000|100%| O|  |TAMS 0x0000000080800000, 0x0000000080700000| Untracked 
|   8|0x0000000080800000, 0x0000000080900000, 0x0000000080900000|100%| O|  |TAMS 0x0000000080900000, 0x0000000080800000| Untracked 
|   9|0x0000000080900000, 0x0000000080a00000, 0x0000000080a00000|100%| O|  |TAMS 0x0000000080a00000, 0x0000000080900000| Untracked 
|  10|0x0000000080a00000, 0x0000000080b00000, 0x0000000080b00000|100%| O|  |TAMS 0x0000000080b00000, 0x0000000080a00000| Untracked 
|  11|0x0000000080b00000, 0x0000000080c00000, 0x0000000080c00000|100%| O|  |TAMS 0x0000000080c00000, 0x0000000080b00000| Untracked 
|  12|0x0000000080c00000, 0x0000000080d00000, 0x0000000080d00000|100%| O|  |TAMS 0x0000000080d00000, 0x0000000080c00000| Untracked 
|  13|0x0000000080d00000, 0x0000000080e00000, 0x0000000080e00000|100%| O|  |TAMS 0x0000000080e00000, 0x0000000080d00000| Untracked 
|  14|0x0000000080e00000, 0x0000000080f00000, 0x0000000080f00000|100%| O|  |TAMS 0x0000000080f00000, 0x0000000080e00000| Untracked 
|  15|0x0000000080f00000, 0x0000000081000000, 0x0000000081000000|100%| O|  |TAMS 0x0000000081000000, 0x0000000080f00000| Untracked 
|  16|0x0000000081000000, 0x0000000081100000, 0x0000000081100000|100%| O|  |TAMS 0x0000000081100000, 0x0000000081000000| Untracked 
|  17|0x0000000081100000, 0x0000000081200000, 0x0000000081200000|100%| O|  |TAMS 0x0000000081194c00, 0x0000000081100000| Untracked 
|  18|0x0000000081200000, 0x0000000081300000, 0x0000000081300000|100%|HS|  |TAMS 0x0000000081200000, 0x0000000081200000| Complete 
|  19|0x0000000081300000, 0x0000000081400000, 0x0000000081400000|100%|HS|  |TAMS 0x0000000081300000, 0x0000000081300000| Complete 
|  20|0x0000000081400000, 0x0000000081500000, 0x0000000081500000|100%|HC|  |TAMS 0x0000000081400000, 0x0000000081400000| Complete 
|  21|0x0000000081500000, 0x0000000081600000, 0x0000000081600000|100%| O|  |TAMS 0x0000000081500000, 0x0000000081500000| Untracked 
|  22|0x0000000081600000, 0x0000000081700000, 0x0000000081700000|100%| O|  |TAMS 0x0000000081600000, 0x0000000081600000| Untracked 
|  23|0x0000000081700000, 0x0000000081800000, 0x0000000081800000|100%| O|  |TAMS 0x0000000081700000, 0x0000000081700000| Untracked 
|  24|0x0000000081800000, 0x0000000081900000, 0x0000000081900000|100%| O|  |TAMS 0x0000000081800000, 0x0000000081800000| Untracked 
|  25|0x0000000081900000, 0x0000000081a00000, 0x0000000081a00000|100%| O|  |TAMS 0x0000000081900000, 0x0000000081900000| Untracked 
|  26|0x0000000081a00000, 0x0000000081b00000, 0x0000000081b00000|100%| O|  |TAMS 0x0000000081a00000, 0x0000000081a00000| Untracked 
|  27|0x0000000081b00000, 0x0000000081c00000, 0x0000000081c00000|100%| O|  |TAMS 0x0000000081b00000, 0x0000000081b00000| Untracked 
|  28|0x0000000081c00000, 0x0000000081d00000, 0x0000000081d00000|100%| O|  |TAMS 0x0000000081c00000, 0x0000000081c00000| Untracked 
|  29|0x0000000081d00000, 0x0000000081e00000, 0x0000000081e00000|100%| O|  |TAMS 0x0000000081d00000, 0x0000000081d00000| Untracked 
|  30|0x0000000081e00000, 0x0000000081f00000, 0x0000000081f00000|100%| O|  |TAMS 0x0000000081e00000, 0x0000000081e00000| Untracked 
|  31|0x0000000081f00000, 0x0000000082000000, 0x0000000082000000|100%| O|  |TAMS 0x0000000081f00000, 0x0000000081f00000| Untracked 
|  32|0x0000000082000000, 0x0000000082100000, 0x0000000082100000|100%| O|  |TAMS 0x0000000082000000, 0x0000000082000000| Untracked 
|  33|0x0000000082100000, 0x0000000082200000, 0x0000000082200000|100%| O|  |TAMS 0x0000000082100000, 0x0000000082100000| Untracked 
|  34|0x0000000082200000, 0x0000000082300000, 0x0000000082300000|100%| O|  |TAMS 0x0000000082200000, 0x0000000082200000| Untracked 
|  35|0x0000000082300000, 0x00000000823e2800, 0x0000000082400000| 88%| O|  |TAMS 0x0000000082300000, 0x0000000082300000| Untracked 
|  36|0x0000000082400000, 0x0000000082400000, 0x0000000082500000|  0%| F|  |TAMS 0x0000000082400000, 0x0000000082400000| Untracked 
|  37|0x0000000082500000, 0x0000000082500000, 0x0000000082600000|  0%| F|  |TAMS 0x0000000082500000, 0x0000000082500000| Untracked 
|  38|0x0000000082600000, 0x0000000082600000, 0x0000000082700000|  0%| F|  |TAMS 0x0000000082600000, 0x0000000082600000| Untracked 
|  39|0x0000000082700000, 0x0000000082700000, 0x0000000082800000|  0%| F|  |TAMS 0x0000000082700000, 0x0000000082700000| Untracked 
|  40|0x0000000082800000, 0x0000000082800000, 0x0000000082900000|  0%| F|  |TAMS 0x0000000082800000, 0x0000000082800000| Untracked 
|  41|0x0000000082900000, 0x0000000082900000, 0x0000000082a00000|  0%| F|  |TAMS 0x0000000082900000, 0x0000000082900000| Untracked 
|  42|0x0000000082a00000, 0x0000000082a00000, 0x0000000082b00000|  0%| F|  |TAMS 0x0000000082a00000, 0x0000000082a00000| Untracked 
|  43|0x0000000082b00000, 0x0000000082b00000, 0x0000000082c00000|  0%| F|  |TAMS 0x0000000082b00000, 0x0000000082b00000| Untracked 
|  44|0x0000000082c00000, 0x0000000082c00000, 0x0000000082d00000|  0%| F|  |TAMS 0x0000000082c00000, 0x0000000082c00000| Untracked 
|  45|0x0000000082d00000, 0x0000000082d00000, 0x0000000082e00000|  0%| F|  |TAMS 0x0000000082d00000, 0x0000000082d00000| Untracked 
|  46|0x0000000082e00000, 0x0000000082e00000, 0x0000000082f00000|  0%| F|  |TAMS 0x0000000082e00000, 0x0000000082e00000| Untracked 
|  47|0x0000000082f00000, 0x0000000082f00000, 0x0000000083000000|  0%| F|  |TAMS 0x0000000082f00000, 0x0000000082f00000| Untracked 
|  48|0x0000000083000000, 0x0000000083000000, 0x0000000083100000|  0%| F|  |TAMS 0x0000000083000000, 0x0000000083000000| Untracked 
|  49|0x0000000083100000, 0x0000000083100000, 0x0000000083200000|  0%| F|  |TAMS 0x0000000083100000, 0x0000000083100000| Untracked 
|  50|0x0000000083200000, 0x0000000083200000, 0x0000000083300000|  0%| F|  |TAMS 0x0000000083200000, 0x0000000083200000| Untracked 
|  51|0x0000000083300000, 0x0000000083300000, 0x0000000083400000|  0%| F|  |TAMS 0x0000000083300000, 0x0000000083300000| Untracked 
|  52|0x0000000083400000, 0x0000000083400000, 0x0000000083500000|  0%| F|  |TAMS 0x0000000083400000, 0x0000000083400000| Untracked 
|  53|0x0000000083500000, 0x0000000083500000, 0x0000000083600000|  0%| F|  |TAMS 0x0000000083500000, 0x0000000083500000| Untracked 
|  54|0x0000000083600000, 0x0000000083600000, 0x0000000083700000|  0%| F|  |TAMS 0x0000000083600000, 0x0000000083600000| Untracked 
|  55|0x0000000083700000, 0x0000000083700000, 0x0000000083800000|  0%| F|  |TAMS 0x0000000083700000, 0x0000000083700000| Untracked 
|  56|0x0000000083800000, 0x0000000083800000, 0x0000000083900000|  0%| F|  |TAMS 0x0000000083800000, 0x0000000083800000| Untracked 
|  57|0x0000000083900000, 0x0000000083900000, 0x0000000083a00000|  0%| F|  |TAMS 0x0000000083900000, 0x0000000083900000| Untracked 
|  58|0x0000000083a00000, 0x0000000083a00000, 0x0000000083b00000|  0%| F|  |TAMS 0x0000000083a00000, 0x0000000083a00000| Untracked 
|  59|0x0000000083b00000, 0x0000000083b00000, 0x0000000083c00000|  0%| F|  |TAMS 0x0000000083b00000, 0x0000000083b00000| Untracked 
|  60|0x0000000083c00000, 0x0000000083c00000, 0x0000000083d00000|  0%| F|  |TAMS 0x0000000083c00000, 0x0000000083c00000| Untracked 
|  61|0x0000000083d00000, 0x0000000083d00000, 0x0000000083e00000|  0%| F|  |TAMS 0x0000000083d00000, 0x0000000083d00000| Untracked 
|  62|0x0000000083e00000, 0x0000000083e00000, 0x0000000083f00000|  0%| F|  |TAMS 0x0000000083e00000, 0x0000000083e00000| Untracked 
|  63|0x0000000083f00000, 0x0000000083f00000, 0x0000000084000000|  0%| F|  |TAMS 0x0000000083f00000, 0x0000000083f00000| Untracked 
|  64|0x0000000084000000, 0x0000000084000000, 0x0000000084100000|  0%| F|  |TAMS 0x0000000084000000, 0x0000000084000000| Untracked 
|  65|0x0000000084100000, 0x0000000084100000, 0x0000000084200000|  0%| F|  |TAMS 0x0000000084100000, 0x0000000084100000| Untracked 
|  66|0x0000000084200000, 0x0000000084200000, 0x0000000084300000|  0%| F|  |TAMS 0x0000000084200000, 0x0000000084200000| Untracked 
|  67|0x0000000084300000, 0x0000000084300000, 0x0000000084400000|  0%| F|  |TAMS 0x0000000084300000, 0x0000000084300000| Untracked 
|  68|0x0000000084400000, 0x0000000084400000, 0x0000000084500000|  0%| F|  |TAMS 0x0000000084400000, 0x0000000084400000| Untracked 
|  69|0x0000000084500000, 0x0000000084500000, 0x0000000084600000|  0%| F|  |TAMS 0x0000000084500000, 0x0000000084500000| Untracked 
|  70|0x0000000084600000, 0x0000000084600000, 0x0000000084700000|  0%| F|  |TAMS 0x0000000084600000, 0x0000000084600000| Untracked 
|  71|0x0000000084700000, 0x0000000084700000, 0x0000000084800000|  0%| F|  |TAMS 0x0000000084700000, 0x0000000084700000| Untracked 
|  72|0x0000000084800000, 0x0000000084800000, 0x0000000084900000|  0%| F|  |TAMS 0x0000000084800000, 0x0000000084800000| Untracked 
|  73|0x0000000084900000, 0x0000000084900000, 0x0000000084a00000|  0%| F|  |TAMS 0x0000000084900000, 0x0000000084900000| Untracked 
|  74|0x0000000084a00000, 0x0000000084a00000, 0x0000000084b00000|  0%| F|  |TAMS 0x0000000084a00000, 0x0000000084a00000| Untracked 
|  75|0x0000000084b00000, 0x0000000084b00000, 0x0000000084c00000|  0%| F|  |TAMS 0x0000000084b00000, 0x0000000084b00000| Untracked 
|  76|0x0000000084c00000, 0x0000000084c00000, 0x0000000084d00000|  0%| F|  |TAMS 0x0000000084c00000, 0x0000000084c00000| Untracked 
|  77|0x0000000084d00000, 0x0000000084d00000, 0x0000000084e00000|  0%| F|  |TAMS 0x0000000084d00000, 0x0000000084d00000| Untracked 
|  78|0x0000000084e00000, 0x0000000084ef52d0, 0x0000000084f00000| 95%| S|CS|TAMS 0x0000000084e00000, 0x0000000084e00000| Complete 
|  79|0x0000000084f00000, 0x0000000085000000, 0x0000000085000000|100%| S|CS|TAMS 0x0000000084f00000, 0x0000000084f00000| Complete 
|  80|0x0000000085000000, 0x0000000085100000, 0x0000000085100000|100%| S|CS|TAMS 0x0000000085000000, 0x0000000085000000| Complete 
|  81|0x0000000085100000, 0x0000000085100000, 0x0000000085200000|  0%| F|  |TAMS 0x0000000085100000, 0x0000000085100000| Untracked 
|  82|0x0000000085200000, 0x0000000085200000, 0x0000000085300000|  0%| F|  |TAMS 0x0000000085200000, 0x0000000085200000| Untracked 
|  83|0x0000000085300000, 0x0000000085300000, 0x0000000085400000|  0%| F|  |TAMS 0x0000000085300000, 0x0000000085300000| Untracked 
|  84|0x0000000085400000, 0x0000000085400000, 0x0000000085500000|  0%| F|  |TAMS 0x0000000085400000, 0x0000000085400000| Untracked 
|  85|0x0000000085500000, 0x0000000085500000, 0x0000000085600000|  0%| F|  |TAMS 0x0000000085500000, 0x0000000085500000| Untracked 
|  86|0x0000000085600000, 0x0000000085600000, 0x0000000085700000|  0%| F|  |TAMS 0x0000000085600000, 0x0000000085600000| Untracked 
|  87|0x0000000085700000, 0x0000000085700000, 0x0000000085800000|  0%| F|  |TAMS 0x0000000085700000, 0x0000000085700000| Untracked 
|  88|0x0000000085800000, 0x0000000085800000, 0x0000000085900000|  0%| F|  |TAMS 0x0000000085800000, 0x0000000085800000| Untracked 
|  89|0x0000000085900000, 0x0000000085900000, 0x0000000085a00000|  0%| F|  |TAMS 0x0000000085900000, 0x0000000085900000| Untracked 
|  90|0x0000000085a00000, 0x0000000085a00000, 0x0000000085b00000|  0%| F|  |TAMS 0x0000000085a00000, 0x0000000085a00000| Untracked 
|  91|0x0000000085b00000, 0x0000000085b00000, 0x0000000085c00000|  0%| F|  |TAMS 0x0000000085b00000, 0x0000000085b00000| Untracked 
|  92|0x0000000085c00000, 0x0000000085c00000, 0x0000000085d00000|  0%| F|  |TAMS 0x0000000085c00000, 0x0000000085c00000| Untracked 
|  93|0x0000000085d00000, 0x0000000085d00000, 0x0000000085e00000|  0%| F|  |TAMS 0x0000000085d00000, 0x0000000085d00000| Untracked 
|  94|0x0000000085e00000, 0x0000000085e00000, 0x0000000085f00000|  0%| F|  |TAMS 0x0000000085e00000, 0x0000000085e00000| Untracked 
|  95|0x0000000085f00000, 0x0000000085f00000, 0x0000000086000000|  0%| F|  |TAMS 0x0000000085f00000, 0x0000000085f00000| Untracked 
|  96|0x0000000086000000, 0x0000000086000000, 0x0000000086100000|  0%| F|  |TAMS 0x0000000086000000, 0x0000000086000000| Untracked 
|  97|0x0000000086100000, 0x0000000086100000, 0x0000000086200000|  0%| F|  |TAMS 0x0000000086100000, 0x0000000086100000| Untracked 
|  98|0x0000000086200000, 0x0000000086200000, 0x0000000086300000|  0%| F|  |TAMS 0x0000000086200000, 0x0000000086200000| Untracked 
|  99|0x0000000086300000, 0x0000000086300000, 0x0000000086400000|  0%| F|  |TAMS 0x0000000086300000, 0x0000000086300000| Untracked 
| 100|0x0000000086400000, 0x0000000086400000, 0x0000000086500000|  0%| F|  |TAMS 0x0000000086400000, 0x0000000086400000| Untracked 
| 101|0x0000000086500000, 0x0000000086500000, 0x0000000086600000|  0%| F|  |TAMS 0x0000000086500000, 0x0000000086500000| Untracked 
| 102|0x0000000086600000, 0x0000000086600000, 0x0000000086700000|  0%| F|  |TAMS 0x0000000086600000, 0x0000000086600000| Untracked 
| 103|0x0000000086700000, 0x0000000086700000, 0x0000000086800000|  0%| F|  |TAMS 0x0000000086700000, 0x0000000086700000| Untracked 
| 104|0x0000000086800000, 0x0000000086800000, 0x0000000086900000|  0%| F|  |TAMS 0x0000000086800000, 0x0000000086800000| Untracked 
| 105|0x0000000086900000, 0x0000000086900000, 0x0000000086a00000|  0%| F|  |TAMS 0x0000000086900000, 0x0000000086900000| Untracked 
| 106|0x0000000086a00000, 0x0000000086a00000, 0x0000000086b00000|  0%| F|  |TAMS 0x0000000086a00000, 0x0000000086a00000| Untracked 
| 107|0x0000000086b00000, 0x0000000086b00000, 0x0000000086c00000|  0%| F|  |TAMS 0x0000000086b00000, 0x0000000086b00000| Untracked 
| 108|0x0000000086c00000, 0x0000000086c00000, 0x0000000086d00000|  0%| F|  |TAMS 0x0000000086c00000, 0x0000000086c00000| Untracked 
| 109|0x0000000086d00000, 0x0000000086d00000, 0x0000000086e00000|  0%| F|  |TAMS 0x0000000086d00000, 0x0000000086d00000| Untracked 
| 110|0x0000000086e00000, 0x0000000086e00000, 0x0000000086f00000|  0%| F|  |TAMS 0x0000000086e00000, 0x0000000086e00000| Untracked 
| 111|0x0000000086f00000, 0x0000000086f00000, 0x0000000087000000|  0%| F|  |TAMS 0x0000000086f00000, 0x0000000086f00000| Untracked 
| 112|0x0000000087000000, 0x0000000087000000, 0x0000000087100000|  0%| F|  |TAMS 0x0000000087000000, 0x0000000087000000| Untracked 
| 113|0x0000000087100000, 0x0000000087100000, 0x0000000087200000|  0%| F|  |TAMS 0x0000000087100000, 0x0000000087100000| Untracked 
| 114|0x0000000087200000, 0x0000000087200000, 0x0000000087300000|  0%| F|  |TAMS 0x0000000087200000, 0x0000000087200000| Untracked 
| 115|0x0000000087300000, 0x0000000087300000, 0x0000000087400000|  0%| F|  |TAMS 0x0000000087300000, 0x0000000087300000| Untracked 
| 116|0x0000000087400000, 0x0000000087400000, 0x0000000087500000|  0%| F|  |TAMS 0x0000000087400000, 0x0000000087400000| Untracked 
| 117|0x0000000087500000, 0x0000000087500000, 0x0000000087600000|  0%| F|  |TAMS 0x0000000087500000, 0x0000000087500000| Untracked 
| 118|0x0000000087600000, 0x0000000087600000, 0x0000000087700000|  0%| F|  |TAMS 0x0000000087600000, 0x0000000087600000| Untracked 
| 119|0x0000000087700000, 0x0000000087700000, 0x0000000087800000|  0%| F|  |TAMS 0x0000000087700000, 0x0000000087700000| Untracked 
| 120|0x0000000087800000, 0x0000000087800000, 0x0000000087900000|  0%| F|  |TAMS 0x0000000087800000, 0x0000000087800000| Untracked 
| 121|0x0000000087900000, 0x0000000087900000, 0x0000000087a00000|  0%| F|  |TAMS 0x0000000087900000, 0x0000000087900000| Untracked 
| 122|0x0000000087a00000, 0x0000000087a00000, 0x0000000087b00000|  0%| F|  |TAMS 0x0000000087a00000, 0x0000000087a00000| Untracked 
| 123|0x0000000087b00000, 0x0000000087b00000, 0x0000000087c00000|  0%| F|  |TAMS 0x0000000087b00000, 0x0000000087b00000| Untracked 
| 124|0x0000000087c00000, 0x0000000087c00000, 0x0000000087d00000|  0%| F|  |TAMS 0x0000000087c00000, 0x0000000087c00000| Untracked 
| 125|0x0000000087d00000, 0x0000000087d00000, 0x0000000087e00000|  0%| F|  |TAMS 0x0000000087d00000, 0x0000000087d00000| Untracked 
| 126|0x0000000087e00000, 0x0000000087e00000, 0x0000000087f00000|  0%| F|  |TAMS 0x0000000087e00000, 0x0000000087e00000| Untracked 
| 127|0x0000000087f00000, 0x0000000087f00000, 0x0000000088000000|  0%| F|  |TAMS 0x0000000087f00000, 0x0000000087f00000| Untracked 
| 128|0x0000000088000000, 0x0000000088000000, 0x0000000088100000|  0%| F|  |TAMS 0x0000000088000000, 0x0000000088000000| Untracked 
| 129|0x0000000088100000, 0x0000000088100000, 0x0000000088200000|  0%| F|  |TAMS 0x0000000088100000, 0x0000000088100000| Untracked 
| 130|0x0000000088200000, 0x0000000088200000, 0x0000000088300000|  0%| F|  |TAMS 0x0000000088200000, 0x0000000088200000| Untracked 
| 131|0x0000000088300000, 0x0000000088300000, 0x0000000088400000|  0%| F|  |TAMS 0x0000000088300000, 0x0000000088300000| Untracked 
| 132|0x0000000088400000, 0x0000000088400000, 0x0000000088500000|  0%| F|  |TAMS 0x0000000088400000, 0x0000000088400000| Untracked 
| 133|0x0000000088500000, 0x0000000088500000, 0x0000000088600000|  0%| F|  |TAMS 0x0000000088500000, 0x0000000088500000| Untracked 
| 134|0x0000000088600000, 0x0000000088600000, 0x0000000088700000|  0%| F|  |TAMS 0x0000000088600000, 0x0000000088600000| Untracked 
| 135|0x0000000088700000, 0x0000000088700000, 0x0000000088800000|  0%| F|  |TAMS 0x0000000088700000, 0x0000000088700000| Untracked 
| 136|0x0000000088800000, 0x0000000088800000, 0x0000000088900000|  0%| F|  |TAMS 0x0000000088800000, 0x0000000088800000| Untracked 
| 137|0x0000000088900000, 0x0000000088900000, 0x0000000088a00000|  0%| F|  |TAMS 0x0000000088900000, 0x0000000088900000| Untracked 
| 138|0x0000000088a00000, 0x0000000088a00000, 0x0000000088b00000|  0%| F|  |TAMS 0x0000000088a00000, 0x0000000088a00000| Untracked 
| 139|0x0000000088b00000, 0x0000000088b00000, 0x0000000088c00000|  0%| F|  |TAMS 0x0000000088b00000, 0x0000000088b00000| Untracked 
| 140|0x0000000088c00000, 0x0000000088c00000, 0x0000000088d00000|  0%| F|  |TAMS 0x0000000088c00000, 0x0000000088c00000| Untracked 
| 141|0x0000000088d00000, 0x0000000088e00000, 0x0000000088e00000|100%| E|  |TAMS 0x0000000088d00000, 0x0000000088d00000| Complete 
| 142|0x0000000088e00000, 0x0000000088f00000, 0x0000000088f00000|100%| E|CS|TAMS 0x0000000088e00000, 0x0000000088e00000| Complete 
| 143|0x0000000088f00000, 0x0000000089000000, 0x0000000089000000|100%| E|CS|TAMS 0x0000000088f00000, 0x0000000088f00000| Complete 

Card table byte_map: [0x0000023d8f000000,0x0000023d8f400000] _byte_map_base: 0x0000023d8ec00000

Marking Bits (Prev, Next): (CMBitMap*) 0x0000023dfb94d358, (CMBitMap*) 0x0000023dfb94d390
 Prev Bits: [0x0000023d8f800000, 0x0000023d91800000)
 Next Bits: [0x0000023d91800000, 0x0000023d93800000)

Polling page: 0x0000023dfb0f0000

Metaspace:

Usage:
  Non-class:     47.95 MB capacity,    47.05 MB ( 98%) used,   794.48 KB (  2%) free+waste,   130.44 KB ( <1%) overhead. 
      Class:      7.32 MB capacity,     6.86 MB ( 94%) used,   413.96 KB (  6%) free+waste,    62.31 KB ( <1%) overhead. 
       Both:     55.27 MB capacity,    53.91 MB ( 98%) used,     1.18 MB (  2%) free+waste,   192.75 KB ( <1%) overhead. 

Virtual space:
  Non-class space:       48.00 MB reserved,      47.95 MB (>99%) committed 
      Class space:        1.00 GB reserved,       7.38 MB ( <1%) committed 
             Both:        1.05 GB reserved,      55.33 MB (  5%) committed 

Chunk freelists:
   Non-Class:  1.00 KB
       Class:  22.00 KB
        Both:  23.00 KB

MaxMetaspaceSize: 17179869184.00 GB
CompressedClassSpaceSize: 1.00 GB

CodeHeap 'non-profiled nmethods': size=119168Kb used=2786Kb max_used=2786Kb free=116382Kb
 bounds [0x0000023d87ba0000, 0x0000023d87e60000, 0x0000023d8f000000]
CodeHeap 'profiled nmethods': size=119168Kb used=11306Kb max_used=11306Kb free=107862Kb
 bounds [0x0000023d80740000, 0x0000023d81250000, 0x0000023d87ba0000]
CodeHeap 'non-nmethods': size=7424Kb used=3911Kb max_used=3952Kb free=3512Kb
 bounds [0x0000023d80000000, 0x0000023d803f0000, 0x0000023d80740000]
 total_blobs=6076 nmethods=5278 adapters=705
 compilation: enabled
              stopped_count=0, restarted_count=0
 full_count=0

Compilation events (20 events):
Event: 5.628 Thread 0x0000023d9726b000 nmethod 5537 0x0000023d81242190 code [0x0000023d81242380, 0x0000023d81242978]
Event: 5.629 Thread 0x0000023d97be6000 5538       3       java.util.TreeMap::entrySet (27 bytes)
Event: 5.629 Thread 0x0000023d98b48000 5539       3       java.util.TreeMap$EntrySet::iterator (19 bytes)
Event: 5.629 Thread 0x0000023d9726b000 5540       3       java.util.TreeMap$EntryIterator::<init> (12 bytes)
Event: 5.629 Thread 0x0000023d97121000 nmethod 5536 0x0000023d81242a90 code [0x0000023d81242de0, 0x0000023d81244118]
Event: 5.629 Thread 0x0000023d97121000 5541       3       java.util.TreeMap$EntrySet::<init> (10 bytes)
Event: 5.629 Thread 0x0000023d97121000 nmethod 5541 0x0000023d81244890 code [0x0000023d81244a60, 0x0000023d81244cd8]
Event: 5.629 Thread 0x0000023d9726b000 nmethod 5540 0x0000023d81244e10 code [0x0000023d81244fe0, 0x0000023d812452f8]
Event: 5.629 Thread 0x0000023d97121000 5543       3       javax.management.StandardMBean::getDescription (11 bytes)
Event: 5.629 Thread 0x0000023d97be6000 nmethod 5538 0x0000023d81245410 code [0x0000023d812455e0, 0x0000023d812459b8]
Event: 5.629 Thread 0x0000023d97121000 nmethod 5543 0x0000023d81245b10 code [0x0000023d81245cc0, 0x0000023d81245eb8]
Event: 5.630 Thread 0x0000023d98b48000 nmethod 5539 0x0000023d81245f90 code [0x0000023d81246180, 0x0000023d81246698]
Event: 5.633 Thread 0x0000023d9726b000 5544       3       com.sun.jmx.mbeanserver.MXBeanIntrospector::originalTypeString (20 bytes)
Event: 5.633 Thread 0x0000023d98b48000 5545       3       javax.management.ImmutableDescriptor::union (308 bytes)
Event: 5.633 Thread 0x0000023d97be6000 5546       3       javax.management.MBeanFeatureInfo::<init> (20 bytes)
Event: 5.634 Thread 0x0000023d97be6000 nmethod 5546 0x0000023d81246890 code [0x0000023d81246a40, 0x0000023d81246cb8]
Event: 5.634 Thread 0x0000023d9726b000 nmethod 5544 0x0000023d81246d90 code [0x0000023d81246f80, 0x0000023d81247398]
Event: 5.635 Thread 0x0000023d98b48000 nmethod 5545 0x0000023d81247490 code [0x0000023d81247800, 0x0000023d81249208]
Event: 5.659 Thread 0x0000023d97121000 5547   !   3       java.util.zip.ZipFile::close (44 bytes)
Event: 5.660 Thread 0x0000023d97121000 nmethod 5547 0x0000023d81249b10 code [0x0000023d81249d00, 0x0000023d8124a1b8]

GC Heap History (18 events):
Event: 0.634 GC heap before
{Heap before GC invocations=0 (full 0):
 garbage-first heap   total 122880K, used 29696K [0x0000000080000000, 0x0000000100000000)
  region size 1024K, 24 young (24576K), 0 survivors (0K)
 Metaspace       used 10500K, capacity 10783K, committed 11008K, reserved 1058816K
  class space    used 1096K, capacity 1193K, committed 1280K, reserved 1048576K
}
Event: 0.639 GC heap after
{Heap after GC invocations=1 (full 0):
 garbage-first heap   total 122880K, used 8530K [0x0000000080000000, 0x0000000100000000)
  region size 1024K, 3 young (3072K), 3 survivors (3072K)
 Metaspace       used 10500K, capacity 10783K, committed 11008K, reserved 1058816K
  class space    used 1096K, capacity 1193K, committed 1280K, reserved 1048576K
}
Event: 1.781 GC heap before
{Heap before GC invocations=1 (full 0):
 garbage-first heap   total 122880K, used 78162K [0x0000000080000000, 0x0000000100000000)
  region size 1024K, 72 young (73728K), 3 survivors (3072K)
 Metaspace       used 18413K, capacity 18872K, committed 19072K, reserved 1067008K
  class space    used 2193K, capacity 2328K, committed 2432K, reserved 1048576K
}
Event: 1.789 GC heap after
{Heap after GC invocations=2 (full 0):
 garbage-first heap   total 122880K, used 15412K [0x0000000080000000, 0x0000000100000000)
  region size 1024K, 9 young (9216K), 9 survivors (9216K)
 Metaspace       used 18413K, capacity 18872K, committed 19072K, reserved 1067008K
  class space    used 2193K, capacity 2328K, committed 2432K, reserved 1048576K
}
Event: 1.935 GC heap before
{Heap before GC invocations=2 (full 0):
 garbage-first heap   total 122880K, used 30772K [0x0000000080000000, 0x0000000100000000)
  region size 1024K, 25 young (25600K), 9 survivors (9216K)
 Metaspace       used 20664K, capacity 21191K, committed 21296K, reserved 1069056K
  class space    used 2518K, capacity 2680K, committed 2688K, reserved 1048576K
}
Event: 1.942 GC heap after
{Heap after GC invocations=3 (full 0):
 garbage-first heap   total 122880K, used 16511K [0x0000000080000000, 0x0000000100000000)
  region size 1024K, 1 young (1024K), 1 survivors (1024K)
 Metaspace       used 20664K, capacity 21191K, committed 21296K, reserved 1069056K
  class space    used 2518K, capacity 2680K, committed 2688K, reserved 1048576K
}
Event: 2.401 GC heap before
{Heap before GC invocations=4 (full 0):
 garbage-first heap   total 122880K, used 60543K [0x0000000080000000, 0x0000000100000000)
  region size 1024K, 44 young (45056K), 1 survivors (1024K)
 Metaspace       used 25659K, capacity 26309K, committed 26368K, reserved 1073152K
  class space    used 3328K, capacity 3538K, committed 3584K, reserved 1048576K
}
Event: 2.404 GC heap after
{Heap after GC invocations=5 (full 0):
 garbage-first heap   total 122880K, used 18187K [0x0000000080000000, 0x0000000100000000)
  region size 1024K, 3 young (3072K), 3 survivors (3072K)
 Metaspace       used 25659K, capacity 26309K, committed 26368K, reserved 1073152K
  class space    used 3328K, capacity 3538K, committed 3584K, reserved 1048576K
}
Event: 3.034 GC heap before
{Heap before GC invocations=5 (full 0):
 garbage-first heap   total 122880K, used 65291K [0x0000000080000000, 0x0000000100000000)
  region size 1024K, 50 young (51200K), 3 survivors (3072K)
 Metaspace       used 33531K, capacity 34210K, committed 34304K, reserved 1079296K
  class space    used 4325K, capacity 4555K, committed 4608K, reserved 1048576K
}
Event: 3.039 GC heap after
{Heap after GC invocations=6 (full 0):
 garbage-first heap   total 122880K, used 20916K [0x0000000080000000, 0x0000000100000000)
  region size 1024K, 6 young (6144K), 6 survivors (6144K)
 Metaspace       used 33531K, capacity 34210K, committed 34304K, reserved 1079296K
  class space    used 4325K, capacity 4555K, committed 4608K, reserved 1048576K
}
Event: 3.200 GC heap before
{Heap before GC invocations=6 (full 0):
 garbage-first heap   total 122880K, used 32180K [0x0000000080000000, 0x0000000100000000)
  region size 1024K, 18 young (18432K), 6 survivors (6144K)
 Metaspace       used 35255K, capacity 36009K, committed 36048K, reserved 1081344K
  class space    used 4572K, capacity 4858K, committed 4864K, reserved 1048576K
}
Event: 3.210 GC heap after
{Heap after GC invocations=7 (full 0):
 garbage-first heap   total 147456K, used 21974K [0x0000000080000000, 0x0000000100000000)
  region size 1024K, 4 young (4096K), 4 survivors (4096K)
 Metaspace       used 35255K, capacity 36009K, committed 36048K, reserved 1081344K
  class space    used 4572K, capacity 4858K, committed 4864K, reserved 1048576K
}
Event: 3.942 GC heap before
{Heap before GC invocations=8 (full 0):
 garbage-first heap   total 147456K, used 92630K [0x0000000080000000, 0x0000000100000000)
  region size 1024K, 70 young (71680K), 4 survivors (4096K)
 Metaspace       used 41778K, capacity 42703K, committed 42832K, reserved 1087488K
  class space    used 5351K, capacity 5676K, committed 5760K, reserved 1048576K
}
Event: 3.950 GC heap after
{Heap after GC invocations=9 (full 0):
 garbage-first heap   total 147456K, used 25116K [0x0000000080000000, 0x0000000100000000)
  region size 1024K, 7 young (7168K), 7 survivors (7168K)
 Metaspace       used 41778K, capacity 42703K, committed 42832K, reserved 1087488K
  class space    used 5351K, capacity 5676K, committed 5760K, reserved 1048576K
}
Event: 4.740 GC heap before
{Heap before GC invocations=9 (full 0):
 garbage-first heap   total 147456K, used 96796K [0x0000000080000000, 0x0000000100000000)
  region size 1024K, 75 young (76800K), 7 survivors (7168K)
 Metaspace       used 45230K, capacity 46456K, committed 46672K, reserved 1089536K
  class space    used 5785K, capacity 6186K, committed 6272K, reserved 1048576K
}
Event: 4.753 GC heap after
{Heap after GC invocations=10 (full 0):
 garbage-first heap   total 147456K, used 36585K [0x0000000080000000, 0x0000000100000000)
  region size 1024K, 10 young (10240K), 10 survivors (10240K)
 Metaspace       used 45230K, capacity 46456K, committed 46672K, reserved 1089536K
  class space    used 5785K, capacity 6186K, committed 6272K, reserved 1048576K
}
Event: 5.640 GC heap before
{Heap before GC invocations=10 (full 0):
 garbage-first heap   total 147456K, used 101097K [0x0000000080000000, 0x0000000100000000)
  region size 1024K, 73 young (74752K), 10 survivors (10240K)
 Metaspace       used 54986K, capacity 56339K, committed 56656K, reserved 1097728K
  class space    used 6987K, capacity 7432K, committed 7552K, reserved 1048576K
}
Event: 5.658 GC heap after
{Heap after GC invocations=11 (full 0):
 garbage-first heap   total 147456K, used 39774K [0x0000000080000000, 0x0000000100000000)
  region size 1024K, 3 young (3072K), 3 survivors (3072K)
 Metaspace       used 54986K, capacity 56339K, committed 56656K, reserved 1097728K
  class space    used 6987K, capacity 7432K, committed 7552K, reserved 1048576K
}

Deoptimization events (20 events):
Event: 5.231 Thread 0x0000023d973c9800 Uncommon trap: trap_request=0xffffffc6 fr.pc=0x0000023d87d242c0 relative=0x0000000000003a00
Event: 5.231 Thread 0x0000023d973c9800 Uncommon trap: reason=bimorphic_or_optimized_type_check action=maybe_recompile pc=0x0000023d87d242c0 method=java.util.AbstractCollection.addAll(Ljava/util/Collection;)Z @ 29 c2
Event: 5.231 Thread 0x0000023d973c9800 DEOPT PACKING pc=0x0000023d87d242c0 sp=0x000000aa306f8a60
Event: 5.231 Thread 0x0000023d973c9800 DEOPT UNPACKING pc=0x0000023d800274af sp=0x000000aa306f8a60 mode 2
Event: 5.350 Thread 0x0000023d973c9800 Uncommon trap: trap_request=0xffffff4d fr.pc=0x0000023d87cf62d8 relative=0x0000000000000398
Event: 5.350 Thread 0x0000023d973c9800 Uncommon trap: reason=unstable_if action=reinterpret pc=0x0000023d87cf62d8 method=java.lang.String.equalsIgnoreCase(Ljava/lang/String;)Z @ 36 c2
Event: 5.350 Thread 0x0000023d973c9800 DEOPT PACKING pc=0x0000023d87cf62d8 sp=0x000000aa306f7e60
Event: 5.350 Thread 0x0000023d973c9800 DEOPT UNPACKING pc=0x0000023d800274af sp=0x000000aa306f7e20 mode 2
Event: 5.430 Thread 0x0000023d973c9800 Uncommon trap: trap_request=0xffffff4d fr.pc=0x0000023d87e30928 relative=0x0000000000000a88
Event: 5.430 Thread 0x0000023d973c9800 Uncommon trap: reason=unstable_if action=reinterpret pc=0x0000023d87e30928 method=java.util.concurrent.ConcurrentHashMap.addCount(JI)V @ 110 c2
Event: 5.430 Thread 0x0000023d973c9800 DEOPT PACKING pc=0x0000023d87e30928 sp=0x000000aa306f7440
Event: 5.430 Thread 0x0000023d973c9800 DEOPT UNPACKING pc=0x0000023d800274af sp=0x000000aa306f7308 mode 2
Event: 5.587 Thread 0x0000023d973c9800 Uncommon trap: trap_request=0xffffff4d fr.pc=0x0000023d87d39e80 relative=0x0000000000001880
Event: 5.587 Thread 0x0000023d973c9800 Uncommon trap: reason=unstable_if action=reinterpret pc=0x0000023d87d39e80 method=java.util.concurrent.ConcurrentHashMap.computeIfAbsent(Ljava/lang/Object;Ljava/util/function/Function;)Ljava/lang/Object; @ 312 c2
Event: 5.587 Thread 0x0000023d973c9800 DEOPT PACKING pc=0x0000023d87d39e80 sp=0x000000aa306f2c10
Event: 5.587 Thread 0x0000023d973c9800 DEOPT UNPACKING pc=0x0000023d800274af sp=0x000000aa306f2ba8 mode 2
Event: 5.659 Thread 0x0000023d973c9800 Uncommon trap: trap_request=0xffffff4d fr.pc=0x0000023d87d62590 relative=0x0000000000002410
Event: 5.659 Thread 0x0000023d973c9800 Uncommon trap: reason=unstable_if action=reinterpret pc=0x0000023d87d62590 method=java.lang.ClassLoader.defineClassSourceLocation(Ljava/security/ProtectionDomain;)Ljava/lang/String; @ 15 c2
Event: 5.659 Thread 0x0000023d973c9800 DEOPT PACKING pc=0x0000023d87d62590 sp=0x000000aa306f2d30
Event: 5.659 Thread 0x0000023d973c9800 DEOPT UNPACKING pc=0x0000023d800274af sp=0x000000aa306f2ca8 mode 2

Classes redefined (0 events):
No events

Internal exceptions (20 events):
Event: 4.729 Thread 0x0000023d9923d800 Exception <a 'java/lang/NoSuchMethodError'{0x0000000084ca5480}: <clinit>> (0x0000000084ca5480) thrown at [./src/hotspot/share/prims/jni.cpp, line 1362]
Event: 4.730 Thread 0x0000023d9923d800 Exception <a 'java/lang/NoSuchMethodError'{0x0000000084caf698}: <clinit>> (0x0000000084caf698) thrown at [./src/hotspot/share/prims/jni.cpp, line 1362]
Event: 4.735 Thread 0x0000023d9923d800 Exception <a 'java/lang/NoSuchMethodError'{0x0000000084cc34b8}: <clinit>> (0x0000000084cc34b8) thrown at [./src/hotspot/share/prims/jni.cpp, line 1362]
Event: 4.760 Thread 0x0000023d973c9800 Exception <a 'java/lang/ClassNotFoundException'{0x0000000088f5f178}: build_c8j89snrgye5jijbsh4inr2gjBeanInfo> (0x0000000088f5f178) thrown at [./src/hotspot/share/classfile/systemDictionary.cpp, line 231]
Event: 4.761 Thread 0x0000023d973c9800 Exception <a 'java/lang/ClassNotFoundException'{0x0000000088f67f80}: build_c8j89snrgye5jijbsh4inr2gjCustomizer> (0x0000000088f67f80) thrown at [./src/hotspot/share/classfile/systemDictionary.cpp, line 231]
Event: 4.769 Thread 0x0000023d973c9800 Exception <a 'java/lang/ClassNotFoundException'{0x0000000088fe15b8}: org/gradle/plugin/use/internal/PluginRequestCollector$PluginDependenciesSpecImplBeanInfo> (0x0000000088fe15b8) thrown at [./src/hotspot/share/classfile/systemDictionary.cpp, line 231]
Event: 4.769 Thread 0x0000023d973c9800 Exception <a 'java/lang/ClassNotFoundException'{0x0000000088e07848}: org/gradle/plugin/use/internal/PluginRequestCollector$PluginDependenciesSpecImplCustomizer> (0x0000000088e07848) thrown at [./src/hotspot/share/classfile/systemDictionary.cpp, line 231]
Event: 4.775 Thread 0x0000023d973c9800 Exception <a 'java/lang/NoSuchMethodError'{0x0000000088e790f0}: 'void java.lang.invoke.DirectMethodHandle$Holder.invokeInterface(java.lang.Object, java.lang.Object)'> (0x0000000088e790f0) thrown at [./src/hotspot/share/interpreter/linkResolver.cpp, line 773]
Event: 4.798 Thread 0x0000023d973c9800 Exception <a 'java/lang/ClassNotFoundException'{0x0000000088c41758}: org/gradle/api/internal/plugins/DefaultObjectConfigurationActionBeanInfo> (0x0000000088c41758) thrown at [./src/hotspot/share/classfile/systemDictionary.cpp, line 231]
Event: 4.798 Thread 0x0000023d973c9800 Exception <a 'java/lang/ClassNotFoundException'{0x0000000088c6d578}: org/gradle/api/internal/plugins/DefaultObjectConfigurationActionCustomizer> (0x0000000088c6d578) thrown at [./src/hotspot/share/classfile/systemDictionary.cpp, line 231]
Event: 4.869 Thread 0x0000023d973c9800 Exception <a 'java/lang/NoSuchMethodError'{0x00000000883346c8}: 'java.lang.Object java.lang.invoke.DirectMethodHandle$Holder.invokeStatic(java.lang.Object, java.lang.Object, java.lang.Object, java.lang.Object, int)'> (0x00000000883346c8) thrown at [./src/hotspot/share/interpreter/linkResolver.cpp, line 773]
Event: 4.869 Thread 0x0000023d973c9800 Exception <a 'java/lang/NoSuchMethodError'{0x00000000883390c0}: 'java.lang.Object java.lang.invoke.DirectMethodHandle$Holder.invokeSpecial(java.lang.Object, java.lang.Object, java.lang.Object, java.lang.Object, java.lang.Object, int)'> (0x00000000883390c0) thrown at [./src/hotspot/share/interpreter/linkResolver.cpp, line 773]
Event: 4.869 Thread 0x0000023d973c9800 Exception <a 'java/lang/NoSuchMethodError'{0x000000008833d700}: 'java.lang.Object java.lang.invoke.Invokers$Holder.linkToTargetMethod(java.lang.Object, java.lang.Object, java.lang.Object, int, java.lang.Object)'> (0x000000008833d700) thrown at [./src/hotspot/share/interpreter/linkResolver.cpp, line 773]
Event: 5.043 Thread 0x0000023d973c9800 Exception <a 'java/lang/NoSuchMethodError'{0x00000000870e63d0}: 'java.lang.Object java.lang.invoke.DirectMethodHandle$Holder.invokeSpecial(java.lang.Object, java.lang.Object, int, int, java.lang.Object, java.lang.Object, java.lang.Object)'> (0x00000000870e63d0) thrown at [./src/hotspot/share/interpreter/linkResolver.cpp, line 773]
Event: 5.043 Thread 0x0000023d973c9800 Exception <a 'java/lang/NoSuchMethodError'{0x00000000870ea950}: 'java.lang.Object java.lang.invoke.DelegatingMethodHandle$Holder.reinvoke_L(java.lang.Object, int, int, java.lang.Object, java.lang.Object, java.lang.Object)'> (0x00000000870ea950) thrown at [./src/hotspot/share/interpreter/linkResolver.cpp, line 773]
Event: 5.205 Thread 0x0000023d973c9800 Exception <a 'java/lang/NoSuchMethodError'{0x00000000863293b8}: 'int java.lang.invoke.DirectMethodHandle$Holder.invokeInterface(java.lang.Object, java.lang.Object, java.lang.Object, java.lang.Object)'> (0x00000000863293b8) thrown at [./src/hotspot/share/interpreter/linkResolver.cpp, line 773]
Event: 5.345 Thread 0x0000023d973c9800 Exception <a 'java/lang/NoSuchMethodError'{0x0000000085925518}: 'void java.lang.invoke.DirectMethodHandle$Holder.invokeInterface(java.lang.Object, java.lang.Object, java.lang.Object, java.lang.Object)'> (0x0000000085925518) thrown at [./src/hotspot/share/interpreter/linkResolver.cpp, line 773]
Event: 5.537 Thread 0x0000023d973c9800 Exception <a 'java/lang/IncompatibleClassChangeError'{0x00000000852a3068}: Found class java.lang.Object, but interface was expected> (0x00000000852a3068) thrown at [./src/hotspot/share/interpreter/linkResolver.cpp, line 839]
Event: 5.592 Thread 0x0000023d973c9800 Exception <a 'java/lang/NoSuchMethodError'{0x000000008513ee80}: 'void java.lang.invoke.DirectMethodHandle$Holder.invokeStatic(java.lang.Object, java.lang.Object, java.lang.Object, java.lang.Object, java.lang.Object)'> (0x000000008513ee80) thrown at [./src/hotspot/share/interpreter/linkResolver.cpp, line 773]
Event: 5.659 Thread 0x0000023d973c9800 Implicit null exception at 0x0000023d87d60937 to 0x0000023d87d6256c

Events (20 events):
Event: 5.676 loading class org/gradle/workers/internal/IsolatableSerializerRegistry$FileValueSnapshotSerializer
Event: 5.676 loading class org/gradle/workers/internal/IsolatableSerializerRegistry$FileValueSnapshotSerializer done
Event: 5.677 loading class org/gradle/workers/internal/IsolatableSerializerRegistry$IsolatedSerializedValueSnapshotSerializer
Event: 5.677 loading class org/gradle/workers/internal/IsolatableSerializerRegistry$IsolatedSerializedValueSnapshotSerializer done
Event: 5.680 loading class org/gradle/workers/internal/IsolatableSerializerRegistry$NullValueSnapshotSerializer
Event: 5.680 loading class org/gradle/workers/internal/IsolatableSerializerRegistry$NullValueSnapshotSerializer done
Event: 5.681 loading class org/gradle/workers/internal/IsolatableSerializerRegistry$IsolatedEnumValueSnapshotSerializer
Event: 5.681 loading class org/gradle/workers/internal/IsolatableSerializerRegistry$IsolatedEnumValueSnapshotSerializer done
Event: 5.681 loading class org/gradle/workers/internal/IsolatableSerializerRegistry$IsolatedMapSerializer
Event: 5.681 loading class org/gradle/workers/internal/IsolatableSerializerRegistry$IsolatedMapSerializer done
Event: 5.682 loading class org/gradle/workers/internal/IsolatableSerializerRegistry$AbstractIsolatedMapSerializer
Event: 5.682 loading class org/gradle/workers/internal/IsolatableSerializerRegistry$AbstractIsolatedMapSerializer done
Event: 5.683 loading class org/gradle/workers/internal/IsolatableSerializerRegistry$IsolatedArraySerializer
Event: 5.683 loading class org/gradle/workers/internal/IsolatableSerializerRegistry$IsolatedArraySerializer done
Event: 5.683 loading class org/gradle/workers/internal/IsolatableSerializerRegistry$IsolatedListSerializer
Event: 5.683 loading class org/gradle/workers/internal/IsolatableSerializerRegistry$IsolatedListSerializer done
Event: 5.684 loading class org/gradle/workers/internal/IsolatableSerializerRegistry$IsolatedSetSerializer
Event: 5.684 loading class org/gradle/workers/internal/IsolatableSerializerRegistry$IsolatedSetSerializer done
Event: 5.685 loading class org/gradle/workers/internal/IsolatableSerializerRegistry$IsolatedPropertiesSerializer
Event: 5.685 loading class org/gradle/workers/internal/IsolatableSerializerRegistry$IsolatedPropertiesSerializer done


Dynamic libraries:
0x00007ff66f6b0000 - 0x00007ff66f6ba000 	B:\programs\Android studio\jre\bin\java.exe
0x00007ff8c2910000 - 0x00007ff8c2b05000 	C:\Windows\SYSTEM32\ntdll.dll
0x00007ff8c15b0000 - 0x00007ff8c166e000 	C:\Windows\System32\KERNEL32.DLL
0x00007ff8c0030000 - 0x00007ff8c02f8000 	C:\Windows\System32\KERNELBASE.dll
0x00007ff8b0c30000 - 0x00007ff8b0c49000 	B:\programs\Android studio\jre\bin\jli.dll
0x00007ff8c0470000 - 0x00007ff8c0570000 	C:\Windows\System32\ucrtbase.dll
0x00007ff8b0d30000 - 0x00007ff8b0d47000 	B:\programs\Android studio\jre\bin\VCRUNTIME140.dll
0x00007ff8c23f0000 - 0x00007ff8c2590000 	C:\Windows\System32\USER32.dll
0x00007ff8ae680000 - 0x00007ff8ae91a000 	C:\Windows\WinSxS\amd64_microsoft.windows.common-controls_6595b64144ccf1df_6.0.19041.1110_none_60b5254171f9507e\COMCTL32.dll
0x00007ff8c0940000 - 0x00007ff8c0962000 	C:\Windows\System32\win32u.dll
0x00007ff8c20e0000 - 0x00007ff8c217e000 	C:\Windows\System32\msvcrt.dll
0x00007ff8c2840000 - 0x00007ff8c286b000 	C:\Windows\System32\GDI32.dll
0x00007ff8c05c0000 - 0x00007ff8c06cb000 	C:\Windows\System32\gdi32full.dll
0x00007ff8c06d0000 - 0x00007ff8c076d000 	C:\Windows\System32\msvcp_win.dll
0x00007ff8c1450000 - 0x00007ff8c1480000 	C:\Windows\System32\IMM32.DLL
0x00007ff898160000 - 0x00007ff8981fd000 	B:\programs\Android studio\jre\bin\msvcp140.dll
0x00007ff889dd0000 - 0x00007ff88a88c000 	B:\programs\Android studio\jre\bin\server\jvm.dll
0x00007ff8c2590000 - 0x00007ff8c263e000 	C:\Windows\System32\ADVAPI32.dll
0x00007ff8c1670000 - 0x00007ff8c170c000 	C:\Windows\System32\sechost.dll
0x00007ff8c1480000 - 0x00007ff8c15a5000 	C:\Windows\System32\RPCRT4.dll
0x00007ff8c2180000 - 0x00007ff8c2188000 	C:\Windows\System32\PSAPI.DLL
0x00007ff8aa4f0000 - 0x00007ff8aa4f9000 	C:\Windows\SYSTEM32\WSOCK32.dll
0x00007ff8b9590000 - 0x00007ff8b95b7000 	C:\Windows\SYSTEM32\WINMM.dll
0x00007ff8b9ba0000 - 0x00007ff8b9baa000 	C:\Windows\SYSTEM32\VERSION.dll
0x00007ff8c1710000 - 0x00007ff8c177b000 	C:\Windows\System32\WS2_32.dll
0x00007ff8be100000 - 0x00007ff8be112000 	C:\Windows\SYSTEM32\kernel.appcore.dll
0x00007ff88ae00000 - 0x00007ff88ae11000 	B:\programs\Android studio\jre\bin\verify.dll
0x00007ff8bdcb0000 - 0x00007ff8bde94000 	C:\Windows\SYSTEM32\DBGHELP.DLL
0x00007ff8b4310000 - 0x00007ff8b433c000 	C:\Windows\SYSTEM32\dbgcore.DLL
0x00007ff8c03b0000 - 0x00007ff8c0432000 	C:\Windows\System32\bcryptPrimitives.dll
0x00007ff889da0000 - 0x00007ff889dc9000 	B:\programs\Android studio\jre\bin\java.dll
0x00007ff8ac840000 - 0x00007ff8ac84b000 	B:\programs\Android studio\jre\bin\jimage.dll
0x00007ff88ac90000 - 0x00007ff88aca8000 	B:\programs\Android studio\jre\bin\zip.dll
0x00007ff8c0970000 - 0x00007ff8c10b4000 	C:\Windows\System32\SHELL32.dll
0x00007ff8be140000 - 0x00007ff8be8d4000 	C:\Windows\SYSTEM32\windows.storage.dll
0x00007ff8c1d80000 - 0x00007ff8c20d4000 	C:\Windows\System32\combase.dll
0x00007ff8bfa90000 - 0x00007ff8bfabc000 	C:\Windows\SYSTEM32\Wldp.dll
0x00007ff8c2190000 - 0x00007ff8c223d000 	C:\Windows\System32\SHCORE.dll
0x00007ff8c2870000 - 0x00007ff8c28c5000 	C:\Windows\System32\shlwapi.dll
0x00007ff8bff70000 - 0x00007ff8bff8f000 	C:\Windows\SYSTEM32\profapi.dll
0x00007ff889d80000 - 0x00007ff889d9a000 	B:\programs\Android studio\jre\bin\net.dll
0x00007ff8bba00000 - 0x00007ff8bbb09000 	C:\Windows\SYSTEM32\WINHTTP.dll
0x00007ff8bf7f0000 - 0x00007ff8bf85a000 	C:\Windows\system32\mswsock.dll
0x00007ff889d60000 - 0x00007ff889d74000 	B:\programs\Android studio\jre\bin\nio.dll
0x00007ff89a960000 - 0x00007ff89a987000 	C:\Users\Admin\.gradle\native\fdc75f09e3144964f2cf3f50f0aa648679c211496f362492102eb8c894070792\windows-amd64\native-platform.dll
0x00007ff898300000 - 0x00007ff898496000 	C:\Users\Admin\.gradle\native\12488b8bf47d2d4c9fbf2f6322a914ad602e24e48041cd04a747c6da556b65c4\windows-amd64\native-platform-file-events.dll
0x00007ff8ac7d0000 - 0x00007ff8ac7da000 	B:\programs\Android studio\jre\bin\management.dll
0x00007ff8ab7a0000 - 0x00007ff8ab7ac000 	B:\programs\Android studio\jre\bin\management_ext.dll
0x00007ff8bf9e0000 - 0x00007ff8bf9f8000 	C:\Windows\SYSTEM32\CRYPTSP.dll
0x00007ff8bf100000 - 0x00007ff8bf134000 	C:\Windows\system32\rsaenh.dll
0x00007ff8c0440000 - 0x00007ff8c0467000 	C:\Windows\System32\bcrypt.dll
0x00007ff8bfef0000 - 0x00007ff8bff1e000 	C:\Windows\SYSTEM32\USERENV.dll
0x00007ff8bfa00000 - 0x00007ff8bfa0c000 	C:\Windows\SYSTEM32\CRYPTBASE.dll
0x00007ff8bf490000 - 0x00007ff8bf4cb000 	C:\Windows\SYSTEM32\IPHLPAPI.DLL
0x00007ff8c1300000 - 0x00007ff8c1308000 	C:\Windows\System32\NSI.dll
0x00007ff8ba850000 - 0x00007ff8ba867000 	C:\Windows\SYSTEM32\dhcpcsvc6.DLL
0x00007ff8ba830000 - 0x00007ff8ba84d000 	C:\Windows\SYSTEM32\dhcpcsvc.DLL
0x00007ff8bf4d0000 - 0x00007ff8bf59a000 	C:\Windows\SYSTEM32\DNSAPI.dll
0x00007ff8bb9f0000 - 0x00007ff8bb9fb000 	C:\Windows\SYSTEM32\WINNSI.DLL

dbghelp: loaded successfully - version: 4.0.5 - missing functions: none
symbol engine: initialized successfully - sym options: 0x614 - pdb path: .;B:\programs\Android studio\jre\bin;C:\Windows\SYSTEM32;C:\Windows\WinSxS\amd64_microsoft.windows.common-controls_6595b64144ccf1df_6.0.19041.1110_none_60b5254171f9507e;B:\programs\Android studio\jre\bin\server;C:\Users\Admin\.gradle\native\fdc75f09e3144964f2cf3f50f0aa648679c211496f362492102eb8c894070792\windows-amd64;C:\Users\Admin\.gradle\native\12488b8bf47d2d4c9fbf2f6322a914ad602e24e48041cd04a747c6da556b65c4\windows-amd64

VM Arguments:
jvm_args: --add-opens=java.base/java.util=ALL-UNNAMED --add-opens=java.base/java.lang=ALL-UNNAMED --add-opens=java.base/java.lang.invoke=ALL-UNNAMED --add-opens=java.prefs/java.util.prefs=ALL-UNNAMED -Xmx2048m -Dfile.encoding=UTF-8 -Duser.country=UA -Duser.language=uk -Duser.variant 
java_command: org.gradle.launcher.daemon.bootstrap.GradleDaemon 6.7.1
java_class_path (initial): C:\Users\Admin\.gradle\wrapper\dists\gradle-6.7.1-bin\bwlcbys1h7rz3272sye1xwiv6\gradle-6.7.1\lib\gradle-launcher-6.7.1.jar
Launcher Type: SUN_STANDARD

[Global flags]
     intx CICompilerCount                          = 12                                        {product} {ergonomic}
     uint ConcGCThreads                            = 3                                         {product} {ergonomic}
     uint G1ConcRefinementThreads                  = 13                                        {product} {ergonomic}
   size_t G1HeapRegionSize                         = 1048576                                   {product} {ergonomic}
    uintx GCDrainStackTargetSize                   = 64                                        {product} {ergonomic}
   size_t InitialHeapSize                          = 125829120                                 {product} {ergonomic}
   size_t MarkStackSize                            = 4194304                                   {product} {ergonomic}
   size_t MaxHeapSize                              = 2147483648                                {product} {command line}
   size_t MaxNewSize                               = 1287651328                                {product} {ergonomic}
   size_t MinHeapDeltaBytes                        = 1048576                                   {product} {ergonomic}
    uintx NonNMethodCodeHeapSize                   = 7594288                                {pd product} {ergonomic}
    uintx NonProfiledCodeHeapSize                  = 122031976                              {pd product} {ergonomic}
    uintx ProfiledCodeHeapSize                     = 122031976                              {pd product} {ergonomic}
    uintx ReservedCodeCacheSize                    = 251658240                              {pd product} {ergonomic}
     bool SegmentedCodeCache                       = true                                      {product} {ergonomic}
     bool UseCompressedClassPointers               = true                                 {lp64_product} {ergonomic}
     bool UseCompressedOops                        = true                                 {lp64_product} {ergonomic}
     bool UseG1GC                                  = true                                      {product} {ergonomic}
     bool UseLargePagesIndividualAllocation        = false                                  {pd product} {ergonomic}

Logging:
Log output configuration:
 #0: stdout all=warning uptime,level,tags
 #1: stderr all=off uptime,level,tags

Environment Variables:
PATH=C:\Program Files (x86)\Common Files\Intel\Shared Libraries\redist\intel64\compiler;C:\ProgramData\Oracle\Java\javapath;C:\Windows\system32;C:\Windows;C:\Windows\System32\Wbem;C:\Windows\System32\WindowsPowerShell\v1.0\;C:\Windows\System32\OpenSSH\;C:\Program Files (x86)\NVIDIA Corporation\PhysX\Common;C:\Program Files\NVIDIA Corporation\NVIDIA NvDLISR;B:\programs\Git\Git\cmd;C:\Users\Admin\AppData\Local\Microsoft\WindowsApps;C:\Users\Admin\AppData\Local\GitHubDesktop\bin
USERNAME=Admin
OS=Windows_NT
PROCESSOR_IDENTIFIER=AMD64 Family 23 Model 96 Stepping 1, AuthenticAMD



---------------  S Y S T E M  ---------------

OS: Windows 10 , 64 bit Build 19041 (10.0.19041.1566)
OS uptime: 0 days 11:03 hours

CPU:total 16 (initial active 16) (16 cores per cpu, 2 threads per core) family 23 model 96 stepping 1, cmov, cx8, fxsr, mmx, sse, sse2, sse3, ssse3, sse4.1, sse4.2, popcnt, avx, avx2, aes, clmul, mmxext, 3dnowpref, lzcnt, sse4a, ht, tsc, tscinvbit, tscinv, bmi1, bmi2, adx, sha, fma

Memory: 4k page, system-wide physical 7600M (1152M free)
TotalPageFile size 10668M (AvailPageFile size 5M)
current process WorkingSet (physical memory assigned to process): 348M, peak: 348M
current process commit charge ("private bytes"): 404M, peak: 405M

vm_info: OpenJDK 64-Bit Server VM (11.0.8+10-b944.6842174) for windows-amd64 JRE (11.0.8+10-b944.6842174), built on Sep 19 2020 01:11:42 by "builder" with MS VC++ 14.0 (VS2015)

END.
