#
# There is insufficient memory for the Java Runtime Environment to continue.
# Native memory allocation (mmap) failed to map 30408704 bytes for Failed to commit area from 0x0000000089000000 to 0x000000008ad00000 of length 30408704.
# Possible reasons:
#   The system is out of physical RAM or swap space
#   The process is running with CompressedOops enabled, and the Java Heap may be blocking the growth of the native heap
# Possible solutions:
#   Reduce memory load on the system
#   Increase physical memory or swap space
#   Check if swap backing store is full
#   Decrease Java heap size (-Xmx/-Xms)
#   Decrease number of Java threads
#   Decrease Java thread stack sizes (-Xss)
#   Set larger code cache with -XX:ReservedCodeCacheSize=
#   JVM is running with Unscaled Compressed Oops mode in which the Java heap is
#     placed in the first 4GB address space. The Java Heap base address is the
#     maximum limit for the native heap growth. Please use -XX:HeapBaseMinAddress
#     to set the Java Heap base and to place the Java Heap above 4GB virtual address.
# This output file may be truncated or incomplete.
#
#  Out of Memory Error (./src/hotspot/os/windows/os_windows.cpp:3303), pid=1408, tid=15076
#
# JRE version: OpenJDK Runtime Environment (11.0.8+10) (build 11.0.8+10-b944.6842174)
# Java VM: OpenJDK 64-Bit Server VM (11.0.8+10-b944.6842174, mixed mode, tiered, compressed oops, g1 gc, windows-amd64)
# No core dump will be written. Minidumps are not enabled by default on client versions of Windows
#

---------------  S U M M A R Y ------------

Command Line: --add-opens=java.base/java.util=ALL-UNNAMED --add-opens=java.base/java.lang=ALL-UNNAMED --add-opens=java.base/java.lang.invoke=ALL-UNNAMED --add-opens=java.prefs/java.util.prefs=ALL-UNNAMED -Xmx2048m -Dfile.encoding=UTF-8 -Duser.country=UA -Duser.language=uk -Duser.variant org.gradle.launcher.daemon.bootstrap.GradleDaemon 6.7.1

Host: AMD Ryzen 7 4800H with Radeon Graphics         , 16 cores, 7G,  Windows 10 , 64 bit Build 19041 (10.0.19041.1566)
Time: Thu Mar 31 10:56:51 2022 Ô³íëÿíä³ÿ (ë³òî) elapsed time: 6 seconds (0d 0h 0m 6s)

---------------  T H R E A D  ---------------

Current thread (0x000002775bb42000):  VMThread "VM Thread" [stack: 0x000000e957200000,0x000000e957300000] [id=15076]

Stack: [0x000000e957200000,0x000000e957300000]
[error occurred during error reporting (printing stack bounds), id 0xc0000005, EXCEPTION_ACCESS_VIOLATION (0xc0000005) at pc=0x0000027744700dad]

Native frames: (J=compiled Java code, j=interpreted, Vv=VM code, C=native code)
V  [jvm.dll+0x5de50a]
V  [jvm.dll+0x7122f5]
V  [jvm.dll+0x71384d]
V  [jvm.dll+0x713e65]
V  [jvm.dll+0x713e1b]
V  [jvm.dll+0x5dd958]
V  [jvm.dll+0x5de0f8]
C  [ntdll.dll+0xa20cf]
C  [ntdll.dll+0x51454]
C  [ntdll.dll+0xa0bfe]
C  0x0000027744700dad

VM_Operation (0x000000e9589f7780): G1CollectForAllocation, mode: safepoint, requested by thread 0x000002775da76000


---------------  P R O C E S S  ---------------

Threads class SMR info:
_java_thread_list=0x0000027762eea6c0, length=150, elements={
0x0000027740d7b000, 0x000002775bb48000, 0x000002775bb51800, 0x000002775bb63000,
0x000002775bb65000, 0x000002775bb69800, 0x000002775bb75800, 0x000002775c500000,
0x000002775c662800, 0x000002775bb79800, 0x000002775c683800, 0x000002775bb74800,
0x000002775bb77000, 0x000002775ed91000, 0x000002775e01e000, 0x000002775da27000,
0x000002775e1bf800, 0x000002775e40a800, 0x000002775da75800, 0x000002775da76000,
0x000002775ddeb800, 0x000002775ead3800, 0x000002775df8b000, 0x000002775bb76800,
0x000002775bb78800, 0x000002775bb78000, 0x000002775bb7a800, 0x000002775bb7b000,
0x000002775f198800, 0x000002775f196800, 0x000002775f197800, 0x000002775f194000,
0x000002775f195000, 0x000002775f196000, 0x000002775f192800, 0x000002775f199000,
0x0000027762e3c800, 0x0000027762e3d000, 0x0000027762e3a800, 0x0000027762e3a000,
0x0000027762e41000, 0x0000027762e43800, 0x0000027762e44800, 0x0000027762e43000,
0x0000027762e3f800, 0x0000027762e3e800, 0x0000027762e40800, 0x0000027762e47000,
0x0000027762e45800, 0x0000027762e46000, 0x0000027762e42000, 0x0000027761ff9800,
0x0000027761ff9000, 0x0000027761ffa800, 0x0000027761ffd000, 0x0000027761ff7800,
0x0000027761ffe000, 0x0000027761ffb800, 0x0000027761ff8000, 0x0000027762000800,
0x0000027761ffe800, 0x0000027761fff800, 0x0000027761ffc000, 0x0000027762002800,
0x0000027762002000, 0x0000027762005000, 0x0000027762004800, 0x0000027762006000,
0x0000027762001000, 0x0000027762003800, 0x000002776205d800, 0x0000027762059000,
0x0000027762057800, 0x000002776205a000, 0x000002776205b000, 0x000002776205b800,
0x000002776205c800, 0x000002776205e000, 0x0000027762058800, 0x000002776205f800,
0x0000027762063000, 0x0000027762061800, 0x0000027762060800, 0x0000027762062000,
0x0000027762064000, 0x0000027762064800, 0x000002776205f000, 0x0000027762066000,
0x0000027762065800, 0x00000277635e1000, 0x00000277635e5000, 0x00000277635e6000,
0x00000277635e2000, 0x00000277635e2800, 0x00000277635e0800, 0x00000277635e4800,
0x00000277635e7800, 0x00000277635e7000, 0x00000277635e8800, 0x00000277635e9800,
0x00000277635e3800, 0x00000277635ef000, 0x00000277635ea000, 0x00000277635ec800,
0x00000277635ee000, 0x00000277635eb000, 0x00000277635eb800, 0x00000277635ed800,
0x000002776034e800, 0x000002776034c000, 0x000002776034d800, 0x000002776034c800,
0x0000027760353000, 0x0000027760351000, 0x0000027760355000, 0x0000027760354000,
0x000002776034f000, 0x0000027760351800, 0x0000027760355800, 0x0000027760352800,
0x0000027760350000, 0x000002776035a800, 0x0000027760356800, 0x0000027760357800,
0x0000027760358000, 0x0000027760359000, 0x0000027760359800, 0x000002776251d000,
0x000002776251e000, 0x000002776251c000, 0x000002776251e800, 0x0000027762520800,
0x000002776251b800, 0x000002776251f800, 0x000002776251a800, 0x0000027762527000,
0x0000027762522000, 0x0000027762522800, 0x0000027762523800, 0x0000027762524800,
0x0000027762526000, 0x0000027762525000, 0x0000027762521000, 0x0000027762528800,
0x0000027762527800, 0x0000027762529800, 0x0000027762194800, 0x0000027762198800,
0x0000027762195000, 0x0000027762199800
}

Java Threads: ( => current thread )
  0x0000027740d7b000 JavaThread "main" [_thread_blocked, id=13908, stack(0x000000e956c00000,0x000000e956d00000)]
  0x000002775bb48000 JavaThread "Reference Handler" daemon [_thread_blocked, id=2688, stack(0x000000e957300000,0x000000e957400000)]
  0x000002775bb51800 JavaThread "Finalizer" daemon [_thread_blocked, id=12188, stack(0x000000e957400000,0x000000e957500000)]
  0x000002775bb63000 JavaThread "Signal Dispatcher" daemon [_thread_blocked, id=16348, stack(0x000000e957500000,0x000000e957600000)]
  0x000002775bb65000 JavaThread "Attach Listener" daemon [_thread_blocked, id=10852, stack(0x000000e957600000,0x000000e957700000)]
  0x000002775bb69800 JavaThread "C2 CompilerThread0" daemon [_thread_in_native, id=1932, stack(0x000000e957700000,0x000000e957800000)]
  0x000002775bb75800 JavaThread "C1 CompilerThread0" daemon [_thread_blocked, id=13672, stack(0x000000e957800000,0x000000e957900000)]
  0x000002775c500000 JavaThread "Sweeper thread" daemon [_thread_blocked, id=9428, stack(0x000000e957900000,0x000000e957a00000)]
  0x000002775c662800 JavaThread "Common-Cleaner" daemon [_thread_blocked, id=13156, stack(0x000000e957a00000,0x000000e957b00000)]
  0x000002775bb79800 JavaThread "C1 CompilerThread1" daemon [_thread_blocked, id=12064, stack(0x000000e957b00000,0x000000e957c00000)]
  0x000002775c683800 JavaThread "Service Thread" daemon [_thread_blocked, id=14772, stack(0x000000e957c00000,0x000000e957d00000)]
  0x000002775bb74800 JavaThread "C1 CompilerThread2" daemon [_thread_blocked, id=13512, stack(0x000000e958000000,0x000000e958100000)]
  0x000002775bb77000 JavaThread "C1 CompilerThread3" daemon [_thread_blocked, id=15104, stack(0x000000e958100000,0x000000e958200000)]
  0x000002775ed91000 JavaThread "Daemon health stats" [_thread_blocked, id=12508, stack(0x000000e958400000,0x000000e958500000)]
  0x000002775e01e000 JavaThread "Incoming local TCP Connector on port 63226" [_thread_in_native, id=3952, stack(0x000000e957e00000,0x000000e957f00000)]
  0x000002775da27000 JavaThread "Daemon periodic checks" [_thread_blocked, id=3628, stack(0x000000e958200000,0x000000e958300000)]
  0x000002775e1bf800 JavaThread "Daemon" [_thread_blocked, id=6696, stack(0x000000e958600000,0x000000e958700000)]
  0x000002775e40a800 JavaThread "Handler for socket connection from /127.0.0.1:63226 to /127.0.0.1:63227" [_thread_in_native, id=3260, stack(0x000000e958700000,0x000000e958800000)]
  0x000002775da75800 JavaThread "Cancel handler" [_thread_blocked, id=15608, stack(0x000000e958800000,0x000000e958900000)]
  0x000002775da76000 JavaThread "Daemon worker" [_thread_blocked, id=4612, stack(0x000000e958900000,0x000000e958a00000)]
  0x000002775ddeb800 JavaThread "Asynchronous log dispatcher for DefaultDaemonConnection: socket connection from /127.0.0.1:63226 to /127.0.0.1:63227" [_thread_blocked, id=6304, stack(0x000000e958a00000,0x000000e958b00000)]
  0x000002775ead3800 JavaThread "Stdin handler" [_thread_blocked, id=10700, stack(0x000000e958b00000,0x000000e958c00000)]
  0x000002775df8b000 JavaThread "Thread-8" [_thread_blocked, id=14776, stack(0x000000e958c00000,0x000000e958d00000)]
  0x000002775bb76800 JavaThread "Cache worker for file hash cache (C:\Users\Admin\.gradle\caches\6.7.1\fileHashes)" [_thread_blocked, id=4092, stack(0x000000e959900000,0x000000e959a00000)]
  0x000002775bb78800 JavaThread "File lock request listener" [_thread_in_native, id=9780, stack(0x000000e959a00000,0x000000e959b00000)]
  0x000002775bb78000 JavaThread "Cache worker for journal cache (C:\Users\Admin\.gradle\caches\journal-1)" [_thread_blocked, id=1012, stack(0x000000e959d00000,0x000000e959e00000)]
  0x000002775bb7a800 JavaThread "C2 CompilerThread1" daemon [_thread_blocked, id=8976, stack(0x000000e959e00000,0x000000e959f00000)]
  0x000002775bb7b000 JavaThread "Cache worker for file hash cache (B:\programs\Java_dev\codes\Alarm\.gradle\6.7.1\fileHashes)" [_thread_blocked, id=15876, stack(0x000000e959f00000,0x000000e95a000000)]
  0x000002775f198800 JavaThread "C2 CompilerThread2" daemon [_thread_blocked, id=10620, stack(0x000000e95a000000,0x000000e95a100000)]
  0x000002775f196800 JavaThread "Cache worker for checksums cache (B:\programs\Java_dev\codes\Alarm\.gradle\checksums)" [_thread_blocked, id=8268, stack(0x000000e95a100000,0x000000e95a200000)]
  0x000002775f197800 JavaThread "Cache worker for cache directory md-supplier (C:\Users\Admin\.gradle\caches\6.7.1\md-supplier)" [_thread_blocked, id=10352, stack(0x000000e95a200000,0x000000e95a300000)]
  0x000002775f194000 JavaThread "Cache worker for cache directory md-rule (C:\Users\Admin\.gradle\caches\6.7.1\md-rule)" [_thread_blocked, id=11380, stack(0x000000e95a300000,0x000000e95a400000)]
  0x000002775f195000 JavaThread "C2 CompilerThread3" daemon [_thread_blocked, id=12772, stack(0x000000e95a400000,0x000000e95a500000)]
  0x000002775f196000 JavaThread "Cache worker for execution history cache (C:\Users\Admin\.gradle\caches\6.7.1\executionHistory)" [_thread_blocked, id=6996, stack(0x000000e95a500000,0x000000e95a600000)]
  0x000002775f192800 JavaThread "jar transforms" [_thread_blocked, id=11336, stack(0x000000e95a600000,0x000000e95a700000)]
  0x000002775f199000 JavaThread "Cache worker for file content cache (C:\Users\Admin\.gradle\caches\6.7.1\fileContent)" [_thread_blocked, id=15832, stack(0x000000e95a700000,0x000000e95a800000)]
  0x0000027762e3c800 JavaThread "Cache worker for Build Output Cleanup Cache (B:\programs\Java_dev\codes\Alarm\.gradle\buildOutputCleanup)" [_thread_blocked, id=13876, stack(0x000000e95a800000,0x000000e95a900000)]
  0x0000027762e3d000 JavaThread "Build operations" [_thread_blocked, id=13744, stack(0x000000e95a900000,0x000000e95aa00000)]
  0x0000027762e3a800 JavaThread "Build operations Thread 2" [_thread_blocked, id=16140, stack(0x000000e95aa00000,0x000000e95ab00000)]
  0x0000027762e3a000 JavaThread "Build operations Thread 3" [_thread_blocked, id=14544, stack(0x000000e95ab00000,0x000000e95ac00000)]
  0x0000027762e41000 JavaThread "Build operations Thread 4" [_thread_blocked, id=8456, stack(0x000000e95ac00000,0x000000e95ad00000)]
  0x0000027762e43800 JavaThread "Build operations Thread 5" [_thread_blocked, id=13080, stack(0x000000e95ad00000,0x000000e95ae00000)]
  0x0000027762e44800 JavaThread "Build operations Thread 6" [_thread_blocked, id=7156, stack(0x000000e95ae00000,0x000000e95af00000)]
  0x0000027762e43000 JavaThread "Build operations Thread 7" [_thread_blocked, id=7328, stack(0x000000e95af00000,0x000000e95b000000)]
  0x0000027762e3f800 JavaThread "Build operations Thread 8" [_thread_blocked, id=15720, stack(0x000000e95b000000,0x000000e95b100000)]
  0x0000027762e3e800 JavaThread "Build operations Thread 9" [_thread_blocked, id=3216, stack(0x000000e95b100000,0x000000e95b200000)]
  0x0000027762e40800 JavaThread "Build operations Thread 10" [_thread_blocked, id=2300, stack(0x000000e95b200000,0x000000e95b300000)]
  0x0000027762e47000 JavaThread "Build operations Thread 11" [_thread_blocked, id=8324, stack(0x000000e95b300000,0x000000e95b400000)]
  0x0000027762e45800 JavaThread "Build operations Thread 12" [_thread_blocked, id=16108, stack(0x000000e95b400000,0x000000e95b500000)]
  0x0000027762e46000 JavaThread "Build operations Thread 13" [_thread_blocked, id=15900, stack(0x000000e95b500000,0x000000e95b600000)]
  0x0000027762e42000 JavaThread "Build operations Thread 14" [_thread_blocked, id=12984, stack(0x000000e95b600000,0x000000e95b700000)]
  0x0000027761ff9800 JavaThread "Build operations Thread 15" [_thread_blocked, id=13352, stack(0x000000e95b700000,0x000000e95b800000)]
  0x0000027761ff9000 JavaThread "Build operations Thread 16" [_thread_blocked, id=15308, stack(0x000000e95b800000,0x000000e95b900000)]
  0x0000027761ffa800 JavaThread "jar transforms Thread 2" [_thread_blocked, id=8080, stack(0x000000e95b900000,0x000000e95ba00000)]
  0x0000027761ffd000 JavaThread "jar transforms Thread 3" [_thread_blocked, id=2364, stack(0x000000e95ba00000,0x000000e95bb00000)]
  0x0000027761ff7800 JavaThread "jar transforms Thread 4" [_thread_blocked, id=3172, stack(0x000000e95bb00000,0x000000e95bc00000)]
  0x0000027761ffe000 JavaThread "jar transforms Thread 5" [_thread_blocked, id=9500, stack(0x000000e95bc00000,0x000000e95bd00000)]
  0x0000027761ffb800 JavaThread "jar transforms Thread 6" [_thread_blocked, id=5316, stack(0x000000e95bd00000,0x000000e95be00000)]
  0x0000027761ff8000 JavaThread "jar transforms Thread 7" [_thread_blocked, id=14332, stack(0x000000e95be00000,0x000000e95bf00000)]
  0x0000027762000800 JavaThread "jar transforms Thread 8" [_thread_blocked, id=15748, stack(0x000000e95bf00000,0x000000e95c000000)]
  0x0000027761ffe800 JavaThread "jar transforms Thread 9" [_thread_blocked, id=12000, stack(0x000000e95c000000,0x000000e95c100000)]
  0x0000027761fff800 JavaThread "jar transforms Thread 10" [_thread_blocked, id=15404, stack(0x000000e95c100000,0x000000e95c200000)]
  0x0000027761ffc000 JavaThread "jar transforms Thread 11" [_thread_blocked, id=14664, stack(0x000000e95c200000,0x000000e95c300000)]
  0x0000027762002800 JavaThread "jar transforms Thread 12" [_thread_blocked, id=10720, stack(0x000000e95c300000,0x000000e95c400000)]
  0x0000027762002000 JavaThread "jar transforms Thread 13" [_thread_blocked, id=5740, stack(0x000000e95c400000,0x000000e95c500000)]
  0x0000027762005000 JavaThread "jar transforms Thread 14" [_thread_blocked, id=14384, stack(0x000000e95c500000,0x000000e95c600000)]
  0x0000027762004800 JavaThread "jar transforms Thread 15" [_thread_blocked, id=9900, stack(0x000000e95c600000,0x000000e95c700000)]
  0x0000027762006000 JavaThread "jar transforms Thread 16" [_thread_blocked, id=6388, stack(0x000000e95c700000,0x000000e95c800000)]
  0x0000027762001000 JavaThread "jar transforms Thread 17" [_thread_blocked, id=4104, stack(0x000000e95c800000,0x000000e95c900000)]
  0x0000027762003800 JavaThread "jar transforms Thread 18" [_thread_blocked, id=11800, stack(0x000000e95c900000,0x000000e95ca00000)]
  0x000002776205d800 JavaThread "jar transforms Thread 19" [_thread_blocked, id=15944, stack(0x000000e95ca00000,0x000000e95cb00000)]
  0x0000027762059000 JavaThread "jar transforms Thread 20" [_thread_blocked, id=1560, stack(0x000000e95cb00000,0x000000e95cc00000)]
  0x0000027762057800 JavaThread "jar transforms Thread 21" [_thread_blocked, id=12084, stack(0x000000e95cc00000,0x000000e95cd00000)]
  0x000002776205a000 JavaThread "jar transforms Thread 22" [_thread_blocked, id=16344, stack(0x000000e95cd00000,0x000000e95ce00000)]
  0x000002776205b000 JavaThread "jar transforms Thread 23" [_thread_blocked, id=3772, stack(0x000000e95ce00000,0x000000e95cf00000)]
  0x000002776205b800 JavaThread "jar transforms Thread 24" [_thread_blocked, id=11820, stack(0x000000e95cf00000,0x000000e95d000000)]
  0x000002776205c800 JavaThread "jar transforms Thread 25" [_thread_blocked, id=10632, stack(0x000000e95d000000,0x000000e95d100000)]
  0x000002776205e000 JavaThread "jar transforms Thread 26" [_thread_blocked, id=3372, stack(0x000000e95d100000,0x000000e95d200000)]
  0x0000027762058800 JavaThread "jar transforms Thread 27" [_thread_blocked, id=2208, stack(0x000000e95d200000,0x000000e95d300000)]
  0x000002776205f800 JavaThread "jar transforms Thread 28" [_thread_blocked, id=7732, stack(0x000000e95d300000,0x000000e95d400000)]
  0x0000027762063000 JavaThread "jar transforms Thread 29" [_thread_blocked, id=2388, stack(0x000000e95d400000,0x000000e95d500000)]
  0x0000027762061800 JavaThread "jar transforms Thread 30" [_thread_blocked, id=14220, stack(0x000000e95d500000,0x000000e95d600000)]
  0x0000027762060800 JavaThread "jar transforms Thread 31" [_thread_blocked, id=13196, stack(0x000000e95d600000,0x000000e95d700000)]
  0x0000027762062000 JavaThread "jar transforms Thread 32" [_thread_blocked, id=8144, stack(0x000000e95d700000,0x000000e95d800000)]
  0x0000027762064000 JavaThread "jar transforms Thread 33" [_thread_blocked, id=1536, stack(0x000000e95d800000,0x000000e95d900000)]
  0x0000027762064800 JavaThread "jar transforms Thread 34" [_thread_blocked, id=9976, stack(0x000000e95d900000,0x000000e95da00000)]
  0x000002776205f000 JavaThread "jar transforms Thread 35" [_thread_blocked, id=5656, stack(0x000000e95da00000,0x000000e95db00000)]
  0x0000027762066000 JavaThread "jar transforms Thread 36" [_thread_blocked, id=6100, stack(0x000000e95db00000,0x000000e95dc00000)]
  0x0000027762065800 JavaThread "jar transforms Thread 37" [_thread_blocked, id=8520, stack(0x000000e95dc00000,0x000000e95dd00000)]
  0x00000277635e1000 JavaThread "jar transforms Thread 38" [_thread_blocked, id=14732, stack(0x000000e95dd00000,0x000000e95de00000)]
  0x00000277635e5000 JavaThread "jar transforms Thread 39" [_thread_blocked, id=16280, stack(0x000000e95de00000,0x000000e95df00000)]
  0x00000277635e6000 JavaThread "jar transforms Thread 40" [_thread_blocked, id=9064, stack(0x000000e95df00000,0x000000e95e000000)]
  0x00000277635e2000 JavaThread "jar transforms Thread 41" [_thread_blocked, id=4180, stack(0x000000e95e000000,0x000000e95e100000)]
  0x00000277635e2800 JavaThread "jar transforms Thread 42" [_thread_blocked, id=4724, stack(0x000000e95e100000,0x000000e95e200000)]
  0x00000277635e0800 JavaThread "jar transforms Thread 43" [_thread_blocked, id=2268, stack(0x000000e95e200000,0x000000e95e300000)]
  0x00000277635e4800 JavaThread "jar transforms Thread 44" [_thread_blocked, id=1016, stack(0x000000e95e300000,0x000000e95e400000)]
  0x00000277635e7800 JavaThread "jar transforms Thread 45" [_thread_blocked, id=8392, stack(0x000000e95e400000,0x000000e95e500000)]
  0x00000277635e7000 JavaThread "jar transforms Thread 46" [_thread_blocked, id=8904, stack(0x000000e95e500000,0x000000e95e600000)]
  0x00000277635e8800 JavaThread "jar transforms Thread 47" [_thread_blocked, id=8568, stack(0x000000e95e600000,0x000000e95e700000)]
  0x00000277635e9800 JavaThread "jar transforms Thread 48" [_thread_blocked, id=10856, stack(0x000000e95e700000,0x000000e95e800000)]
  0x00000277635e3800 JavaThread "jar transforms Thread 49" [_thread_blocked, id=14060, stack(0x000000e95e800000,0x000000e95e900000)]
  0x00000277635ef000 JavaThread "jar transforms Thread 50" [_thread_blocked, id=15204, stack(0x000000e95e900000,0x000000e95ea00000)]
  0x00000277635ea000 JavaThread "jar transforms Thread 51" [_thread_blocked, id=1376, stack(0x000000e95ea00000,0x000000e95eb00000)]
  0x00000277635ec800 JavaThread "jar transforms Thread 52" [_thread_blocked, id=15932, stack(0x000000e95eb00000,0x000000e95ec00000)]
  0x00000277635ee000 JavaThread "jar transforms Thread 53" [_thread_blocked, id=4868, stack(0x000000e95ec00000,0x000000e95ed00000)]
  0x00000277635eb000 JavaThread "jar transforms Thread 54" [_thread_blocked, id=14804, stack(0x000000e95ed00000,0x000000e95ee00000)]
  0x00000277635eb800 JavaThread "jar transforms Thread 55" [_thread_blocked, id=12484, stack(0x000000e95ee00000,0x000000e95ef00000)]
  0x00000277635ed800 JavaThread "jar transforms Thread 56" [_thread_blocked, id=1004, stack(0x000000e95ef00000,0x000000e95f000000)]
  0x000002776034e800 JavaThread "jar transforms Thread 57" [_thread_blocked, id=14416, stack(0x000000e95f000000,0x000000e95f100000)]
  0x000002776034c000 JavaThread "jar transforms Thread 58" [_thread_blocked, id=8580, stack(0x000000e95f100000,0x000000e95f200000)]
  0x000002776034d800 JavaThread "jar transforms Thread 59" [_thread_blocked, id=5676, stack(0x000000e95f200000,0x000000e95f300000)]
  0x000002776034c800 JavaThread "jar transforms Thread 60" [_thread_blocked, id=8660, stack(0x000000e95f300000,0x000000e95f400000)]
  0x0000027760353000 JavaThread "jar transforms Thread 61" [_thread_blocked, id=15060, stack(0x000000e95f400000,0x000000e95f500000)]
  0x0000027760351000 JavaThread "jar transforms Thread 62" [_thread_blocked, id=10844, stack(0x000000e95f500000,0x000000e95f600000)]
  0x0000027760355000 JavaThread "jar transforms Thread 63" [_thread_blocked, id=7420, stack(0x000000e95f600000,0x000000e95f700000)]
  0x0000027760354000 JavaThread "jar transforms Thread 64" [_thread_blocked, id=8048, stack(0x000000e95f700000,0x000000e95f800000)]
  0x000002776034f000 JavaThread "jar transforms Thread 65" [_thread_blocked, id=8652, stack(0x000000e95f800000,0x000000e95f900000)]
  0x0000027760351800 JavaThread "jar transforms Thread 66" [_thread_blocked, id=15724, stack(0x000000e95f900000,0x000000e95fa00000)]
  0x0000027760355800 JavaThread "jar transforms Thread 67" [_thread_blocked, id=15268, stack(0x000000e95fa00000,0x000000e95fb00000)]
  0x0000027760352800 JavaThread "jar transforms Thread 68" [_thread_blocked, id=15424, stack(0x000000e95fb00000,0x000000e95fc00000)]
  0x0000027760350000 JavaThread "jar transforms Thread 69" [_thread_blocked, id=10868, stack(0x000000e95fc00000,0x000000e95fd00000)]
  0x000002776035a800 JavaThread "jar transforms Thread 70" [_thread_blocked, id=14092, stack(0x000000e95fd00000,0x000000e95fe00000)]
  0x0000027760356800 JavaThread "jar transforms Thread 71" [_thread_blocked, id=12876, stack(0x000000e95fe00000,0x000000e95ff00000)]
  0x0000027760357800 JavaThread "jar transforms Thread 72" [_thread_blocked, id=10116, stack(0x000000e95ff00000,0x000000e960000000)]
  0x0000027760358000 JavaThread "jar transforms Thread 73" [_thread_blocked, id=16116, stack(0x000000e960000000,0x000000e960100000)]
  0x0000027760359000 JavaThread "jar transforms Thread 74" [_thread_blocked, id=7676, stack(0x000000e960100000,0x000000e960200000)]
  0x0000027760359800 JavaThread "jar transforms Thread 75" [_thread_blocked, id=5312, stack(0x000000e960200000,0x000000e960300000)]
  0x000002776251d000 JavaThread "jar transforms Thread 76" [_thread_blocked, id=9252, stack(0x000000e960300000,0x000000e960400000)]
  0x000002776251e000 JavaThread "jar transforms Thread 77" [_thread_blocked, id=5528, stack(0x000000e960400000,0x000000e960500000)]
  0x000002776251c000 JavaThread "jar transforms Thread 78" [_thread_blocked, id=9212, stack(0x000000e960500000,0x000000e960600000)]
  0x000002776251e800 JavaThread "jar transforms Thread 79" [_thread_blocked, id=13756, stack(0x000000e960600000,0x000000e960700000)]
  0x0000027762520800 JavaThread "jar transforms Thread 80" [_thread_blocked, id=10924, stack(0x000000e960700000,0x000000e960800000)]
  0x000002776251b800 JavaThread "jar transforms Thread 81" [_thread_blocked, id=5476, stack(0x000000e960800000,0x000000e960900000)]
  0x000002776251f800 JavaThread "jar transforms Thread 82" [_thread_blocked, id=12708, stack(0x000000e960900000,0x000000e960a00000)]
  0x000002776251a800 JavaThread "jar transforms Thread 83" [_thread_blocked, id=11364, stack(0x000000e960a00000,0x000000e960b00000)]
  0x0000027762527000 JavaThread "jar transforms Thread 84" [_thread_blocked, id=7956, stack(0x000000e960b00000,0x000000e960c00000)]
  0x0000027762522000 JavaThread "jar transforms Thread 85" [_thread_blocked, id=10468, stack(0x000000e960c00000,0x000000e960d00000)]
  0x0000027762522800 JavaThread "jar transforms Thread 86" [_thread_blocked, id=12252, stack(0x000000e960d00000,0x000000e960e00000)]
  0x0000027762523800 JavaThread "jar transforms Thread 87" [_thread_blocked, id=15420, stack(0x000000e960e00000,0x000000e960f00000)]
  0x0000027762524800 JavaThread "jar transforms Thread 88" [_thread_blocked, id=1344, stack(0x000000e960f00000,0x000000e961000000)]
  0x0000027762526000 JavaThread "jar transforms Thread 89" [_thread_blocked, id=1296, stack(0x000000e961000000,0x000000e961100000)]
  0x0000027762525000 JavaThread "jar transforms Thread 90" [_thread_blocked, id=10128, stack(0x000000e961100000,0x000000e961200000)]
  0x0000027762521000 JavaThread "jar transforms Thread 91" [_thread_blocked, id=14224, stack(0x000000e961200000,0x000000e961300000)]
  0x0000027762528800 JavaThread "jar transforms Thread 92" [_thread_blocked, id=8740, stack(0x000000e961300000,0x000000e961400000)]
  0x0000027762527800 JavaThread "jar transforms Thread 93" [_thread_blocked, id=13968, stack(0x000000e961400000,0x000000e961500000)]
  0x0000027762529800 JavaThread "jar transforms Thread 94" [_thread_blocked, id=4872, stack(0x000000e961500000,0x000000e961600000)]
  0x0000027762194800 JavaThread "jar transforms Thread 95" [_thread_blocked, id=5572, stack(0x000000e961600000,0x000000e961700000)]
  0x0000027762198800 JavaThread "jar transforms Thread 96" [_thread_blocked, id=10428, stack(0x000000e961700000,0x000000e961800000)]
  0x0000027762195000 JavaThread "jar transforms Thread 97" [_thread_blocked, id=5268, stack(0x000000e961800000,0x000000e961900000)]
  0x0000027762199800 JavaThread "Memory manager" [_thread_blocked, id=14992, stack(0x000000e961a00000,0x000000e961b00000)]

Other Threads:
=>0x000002775bb42000 VMThread "VM Thread" [stack: 0x000000e957200000,0x000000e957300000] [id=15076]
  0x000002775c6c7000 WatcherThread [stack: 0x000000e957d00000,0x000000e957e00000] [id=8588]
  0x0000027740d93800 GCTaskThread "GC Thread#0" [stack: 0x000000e956d00000,0x000000e956e00000] [id=14252]
  0x000002775cfce800 GCTaskThread "GC Thread#1" [stack: 0x000000e957f00000,0x000000e958000000] [id=12044]
  0x000002775dcb9000 GCTaskThread "GC Thread#2" [stack: 0x000000e958d00000,0x000000e958e00000] [id=9924]
  0x000002775d776000 GCTaskThread "GC Thread#3" [stack: 0x000000e958e00000,0x000000e958f00000] [id=14040]
  0x000002775dd7b800 GCTaskThread "GC Thread#4" [stack: 0x000000e958f00000,0x000000e959000000] [id=5996]
  0x000002775dd7d800 GCTaskThread "GC Thread#5" [stack: 0x000000e959000000,0x000000e959100000] [id=15252]
  0x000002775efcd000 GCTaskThread "GC Thread#6" [stack: 0x000000e959100000,0x000000e959200000] [id=8564]
  0x000002775db80000 GCTaskThread "GC Thread#7" [stack: 0x000000e959200000,0x000000e959300000] [id=14172]
  0x000002775eb46000 GCTaskThread "GC Thread#8" [stack: 0x000000e959300000,0x000000e959400000] [id=8196]
  0x000002775daaf000 GCTaskThread "GC Thread#9" [stack: 0x000000e959400000,0x000000e959500000] [id=2744]
  0x000002775e37a000 GCTaskThread "GC Thread#10" [stack: 0x000000e959500000,0x000000e959600000] [id=7092]
  0x000002775e8ce800 GCTaskThread "GC Thread#11" [stack: 0x000000e959600000,0x000000e959700000] [id=4712]
  0x000002775eaea000 GCTaskThread "GC Thread#12" [stack: 0x000000e959700000,0x000000e959800000] [id=15660]
  0x0000027740dc6000 ConcurrentGCThread "G1 Main Marker" [stack: 0x000000e956e00000,0x000000e956f00000] [id=13232]
  0x0000027740dc7800 ConcurrentGCThread "G1 Conc#0" [stack: 0x000000e956f00000,0x000000e957000000] [id=3748]
  0x000002775dac3000 ConcurrentGCThread "G1 Conc#1" [stack: 0x000000e959b00000,0x000000e959c00000] [id=8488]
  0x000002775eaac800 ConcurrentGCThread "G1 Conc#2" [stack: 0x000000e959c00000,0x000000e959d00000] [id=10732]
  0x000002775b990800 ConcurrentGCThread "G1 Refine#0" [stack: 0x000000e957000000,0x000000e957100000] [id=5080]
  0x000002775efc4000 ConcurrentGCThread "G1 Refine#1" [stack: 0x000000e959800000,0x000000e959900000] [id=8556]
  0x000002775b991800 ConcurrentGCThread "G1 Young RemSet Sampling" [stack: 0x000000e957100000,0x000000e957200000] [id=9052]

Threads with active compile tasks:
C2 CompilerThread0   6771 6186       4       sun.reflect.generics.parser.SignatureParser::parsePackageNameAndSimpleClassTypeSignature (119 bytes)

VM state:at safepoint (normal execution)

VM Mutex/Monitor currently owned by a thread:  ([mutex/lock_event])
[0x0000027740d78300] Threads_lock - owner thread: 0x000002775bb42000
[0x0000027740d77a00] Heap_lock - owner thread: 0x000002775da76000

Heap address: 0x0000000080000000, size: 2048 MB, Compressed Oops mode: 32-bit
Narrow klass base: 0x0000000000000000, Narrow klass shift: 3
Compressed class space size: 1073741824 Address: 0x0000000100000000

Heap:
 garbage-first heap   total 177152K, used 47183K [0x0000000080000000, 0x0000000100000000)
  region size 1024K, 8 young (8192K), 8 survivors (8192K)
 Metaspace       used 63677K, capacity 65236K, committed 65360K, reserved 1105920K
  class space    used 8258K, capacity 8782K, committed 8832K, reserved 1048576K
Heap Regions: E=young(eden), S=young(survivor), O=old, HS=humongous(starts), HC=humongous(continues), CS=collection set, F=free, A=archive, TAMS=top-at-mark-start (previous, next)
|   0|0x0000000080000000, 0x0000000080100000, 0x0000000080100000|100%| O|  |TAMS 0x0000000080100000, 0x0000000080000000| Untracked 
|   1|0x0000000080100000, 0x0000000080200000, 0x0000000080200000|100%| O|  |TAMS 0x0000000080200000, 0x0000000080100000| Untracked 
|   2|0x0000000080200000, 0x0000000080300000, 0x0000000080300000|100%| O|  |TAMS 0x0000000080300000, 0x0000000080200000| Untracked 
|   3|0x0000000080300000, 0x0000000080400000, 0x0000000080400000|100%|HS|  |TAMS 0x0000000080400000, 0x0000000080300000| Complete 
|   4|0x0000000080400000, 0x0000000080500000, 0x0000000080500000|100%|HC|  |TAMS 0x0000000080500000, 0x0000000080400000| Complete 
|   5|0x0000000080500000, 0x0000000080600000, 0x0000000080600000|100%|HC|  |TAMS 0x0000000080600000, 0x0000000080500000| Complete 
|   6|0x0000000080600000, 0x0000000080700000, 0x0000000080700000|100%| O|  |TAMS 0x0000000080700000, 0x0000000080600000| Untracked 
|   7|0x0000000080700000, 0x0000000080800000, 0x0000000080800000|100%| O|  |TAMS 0x0000000080800000, 0x0000000080700000| Untracked 
|   8|0x0000000080800000, 0x0000000080900000, 0x0000000080900000|100%| O|  |TAMS 0x0000000080900000, 0x0000000080800000| Untracked 
|   9|0x0000000080900000, 0x0000000080a00000, 0x0000000080a00000|100%| O|  |TAMS 0x0000000080a00000, 0x0000000080900000| Untracked 
|  10|0x0000000080a00000, 0x0000000080b00000, 0x0000000080b00000|100%| O|  |TAMS 0x0000000080b00000, 0x0000000080a00000| Untracked 
|  11|0x0000000080b00000, 0x0000000080c00000, 0x0000000080c00000|100%| O|  |TAMS 0x0000000080c00000, 0x0000000080b00000| Untracked 
|  12|0x0000000080c00000, 0x0000000080d00000, 0x0000000080d00000|100%| O|  |TAMS 0x0000000080d00000, 0x0000000080c00000| Untracked 
|  13|0x0000000080d00000, 0x0000000080e00000, 0x0000000080e00000|100%| O|  |TAMS 0x0000000080e00000, 0x0000000080d00000| Untracked 
|  14|0x0000000080e00000, 0x0000000080f00000, 0x0000000080f00000|100%| O|  |TAMS 0x0000000080f00000, 0x0000000080e00000| Untracked 
|  15|0x0000000080f00000, 0x0000000081000000, 0x0000000081000000|100%| O|  |TAMS 0x0000000081000000, 0x0000000080f00000| Untracked 
|  16|0x0000000081000000, 0x0000000081100000, 0x0000000081100000|100%| O|  |TAMS 0x0000000081100000, 0x0000000081000000| Untracked 
|  17|0x0000000081100000, 0x0000000081200000, 0x0000000081200000|100%| O|  |TAMS 0x0000000081200000, 0x0000000081100000| Untracked 
|  18|0x0000000081200000, 0x0000000081300000, 0x0000000081300000|100%| O|  |TAMS 0x0000000081300000, 0x0000000081200000| Untracked 
|  19|0x0000000081300000, 0x0000000081400000, 0x0000000081400000|100%| O|  |TAMS 0x0000000081400000, 0x0000000081300000| Untracked 
|  20|0x0000000081400000, 0x0000000081500000, 0x0000000081500000|100%| O|  |TAMS 0x0000000081500000, 0x0000000081400000| Untracked 
|  21|0x0000000081500000, 0x0000000081600000, 0x0000000081600000|100%|HS|  |TAMS 0x0000000081600000, 0x0000000081500000| Complete 
|  22|0x0000000081600000, 0x0000000081700000, 0x0000000081700000|100%|HS|  |TAMS 0x0000000081700000, 0x0000000081600000| Complete 
|  23|0x0000000081700000, 0x0000000081800000, 0x0000000081800000|100%|HC|  |TAMS 0x0000000081800000, 0x0000000081700000| Complete 
|  24|0x0000000081800000, 0x0000000081900000, 0x0000000081900000|100%| O|  |TAMS 0x0000000081900000, 0x0000000081800000| Untracked 
|  25|0x0000000081900000, 0x0000000081a00000, 0x0000000081a00000|100%| O|  |TAMS 0x0000000081a00000, 0x0000000081900000| Untracked 
|  26|0x0000000081a00000, 0x0000000081b00000, 0x0000000081b00000|100%| O|  |TAMS 0x0000000081b00000, 0x0000000081a00000| Untracked 
|  27|0x0000000081b00000, 0x0000000081c00000, 0x0000000081c00000|100%| O|  |TAMS 0x0000000081c00000, 0x0000000081b00000| Untracked 
|  28|0x0000000081c00000, 0x0000000081c13c00, 0x0000000081d00000|  7%| O|  |TAMS 0x0000000081c00000, 0x0000000081c00000| Untracked 
|  29|0x0000000081d00000, 0x0000000081e00000, 0x0000000081e00000|100%| O|  |TAMS 0x0000000081e00000, 0x0000000081d00000| Untracked 
|  30|0x0000000081e00000, 0x0000000081f00000, 0x0000000081f00000|100%| O|  |TAMS 0x0000000081f00000, 0x0000000081e00000| Untracked 
|  31|0x0000000081f00000, 0x0000000082000000, 0x0000000082000000|100%| O|  |TAMS 0x0000000082000000, 0x0000000081f00000| Untracked 
|  32|0x0000000082000000, 0x0000000082100000, 0x0000000082100000|100%| O|  |TAMS 0x0000000082100000, 0x0000000082000000| Untracked 
|  33|0x0000000082100000, 0x0000000082200000, 0x0000000082200000|100%| O|  |TAMS 0x0000000082200000, 0x0000000082100000| Untracked 
|  34|0x0000000082200000, 0x0000000082300000, 0x0000000082300000|100%| O|  |TAMS 0x0000000082300000, 0x0000000082200000| Untracked 
|  35|0x0000000082300000, 0x0000000082400000, 0x0000000082400000|100%| O|  |TAMS 0x0000000082400000, 0x0000000082300000| Untracked 
|  36|0x0000000082400000, 0x0000000082500000, 0x0000000082500000|100%| O|  |TAMS 0x0000000082500000, 0x0000000082400000| Untracked 
|  37|0x0000000082500000, 0x0000000082600000, 0x0000000082600000|100%| O|  |TAMS 0x0000000082600000, 0x0000000082500000| Untracked 
|  38|0x0000000082600000, 0x0000000082700000, 0x0000000082700000|100%| O|  |TAMS 0x0000000082700000, 0x0000000082600000| Untracked 
|  39|0x0000000082700000, 0x0000000082700000, 0x0000000082800000|  0%| F|  |TAMS 0x0000000082700000, 0x0000000082700000| Untracked 
|  40|0x0000000082800000, 0x0000000082800000, 0x0000000082900000|  0%| F|  |TAMS 0x0000000082800000, 0x0000000082800000| Untracked 
|  41|0x0000000082900000, 0x0000000082900000, 0x0000000082a00000|  0%| F|  |TAMS 0x0000000082900000, 0x0000000082900000| Untracked 
|  42|0x0000000082a00000, 0x0000000082a00000, 0x0000000082b00000|  0%| F|  |TAMS 0x0000000082a00000, 0x0000000082a00000| Untracked 
|  43|0x0000000082b00000, 0x0000000082b00000, 0x0000000082c00000|  0%| F|  |TAMS 0x0000000082b00000, 0x0000000082b00000| Untracked 
|  44|0x0000000082c00000, 0x0000000082c00000, 0x0000000082d00000|  0%| F|  |TAMS 0x0000000082c00000, 0x0000000082c00000| Untracked 
|  45|0x0000000082d00000, 0x0000000082d00000, 0x0000000082e00000|  0%| F|  |TAMS 0x0000000082d00000, 0x0000000082d00000| Untracked 
|  46|0x0000000082e00000, 0x0000000082e00000, 0x0000000082f00000|  0%| F|  |TAMS 0x0000000082e00000, 0x0000000082e00000| Untracked 
|  47|0x0000000082f00000, 0x0000000082f00000, 0x0000000083000000|  0%| F|  |TAMS 0x0000000082f00000, 0x0000000082f00000| Untracked 
|  48|0x0000000083000000, 0x0000000083000000, 0x0000000083100000|  0%| F|  |TAMS 0x0000000083000000, 0x0000000083000000| Untracked 
|  49|0x0000000083100000, 0x0000000083100000, 0x0000000083200000|  0%| F|  |TAMS 0x0000000083100000, 0x0000000083100000| Untracked 
|  50|0x0000000083200000, 0x0000000083200000, 0x0000000083300000|  0%| F|  |TAMS 0x0000000083200000, 0x0000000083200000| Untracked 
|  51|0x0000000083300000, 0x0000000083300000, 0x0000000083400000|  0%| F|  |TAMS 0x0000000083300000, 0x0000000083300000| Untracked 
|  52|0x0000000083400000, 0x0000000083400000, 0x0000000083500000|  0%| F|  |TAMS 0x0000000083400000, 0x0000000083400000| Untracked 
|  53|0x0000000083500000, 0x0000000083500000, 0x0000000083600000|  0%| F|  |TAMS 0x0000000083500000, 0x0000000083500000| Untracked 
|  54|0x0000000083600000, 0x0000000083600000, 0x0000000083700000|  0%| F|  |TAMS 0x0000000083600000, 0x0000000083600000| Untracked 
|  55|0x0000000083700000, 0x0000000083700000, 0x0000000083800000|  0%| F|  |TAMS 0x0000000083700000, 0x0000000083700000| Untracked 
|  56|0x0000000083800000, 0x0000000083800000, 0x0000000083900000|  0%| F|  |TAMS 0x0000000083800000, 0x0000000083800000| Untracked 
|  57|0x0000000083900000, 0x0000000083900000, 0x0000000083a00000|  0%| F|  |TAMS 0x0000000083900000, 0x0000000083900000| Untracked 
|  58|0x0000000083a00000, 0x0000000083a00000, 0x0000000083b00000|  0%| F|  |TAMS 0x0000000083a00000, 0x0000000083a00000| Untracked 
|  59|0x0000000083b00000, 0x0000000083b00000, 0x0000000083c00000|  0%| F|  |TAMS 0x0000000083b00000, 0x0000000083b00000| Untracked 
|  60|0x0000000083c00000, 0x0000000083c00000, 0x0000000083d00000|  0%| F|  |TAMS 0x0000000083c00000, 0x0000000083c00000| Untracked 
|  61|0x0000000083d00000, 0x0000000083d00000, 0x0000000083e00000|  0%| F|  |TAMS 0x0000000083d00000, 0x0000000083d00000| Untracked 
|  62|0x0000000083e00000, 0x0000000083e00000, 0x0000000083f00000|  0%| F|  |TAMS 0x0000000083e00000, 0x0000000083e00000| Untracked 
|  63|0x0000000083f00000, 0x0000000083f00000, 0x0000000084000000|  0%| F|  |TAMS 0x0000000083f00000, 0x0000000083f00000| Untracked 
|  64|0x0000000084000000, 0x0000000084000000, 0x0000000084100000|  0%| F|  |TAMS 0x0000000084000000, 0x0000000084000000| Untracked 
|  65|0x0000000084100000, 0x0000000084100000, 0x0000000084200000|  0%| F|  |TAMS 0x0000000084100000, 0x0000000084100000| Untracked 
|  66|0x0000000084200000, 0x0000000084200000, 0x0000000084300000|  0%| F|  |TAMS 0x0000000084200000, 0x0000000084200000| Untracked 
|  67|0x0000000084300000, 0x0000000084300000, 0x0000000084400000|  0%| F|  |TAMS 0x0000000084300000, 0x0000000084300000| Untracked 
|  68|0x0000000084400000, 0x0000000084400000, 0x0000000084500000|  0%| F|  |TAMS 0x0000000084400000, 0x0000000084400000| Untracked 
|  69|0x0000000084500000, 0x0000000084500000, 0x0000000084600000|  0%| F|  |TAMS 0x0000000084500000, 0x0000000084500000| Untracked 
|  70|0x0000000084600000, 0x0000000084600000, 0x0000000084700000|  0%| F|  |TAMS 0x0000000084600000, 0x0000000084600000| Untracked 
|  71|0x0000000084700000, 0x0000000084700000, 0x0000000084800000|  0%| F|  |TAMS 0x0000000084700000, 0x0000000084700000| Untracked 
|  72|0x0000000084800000, 0x0000000084800000, 0x0000000084900000|  0%| F|  |TAMS 0x0000000084800000, 0x0000000084800000| Untracked 
|  73|0x0000000084900000, 0x0000000084900000, 0x0000000084a00000|  0%| F|  |TAMS 0x0000000084900000, 0x0000000084900000| Untracked 
|  74|0x0000000084a00000, 0x0000000084b00000, 0x0000000084b00000|100%| S|CS|TAMS 0x0000000084a00000, 0x0000000084a00000| Complete 
|  75|0x0000000084b00000, 0x0000000084c00000, 0x0000000084c00000|100%| S|CS|TAMS 0x0000000084b00000, 0x0000000084b00000| Complete 
|  76|0x0000000084c00000, 0x0000000084d00000, 0x0000000084d00000|100%| S|CS|TAMS 0x0000000084c00000, 0x0000000084c00000| Complete 
|  77|0x0000000084d00000, 0x0000000084e00000, 0x0000000084e00000|100%| S|CS|TAMS 0x0000000084d00000, 0x0000000084d00000| Complete 
|  78|0x0000000084e00000, 0x0000000084f00000, 0x0000000084f00000|100%| S|CS|TAMS 0x0000000084e00000, 0x0000000084e00000| Complete 
|  79|0x0000000084f00000, 0x0000000085000000, 0x0000000085000000|100%| S|CS|TAMS 0x0000000084f00000, 0x0000000084f00000| Complete 
|  80|0x0000000085000000, 0x0000000085100000, 0x0000000085100000|100%| S|CS|TAMS 0x0000000085000000, 0x0000000085000000| Complete 
|  81|0x0000000085100000, 0x0000000085200000, 0x0000000085200000|100%| S|CS|TAMS 0x0000000085100000, 0x0000000085100000| Complete 
|  82|0x0000000085200000, 0x0000000085200000, 0x0000000085300000|  0%| F|  |TAMS 0x0000000085200000, 0x0000000085200000| Untracked 
|  83|0x0000000085300000, 0x0000000085300000, 0x0000000085400000|  0%| F|  |TAMS 0x0000000085300000, 0x0000000085300000| Untracked 
|  84|0x0000000085400000, 0x0000000085400000, 0x0000000085500000|  0%| F|  |TAMS 0x0000000085400000, 0x0000000085400000| Untracked 
|  85|0x0000000085500000, 0x0000000085500000, 0x0000000085600000|  0%| F|  |TAMS 0x0000000085500000, 0x0000000085500000| Untracked 
|  86|0x0000000085600000, 0x0000000085600000, 0x0000000085700000|  0%| F|  |TAMS 0x0000000085600000, 0x0000000085600000| Untracked 
|  87|0x0000000085700000, 0x0000000085700000, 0x0000000085800000|  0%| F|  |TAMS 0x0000000085700000, 0x0000000085700000| Untracked 
|  88|0x0000000085800000, 0x0000000085800000, 0x0000000085900000|  0%| F|  |TAMS 0x0000000085800000, 0x0000000085800000| Untracked 
|  89|0x0000000085900000, 0x0000000085900000, 0x0000000085a00000|  0%| F|  |TAMS 0x0000000085900000, 0x0000000085900000| Untracked 
|  90|0x0000000085a00000, 0x0000000085a00000, 0x0000000085b00000|  0%| F|  |TAMS 0x0000000085a00000, 0x0000000085a00000| Untracked 
|  91|0x0000000085b00000, 0x0000000085b00000, 0x0000000085c00000|  0%| F|  |TAMS 0x0000000085b00000, 0x0000000085b00000| Untracked 
|  92|0x0000000085c00000, 0x0000000085c00000, 0x0000000085d00000|  0%| F|  |TAMS 0x0000000085c00000, 0x0000000085c00000| Untracked 
|  93|0x0000000085d00000, 0x0000000085d00000, 0x0000000085e00000|  0%| F|  |TAMS 0x0000000085d00000, 0x0000000085d00000| Untracked 
|  94|0x0000000085e00000, 0x0000000085e00000, 0x0000000085f00000|  0%| F|  |TAMS 0x0000000085e00000, 0x0000000085e00000| Untracked 
|  95|0x0000000085f00000, 0x0000000085f00000, 0x0000000086000000|  0%| F|  |TAMS 0x0000000085f00000, 0x0000000085f00000| Untracked 
|  96|0x0000000086000000, 0x0000000086000000, 0x0000000086100000|  0%| F|  |TAMS 0x0000000086000000, 0x0000000086000000| Untracked 
|  97|0x0000000086100000, 0x0000000086100000, 0x0000000086200000|  0%| F|  |TAMS 0x0000000086100000, 0x0000000086100000| Untracked 
|  98|0x0000000086200000, 0x0000000086200000, 0x0000000086300000|  0%| F|  |TAMS 0x0000000086200000, 0x0000000086200000| Untracked 
|  99|0x0000000086300000, 0x0000000086300000, 0x0000000086400000|  0%| F|  |TAMS 0x0000000086300000, 0x0000000086300000| Untracked 
| 100|0x0000000086400000, 0x0000000086400000, 0x0000000086500000|  0%| F|  |TAMS 0x0000000086400000, 0x0000000086400000| Untracked 
| 101|0x0000000086500000, 0x0000000086500000, 0x0000000086600000|  0%| F|  |TAMS 0x0000000086500000, 0x0000000086500000| Untracked 
| 102|0x0000000086600000, 0x0000000086600000, 0x0000000086700000|  0%| F|  |TAMS 0x0000000086600000, 0x0000000086600000| Untracked 
| 103|0x0000000086700000, 0x0000000086700000, 0x0000000086800000|  0%| F|  |TAMS 0x0000000086700000, 0x0000000086700000| Untracked 
| 104|0x0000000086800000, 0x0000000086800000, 0x0000000086900000|  0%| F|  |TAMS 0x0000000086800000, 0x0000000086800000| Untracked 
| 105|0x0000000086900000, 0x0000000086900000, 0x0000000086a00000|  0%| F|  |TAMS 0x0000000086900000, 0x0000000086900000| Untracked 
| 106|0x0000000086a00000, 0x0000000086a00000, 0x0000000086b00000|  0%| F|  |TAMS 0x0000000086a00000, 0x0000000086a00000| Untracked 
| 107|0x0000000086b00000, 0x0000000086b00000, 0x0000000086c00000|  0%| F|  |TAMS 0x0000000086b00000, 0x0000000086b00000| Untracked 
| 108|0x0000000086c00000, 0x0000000086c00000, 0x0000000086d00000|  0%| F|  |TAMS 0x0000000086c00000, 0x0000000086c00000| Untracked 
| 109|0x0000000086d00000, 0x0000000086d00000, 0x0000000086e00000|  0%| F|  |TAMS 0x0000000086d00000, 0x0000000086d00000| Untracked 
| 110|0x0000000086e00000, 0x0000000086e00000, 0x0000000086f00000|  0%| F|  |TAMS 0x0000000086e00000, 0x0000000086e00000| Untracked 
| 111|0x0000000086f00000, 0x0000000086f00000, 0x0000000087000000|  0%| F|  |TAMS 0x0000000086f00000, 0x0000000086f00000| Untracked 
| 112|0x0000000087000000, 0x0000000087000000, 0x0000000087100000|  0%| F|  |TAMS 0x0000000087000000, 0x0000000087000000| Untracked 
| 113|0x0000000087100000, 0x0000000087100000, 0x0000000087200000|  0%| F|  |TAMS 0x0000000087100000, 0x0000000087100000| Untracked 
| 114|0x0000000087200000, 0x0000000087200000, 0x0000000087300000|  0%| F|  |TAMS 0x0000000087200000, 0x0000000087200000| Untracked 
| 115|0x0000000087300000, 0x0000000087300000, 0x0000000087400000|  0%| F|  |TAMS 0x0000000087300000, 0x0000000087300000| Untracked 
| 116|0x0000000087400000, 0x0000000087400000, 0x0000000087500000|  0%| F|  |TAMS 0x0000000087400000, 0x0000000087400000| Untracked 
| 117|0x0000000087500000, 0x0000000087500000, 0x0000000087600000|  0%| F|  |TAMS 0x0000000087500000, 0x0000000087500000| Untracked 
| 118|0x0000000087600000, 0x0000000087600000, 0x0000000087700000|  0%| F|  |TAMS 0x0000000087600000, 0x0000000087600000| Untracked 
| 119|0x0000000087700000, 0x0000000087700000, 0x0000000087800000|  0%| F|  |TAMS 0x0000000087700000, 0x0000000087700000| Untracked 
| 120|0x0000000087800000, 0x0000000087800000, 0x0000000087900000|  0%| F|  |TAMS 0x0000000087800000, 0x0000000087800000| Untracked 
| 121|0x0000000087900000, 0x0000000087900000, 0x0000000087a00000|  0%| F|  |TAMS 0x0000000087900000, 0x0000000087900000| Untracked 
| 122|0x0000000087a00000, 0x0000000087a00000, 0x0000000087b00000|  0%| F|  |TAMS 0x0000000087a00000, 0x0000000087a00000| Untracked 
| 123|0x0000000087b00000, 0x0000000087b00000, 0x0000000087c00000|  0%| F|  |TAMS 0x0000000087b00000, 0x0000000087b00000| Untracked 
| 124|0x0000000087c00000, 0x0000000087c00000, 0x0000000087d00000|  0%| F|  |TAMS 0x0000000087c00000, 0x0000000087c00000| Untracked 
| 125|0x0000000087d00000, 0x0000000087d00000, 0x0000000087e00000|  0%| F|  |TAMS 0x0000000087d00000, 0x0000000087d00000| Untracked 
| 126|0x0000000087e00000, 0x0000000087e00000, 0x0000000087f00000|  0%| F|  |TAMS 0x0000000087e00000, 0x0000000087e00000| Untracked 
| 127|0x0000000087f00000, 0x0000000087f00000, 0x0000000088000000|  0%| F|  |TAMS 0x0000000087f00000, 0x0000000087f00000| Untracked 
| 128|0x0000000088000000, 0x0000000088000000, 0x0000000088100000|  0%| F|  |TAMS 0x0000000088000000, 0x0000000088000000| Untracked 
| 129|0x0000000088100000, 0x0000000088100000, 0x0000000088200000|  0%| F|  |TAMS 0x0000000088100000, 0x0000000088100000| Untracked 
| 130|0x0000000088200000, 0x0000000088200000, 0x0000000088300000|  0%| F|  |TAMS 0x0000000088200000, 0x0000000088200000| Untracked 
| 131|0x0000000088300000, 0x0000000088300000, 0x0000000088400000|  0%| F|  |TAMS 0x0000000088300000, 0x0000000088300000| Untracked 
| 132|0x0000000088400000, 0x0000000088400000, 0x0000000088500000|  0%| F|  |TAMS 0x0000000088400000, 0x0000000088400000| Untracked 
| 133|0x0000000088500000, 0x0000000088500000, 0x0000000088600000|  0%| F|  |TAMS 0x0000000088500000, 0x0000000088500000| Untracked 
| 134|0x0000000088600000, 0x0000000088600000, 0x0000000088700000|  0%| F|  |TAMS 0x0000000088600000, 0x0000000088600000| Untracked 
| 135|0x0000000088700000, 0x0000000088700000, 0x0000000088800000|  0%| F|  |TAMS 0x0000000088700000, 0x0000000088700000| Untracked 
| 136|0x0000000088800000, 0x0000000088800000, 0x0000000088900000|  0%| F|  |TAMS 0x0000000088800000, 0x0000000088800000| Untracked 
| 137|0x0000000088900000, 0x0000000088900000, 0x0000000088a00000|  0%| F|  |TAMS 0x0000000088900000, 0x0000000088900000| Untracked 
| 138|0x0000000088a00000, 0x0000000088a00000, 0x0000000088b00000|  0%| F|  |TAMS 0x0000000088a00000, 0x0000000088a00000| Untracked 
| 139|0x0000000088b00000, 0x0000000088b00000, 0x0000000088c00000|  0%| F|  |TAMS 0x0000000088b00000, 0x0000000088b00000| Untracked 
| 140|0x0000000088c00000, 0x0000000088c00000, 0x0000000088d00000|  0%| F|  |TAMS 0x0000000088c00000, 0x0000000088c00000| Untracked 
| 141|0x0000000088d00000, 0x0000000088d00000, 0x0000000088e00000|  0%| F|  |TAMS 0x0000000088d00000, 0x0000000088d00000| Untracked 
| 142|0x0000000088e00000, 0x0000000088e00000, 0x0000000088f00000|  0%| F|  |TAMS 0x0000000088e00000, 0x0000000088e00000| Untracked 
| 143|0x0000000088f00000, 0x0000000088f00000, 0x0000000089000000|  0%| F|  |TAMS 0x0000000088f00000, 0x0000000088f00000| Untracked 

Card table byte_map: [0x0000027754390000,0x0000027754790000] _byte_map_base: 0x0000027753f90000

Marking Bits (Prev, Next): (CMBitMap*) 0x0000027740dbd240, (CMBitMap*) 0x0000027740dbd208
 Prev Bits: [0x0000027756b90000, 0x0000027758b90000)
 Next Bits: [0x0000027754b90000, 0x0000027756b90000)

Polling page: 0x000002773ec20000

Metaspace:

Usage:
  Non-class:     55.13 MB capacity,    54.12 MB ( 98%) used,   892.38 KB (  2%) free+waste,   142.31 KB ( <1%) overhead. 
      Class:      8.58 MB capacity,     8.06 MB ( 94%) used,   457.24 KB (  5%) free+waste,    66.75 KB ( <1%) overhead. 
       Both:     63.71 MB capacity,    62.18 MB ( 98%) used,     1.32 MB (  2%) free+waste,   209.06 KB ( <1%) overhead. 

Virtual space:
  Non-class space:       56.00 MB reserved,      55.20 MB ( 99%) committed 
      Class space:        1.00 GB reserved,       8.63 MB ( <1%) committed 
             Both:        1.05 GB reserved,      63.83 MB (  6%) committed 

Chunk freelists:
   Non-Class:  10.00 KB
       Class:  18.00 KB
        Both:  28.00 KB

MaxMetaspaceSize: 17179869184.00 GB
CompressedClassSpaceSize: 1.00 GB

CodeHeap 'non-profiled nmethods': size=119168Kb used=3545Kb max_used=3545Kb free=115622Kb
 bounds [0x000002774c2a0000, 0x000002774c620000, 0x0000027753700000]
CodeHeap 'profiled nmethods': size=119168Kb used=13114Kb max_used=13114Kb free=106053Kb
 bounds [0x0000027744e40000, 0x0000027745b20000, 0x000002774c2a0000]
CodeHeap 'non-nmethods': size=7424Kb used=3925Kb max_used=3978Kb free=3498Kb
 bounds [0x0000027744700000, 0x0000027744af0000, 0x0000027744e40000]
 total_blobs=6895 nmethods=6076 adapters=725
 compilation: enabled
              stopped_count=0, restarted_count=0
 full_count=0

Compilation events (20 events):
Event: 6.749 Thread 0x000002775bb74800 nmethod 6320 0x0000027745b0a510 code [0x0000027745b0a740, 0x0000027745b0aec8]
Event: 6.749 Thread 0x000002775f198800 6325       4       org.gradle.internal.logging.events.ProgressCompleteEvent::getLogLevel (4 bytes)
Event: 6.750 Thread 0x000002775bb79800 6326       3       org.gradle.internal.operations.DefaultBuildOperationExecutor::call (19 bytes)
Event: 6.750 Thread 0x000002775bb74800 6327       3       org.gradle.internal.operations.DefaultBuildOperationExecutor$$Lambda$140/0x000000010033e040::get$Lambda (10 bytes)
Event: 6.750 Thread 0x000002775f195000 nmethod 6317 0x000002774c615910 code [0x000002774c615ac0, 0x000002774c615f58]
Event: 6.750 Thread 0x000002775bb75800 nmethod 6324 0x0000027745b0b110 code [0x0000027745b0b320, 0x0000027745b0ba48]
Event: 6.750 Thread 0x000002775f198800 nmethod 6325 0x000002774c616290 code [0x000002774c616420, 0x000002774c616498]
Event: 6.750 Thread 0x000002775bb75800 6328       3       org.gradle.internal.operations.DefaultBuildOperationExecutor$$Lambda$140/0x000000010033e040::<init> (15 bytes)
Event: 6.750 Thread 0x000002775bb74800 nmethod 6327 0x0000027745b0bc90 code [0x0000027745b0be60, 0x0000027745b0c118]
Event: 6.750 Thread 0x000002775bb74800 6329   !   3       org.gradle.internal.operations.UnmanagedBuildOperationWrapper::callWithUnmanagedSupport (33 bytes)
Event: 6.750 Thread 0x000002775bb75800 nmethod 6328 0x0000027745b0c210 code [0x0000027745b0c3c0, 0x0000027745b0c5d8]
Event: 6.750 Thread 0x000002775bb75800 6330       3       org.gradle.internal.operations.DefaultBuildOperationExecutor$$Lambda$140/0x000000010033e040::apply (16 bytes)
Event: 6.750 Thread 0x000002775bb77000 nmethod 6323 0x0000027745b0c690 code [0x0000027745b0c9a0, 0x0000027745b0de48]
Event: 6.750 Thread 0x000002775bb74800 nmethod 6329 0x0000027745b0e390 code [0x0000027745b0e580, 0x0000027745b0e838]
Event: 6.750 Thread 0x000002775bb74800 6331       3       org.gradle.internal.operations.DefaultBuildOperationExecutor::lambda$call$2 (11 bytes)
Event: 6.750 Thread 0x000002775bb75800 nmethod 6330 0x0000027745b0ea10 code [0x0000027745b0ebe0, 0x0000027745b0ef08]
Event: 6.750 Thread 0x000002775bb77000 6332       3       org.gradle.api.internal.provider.Collectors$ElementFromProvider::<init> (10 bytes)
Event: 6.750 Thread 0x000002775bb74800 nmethod 6331 0x0000027745b0f090 code [0x0000027745b0f240, 0x0000027745b0f408]
Event: 6.750 Thread 0x000002775bb77000 nmethod 6332 0x0000027745b0f510 code [0x0000027745b0f6c0, 0x0000027745b0f878]
Event: 6.751 Thread 0x000002775bb79800 nmethod 6326 0x0000027745b0f910 code [0x0000027745b0fba0, 0x0000027745b10848]

GC Heap History (20 events):
Event: 0.544 GC heap after
{Heap after GC invocations=1 (full 0):
 garbage-first heap   total 122880K, used 8390K [0x0000000080000000, 0x0000000100000000)
  region size 1024K, 3 young (3072K), 3 survivors (3072K)
 Metaspace       used 10506K, capacity 10783K, committed 11008K, reserved 1058816K
  class space    used 1098K, capacity 1193K, committed 1280K, reserved 1048576K
}
Event: 1.730 GC heap before
{Heap before GC invocations=1 (full 0):
 garbage-first heap   total 122880K, used 78022K [0x0000000080000000, 0x0000000100000000)
  region size 1024K, 72 young (73728K), 3 survivors (3072K)
 Metaspace       used 18390K, capacity 18808K, committed 19072K, reserved 1067008K
  class space    used 2191K, capacity 2328K, committed 2432K, reserved 1048576K
}
Event: 1.738 GC heap after
{Heap after GC invocations=2 (full 0):
 garbage-first heap   total 122880K, used 15591K [0x0000000080000000, 0x0000000100000000)
  region size 1024K, 9 young (9216K), 9 survivors (9216K)
 Metaspace       used 18390K, capacity 18808K, committed 19072K, reserved 1067008K
  class space    used 2191K, capacity 2328K, committed 2432K, reserved 1048576K
}
Event: 1.887 GC heap before
{Heap before GC invocations=2 (full 0):
 garbage-first heap   total 122880K, used 30951K [0x0000000080000000, 0x0000000100000000)
  region size 1024K, 26 young (26624K), 9 survivors (9216K)
 Metaspace       used 20661K, capacity 21191K, committed 21296K, reserved 1069056K
  class space    used 2518K, capacity 2680K, committed 2688K, reserved 1048576K
}
Event: 1.895 GC heap after
{Heap after GC invocations=3 (full 0):
 garbage-first heap   total 122880K, used 16677K [0x0000000080000000, 0x0000000100000000)
  region size 1024K, 1 young (1024K), 1 survivors (1024K)
 Metaspace       used 20661K, capacity 21191K, committed 21296K, reserved 1069056K
  class space    used 2518K, capacity 2680K, committed 2688K, reserved 1048576K
}
Event: 2.321 GC heap before
{Heap before GC invocations=4 (full 0):
 garbage-first heap   total 122880K, used 59685K [0x0000000080000000, 0x0000000100000000)
  region size 1024K, 44 young (45056K), 1 survivors (1024K)
 Metaspace       used 25663K, capacity 26341K, committed 26368K, reserved 1073152K
  class space    used 3331K, capacity 3570K, committed 3584K, reserved 1048576K
}
Event: 2.324 GC heap after
{Heap after GC invocations=5 (full 0):
 garbage-first heap   total 122880K, used 18260K [0x0000000080000000, 0x0000000100000000)
  region size 1024K, 3 young (3072K), 3 survivors (3072K)
 Metaspace       used 25663K, capacity 26341K, committed 26368K, reserved 1073152K
  class space    used 3331K, capacity 3570K, committed 3584K, reserved 1048576K
}
Event: 3.008 GC heap before
{Heap before GC invocations=5 (full 0):
 garbage-first heap   total 122880K, used 66388K [0x0000000080000000, 0x0000000100000000)
  region size 1024K, 51 young (52224K), 3 survivors (3072K)
 Metaspace       used 33749K, capacity 34409K, committed 34560K, reserved 1079296K
  class space    used 4359K, capacity 4601K, committed 4608K, reserved 1048576K
}
Event: 3.013 GC heap after
{Heap after GC invocations=6 (full 0):
 garbage-first heap   total 122880K, used 21273K [0x0000000080000000, 0x0000000100000000)
  region size 1024K, 6 young (6144K), 6 survivors (6144K)
 Metaspace       used 33749K, capacity 34409K, committed 34560K, reserved 1079296K
  class space    used 4359K, capacity 4601K, committed 4608K, reserved 1048576K
}
Event: 3.121 GC heap before
{Heap before GC invocations=6 (full 0):
 garbage-first heap   total 122880K, used 28441K [0x0000000080000000, 0x0000000100000000)
  region size 1024K, 14 young (14336K), 6 survivors (6144K)
 Metaspace       used 35130K, capacity 35873K, committed 36048K, reserved 1081344K
  class space    used 4562K, capacity 4856K, committed 4864K, reserved 1048576K
}
Event: 3.128 GC heap after
{Heap after GC invocations=7 (full 0):
 garbage-first heap   total 122880K, used 21862K [0x0000000080000000, 0x0000000100000000)
  region size 1024K, 4 young (4096K), 4 survivors (4096K)
 Metaspace       used 35130K, capacity 35873K, committed 36048K, reserved 1081344K
  class space    used 4562K, capacity 4856K, committed 4864K, reserved 1048576K
}
Event: 3.714 GC heap before
{Heap before GC invocations=8 (full 0):
 garbage-first heap   total 122880K, used 80230K [0x0000000080000000, 0x0000000100000000)
  region size 1024K, 58 young (59392K), 4 survivors (4096K)
 Metaspace       used 40698K, capacity 41606K, committed 41808K, reserved 1085440K
  class space    used 5191K, capacity 5501K, committed 5504K, reserved 1048576K
}
Event: 3.722 GC heap after
{Heap after GC invocations=9 (full 0):
 garbage-first heap   total 147456K, used 24656K [0x0000000080000000, 0x0000000100000000)
  region size 1024K, 7 young (7168K), 7 survivors (7168K)
 Metaspace       used 40698K, capacity 41606K, committed 41808K, reserved 1085440K
  class space    used 5191K, capacity 5501K, committed 5504K, reserved 1048576K
}
Event: 4.558 GC heap before
{Heap before GC invocations=9 (full 0):
 garbage-first heap   total 147456K, used 93264K [0x0000000080000000, 0x0000000100000000)
  region size 1024K, 74 young (75776K), 7 survivors (7168K)
 Metaspace       used 44627K, capacity 45708K, committed 45776K, reserved 1089536K
  class space    used 5695K, capacity 6082K, committed 6144K, reserved 1048576K
}
Event: 4.565 GC heap after
{Heap after GC invocations=10 (full 0):
 garbage-first heap   total 147456K, used 28147K [0x0000000080000000, 0x0000000100000000)
  region size 1024K, 7 young (7168K), 7 survivors (7168K)
 Metaspace       used 44627K, capacity 45708K, committed 45776K, reserved 1089536K
  class space    used 5695K, capacity 6082K, committed 6144K, reserved 1048576K
}
Event: 5.281 GC heap before
{Heap before GC invocations=10 (full 0):
 garbage-first heap   total 147456K, used 100851K [0x0000000080000000, 0x0000000100000000)
  region size 1024K, 76 young (77824K), 7 survivors (7168K)
 Metaspace       used 53189K, capacity 54493K, committed 54608K, reserved 1097728K
  class space    used 6736K, capacity 7181K, committed 7296K, reserved 1048576K
}
Event: 5.294 GC heap after
{Heap after GC invocations=11 (full 0):
 garbage-first heap   total 147456K, used 38910K [0x0000000080000000, 0x0000000100000000)
  region size 1024K, 10 young (10240K), 10 survivors (10240K)
 Metaspace       used 53189K, capacity 54493K, committed 54608K, reserved 1097728K
  class space    used 6736K, capacity 7181K, committed 7296K, reserved 1048576K
}
Event: 6.002 GC heap before
{Heap before GC invocations=11 (full 0):
 garbage-first heap   total 147456K, used 86014K [0x0000000080000000, 0x0000000100000000)
  region size 1024K, 56 young (57344K), 10 survivors (10240K)
 Metaspace       used 58607K, capacity 60063K, committed 60240K, reserved 1101824K
  class space    used 7423K, capacity 7940K, committed 8064K, reserved 1048576K
}
Event: 6.019 GC heap after
{Heap after GC invocations=12 (full 0):
 garbage-first heap   total 147456K, used 43557K [0x0000000080000000, 0x0000000100000000)
  region size 1024K, 5 young (5120K), 5 survivors (5120K)
 Metaspace       used 58607K, capacity 60063K, committed 60240K, reserved 1101824K
  class space    used 7423K, capacity 7940K, committed 8064K, reserved 1048576K
}
Event: 6.753 GC heap before
{Heap before GC invocations=13 (full 0):
 garbage-first heap   total 147456K, used 101925K [0x0000000080000000, 0x0000000100000000)
  region size 1024K, 62 young (63488K), 5 survivors (5120K)
 Metaspace       used 63677K, capacity 65236K, committed 65360K, reserved 1105920K
  class space    used 8258K, capacity 8782K, committed 8832K, reserved 1048576K
}

Deoptimization events (20 events):
Event: 6.249 Thread 0x000002775da76000 Uncommon trap: trap_request=0xfffffff4 fr.pc=0x000002774c5ce3f4 relative=0x0000000000000854
Event: 6.249 Thread 0x000002775da76000 Uncommon trap: reason=null_check action=make_not_entrant pc=0x000002774c5ce3f4 method=com.sun.beans.introspect.MethodInfo$MethodOrder.compare(Ljava/lang/reflect/Method;Ljava/lang/reflect/Method;)I @ 133 c2
Event: 6.249 Thread 0x000002775da76000 DEOPT PACKING pc=0x000002774c5ce3f4 sp=0x000000e9589f45b0
Event: 6.249 Thread 0x000002775da76000 DEOPT UNPACKING pc=0x00000277447274af sp=0x000000e9589f44e0 mode 2
Event: 6.293 Thread 0x000002775da76000 Uncommon trap: trap_request=0xffffff4d fr.pc=0x000002774c3db844 relative=0x0000000000000964
Event: 6.293 Thread 0x000002775da76000 Uncommon trap: reason=unstable_if action=reinterpret pc=0x000002774c3db844 method=java.util.WeakHashMap.eq(Ljava/lang/Object;Ljava/lang/Object;)Z @ 2 c2
Event: 6.293 Thread 0x000002775da76000 DEOPT PACKING pc=0x000002774c3db844 sp=0x000000e9589f4580
Event: 6.293 Thread 0x000002775da76000 DEOPT UNPACKING pc=0x00000277447274af sp=0x000000e9589f44f0 mode 2
Event: 6.303 Thread 0x000002775da76000 Uncommon trap: trap_request=0xfffffff4 fr.pc=0x000002774c5d10fc relative=0x000000000000083c
Event: 6.303 Thread 0x000002775da76000 Uncommon trap: reason=null_check action=make_not_entrant pc=0x000002774c5d10fc method=com.sun.beans.introspect.MethodInfo$MethodOrder.compare(Ljava/lang/reflect/Method;Ljava/lang/reflect/Method;)I @ 145 c2
Event: 6.303 Thread 0x000002775da76000 DEOPT PACKING pc=0x000002774c5d10fc sp=0x000000e9589f32a0
Event: 6.303 Thread 0x000002775da76000 DEOPT UNPACKING pc=0x00000277447274af sp=0x000000e9589f31d0 mode 2
Event: 6.303 Thread 0x000002775da76000 Uncommon trap: trap_request=0xfffffff4 fr.pc=0x000002774c5d248c relative=0x000000000000096c
Event: 6.303 Thread 0x000002775da76000 Uncommon trap: reason=null_check action=make_not_entrant pc=0x000002774c5d248c method=com.sun.beans.introspect.MethodInfo$MethodOrder.compare(Ljava/lang/reflect/Method;Ljava/lang/reflect/Method;)I @ 145 c2
Event: 6.303 Thread 0x000002775da76000 DEOPT PACKING pc=0x000002774c5d248c sp=0x000000e9589f3200
Event: 6.303 Thread 0x000002775da76000 DEOPT UNPACKING pc=0x00000277447274af sp=0x000000e9589f31b8 mode 2
Event: 6.709 Thread 0x000002775da76000 Uncommon trap: trap_request=0xffffffdc fr.pc=0x000002774c614468 relative=0x00000000000002a8
Event: 6.709 Thread 0x000002775da76000 Uncommon trap: reason=class_check action=make_not_entrant pc=0x000002774c614468 method=java.util.ArrayList.toArray([Ljava/lang/Object;)[Ljava/lang/Object; @ 21 c2
Event: 6.709 Thread 0x000002775da76000 DEOPT PACKING pc=0x000002774c614468 sp=0x000000e9589f9b60
Event: 6.709 Thread 0x000002775da76000 DEOPT UNPACKING pc=0x00000277447274af sp=0x000000e9589f9b30 mode 2

Classes redefined (0 events):
No events

Internal exceptions (20 events):
Event: 6.293 Thread 0x000002775da76000 Exception <a 'java/lang/ClassNotFoundException'{0x0000000087ad3720}: org/gradle/api/internal/FactoryNamedDomainObjectContainerCustomizer> (0x0000000087ad3720) thrown at [./src/hotspot/share/classfile/systemDictionary.cpp, line 231]
Event: 6.294 Thread 0x000002775da76000 Exception <a 'java/lang/ClassNotFoundException'{0x000000008790a4f0}: org/gradle/api/internal/FactoryNamedDomainObjectContainer_DecoratedCustomizer> (0x000000008790a4f0) thrown at [./src/hotspot/share/classfile/systemDictionary.cpp, line 231]
Event: 6.302 Thread 0x000002775da76000 Exception <a 'java/lang/ClassNotFoundException'{0x00000000878707c8}: com/android/build/gradle/internal/dsl/BuildType_DecoratedBeanInfo> (0x00000000878707c8) thrown at [./src/hotspot/share/classfile/systemDictionary.cpp, line 231]
Event: 6.302 Thread 0x000002775da76000 Exception <a 'java/lang/ClassNotFoundException'{0x00000000878869f0}: com/android/build/gradle/internal/dsl/BuildTypeBeanInfo> (0x00000000878869f0) thrown at [./src/hotspot/share/classfile/systemDictionary.cpp, line 231]
Event: 6.302 Thread 0x000002775da76000 Exception <a 'java/lang/ClassNotFoundException'{0x000000008789c0c0}: com/android/builder/core/AbstractBuildTypeBeanInfo> (0x000000008789c0c0) thrown at [./src/hotspot/share/classfile/systemDictionary.cpp, line 231]
Event: 6.302 Thread 0x000002775da76000 Exception <a 'java/lang/ClassNotFoundException'{0x00000000878b1d90}: com/android/builder/core/AbstractBuildTypeCustomizer> (0x00000000878b1d90) thrown at [./src/hotspot/share/classfile/systemDictionary.cpp, line 231]
Event: 6.305 Thread 0x000002775da76000 Exception <a 'java/lang/ClassNotFoundException'{0x00000000878e42b0}: com/android/build/gradle/internal/dsl/BuildTypeCustomizer> (0x00000000878e42b0) thrown at [./src/hotspot/share/classfile/systemDictionary.cpp, line 231]
Event: 6.308 Thread 0x000002775da76000 Exception <a 'java/lang/ClassNotFoundException'{0x0000000087769848}: com/android/build/gradle/internal/dsl/BuildType_DecoratedCustomizer> (0x0000000087769848) thrown at [./src/hotspot/share/classfile/systemDictionary.cpp, line 231]
Event: 6.313 Thread 0x000002775da76000 Exception <a 'java/lang/ClassNotFoundException'{0x0000000087623fe0}: build_c8j89snrgye5jijbsh4inr2gj$_run_closure1$_closure4BeanInfo> (0x0000000087623fe0) thrown at [./src/hotspot/share/classfile/systemDictionary.cpp, line 231]
Event: 6.313 Thread 0x000002775da76000 Exception <a 'java/lang/ClassNotFoundException'{0x0000000087633548}: build_c8j89snrgye5jijbsh4inr2gj$_run_closure1$_closure4Customizer> (0x0000000087633548) thrown at [./src/hotspot/share/classfile/systemDictionary.cpp, line 231]
Event: 6.316 Thread 0x000002775da76000 Exception <a 'java/lang/ClassNotFoundException'{0x0000000087659d30}: build_c8j89snrgye5jijbsh4inr2gj$_run_closure1BeanInfo> (0x0000000087659d30) thrown at [./src/hotspot/share/classfile/systemDictionary.cpp, line 231]
Event: 6.316 Thread 0x000002775da76000 Exception <a 'java/lang/ClassNotFoundException'{0x0000000087668a90}: build_c8j89snrgye5jijbsh4inr2gj$_run_closure1Customizer> (0x0000000087668a90) thrown at [./src/hotspot/share/classfile/systemDictionary.cpp, line 231]
Event: 6.325 Thread 0x000002775da76000 Exception <a 'java/lang/ClassNotFoundException'{0x00000000876bed80}: org/gradle/api/JavaVersionBeanInfo> (0x00000000876bed80) thrown at [./src/hotspot/share/classfile/systemDictionary.cpp, line 231]
Event: 6.325 Thread 0x000002775da76000 Exception <a 'java/lang/ClassNotFoundException'{0x00000000876c9680}: java/lang/EnumBeanInfo> (0x00000000876c9680) thrown at [./src/hotspot/share/classfile/systemDictionary.cpp, line 231]
Event: 6.325 Thread 0x000002775da76000 Exception <a 'java/lang/ClassNotFoundException'{0x00000000876d3ff0}: java/lang/EnumCustomizer> (0x00000000876d3ff0) thrown at [./src/hotspot/share/classfile/systemDictionary.cpp, line 231]
Event: 6.326 Thread 0x000002775da76000 Exception <a 'java/lang/ClassNotFoundException'{0x00000000876fdcb8}: org/gradle/api/JavaVersionCustomizer> (0x00000000876fdcb8) thrown at [./src/hotspot/share/classfile/systemDictionary.cpp, line 231]
Event: 6.330 Thread 0x000002775da76000 Exception <a 'java/lang/ClassNotFoundException'{0x000000008754b878}: com/android/build/gradle/internal/CompileOptions_DecoratedBeanInfo> (0x000000008754b878) thrown at [./src/hotspot/share/classfile/systemDictionary.cpp, line 231]
Event: 6.330 Thread 0x000002775da76000 Exception <a 'java/lang/ClassNotFoundException'{0x00000000875605d0}: com/android/build/gradle/internal/CompileOptionsBeanInfo> (0x00000000875605d0) thrown at [./src/hotspot/share/classfile/systemDictionary.cpp, line 231]
Event: 6.330 Thread 0x000002775da76000 Exception <a 'java/lang/ClassNotFoundException'{0x0000000087575968}: com/android/build/gradle/internal/CompileOptionsCustomizer> (0x0000000087575968) thrown at [./src/hotspot/share/classfile/systemDictionary.cpp, line 231]
Event: 6.331 Thread 0x000002775da76000 Exception <a 'java/lang/ClassNotFoundException'{0x0000000087597570}: com/android/build/gradle/internal/CompileOptions_DecoratedCustomizer> (0x0000000087597570) thrown at [./src/hotspot/share/classfile/systemDictionary.cpp, line 231]

Events (20 events):
Event: 6.746 loading class com/android/build/gradle/tasks/factory/AndroidUnitTest done
Event: 6.746 Executing VM operation: Deoptimize
Event: 6.747 Executing VM operation: Deoptimize done
Event: 6.748 loading class com/android/build/gradle/internal/TaskManager$createRunUnitTestTask$1
Event: 6.748 loading class com/android/build/gradle/internal/TaskManager$createRunUnitTestTask$1 done
Event: 6.748 loading class com/android/build/gradle/internal/TaskManager$createUnitTestVariantTasks$2
Event: 6.748 loading class com/android/build/gradle/internal/TaskManager$createUnitTestVariantTasks$2 done
Event: 6.750 loading class com/android/build/gradle/internal/lint/LintModelModuleWriterTask$CreationAction
Event: 6.750 loading class com/android/build/gradle/internal/lint/LintModelModuleWriterTask$CreationAction done
Event: 6.751 loading class com/android/build/gradle/internal/lint/LintModelModuleWriterTask
Event: 6.751 loading class com/android/build/gradle/internal/lint/LintModelModuleWriterTask done
Event: 6.752 loading class com/android/build/gradle/internal/lint/LintModelModuleWriterTask$CreationAction$handleProvider$1
Event: 6.752 loading class com/android/build/gradle/internal/lint/LintModelModuleWriterTask$CreationAction$handleProvider$1 done
Event: 6.752 loading class com/android/build/gradle/internal/tasks/DependencyReportTask
Event: 6.752 loading class com/android/build/gradle/internal/tasks/DependencyReportTask done
Event: 6.752 loading class com/android/build/gradle/internal/TaskManager$createReportTasks$1
Event: 6.752 loading class com/android/build/gradle/internal/TaskManager$createReportTasks$1 done
Event: 6.753 loading class com/android/build/gradle/internal/TaskManager$createReportTasks$signingReportComponents$1
Event: 6.753 loading class com/android/build/gradle/internal/TaskManager$createReportTasks$signingReportComponents$1 done
Event: 6.753 Executing VM operation: G1CollectForAllocation


Dynamic libraries:
0x00007ff66f6b0000 - 0x00007ff66f6ba000 	B:\programs\Android studio\jre\bin\java.exe
0x00007ff8c2910000 - 0x00007ff8c2b05000 	C:\Windows\SYSTEM32\ntdll.dll
0x00007ff8c15b0000 - 0x00007ff8c166e000 	C:\Windows\System32\KERNEL32.DLL
0x00007ff8c0030000 - 0x00007ff8c02f8000 	C:\Windows\System32\KERNELBASE.dll
0x00007ff8b0d70000 - 0x00007ff8b0d89000 	B:\programs\Android studio\jre\bin\jli.dll
0x00007ff8c0470000 - 0x00007ff8c0570000 	C:\Windows\System32\ucrtbase.dll
0x00007ff8b0d90000 - 0x00007ff8b0da7000 	B:\programs\Android studio\jre\bin\VCRUNTIME140.dll
0x00007ff8ae680000 - 0x00007ff8ae91a000 	C:\Windows\WinSxS\amd64_microsoft.windows.common-controls_6595b64144ccf1df_6.0.19041.1110_none_60b5254171f9507e\COMCTL32.dll
0x00007ff8c23f0000 - 0x00007ff8c2590000 	C:\Windows\System32\USER32.dll
0x00007ff8c0940000 - 0x00007ff8c0962000 	C:\Windows\System32\win32u.dll
0x00007ff8c20e0000 - 0x00007ff8c217e000 	C:\Windows\System32\msvcrt.dll
0x00007ff8c2840000 - 0x00007ff8c286b000 	C:\Windows\System32\GDI32.dll
0x00007ff8c05c0000 - 0x00007ff8c06cb000 	C:\Windows\System32\gdi32full.dll
0x00007ff8c06d0000 - 0x00007ff8c076d000 	C:\Windows\System32\msvcp_win.dll
0x00007ff8c1450000 - 0x00007ff8c1480000 	C:\Windows\System32\IMM32.DLL
0x00007ff898160000 - 0x00007ff8981fd000 	B:\programs\Android studio\jre\bin\msvcp140.dll
0x00007ff889dd0000 - 0x00007ff88a88c000 	B:\programs\Android studio\jre\bin\server\jvm.dll
0x00007ff8c2590000 - 0x00007ff8c263e000 	C:\Windows\System32\ADVAPI32.dll
0x00007ff8c1670000 - 0x00007ff8c170c000 	C:\Windows\System32\sechost.dll
0x00007ff8c1480000 - 0x00007ff8c15a5000 	C:\Windows\System32\RPCRT4.dll
0x00007ff8c2180000 - 0x00007ff8c2188000 	C:\Windows\System32\PSAPI.DLL
0x00007ff8b9590000 - 0x00007ff8b95b7000 	C:\Windows\SYSTEM32\WINMM.dll
0x00007ff8b9ba0000 - 0x00007ff8b9baa000 	C:\Windows\SYSTEM32\VERSION.dll
0x00007ff8aa4f0000 - 0x00007ff8aa4f9000 	C:\Windows\SYSTEM32\WSOCK32.dll
0x00007ff8c1710000 - 0x00007ff8c177b000 	C:\Windows\System32\WS2_32.dll
0x00007ff8be100000 - 0x00007ff8be112000 	C:\Windows\SYSTEM32\kernel.appcore.dll
0x00007ff88ae00000 - 0x00007ff88ae11000 	B:\programs\Android studio\jre\bin\verify.dll
0x00007ff8bdcb0000 - 0x00007ff8bde94000 	C:\Windows\SYSTEM32\DBGHELP.DLL
0x00007ff8b4310000 - 0x00007ff8b433c000 	C:\Windows\SYSTEM32\dbgcore.DLL
0x00007ff8c03b0000 - 0x00007ff8c0432000 	C:\Windows\System32\bcryptPrimitives.dll
0x00007ff889da0000 - 0x00007ff889dc9000 	B:\programs\Android studio\jre\bin\java.dll
0x00007ff8ac840000 - 0x00007ff8ac84b000 	B:\programs\Android studio\jre\bin\jimage.dll
0x00007ff88ac90000 - 0x00007ff88aca8000 	B:\programs\Android studio\jre\bin\zip.dll
0x00007ff8c0970000 - 0x00007ff8c10b4000 	C:\Windows\System32\SHELL32.dll
0x00007ff8be140000 - 0x00007ff8be8d4000 	C:\Windows\SYSTEM32\windows.storage.dll
0x00007ff8c1d80000 - 0x00007ff8c20d4000 	C:\Windows\System32\combase.dll
0x00007ff8bfa90000 - 0x00007ff8bfabc000 	C:\Windows\SYSTEM32\Wldp.dll
0x00007ff8c2190000 - 0x00007ff8c223d000 	C:\Windows\System32\SHCORE.dll
0x00007ff8c2870000 - 0x00007ff8c28c5000 	C:\Windows\System32\shlwapi.dll
0x00007ff8bff70000 - 0x00007ff8bff8f000 	C:\Windows\SYSTEM32\profapi.dll
0x00007ff889d80000 - 0x00007ff889d9a000 	B:\programs\Android studio\jre\bin\net.dll
0x00007ff8bba00000 - 0x00007ff8bbb09000 	C:\Windows\SYSTEM32\WINHTTP.dll
0x00007ff8bf7f0000 - 0x00007ff8bf85a000 	C:\Windows\system32\mswsock.dll
0x00007ff889d60000 - 0x00007ff889d74000 	B:\programs\Android studio\jre\bin\nio.dll
0x00007ff89a960000 - 0x00007ff89a987000 	C:\Users\Admin\.gradle\native\fdc75f09e3144964f2cf3f50f0aa648679c211496f362492102eb8c894070792\windows-amd64\native-platform.dll
0x00007ff898300000 - 0x00007ff898496000 	C:\Users\Admin\.gradle\native\12488b8bf47d2d4c9fbf2f6322a914ad602e24e48041cd04a747c6da556b65c4\windows-amd64\native-platform-file-events.dll
0x00007ff8ac7d0000 - 0x00007ff8ac7da000 	B:\programs\Android studio\jre\bin\management.dll
0x00007ff8ab7a0000 - 0x00007ff8ab7ac000 	B:\programs\Android studio\jre\bin\management_ext.dll
0x00007ff8bf9e0000 - 0x00007ff8bf9f8000 	C:\Windows\SYSTEM32\CRYPTSP.dll
0x00007ff8bf100000 - 0x00007ff8bf134000 	C:\Windows\system32\rsaenh.dll
0x00007ff8c0440000 - 0x00007ff8c0467000 	C:\Windows\System32\bcrypt.dll
0x00007ff8bfef0000 - 0x00007ff8bff1e000 	C:\Windows\SYSTEM32\USERENV.dll
0x00007ff8bfa00000 - 0x00007ff8bfa0c000 	C:\Windows\SYSTEM32\CRYPTBASE.dll
0x00007ff8bf490000 - 0x00007ff8bf4cb000 	C:\Windows\SYSTEM32\IPHLPAPI.DLL
0x00007ff8c1300000 - 0x00007ff8c1308000 	C:\Windows\System32\NSI.dll
0x00007ff8ba850000 - 0x00007ff8ba867000 	C:\Windows\SYSTEM32\dhcpcsvc6.DLL
0x00007ff8ba830000 - 0x00007ff8ba84d000 	C:\Windows\SYSTEM32\dhcpcsvc.DLL
0x00007ff8bf4d0000 - 0x00007ff8bf59a000 	C:\Windows\SYSTEM32\DNSAPI.dll
0x00007ff8bb9f0000 - 0x00007ff8bb9fb000 	C:\Windows\SYSTEM32\WINNSI.DLL

dbghelp: loaded successfully - version: 4.0.5 - missing functions: none
symbol engine: initialized successfully - sym options: 0x614 - pdb path: .;B:\programs\Android studio\jre\bin;C:\Windows\SYSTEM32;C:\Windows\WinSxS\amd64_microsoft.windows.common-controls_6595b64144ccf1df_6.0.19041.1110_none_60b5254171f9507e;B:\programs\Android studio\jre\bin\server;C:\Users\Admin\.gradle\native\fdc75f09e3144964f2cf3f50f0aa648679c211496f362492102eb8c894070792\windows-amd64;C:\Users\Admin\.gradle\native\12488b8bf47d2d4c9fbf2f6322a914ad602e24e48041cd04a747c6da556b65c4\windows-amd64

VM Arguments:
jvm_args: --add-opens=java.base/java.util=ALL-UNNAMED --add-opens=java.base/java.lang=ALL-UNNAMED --add-opens=java.base/java.lang.invoke=ALL-UNNAMED --add-opens=java.prefs/java.util.prefs=ALL-UNNAMED -Xmx2048m -Dfile.encoding=UTF-8 -Duser.country=UA -Duser.language=uk -Duser.variant 
java_command: org.gradle.launcher.daemon.bootstrap.GradleDaemon 6.7.1
java_class_path (initial): C:\Users\Admin\.gradle\wrapper\dists\gradle-6.7.1-bin\bwlcbys1h7rz3272sye1xwiv6\gradle-6.7.1\lib\gradle-launcher-6.7.1.jar
Launcher Type: SUN_STANDARD

[Global flags]
     intx CICompilerCount                          = 12                                        {product} {ergonomic}
     uint ConcGCThreads                            = 3                                         {product} {ergonomic}
     uint G1ConcRefinementThreads                  = 13                                        {product} {ergonomic}
   size_t G1HeapRegionSize                         = 1048576                                   {product} {ergonomic}
    uintx GCDrainStackTargetSize                   = 64                                        {product} {ergonomic}
   size_t InitialHeapSize                          = 125829120                                 {product} {ergonomic}
   size_t MarkStackSize                            = 4194304                                   {product} {ergonomic}
   size_t MaxHeapSize                              = 2147483648                                {product} {command line}
   size_t MaxNewSize                               = 1287651328                                {product} {ergonomic}
   size_t MinHeapDeltaBytes                        = 1048576                                   {product} {ergonomic}
    uintx NonNMethodCodeHeapSize                   = 7594288                                {pd product} {ergonomic}
    uintx NonProfiledCodeHeapSize                  = 122031976                              {pd product} {ergonomic}
    uintx ProfiledCodeHeapSize                     = 122031976                              {pd product} {ergonomic}
    uintx ReservedCodeCacheSize                    = 251658240                              {pd product} {ergonomic}
     bool SegmentedCodeCache                       = true                                      {product} {ergonomic}
     bool UseCompressedClassPointers               = true                                 {lp64_product} {ergonomic}
     bool UseCompressedOops                        = true                                 {lp64_product} {ergonomic}
     bool UseG1GC                                  = true                                      {product} {ergonomic}
     bool UseLargePagesIndividualAllocation        = false                                  {pd product} {ergonomic}

Logging:
Log output configuration:
 #0: stdout all=warning uptime,level,tags
 #1: stderr all=off uptime,level,tags

Environment Variables:
PATH=C:\Program Files (x86)\Common Files\Intel\Shared Libraries\redist\intel64\compiler;C:\ProgramData\Oracle\Java\javapath;C:\Windows\system32;C:\Windows;C:\Windows\System32\Wbem;C:\Windows\System32\WindowsPowerShell\v1.0\;C:\Windows\System32\OpenSSH\;C:\Program Files (x86)\NVIDIA Corporation\PhysX\Common;C:\Program Files\NVIDIA Corporation\NVIDIA NvDLISR;B:\programs\Git\Git\cmd;C:\Users\Admin\AppData\Local\Microsoft\WindowsApps;C:\Users\Admin\AppData\Local\GitHubDesktop\bin
USERNAME=Admin
OS=Windows_NT
PROCESSOR_IDENTIFIER=AMD64 Family 23 Model 96 Stepping 1, AuthenticAMD



---------------  S Y S T E M  ---------------

OS: Windows 10 , 64 bit Build 19041 (10.0.19041.1566)
OS uptime: 0 days 10:59 hours

CPU:total 16 (initial active 16) (16 cores per cpu, 2 threads per core) family 23 model 96 stepping 1, cmov, cx8, fxsr, mmx, sse, sse2, sse3, ssse3, sse4.1, sse4.2, popcnt, avx, avx2, aes, clmul, mmxext, 3dnowpref, lzcnt, sse4a, ht, tsc, tscinvbit, tscinv, bmi1, bmi2, adx, sha, fma

Memory: 4k page, system-wide physical 7600M (1134M free)
TotalPageFile size 10668M (AvailPageFile size 17M)
current process WorkingSet (physical memory assigned to process): 364M, peak: 367M
current process commit charge ("private bytes"): 418M, peak: 447M

vm_info: OpenJDK 64-Bit Server VM (11.0.8+10-b944.6842174) for windows-amd64 JRE (11.0.8+10-b944.6842174), built on Sep 19 2020 01:11:42 by "builder" with MS VC++ 14.0 (VS2015)

END.
