#
# There is insufficient memory for the Java Runtime Environment to continue.
# Native memory allocation (malloc) failed to allocate 636336 bytes for Chunk::new
# Possible reasons:
#   The system is out of physical RAM or swap space
#   The process is running with CompressedOops enabled, and the Java Heap may be blocking the growth of the native heap
# Possible solutions:
#   Reduce memory load on the system
#   Increase physical memory or swap space
#   Check if swap backing store is full
#   Decrease Java heap size (-Xmx/-Xms)
#   Decrease number of Java threads
#   Decrease Java thread stack sizes (-Xss)
#   Set larger code cache with -XX:ReservedCodeCacheSize=
#   JVM is running with Unscaled Compressed Oops mode in which the Java heap is
#     placed in the first 4GB address space. The Java Heap base address is the
#     maximum limit for the native heap growth. Please use -XX:HeapBaseMinAddress
#     to set the Java Heap base and to place the Java Heap above 4GB virtual address.
# This output file may be truncated or incomplete.
#
#  Out of Memory Error (./src/hotspot/share/memory/arena.cpp:197), pid=2380, tid=5416
#
# JRE version: OpenJDK Runtime Environment (11.0.8+10) (build 11.0.8+10-b944.6842174)
# Java VM: OpenJDK 64-Bit Server VM (11.0.8+10-b944.6842174, mixed mode, tiered, compressed oops, g1 gc, windows-amd64)
# No core dump will be written. Minidumps are not enabled by default on client versions of Windows
#

---------------  S U M M A R Y ------------

Command Line: --add-opens=java.base/java.util=ALL-UNNAMED --add-opens=java.base/java.lang=ALL-UNNAMED --add-opens=java.base/java.lang.invoke=ALL-UNNAMED --add-opens=java.prefs/java.util.prefs=ALL-UNNAMED -Xmx2048m -Dfile.encoding=UTF-8 -Duser.country=UA -Duser.language=uk -Duser.variant org.gradle.launcher.daemon.bootstrap.GradleDaemon 6.7.1

Host: AMD Ryzen 7 4800H with Radeon Graphics         , 16 cores, 7G,  Windows 10 , 64 bit Build 19041 (10.0.19041.1566)
Time: Thu Mar 31 11:01:17 2022 Ô³íëÿíä³ÿ (ë³òî) elapsed time: 2 seconds (0d 0h 0m 2s)

---------------  T H R E A D  ---------------

Current thread (0x0000028d64a8c800):  JavaThread "C2 CompilerThread2" daemon [_thread_in_native, id=5416, stack(0x000000a623f00000,0x000000a624000000)]


Current CompileTask:
C2:   2825 2519   !   4       java.net.URL::<init> (543 bytes)

Stack: [0x000000a623f00000,0x000000a624000000]
Native frames: (J=compiled Java code, j=interpreted, Vv=VM code, C=native code)
V  [jvm.dll+0x5de50a]
V  [jvm.dll+0x7122f5]
V  [jvm.dll+0x71384d]
V  [jvm.dll+0x713f03]
V  [jvm.dll+0x23e728]
V  [jvm.dll+0xb899c]
V  [jvm.dll+0xb8e9c]
V  [jvm.dll+0x2b20e4]
V  [jvm.dll+0x502098]
V  [jvm.dll+0x1ff393]
V  [jvm.dll+0x1f917c]
V  [jvm.dll+0x1f685f]
V  [jvm.dll+0x17f32c]
V  [jvm.dll+0x205047]
V  [jvm.dll+0x203891]
V  [jvm.dll+0x6dad3f]
V  [jvm.dll+0x6d3895]
V  [jvm.dll+0x5dd4a6]
C  [ucrtbase.dll+0x21bb2]
C  [KERNEL32.DLL+0x17034]
C  [ntdll.dll+0x52651]


---------------  P R O C E S S  ---------------

Threads class SMR info:
_java_thread_list=0x0000028d65c06360, length=33, elements={
0x0000028d4498d000, 0x0000028d61736800, 0x0000028d61742000, 0x0000028d620c9800,
0x0000028d620cb800, 0x0000028d620ce800, 0x0000028d620d0800, 0x0000028d620d1800,
0x0000028d62205800, 0x0000028d6221a000, 0x0000028d6227b000, 0x0000028d62c7e800,
0x0000028d638df800, 0x0000028d6442b800, 0x0000028d62288800, 0x0000028d64d3b000,
0x0000028d63a8b800, 0x0000028d6461b800, 0x0000028d63609000, 0x0000028d644a4000,
0x0000028d63dfe000, 0x0000028d639a6000, 0x0000028d635af800, 0x0000028d636cc000,
0x0000028d6415f000, 0x0000028d64160000, 0x0000028d64161000, 0x0000028d64161800,
0x0000028d64a8c800, 0x0000028d65471000, 0x0000028d65472000, 0x0000028d6546f800,
0x0000028d6546c000
}

Java Threads: ( => current thread )
  0x0000028d4498d000 JavaThread "main" [_thread_blocked, id=2264, stack(0x000000a620b00000,0x000000a620c00000)]
  0x0000028d61736800 JavaThread "Reference Handler" daemon [_thread_blocked, id=10724, stack(0x000000a621200000,0x000000a621300000)]
  0x0000028d61742000 JavaThread "Finalizer" daemon [_thread_blocked, id=2712, stack(0x000000a621300000,0x000000a621400000)]
  0x0000028d620c9800 JavaThread "Signal Dispatcher" daemon [_thread_blocked, id=15784, stack(0x000000a621400000,0x000000a621500000)]
  0x0000028d620cb800 JavaThread "Attach Listener" daemon [_thread_blocked, id=2104, stack(0x000000a621500000,0x000000a621600000)]
  0x0000028d620ce800 JavaThread "C2 CompilerThread0" daemon [_thread_in_native, id=14844, stack(0x000000a621600000,0x000000a621700000)]
  0x0000028d620d0800 JavaThread "C1 CompilerThread0" daemon [_thread_blocked, id=2760, stack(0x000000a621700000,0x000000a621800000)]
  0x0000028d620d1800 JavaThread "Sweeper thread" daemon [_thread_blocked, id=15300, stack(0x000000a621800000,0x000000a621900000)]
  0x0000028d62205800 JavaThread "C1 CompilerThread1" daemon [_thread_blocked, id=9572, stack(0x000000a621900000,0x000000a621a00000)]
  0x0000028d6221a000 JavaThread "Common-Cleaner" daemon [_thread_blocked, id=13380, stack(0x000000a621a00000,0x000000a621b00000)]
  0x0000028d6227b000 JavaThread "Service Thread" daemon [_thread_blocked, id=8424, stack(0x000000a621b00000,0x000000a621c00000)]
  0x0000028d62c7e800 JavaThread "C1 CompilerThread2" daemon [_thread_blocked, id=16380, stack(0x000000a621e00000,0x000000a621f00000)]
  0x0000028d638df800 JavaThread "C1 CompilerThread3" daemon [_thread_blocked, id=12524, stack(0x000000a622100000,0x000000a622200000)]
  0x0000028d6442b800 JavaThread "Daemon health stats" [_thread_blocked, id=1000, stack(0x000000a622200000,0x000000a622300000)]
  0x0000028d62288800 JavaThread "C2 CompilerThread1" daemon [_thread_in_native, id=8516, stack(0x000000a622300000,0x000000a622400000)]
  0x0000028d64d3b000 JavaThread "Incoming local TCP Connector on port 63387" [_thread_in_native, id=14552, stack(0x000000a622400000,0x000000a622500000)]
  0x0000028d63a8b800 JavaThread "Daemon periodic checks" [_thread_blocked, id=1616, stack(0x000000a622500000,0x000000a622600000)]
  0x0000028d6461b800 JavaThread "Daemon" [_thread_blocked, id=7664, stack(0x000000a622600000,0x000000a622700000)]
  0x0000028d63609000 JavaThread "Handler for socket connection from /127.0.0.1:63387 to /127.0.0.1:63388" [_thread_in_native, id=13916, stack(0x000000a622700000,0x000000a622800000)]
  0x0000028d644a4000 JavaThread "Cancel handler" [_thread_blocked, id=14576, stack(0x000000a622800000,0x000000a622900000)]
  0x0000028d63dfe000 JavaThread "Daemon worker" [_thread_in_native, id=11004, stack(0x000000a622900000,0x000000a622a00000)]
  0x0000028d639a6000 JavaThread "Asynchronous log dispatcher for DefaultDaemonConnection: socket connection from /127.0.0.1:63387 to /127.0.0.1:63388" [_thread_blocked, id=7860, stack(0x000000a622a00000,0x000000a622b00000)]
  0x0000028d635af800 JavaThread "Stdin handler" [_thread_blocked, id=6700, stack(0x000000a622b00000,0x000000a622c00000)]
  0x0000028d636cc000 JavaThread "Thread-8" [_thread_blocked, id=3612, stack(0x000000a622c00000,0x000000a622d00000)]
  0x0000028d6415f000 JavaThread "Cache worker for file hash cache (C:\Users\Admin\.gradle\caches\6.7.1\fileHashes)" [_thread_blocked, id=7776, stack(0x000000a623900000,0x000000a623a00000)]
  0x0000028d64160000 JavaThread "File lock request listener" [_thread_in_native, id=9296, stack(0x000000a623a00000,0x000000a623b00000)]
  0x0000028d64161000 JavaThread "Cache worker for journal cache (C:\Users\Admin\.gradle\caches\journal-1)" [_thread_blocked, id=16120, stack(0x000000a623d00000,0x000000a623e00000)]
  0x0000028d64161800 JavaThread "Cache worker for file hash cache (B:\programs\Java_dev\codes\Alarm\.gradle\6.7.1\fileHashes)" [_thread_blocked, id=6080, stack(0x000000a623e00000,0x000000a623f00000)]
=>0x0000028d64a8c800 JavaThread "C2 CompilerThread2" daemon [_thread_in_native, id=5416, stack(0x000000a623f00000,0x000000a624000000)]
  0x0000028d65471000 JavaThread "Cache worker for checksums cache (B:\programs\Java_dev\codes\Alarm\.gradle\checksums)" [_thread_blocked, id=15532, stack(0x000000a624000000,0x000000a624100000)]
  0x0000028d65472000 JavaThread "Cache worker for cache directory md-supplier (C:\Users\Admin\.gradle\caches\6.7.1\md-supplier)" [_thread_blocked, id=4204, stack(0x000000a624100000,0x000000a624200000)]
  0x0000028d6546f800 JavaThread "Cache worker for cache directory md-rule (C:\Users\Admin\.gradle\caches\6.7.1\md-rule)" [_thread_blocked, id=5988, stack(0x000000a624200000,0x000000a624300000)]
  0x0000028d6546c000 JavaThread "Cache worker for execution history cache (C:\Users\Admin\.gradle\caches\6.7.1\executionHistory)" [_thread_blocked, id=14592, stack(0x000000a624300000,0x000000a624400000)]

Other Threads:
  0x0000028d6172e800 VMThread "VM Thread" [stack: 0x000000a621100000,0x000000a621200000] [id=2976]
  0x0000028d6227f800 WatcherThread [stack: 0x000000a621c00000,0x000000a621d00000] [id=11044]
  0x0000028d449a5000 GCTaskThread "GC Thread#0" [stack: 0x000000a620c00000,0x000000a620d00000] [id=11424]
  0x0000028d632bc800 GCTaskThread "GC Thread#1" [stack: 0x000000a622000000,0x000000a622100000] [id=15808]
  0x0000028d65393000 GCTaskThread "GC Thread#2" [stack: 0x000000a622d00000,0x000000a622e00000] [id=15756]
  0x0000028d64c46800 GCTaskThread "GC Thread#3" [stack: 0x000000a622e00000,0x000000a622f00000] [id=10560]
  0x0000028d63180800 GCTaskThread "GC Thread#4" [stack: 0x000000a622f00000,0x000000a623000000] [id=11912]
  0x0000028d64b47800 GCTaskThread "GC Thread#5" [stack: 0x000000a623000000,0x000000a623100000] [id=2100]
  0x0000028d6328a000 GCTaskThread "GC Thread#6" [stack: 0x000000a623100000,0x000000a623200000] [id=12936]
  0x0000028d63d18800 GCTaskThread "GC Thread#7" [stack: 0x000000a623200000,0x000000a623300000] [id=8460]
  0x0000028d64386800 GCTaskThread "GC Thread#8" [stack: 0x000000a623300000,0x000000a623400000] [id=6264]
  0x0000028d63058800 GCTaskThread "GC Thread#9" [stack: 0x000000a623400000,0x000000a623500000] [id=10784]
  0x0000028d645b6000 GCTaskThread "GC Thread#10" [stack: 0x000000a623500000,0x000000a623600000] [id=10420]
  0x0000028d64260800 GCTaskThread "GC Thread#11" [stack: 0x000000a623600000,0x000000a623700000] [id=9152]
  0x0000028d64261000 GCTaskThread "GC Thread#12" [stack: 0x000000a623700000,0x000000a623800000] [id=7696]
  0x0000028d449d7000 ConcurrentGCThread "G1 Main Marker" [stack: 0x000000a620d00000,0x000000a620e00000] [id=4884]
  0x0000028d449d8000 ConcurrentGCThread "G1 Conc#0" [stack: 0x000000a620e00000,0x000000a620f00000] [id=9612]
  0x0000028d647fd800 ConcurrentGCThread "G1 Conc#1" [stack: 0x000000a623b00000,0x000000a623c00000] [id=16128]
  0x0000028d6485b800 ConcurrentGCThread "G1 Conc#2" [stack: 0x000000a623c00000,0x000000a623d00000] [id=8036]
  0x0000028d44a67000 ConcurrentGCThread "G1 Refine#0" [stack: 0x000000a620f00000,0x000000a621000000] [id=11484]
  0x0000028d64743000 ConcurrentGCThread "G1 Refine#1" [stack: 0x000000a623800000,0x000000a623900000] [id=11304]
  0x0000028d61580800 ConcurrentGCThread "G1 Young RemSet Sampling" [stack: 0x000000a621000000,0x000000a621100000] [id=14728]

Threads with active compile tasks:
C2 CompilerThread0   2837 2330       4       java.net.URLClassLoader$1::run (5 bytes)
C2 CompilerThread1   2837 2331   !   4       java.net.URLClassLoader$1::run (63 bytes)
C2 CompilerThread2   2837 2519   !   4       java.net.URL::<init> (543 bytes)

VM state:not at safepoint (normal execution)

VM Mutex/Monitor currently owned by a thread: None

Heap address: 0x0000000080000000, size: 2048 MB, Compressed Oops mode: 32-bit
Narrow klass base: 0x0000000000000000, Narrow klass shift: 3
Compressed class space size: 1073741824 Address: 0x0000000100000000

Heap:
 garbage-first heap   total 122880K, used 44723K [0x0000000080000000, 0x0000000100000000)
  region size 1024K, 30 young (30720K), 3 survivors (3072K)
 Metaspace       used 28117K, capacity 28813K, committed 29056K, reserved 1075200K
  class space    used 3701K, capacity 3926K, committed 3968K, reserved 1048576K
Heap Regions: E=young(eden), S=young(survivor), O=old, HS=humongous(starts), HC=humongous(continues), CS=collection set, F=free, A=archive, TAMS=top-at-mark-start (previous, next)
|   0|0x0000000080000000, 0x0000000080100000, 0x0000000080100000|100%| O|  |TAMS 0x0000000080100000, 0x0000000080000000| Untracked 
|   1|0x0000000080100000, 0x0000000080200000, 0x0000000080200000|100%| O|  |TAMS 0x0000000080200000, 0x0000000080100000| Untracked 
|   2|0x0000000080200000, 0x0000000080300000, 0x0000000080300000|100%| O|  |TAMS 0x0000000080300000, 0x0000000080200000| Untracked 
|   3|0x0000000080300000, 0x0000000080400000, 0x0000000080400000|100%|HS|  |TAMS 0x0000000080400000, 0x0000000080300000| Complete 
|   4|0x0000000080400000, 0x0000000080500000, 0x0000000080500000|100%|HC|  |TAMS 0x0000000080500000, 0x0000000080400000| Complete 
|   5|0x0000000080500000, 0x0000000080600000, 0x0000000080600000|100%|HC|  |TAMS 0x0000000080600000, 0x0000000080500000| Complete 
|   6|0x0000000080600000, 0x0000000080700000, 0x0000000080700000|100%| O|  |TAMS 0x0000000080700000, 0x0000000080600000| Untracked 
|   7|0x0000000080700000, 0x0000000080800000, 0x0000000080800000|100%| O|  |TAMS 0x0000000080800000, 0x0000000080700000| Untracked 
|   8|0x0000000080800000, 0x0000000080900000, 0x0000000080900000|100%| O|  |TAMS 0x0000000080900000, 0x0000000080800000| Untracked 
|   9|0x0000000080900000, 0x0000000080a00000, 0x0000000080a00000|100%| O|  |TAMS 0x0000000080a00000, 0x0000000080900000| Untracked 
|  10|0x0000000080a00000, 0x0000000080b00000, 0x0000000080b00000|100%| O|  |TAMS 0x0000000080b00000, 0x0000000080a00000| Untracked 
|  11|0x0000000080b00000, 0x0000000080c00000, 0x0000000080c00000|100%| O|  |TAMS 0x0000000080c00000, 0x0000000080b00000| Untracked 
|  12|0x0000000080c00000, 0x0000000080d00000, 0x0000000080d00000|100%| O|  |TAMS 0x0000000080d00000, 0x0000000080c00000| Untracked 
|  13|0x0000000080d00000, 0x0000000080e00000, 0x0000000080e00000|100%| O|  |TAMS 0x0000000080e00000, 0x0000000080d00000| Untracked 
|  14|0x0000000080e00000, 0x0000000080f00000, 0x0000000080f00000|100%| O|  |TAMS 0x0000000080f00000, 0x0000000080e00000| Untracked 
|  15|0x0000000080f00000, 0x0000000080f5f600, 0x0000000081000000| 37%| O|  |TAMS 0x0000000080f5f600, 0x0000000080f00000| Untracked 
|  16|0x0000000081000000, 0x0000000081000000, 0x0000000081100000|  0%| F|  |TAMS 0x0000000081000000, 0x0000000081000000| Untracked 
|  17|0x0000000081100000, 0x0000000081100000, 0x0000000081200000|  0%| F|  |TAMS 0x0000000081100000, 0x0000000081100000| Untracked 
|  18|0x0000000081200000, 0x0000000081200000, 0x0000000081300000|  0%| F|  |TAMS 0x0000000081200000, 0x0000000081200000| Untracked 
|  19|0x0000000081300000, 0x0000000081300000, 0x0000000081400000|  0%| F|  |TAMS 0x0000000081300000, 0x0000000081300000| Untracked 
|  20|0x0000000081400000, 0x0000000081400000, 0x0000000081500000|  0%| F|  |TAMS 0x0000000081400000, 0x0000000081400000| Untracked 
|  21|0x0000000081500000, 0x0000000081500000, 0x0000000081600000|  0%| F|  |TAMS 0x0000000081500000, 0x0000000081500000| Untracked 
|  22|0x0000000081600000, 0x0000000081600000, 0x0000000081700000|  0%| F|  |TAMS 0x0000000081600000, 0x0000000081600000| Untracked 
|  23|0x0000000081700000, 0x0000000081700000, 0x0000000081800000|  0%| F|  |TAMS 0x0000000081700000, 0x0000000081700000| Untracked 
|  24|0x0000000081800000, 0x0000000081800000, 0x0000000081900000|  0%| F|  |TAMS 0x0000000081800000, 0x0000000081800000| Untracked 
|  25|0x0000000081900000, 0x0000000081900000, 0x0000000081a00000|  0%| F|  |TAMS 0x0000000081900000, 0x0000000081900000| Untracked 
|  26|0x0000000081a00000, 0x0000000081a00000, 0x0000000081b00000|  0%| F|  |TAMS 0x0000000081a00000, 0x0000000081a00000| Untracked 
|  27|0x0000000081b00000, 0x0000000081b00000, 0x0000000081c00000|  0%| F|  |TAMS 0x0000000081b00000, 0x0000000081b00000| Untracked 
|  28|0x0000000081c00000, 0x0000000081c00000, 0x0000000081d00000|  0%| F|  |TAMS 0x0000000081c00000, 0x0000000081c00000| Untracked 
|  29|0x0000000081d00000, 0x0000000081d00000, 0x0000000081e00000|  0%| F|  |TAMS 0x0000000081d00000, 0x0000000081d00000| Untracked 
|  30|0x0000000081e00000, 0x0000000081e00000, 0x0000000081f00000|  0%| F|  |TAMS 0x0000000081e00000, 0x0000000081e00000| Untracked 
|  31|0x0000000081f00000, 0x0000000081f00000, 0x0000000082000000|  0%| F|  |TAMS 0x0000000081f00000, 0x0000000081f00000| Untracked 
|  32|0x0000000082000000, 0x0000000082000000, 0x0000000082100000|  0%| F|  |TAMS 0x0000000082000000, 0x0000000082000000| Untracked 
|  33|0x0000000082100000, 0x0000000082100000, 0x0000000082200000|  0%| F|  |TAMS 0x0000000082100000, 0x0000000082100000| Untracked 
|  34|0x0000000082200000, 0x0000000082200000, 0x0000000082300000|  0%| F|  |TAMS 0x0000000082200000, 0x0000000082200000| Untracked 
|  35|0x0000000082300000, 0x0000000082300000, 0x0000000082400000|  0%| F|  |TAMS 0x0000000082300000, 0x0000000082300000| Untracked 
|  36|0x0000000082400000, 0x0000000082400000, 0x0000000082500000|  0%| F|  |TAMS 0x0000000082400000, 0x0000000082400000| Untracked 
|  37|0x0000000082500000, 0x0000000082500000, 0x0000000082600000|  0%| F|  |TAMS 0x0000000082500000, 0x0000000082500000| Untracked 
|  38|0x0000000082600000, 0x0000000082600000, 0x0000000082700000|  0%| F|  |TAMS 0x0000000082600000, 0x0000000082600000| Untracked 
|  39|0x0000000082700000, 0x0000000082700000, 0x0000000082800000|  0%| F|  |TAMS 0x0000000082700000, 0x0000000082700000| Untracked 
|  40|0x0000000082800000, 0x0000000082800000, 0x0000000082900000|  0%| F|  |TAMS 0x0000000082800000, 0x0000000082800000| Untracked 
|  41|0x0000000082900000, 0x0000000082900000, 0x0000000082a00000|  0%| F|  |TAMS 0x0000000082900000, 0x0000000082900000| Untracked 
|  42|0x0000000082a00000, 0x0000000082a00000, 0x0000000082b00000|  0%| F|  |TAMS 0x0000000082a00000, 0x0000000082a00000| Untracked 
|  43|0x0000000082b00000, 0x0000000082b00000, 0x0000000082c00000|  0%| F|  |TAMS 0x0000000082b00000, 0x0000000082b00000| Untracked 
|  44|0x0000000082c00000, 0x0000000082c00000, 0x0000000082d00000|  0%| F|  |TAMS 0x0000000082c00000, 0x0000000082c00000| Untracked 
|  45|0x0000000082d00000, 0x0000000082d00000, 0x0000000082e00000|  0%| F|  |TAMS 0x0000000082d00000, 0x0000000082d00000| Untracked 
|  46|0x0000000082e00000, 0x0000000082e00000, 0x0000000082f00000|  0%| F|  |TAMS 0x0000000082e00000, 0x0000000082e00000| Untracked 
|  47|0x0000000082f00000, 0x0000000082f00000, 0x0000000083000000|  0%| F|  |TAMS 0x0000000082f00000, 0x0000000082f00000| Untracked 
|  48|0x0000000083000000, 0x0000000083000000, 0x0000000083100000|  0%| F|  |TAMS 0x0000000083000000, 0x0000000083000000| Untracked 
|  49|0x0000000083100000, 0x0000000083100000, 0x0000000083200000|  0%| F|  |TAMS 0x0000000083100000, 0x0000000083100000| Untracked 
|  50|0x0000000083200000, 0x0000000083200000, 0x0000000083300000|  0%| F|  |TAMS 0x0000000083200000, 0x0000000083200000| Untracked 
|  51|0x0000000083300000, 0x0000000083300000, 0x0000000083400000|  0%| F|  |TAMS 0x0000000083300000, 0x0000000083300000| Untracked 
|  52|0x0000000083400000, 0x0000000083400000, 0x0000000083500000|  0%| F|  |TAMS 0x0000000083400000, 0x0000000083400000| Untracked 
|  53|0x0000000083500000, 0x0000000083500000, 0x0000000083600000|  0%| F|  |TAMS 0x0000000083500000, 0x0000000083500000| Untracked 
|  54|0x0000000083600000, 0x0000000083600000, 0x0000000083700000|  0%| F|  |TAMS 0x0000000083600000, 0x0000000083600000| Untracked 
|  55|0x0000000083700000, 0x0000000083700000, 0x0000000083800000|  0%| F|  |TAMS 0x0000000083700000, 0x0000000083700000| Untracked 
|  56|0x0000000083800000, 0x0000000083800000, 0x0000000083900000|  0%| F|  |TAMS 0x0000000083800000, 0x0000000083800000| Untracked 
|  57|0x0000000083900000, 0x0000000083900000, 0x0000000083a00000|  0%| F|  |TAMS 0x0000000083900000, 0x0000000083900000| Untracked 
|  58|0x0000000083a00000, 0x0000000083a00000, 0x0000000083b00000|  0%| F|  |TAMS 0x0000000083a00000, 0x0000000083a00000| Untracked 
|  59|0x0000000083b00000, 0x0000000083b00000, 0x0000000083c00000|  0%| F|  |TAMS 0x0000000083b00000, 0x0000000083b00000| Untracked 
|  60|0x0000000083c00000, 0x0000000083c00000, 0x0000000083d00000|  0%| F|  |TAMS 0x0000000083c00000, 0x0000000083c00000| Untracked 
|  61|0x0000000083d00000, 0x0000000083d00000, 0x0000000083e00000|  0%| F|  |TAMS 0x0000000083d00000, 0x0000000083d00000| Untracked 
|  62|0x0000000083e00000, 0x0000000083e00000, 0x0000000083f00000|  0%| F|  |TAMS 0x0000000083e00000, 0x0000000083e00000| Untracked 
|  63|0x0000000083f00000, 0x0000000083f00000, 0x0000000084000000|  0%| F|  |TAMS 0x0000000083f00000, 0x0000000083f00000| Untracked 
|  64|0x0000000084000000, 0x0000000084000000, 0x0000000084100000|  0%| F|  |TAMS 0x0000000084000000, 0x0000000084000000| Untracked 
|  65|0x0000000084100000, 0x0000000084100000, 0x0000000084200000|  0%| F|  |TAMS 0x0000000084100000, 0x0000000084100000| Untracked 
|  66|0x0000000084200000, 0x0000000084200000, 0x0000000084300000|  0%| F|  |TAMS 0x0000000084200000, 0x0000000084200000| Untracked 
|  67|0x0000000084300000, 0x0000000084300000, 0x0000000084400000|  0%| F|  |TAMS 0x0000000084300000, 0x0000000084300000| Untracked 
|  68|0x0000000084400000, 0x0000000084400000, 0x0000000084500000|  0%| F|  |TAMS 0x0000000084400000, 0x0000000084400000| Untracked 
|  69|0x0000000084500000, 0x0000000084500000, 0x0000000084600000|  0%| F|  |TAMS 0x0000000084500000, 0x0000000084500000| Untracked 
|  70|0x0000000084600000, 0x0000000084600000, 0x0000000084700000|  0%| F|  |TAMS 0x0000000084600000, 0x0000000084600000| Untracked 
|  71|0x0000000084700000, 0x0000000084700000, 0x0000000084800000|  0%| F|  |TAMS 0x0000000084700000, 0x0000000084700000| Untracked 
|  72|0x0000000084800000, 0x0000000084800000, 0x0000000084900000|  0%| F|  |TAMS 0x0000000084800000, 0x0000000084800000| Untracked 
|  73|0x0000000084900000, 0x000000008494d610, 0x0000000084a00000| 30%| S|CS|TAMS 0x0000000084900000, 0x0000000084900000| Complete 
|  74|0x0000000084a00000, 0x0000000084b00000, 0x0000000084b00000|100%| S|CS|TAMS 0x0000000084a00000, 0x0000000084a00000| Complete 
|  75|0x0000000084b00000, 0x0000000084c00000, 0x0000000084c00000|100%| S|CS|TAMS 0x0000000084b00000, 0x0000000084b00000| Complete 
|  76|0x0000000084c00000, 0x0000000084c00000, 0x0000000084d00000|  0%| F|  |TAMS 0x0000000084c00000, 0x0000000084c00000| Untracked 
|  77|0x0000000084d00000, 0x0000000084d00000, 0x0000000084e00000|  0%| F|  |TAMS 0x0000000084d00000, 0x0000000084d00000| Untracked 
|  78|0x0000000084e00000, 0x0000000084e00000, 0x0000000084f00000|  0%| F|  |TAMS 0x0000000084e00000, 0x0000000084e00000| Untracked 
|  79|0x0000000084f00000, 0x0000000084f00000, 0x0000000085000000|  0%| F|  |TAMS 0x0000000084f00000, 0x0000000084f00000| Untracked 
|  80|0x0000000085000000, 0x0000000085000000, 0x0000000085100000|  0%| F|  |TAMS 0x0000000085000000, 0x0000000085000000| Untracked 
|  81|0x0000000085100000, 0x0000000085100000, 0x0000000085200000|  0%| F|  |TAMS 0x0000000085100000, 0x0000000085100000| Untracked 
|  82|0x0000000085200000, 0x0000000085200000, 0x0000000085300000|  0%| F|  |TAMS 0x0000000085200000, 0x0000000085200000| Untracked 
|  83|0x0000000085300000, 0x0000000085300000, 0x0000000085400000|  0%| F|  |TAMS 0x0000000085300000, 0x0000000085300000| Untracked 
|  84|0x0000000085400000, 0x0000000085400000, 0x0000000085500000|  0%| F|  |TAMS 0x0000000085400000, 0x0000000085400000| Untracked 
|  85|0x0000000085500000, 0x0000000085500000, 0x0000000085600000|  0%| F|  |TAMS 0x0000000085500000, 0x0000000085500000| Untracked 
|  86|0x0000000085600000, 0x0000000085600000, 0x0000000085700000|  0%| F|  |TAMS 0x0000000085600000, 0x0000000085600000| Untracked 
|  87|0x0000000085700000, 0x0000000085700000, 0x0000000085800000|  0%| F|  |TAMS 0x0000000085700000, 0x0000000085700000| Untracked 
|  88|0x0000000085800000, 0x0000000085800000, 0x0000000085900000|  0%| F|  |TAMS 0x0000000085800000, 0x0000000085800000| Untracked 
|  89|0x0000000085900000, 0x0000000085900000, 0x0000000085a00000|  0%| F|  |TAMS 0x0000000085900000, 0x0000000085900000| Untracked 
|  90|0x0000000085a00000, 0x0000000085a00000, 0x0000000085b00000|  0%| F|  |TAMS 0x0000000085a00000, 0x0000000085a00000| Untracked 
|  91|0x0000000085b00000, 0x0000000085b00000, 0x0000000085c00000|  0%| F|  |TAMS 0x0000000085b00000, 0x0000000085b00000| Untracked 
|  92|0x0000000085c00000, 0x0000000085c00000, 0x0000000085d00000|  0%| F|  |TAMS 0x0000000085c00000, 0x0000000085c00000| Untracked 
|  93|0x0000000085d00000, 0x0000000085d9c960, 0x0000000085e00000| 61%| E|  |TAMS 0x0000000085d00000, 0x0000000085d00000| Complete 
|  94|0x0000000085e00000, 0x0000000085f00000, 0x0000000085f00000|100%| E|CS|TAMS 0x0000000085e00000, 0x0000000085e00000| Complete 
|  95|0x0000000085f00000, 0x0000000086000000, 0x0000000086000000|100%| E|CS|TAMS 0x0000000085f00000, 0x0000000085f00000| Complete 
|  96|0x0000000086000000, 0x0000000086100000, 0x0000000086100000|100%| E|CS|TAMS 0x0000000086000000, 0x0000000086000000| Complete 
|  97|0x0000000086100000, 0x0000000086200000, 0x0000000086200000|100%| E|CS|TAMS 0x0000000086100000, 0x0000000086100000| Complete 
|  98|0x0000000086200000, 0x0000000086300000, 0x0000000086300000|100%| E|CS|TAMS 0x0000000086200000, 0x0000000086200000| Complete 
|  99|0x0000000086300000, 0x0000000086400000, 0x0000000086400000|100%| E|CS|TAMS 0x0000000086300000, 0x0000000086300000| Complete 
| 100|0x0000000086400000, 0x0000000086500000, 0x0000000086500000|100%| E|CS|TAMS 0x0000000086400000, 0x0000000086400000| Complete 
| 101|0x0000000086500000, 0x0000000086600000, 0x0000000086600000|100%| E|CS|TAMS 0x0000000086500000, 0x0000000086500000| Complete 
| 102|0x0000000086600000, 0x0000000086700000, 0x0000000086700000|100%| E|CS|TAMS 0x0000000086600000, 0x0000000086600000| Complete 
| 103|0x0000000086700000, 0x0000000086800000, 0x0000000086800000|100%| E|CS|TAMS 0x0000000086700000, 0x0000000086700000| Complete 
| 104|0x0000000086800000, 0x0000000086900000, 0x0000000086900000|100%| E|CS|TAMS 0x0000000086800000, 0x0000000086800000| Complete 
| 105|0x0000000086900000, 0x0000000086a00000, 0x0000000086a00000|100%| E|CS|TAMS 0x0000000086900000, 0x0000000086900000| Complete 
| 106|0x0000000086a00000, 0x0000000086b00000, 0x0000000086b00000|100%| E|CS|TAMS 0x0000000086a00000, 0x0000000086a00000| Complete 
| 107|0x0000000086b00000, 0x0000000086c00000, 0x0000000086c00000|100%| E|CS|TAMS 0x0000000086b00000, 0x0000000086b00000| Complete 
| 108|0x0000000086c00000, 0x0000000086d00000, 0x0000000086d00000|100%| E|CS|TAMS 0x0000000086c00000, 0x0000000086c00000| Complete 
| 109|0x0000000086d00000, 0x0000000086e00000, 0x0000000086e00000|100%| E|CS|TAMS 0x0000000086d00000, 0x0000000086d00000| Complete 
| 110|0x0000000086e00000, 0x0000000086f00000, 0x0000000086f00000|100%| E|CS|TAMS 0x0000000086e00000, 0x0000000086e00000| Complete 
| 111|0x0000000086f00000, 0x0000000087000000, 0x0000000087000000|100%| E|CS|TAMS 0x0000000086f00000, 0x0000000086f00000| Complete 
| 112|0x0000000087000000, 0x0000000087100000, 0x0000000087100000|100%| E|CS|TAMS 0x0000000087000000, 0x0000000087000000| Complete 
| 113|0x0000000087100000, 0x0000000087200000, 0x0000000087200000|100%| E|CS|TAMS 0x0000000087100000, 0x0000000087100000| Complete 
| 114|0x0000000087200000, 0x0000000087300000, 0x0000000087300000|100%| E|CS|TAMS 0x0000000087200000, 0x0000000087200000| Complete 
| 115|0x0000000087300000, 0x0000000087400000, 0x0000000087400000|100%| E|CS|TAMS 0x0000000087300000, 0x0000000087300000| Complete 
| 116|0x0000000087400000, 0x0000000087500000, 0x0000000087500000|100%| E|CS|TAMS 0x0000000087400000, 0x0000000087400000| Complete 
| 117|0x0000000087500000, 0x0000000087600000, 0x0000000087600000|100%| E|CS|TAMS 0x0000000087500000, 0x0000000087500000| Complete 
| 118|0x0000000087600000, 0x0000000087700000, 0x0000000087700000|100%| E|CS|TAMS 0x0000000087600000, 0x0000000087600000| Complete 
| 119|0x0000000087700000, 0x0000000087800000, 0x0000000087800000|100%| E|CS|TAMS 0x0000000087700000, 0x0000000087700000| Complete 

Card table byte_map: [0x0000028d59eb0000,0x0000028d5a2b0000] _byte_map_base: 0x0000028d59ab0000

Marking Bits (Prev, Next): (CMBitMap*) 0x0000028d449cdf30, (CMBitMap*) 0x0000028d449cdef8
 Prev Bits: [0x0000028d5c6b0000, 0x0000028d5e6b0000)
 Next Bits: [0x0000028d5a6b0000, 0x0000028d5c6b0000)

Polling page: 0x0000028d46220000

Metaspace:

Usage:
  Non-class:     24.30 MB capacity,    23.85 MB ( 98%) used,   414.74 KB (  2%) free+waste,    52.63 KB ( <1%) overhead. 
      Class:      3.83 MB capacity,     3.62 MB ( 94%) used,   197.33 KB (  5%) free+waste,    26.31 KB ( <1%) overhead. 
       Both:     28.14 MB capacity,    27.46 MB ( 98%) used,   612.07 KB (  2%) free+waste,    78.94 KB ( <1%) overhead. 

Virtual space:
  Non-class space:       26.00 MB reserved,      24.50 MB ( 94%) committed 
      Class space:        1.00 GB reserved,       3.88 MB ( <1%) committed 
             Both:        1.03 GB reserved,      28.38 MB (  3%) committed 

Chunk freelists:
   Non-Class:  9.00 KB
       Class:  10.00 KB
        Both:  19.00 KB

MaxMetaspaceSize: 17179869184.00 GB
CompressedClassSpaceSize: 1.00 GB

CodeHeap 'non-profiled nmethods': size=119168Kb used=1030Kb max_used=1030Kb free=118138Kb
 bounds [0x0000028d51680000, 0x0000028d518f0000, 0x0000028d58ae0000]
CodeHeap 'profiled nmethods': size=119168Kb used=4997Kb max_used=4997Kb free=114170Kb
 bounds [0x0000028d4a220000, 0x0000028d4a710000, 0x0000028d51680000]
CodeHeap 'non-nmethods': size=7424Kb used=2871Kb max_used=2871Kb free=4552Kb
 bounds [0x0000028d49ae0000, 0x0000028d49dc0000, 0x0000028d4a220000]
 total_blobs=2818 nmethods=2328 adapters=396
 compilation: enabled
              stopped_count=0, restarted_count=0
 full_count=0

Compilation events (20 events):
Event: 2.797 Thread 0x0000028d638df800 2563       3       org.gradle.internal.reflect.MethodSet::getValues (13 bytes)
Event: 2.797 Thread 0x0000028d62c7e800 2564       3       java.util.Collections::unmodifiableCollection (9 bytes)
Event: 2.798 Thread 0x0000028d62c7e800 nmethod 2564 0x0000028d4a701a90 code [0x0000028d4a701c60, 0x0000028d4a701fa8]
Event: 2.798 Thread 0x0000028d638df800 nmethod 2563 0x0000028d4a702110 code [0x0000028d4a702300, 0x0000028d4a702778]
Event: 2.798 Thread 0x0000028d62205800 2565       3       org.objectweb.asm.MethodWriter::visitFieldInsn (258 bytes)
Event: 2.798 Thread 0x0000028d620d0800 2566       3       org.objectweb.asm.SymbolTable::addConstantFieldref (10 bytes)
Event: 2.798 Thread 0x0000028d620d0800 nmethod 2566 0x0000028d4a702910 code [0x0000028d4a702ac0, 0x0000028d4a702c08]
Event: 2.798 Thread 0x0000028d62205800 nmethod 2565 0x0000028d4a702d10 code [0x0000028d4a702f80, 0x0000028d4a703b88]
Event: 2.800 Thread 0x0000028d62c7e800 2567       3       org.objectweb.asm.SymbolTable::getType (7 bytes)
Event: 2.801 Thread 0x0000028d62c7e800 nmethod 2567 0x0000028d4a703f90 code [0x0000028d4a704140, 0x0000028d4a704278]
Event: 2.806 Thread 0x0000028d638df800 2569       3       sun.reflect.generics.factory.CoreReflectionFactory::make (10 bytes)
Event: 2.806 Thread 0x0000028d620d0800 2570       3       sun.reflect.generics.factory.CoreReflectionFactory::<init> (15 bytes)
Event: 2.806 Thread 0x0000028d620d0800 nmethod 2570 0x0000028d4a704390 code [0x0000028d4a704540, 0x0000028d4a704758]
Event: 2.806 Thread 0x0000028d638df800 nmethod 2569 0x0000028d4a704810 code [0x0000028d4a7049e0, 0x0000028d4a704c98]
Event: 2.808 Thread 0x0000028d62205800 2571       3       jdk.internal.misc.Unsafe::getAndAddInt (27 bytes)
Event: 2.809 Thread 0x0000028d62205800 nmethod 2571 0x0000028d4a704d90 code [0x0000028d4a704f40, 0x0000028d4a705178]
Event: 2.816 Thread 0x0000028d62c7e800 2572       3       com.google.common.base.Preconditions::checkArgument (28 bytes)
Event: 2.816 Thread 0x0000028d620d0800 2573       3       com.google.common.io.BaseEncoding$Alphabet::encode (7 bytes)
Event: 2.816 Thread 0x0000028d620d0800 nmethod 2573 0x0000028d4a705290 code [0x0000028d4a705440, 0x0000028d4a705578]
Event: 2.817 Thread 0x0000028d62c7e800 nmethod 2572 0x0000028d4a705690 code [0x0000028d4a7058a0, 0x0000028d4a705e98]

GC Heap History (8 events):
Event: 0.623 GC heap before
{Heap before GC invocations=0 (full 0):
 garbage-first heap   total 122880K, used 29696K [0x0000000080000000, 0x0000000100000000)
  region size 1024K, 24 young (24576K), 0 survivors (0K)
 Metaspace       used 10507K, capacity 10783K, committed 11008K, reserved 1058816K
  class space    used 1097K, capacity 1193K, committed 1280K, reserved 1048576K
}
Event: 0.630 GC heap after
{Heap after GC invocations=1 (full 0):
 garbage-first heap   total 122880K, used 8629K [0x0000000080000000, 0x0000000100000000)
  region size 1024K, 3 young (3072K), 3 survivors (3072K)
 Metaspace       used 10507K, capacity 10783K, committed 11008K, reserved 1058816K
  class space    used 1097K, capacity 1193K, committed 1280K, reserved 1048576K
}
Event: 1.837 GC heap before
{Heap before GC invocations=1 (full 0):
 garbage-first heap   total 122880K, used 78261K [0x0000000080000000, 0x0000000100000000)
  region size 1024K, 72 young (73728K), 3 survivors (3072K)
 Metaspace       used 18408K, capacity 18808K, committed 19072K, reserved 1067008K
  class space    used 2191K, capacity 2328K, committed 2432K, reserved 1048576K
}
Event: 1.848 GC heap after
{Heap after GC invocations=2 (full 0):
 garbage-first heap   total 122880K, used 15490K [0x0000000080000000, 0x0000000100000000)
  region size 1024K, 9 young (9216K), 9 survivors (9216K)
 Metaspace       used 18408K, capacity 18808K, committed 19072K, reserved 1067008K
  class space    used 2191K, capacity 2328K, committed 2432K, reserved 1048576K
}
Event: 2.002 GC heap before
{Heap before GC invocations=2 (full 0):
 garbage-first heap   total 122880K, used 31874K [0x0000000080000000, 0x0000000100000000)
  region size 1024K, 26 young (26624K), 9 survivors (9216K)
 Metaspace       used 20685K, capacity 21191K, committed 21296K, reserved 1069056K
  class space    used 2518K, capacity 2680K, committed 2688K, reserved 1048576K
}
Event: 2.010 GC heap after
{Heap after GC invocations=3 (full 0):
 garbage-first heap   total 122880K, used 16541K [0x0000000080000000, 0x0000000100000000)
  region size 1024K, 1 young (1024K), 1 survivors (1024K)
 Metaspace       used 20685K, capacity 21191K, committed 21296K, reserved 1069056K
  class space    used 2518K, capacity 2680K, committed 2688K, reserved 1048576K
}
Event: 2.488 GC heap before
{Heap before GC invocations=4 (full 0):
 garbage-first heap   total 122880K, used 59549K [0x0000000080000000, 0x0000000100000000)
  region size 1024K, 44 young (45056K), 1 survivors (1024K)
 Metaspace       used 25674K, capacity 26309K, committed 26368K, reserved 1073152K
  class space    used 3327K, capacity 3538K, committed 3584K, reserved 1048576K
}
Event: 2.490 GC heap after
{Heap after GC invocations=5 (full 0):
 garbage-first heap   total 122880K, used 18099K [0x0000000080000000, 0x0000000100000000)
  region size 1024K, 3 young (3072K), 3 survivors (3072K)
 Metaspace       used 25674K, capacity 26309K, committed 26368K, reserved 1073152K
  class space    used 3327K, capacity 3538K, committed 3584K, reserved 1048576K
}

Deoptimization events (20 events):
Event: 2.464 Thread 0x0000028d63dfe000 Uncommon trap: trap_request=0xffffffde fr.pc=0x0000028d516e3ee0 relative=0x0000000000000320
Event: 2.464 Thread 0x0000028d63dfe000 Uncommon trap: reason=class_check action=maybe_recompile pc=0x0000028d516e3ee0 method=java.util.Collections$SetFromMap.remove(Ljava/lang/Object;)Z @ 5 c2
Event: 2.464 Thread 0x0000028d63dfe000 DEOPT PACKING pc=0x0000028d516e3ee0 sp=0x000000a6229fc650
Event: 2.464 Thread 0x0000028d63dfe000 DEOPT UNPACKING pc=0x0000028d49b074af sp=0x000000a6229fc638 mode 2
Event: 2.485 Thread 0x0000028d63dfe000 Uncommon trap: trap_request=0xffffff4d fr.pc=0x0000028d516a3c24 relative=0x0000000000000464
Event: 2.485 Thread 0x0000028d63dfe000 Uncommon trap: reason=unstable_if action=reinterpret pc=0x0000028d516a3c24 method=java.util.Properties$LineReader.readLine()I @ 249 c2
Event: 2.485 Thread 0x0000028d63dfe000 DEOPT PACKING pc=0x0000028d516a3c24 sp=0x000000a6229fbaa0
Event: 2.485 Thread 0x0000028d63dfe000 DEOPT UNPACKING pc=0x0000028d49b074af sp=0x000000a6229fba30 mode 2
Event: 2.554 Thread 0x0000028d63dfe000 Uncommon trap: trap_request=0xffffff4d fr.pc=0x0000028d5176c1cc relative=0x000000000000020c
Event: 2.554 Thread 0x0000028d63dfe000 Uncommon trap: reason=unstable_if action=reinterpret pc=0x0000028d5176c1cc method=java.util.HashMap.hash(Ljava/lang/Object;)I @ 1 c2
Event: 2.554 Thread 0x0000028d63dfe000 DEOPT PACKING pc=0x0000028d5176c1cc sp=0x000000a6229f8580
Event: 2.554 Thread 0x0000028d63dfe000 DEOPT UNPACKING pc=0x0000028d49b074af sp=0x000000a6229f84b8 mode 2
Event: 2.565 Thread 0x0000028d63dfe000 Uncommon trap: trap_request=0xffffff4d fr.pc=0x0000028d51752c2c relative=0x000000000000008c
Event: 2.565 Thread 0x0000028d63dfe000 Uncommon trap: reason=unstable_if action=reinterpret pc=0x0000028d51752c2c method=java.util.HashMap.hash(Ljava/lang/Object;)I @ 1 c2
Event: 2.565 Thread 0x0000028d63dfe000 DEOPT PACKING pc=0x0000028d51752c2c sp=0x000000a6229f7eb0
Event: 2.565 Thread 0x0000028d63dfe000 DEOPT UNPACKING pc=0x0000028d49b074af sp=0x000000a6229f7e48 mode 2
Event: 2.687 Thread 0x0000028d63dfe000 Uncommon trap: trap_request=0xffffff4d fr.pc=0x0000028d516db938 relative=0x0000000000000a78
Event: 2.687 Thread 0x0000028d63dfe000 Uncommon trap: reason=unstable_if action=reinterpret pc=0x0000028d516db938 method=java.io.WinNTFileSystem.resolve(Ljava/lang/String;Ljava/lang/String;)Ljava/lang/String; @ 83 c2
Event: 2.687 Thread 0x0000028d63dfe000 DEOPT PACKING pc=0x0000028d516db938 sp=0x000000a6229f9da0
Event: 2.687 Thread 0x0000028d63dfe000 DEOPT UNPACKING pc=0x0000028d49b074af sp=0x000000a6229f9d48 mode 2

Classes redefined (0 events):
No events

Internal exceptions (20 events):
Event: 2.063 Thread 0x0000028d63dfe000 Exception <a 'java/lang/NoSuchMethodError'{0x000000008731b5c0}: 'void java.lang.invoke.DirectMethodHandle$Holder.invokeSpecial(java.lang.Object, java.lang.Object)'> (0x000000008731b5c0) thrown at [./src/hotspot/share/interpreter/linkResolver.cpp, line 773]
Event: 2.126 Thread 0x0000028d63dfe000 Exception <a 'java/lang/NoSuchMethodError'{0x0000000086971220}: 'java.lang.Object java.lang.invoke.DirectMethodHandle$Holder.invokeVirtual(java.lang.Object, java.lang.Object, java.lang.Object, java.lang.Object)'> (0x0000000086971220) thrown at [./src/hotspot/share/interpreter/linkResolver.cpp, line 773]
Event: 2.285 Thread 0x0000028d63dfe000 Exception <a 'java/lang/NoSuchMethodError'{0x0000000085b76ff0}: 'void java.lang.invoke.DirectMethodHandle$Holder.invokeSpecial(java.lang.Object, java.lang.Object, java.lang.Object, java.lang.Object, java.lang.Object, java.lang.Object)'> (0x0000000085b76ff0) thrown at [./src/hotspot/share/interpreter/linkResolver.cpp, line 773]
Event: 2.312 Thread 0x0000028d63dfe000 Exception <a 'java/lang/NoSuchMethodError'{0x0000000085968718}: 'java.lang.Object java.lang.invoke.Invokers$Holder.invoker(java.lang.Object, java.lang.Object, java.lang.Object)'> (0x0000000085968718) thrown at [./src/hotspot/share/interpreter/linkResolver.cpp, line 773]
Event: 2.335 Thread 0x0000028d63dfe000 Exception <a 'java/lang/NoSuchMethodError'{0x0000000085867e18}: 'void java.lang.invoke.DirectMethodHandle$Holder.invokeSpecial(java.lang.Object, java.lang.Object, java.lang.Object, java.lang.Object, java.lang.Object, java.lang.Object, java.lang.Object)'> (0x0000000085867e18) thrown at [./src/hotspot/share/interpreter/linkResolver.cpp, line 773]
Event: 2.336 Thread 0x0000028d63dfe000 Exception <a 'java/lang/NoSuchMethodError'{0x0000000085870480}: 'java.lang.Object java.lang.invoke.Invokers$Holder.linkToTargetMethod(java.lang.Object, java.lang.Object, java.lang.Object, java.lang.Object, java.lang.Object, java.lang.Object)'> (0x0000000085870480) thrown at [./src/hotspot/share/interpreter/linkResolver.cpp, line 773]
Event: 2.350 Thread 0x0000028d63dfe000 Exception <a 'java/lang/NoSuchMethodError'{0x0000000085793380}: 'java.lang.Object java.lang.invoke.DirectMethodHandle$Holder.invokeVirtual(java.lang.Object, java.lang.Object, java.lang.Object, java.lang.Object, java.lang.Object, java.lang.Object, java.lang.Object, java.lang.Object, java.lang.Object, java.lang.Object, java.lang.Object, java.lang.Object, java.lang.Object, java.lang.Object, java.lang.Object, java.lang.Object, java.lang.Object)'> (0x0000000085793380) thrown at [./src/hotspot/share/interpreter/
Event: 2.351 Thread 0x0000028d63dfe000 Exception <a 'java/lang/NoSuchMethodError'{0x00000000857c3c60}: 'java.lang.Object java.lang.invoke.DirectMethodHandle$Holder.invokeSpecial(java.lang.Object, java.lang.Object, java.lang.Object, java.lang.Object, java.lang.Object, java.lang.Object, java.lang.Object, java.lang.Object, java.lang.Object)'> (0x00000000857c3c60) thrown at [./src/hotspot/share/interpreter/linkResolver.cpp, line 773]
Event: 2.460 Thread 0x0000028d63dfe000 Exception <a 'java/lang/NoSuchMethodError'{0x0000000084d0da20}: 'java.lang.Object java.lang.invoke.DirectMethodHandle$Holder.invokeStatic(java.lang.Object, java.lang.Object, java.lang.Object, int, java.lang.Object, java.lang.Object)'> (0x0000000084d0da20) thrown at [./src/hotspot/share/interpreter/linkResolver.cpp, line 773]
Event: 2.460 Thread 0x0000028d63dfe000 Exception <a 'java/lang/NoSuchMethodError'{0x0000000084d14d88}: 'java.lang.Object java.lang.invoke.Invokers$Holder.linkToTargetMethod(java.lang.Object, java.lang.Object, int, java.lang.Object, java.lang.Object, java.lang.Object)'> (0x0000000084d14d88) thrown at [./src/hotspot/share/interpreter/linkResolver.cpp, line 773]
Event: 2.481 Thread 0x0000028d63dfe000 Exception <a 'java/lang/NoSuchMethodError'{0x0000000084c93c70}: 'void java.lang.invoke.DirectMethodHandle$Holder.invokeSpecial(java.lang.Object, java.lang.Object, java.lang.Object, java.lang.Object)'> (0x0000000084c93c70) thrown at [./src/hotspot/share/interpreter/linkResolver.cpp, line 773]
Event: 2.554 Thread 0x0000028d63dfe000 Implicit null exception at 0x0000028d5176bff5 to 0x0000028d5176c1bc
Event: 2.565 Thread 0x0000028d63dfe000 Implicit null exception at 0x0000028d51752baf to 0x0000028d51752c1d
Event: 2.619 Thread 0x0000028d63dfe000 Exception <a 'java/lang/NoSuchMethodError'{0x0000000086d34dd0}: 'java.lang.Object java.lang.invoke.DirectMethodHandle$Holder.invokeSpecialIFC(java.lang.Object, java.lang.Object, java.lang.Object, java.lang.Object)'> (0x0000000086d34dd0) thrown at [./src/hotspot/share/interpreter/linkResolver.cpp, line 773]
Event: 2.626 Thread 0x0000028d63dfe000 Exception <a 'java/lang/NoSuchMethodError'{0x0000000086dff1e8}: 'java.lang.Object java.lang.invoke.DirectMethodHandle$Holder.invokeSpecial(java.lang.Object, java.lang.Object, java.lang.Object, java.lang.Object, java.lang.Object, java.lang.Object, java.lang.Object, java.lang.Object, java.lang.Object, java.lang.Object, java.lang.Object, java.lang.Object, java.lang.Object)'> (0x0000000086dff1e8) thrown at [./src/hotspot/share/interpreter/linkResolver.cpp, line 773]
Event: 2.627 Thread 0x0000028d63dfe000 Exception <a 'java/lang/NoSuchMethodError'{0x0000000086c10910}: 'java.lang.Object java.lang.invoke.DirectMethodHandle$Holder.invokeSpecial(java.lang.Object, java.lang.Object, java.lang.Object, java.lang.Object, java.lang.Object, java.lang.Object, java.lang.Object, java.lang.Object, java.lang.Object, java.lang.Object, java.lang.Object, java.lang.Object)'> (0x0000000086c10910) thrown at [./src/hotspot/share/interpreter/linkResolver.cpp, line 773]
Event: 2.628 Thread 0x0000028d63dfe000 Exception <a 'java/lang/NoSuchMethodError'{0x0000000086c15a38}: 'java.lang.Object java.lang.invoke.Invokers$Holder.linkToTargetMethod(java.lang.Object, java.lang.Object, java.lang.Object, java.lang.Object, java.lang.Object, java.lang.Object, java.lang.Object, java.lang.Object, java.lang.Object, java.lang.Object, java.lang.Object)'> (0x0000000086c15a38) thrown at [./src/hotspot/share/interpreter/linkResolver.cpp, line 773]
Event: 2.636 Thread 0x0000028d63dfe000 Exception <a 'java/lang/NoSuchMethodError'{0x0000000086b22130}: 'java.lang.Object java.lang.invoke.DirectMethodHandle$Holder.invokeSpecial(java.lang.Object, java.lang.Object, java.lang.Object, java.lang.Object, java.lang.Object, java.lang.Object, java.lang.Object, java.lang.Object, java.lang.Object, java.lang.Object, java.lang.Object, java.lang.Object, java.lang.Object, java.lang.Object)'> (0x0000000086b22130) thrown at [./src/hotspot/share/interpreter/linkResolver.cpp, line 773]
Event: 2.637 Thread 0x0000028d63dfe000 Exception <a 'java/lang/NoSuchMethodError'{0x0000000086b33728}: 'java.lang.Object java.lang.invoke.Invokers$Holder.linkToTargetMethod(java.lang.Object, java.lang.Object, java.lang.Object, java.lang.Object, java.lang.Object, java.lang.Object, java.lang.Object, java.lang.Object, java.lang.Object, java.lang.Object, java.lang.Object, java.lang.Object)'> (0x0000000086b33728) thrown at [./src/hotspot/share/interpreter/linkResolver.cpp, line 773]
Event: 2.641 Thread 0x0000028d63dfe000 Exception <a 'java/lang/NoSuchMethodError'{0x0000000086bb1120}: 'java.lang.Object java.lang.invoke.DirectMethodHandle$Holder.invokeStaticInit(java.lang.Object, java.lang.Object, java.lang.Object, java.lang.Object)'> (0x0000000086bb1120) thrown at [./src/hotspot/share/interpreter/linkResolver.cpp, line 773]

Events (20 events):
Event: 2.822 loading class org/gradle/internal/execution/steps/SkipUpToDateStep
Event: 2.822 loading class org/gradle/internal/execution/steps/SkipUpToDateStep done
Event: 2.822 loading class org/gradle/internal/execution/steps/BroadcastChangingOutputsStep
Event: 2.822 loading class org/gradle/internal/execution/steps/BroadcastChangingOutputsStep done
Event: 2.822 loading class org/gradle/internal/execution/steps/StoreExecutionStateStep
Event: 2.822 loading class org/gradle/internal/execution/steps/StoreExecutionStateStep done
Event: 2.823 loading class org/gradle/internal/execution/steps/SnapshotOutputsStep
Event: 2.823 loading class org/gradle/internal/execution/steps/SnapshotOutputsStep done
Event: 2.823 loading class org/gradle/internal/execution/CurrentSnapshotResult
Event: 2.823 loading class org/gradle/internal/execution/CurrentSnapshotResult done
Event: 2.823 loading class org/gradle/internal/execution/steps/CreateOutputsStep
Event: 2.823 loading class org/gradle/internal/execution/steps/CreateOutputsStep done
Event: 2.823 loading class org/gradle/internal/execution/steps/TimeoutStep
Event: 2.823 loading class org/gradle/internal/execution/steps/TimeoutStep done
Event: 2.824 loading class org/gradle/internal/execution/steps/ResolveInputChangesStep
Event: 2.824 loading class org/gradle/internal/execution/steps/ResolveInputChangesStep done
Event: 2.824 loading class org/gradle/internal/execution/steps/CleanupOutputsStep
Event: 2.824 loading class org/gradle/internal/execution/steps/CleanupOutputsStep done
Event: 2.825 loading class org/gradle/internal/execution/BeforeExecutionContext
Event: 2.825 loading class org/gradle/internal/execution/BeforeExecutionContext done


Dynamic libraries:
0x00007ff66f6b0000 - 0x00007ff66f6ba000 	B:\programs\Android studio\jre\bin\java.exe
0x00007ff8c2910000 - 0x00007ff8c2b05000 	C:\Windows\SYSTEM32\ntdll.dll
0x00007ff8c15b0000 - 0x00007ff8c166e000 	C:\Windows\System32\KERNEL32.DLL
0x00007ff8c0030000 - 0x00007ff8c02f8000 	C:\Windows\System32\KERNELBASE.dll
0x00007ff8b0d30000 - 0x00007ff8b0d49000 	B:\programs\Android studio\jre\bin\jli.dll
0x00007ff8b0c30000 - 0x00007ff8b0c47000 	B:\programs\Android studio\jre\bin\VCRUNTIME140.dll
0x00007ff8c0470000 - 0x00007ff8c0570000 	C:\Windows\System32\ucrtbase.dll
0x00007ff8ae680000 - 0x00007ff8ae91a000 	C:\Windows\WinSxS\amd64_microsoft.windows.common-controls_6595b64144ccf1df_6.0.19041.1110_none_60b5254171f9507e\COMCTL32.dll
0x00007ff8c23f0000 - 0x00007ff8c2590000 	C:\Windows\System32\USER32.dll
0x00007ff8c0940000 - 0x00007ff8c0962000 	C:\Windows\System32\win32u.dll
0x00007ff8c20e0000 - 0x00007ff8c217e000 	C:\Windows\System32\msvcrt.dll
0x00007ff8c2840000 - 0x00007ff8c286b000 	C:\Windows\System32\GDI32.dll
0x00007ff8c05c0000 - 0x00007ff8c06cb000 	C:\Windows\System32\gdi32full.dll
0x00007ff8c06d0000 - 0x00007ff8c076d000 	C:\Windows\System32\msvcp_win.dll
0x00007ff8c1450000 - 0x00007ff8c1480000 	C:\Windows\System32\IMM32.DLL
0x00007ff898160000 - 0x00007ff8981fd000 	B:\programs\Android studio\jre\bin\msvcp140.dll
0x00007ff889dd0000 - 0x00007ff88a88c000 	B:\programs\Android studio\jre\bin\server\jvm.dll
0x00007ff8c2590000 - 0x00007ff8c263e000 	C:\Windows\System32\ADVAPI32.dll
0x00007ff8c1670000 - 0x00007ff8c170c000 	C:\Windows\System32\sechost.dll
0x00007ff8c1480000 - 0x00007ff8c15a5000 	C:\Windows\System32\RPCRT4.dll
0x00007ff8c2180000 - 0x00007ff8c2188000 	C:\Windows\System32\PSAPI.DLL
0x00007ff8b9ba0000 - 0x00007ff8b9baa000 	C:\Windows\SYSTEM32\VERSION.dll
0x00007ff8b9590000 - 0x00007ff8b95b7000 	C:\Windows\SYSTEM32\WINMM.dll
0x00007ff8aa4f0000 - 0x00007ff8aa4f9000 	C:\Windows\SYSTEM32\WSOCK32.dll
0x00007ff8c1710000 - 0x00007ff8c177b000 	C:\Windows\System32\WS2_32.dll
0x00007ff8be100000 - 0x00007ff8be112000 	C:\Windows\SYSTEM32\kernel.appcore.dll
0x00007ff88ae00000 - 0x00007ff88ae11000 	B:\programs\Android studio\jre\bin\verify.dll
0x00007ff8bdcb0000 - 0x00007ff8bde94000 	C:\Windows\SYSTEM32\DBGHELP.DLL
0x00007ff8b4310000 - 0x00007ff8b433c000 	C:\Windows\SYSTEM32\dbgcore.DLL
0x00007ff8c03b0000 - 0x00007ff8c0432000 	C:\Windows\System32\bcryptPrimitives.dll
0x00007ff889da0000 - 0x00007ff889dc9000 	B:\programs\Android studio\jre\bin\java.dll
0x00007ff8ac840000 - 0x00007ff8ac84b000 	B:\programs\Android studio\jre\bin\jimage.dll
0x00007ff88ac90000 - 0x00007ff88aca8000 	B:\programs\Android studio\jre\bin\zip.dll
0x00007ff8c0970000 - 0x00007ff8c10b4000 	C:\Windows\System32\SHELL32.dll
0x00007ff8be140000 - 0x00007ff8be8d4000 	C:\Windows\SYSTEM32\windows.storage.dll
0x00007ff8c1d80000 - 0x00007ff8c20d4000 	C:\Windows\System32\combase.dll
0x00007ff8bfa90000 - 0x00007ff8bfabc000 	C:\Windows\SYSTEM32\Wldp.dll
0x00007ff8c2190000 - 0x00007ff8c223d000 	C:\Windows\System32\SHCORE.dll
0x00007ff8c2870000 - 0x00007ff8c28c5000 	C:\Windows\System32\shlwapi.dll
0x00007ff8bff70000 - 0x00007ff8bff8f000 	C:\Windows\SYSTEM32\profapi.dll
0x00007ff889d80000 - 0x00007ff889d9a000 	B:\programs\Android studio\jre\bin\net.dll
0x00007ff8bba00000 - 0x00007ff8bbb09000 	C:\Windows\SYSTEM32\WINHTTP.dll
0x00007ff8bf7f0000 - 0x00007ff8bf85a000 	C:\Windows\system32\mswsock.dll
0x00007ff889d60000 - 0x00007ff889d74000 	B:\programs\Android studio\jre\bin\nio.dll
0x00007ff89a960000 - 0x00007ff89a987000 	C:\Users\Admin\.gradle\native\fdc75f09e3144964f2cf3f50f0aa648679c211496f362492102eb8c894070792\windows-amd64\native-platform.dll
0x00007ff898300000 - 0x00007ff898496000 	C:\Users\Admin\.gradle\native\12488b8bf47d2d4c9fbf2f6322a914ad602e24e48041cd04a747c6da556b65c4\windows-amd64\native-platform-file-events.dll
0x00007ff8ac7d0000 - 0x00007ff8ac7da000 	B:\programs\Android studio\jre\bin\management.dll
0x00007ff8ab7a0000 - 0x00007ff8ab7ac000 	B:\programs\Android studio\jre\bin\management_ext.dll
0x00007ff8bf9e0000 - 0x00007ff8bf9f8000 	C:\Windows\SYSTEM32\CRYPTSP.dll
0x00007ff8bf100000 - 0x00007ff8bf134000 	C:\Windows\system32\rsaenh.dll
0x00007ff8c0440000 - 0x00007ff8c0467000 	C:\Windows\System32\bcrypt.dll
0x00007ff8bfef0000 - 0x00007ff8bff1e000 	C:\Windows\SYSTEM32\USERENV.dll
0x00007ff8bfa00000 - 0x00007ff8bfa0c000 	C:\Windows\SYSTEM32\CRYPTBASE.dll
0x00007ff8bf490000 - 0x00007ff8bf4cb000 	C:\Windows\SYSTEM32\IPHLPAPI.DLL
0x00007ff8c1300000 - 0x00007ff8c1308000 	C:\Windows\System32\NSI.dll
0x00007ff8ba850000 - 0x00007ff8ba867000 	C:\Windows\SYSTEM32\dhcpcsvc6.DLL
0x00007ff8ba830000 - 0x00007ff8ba84d000 	C:\Windows\SYSTEM32\dhcpcsvc.DLL
0x00007ff8bf4d0000 - 0x00007ff8bf59a000 	C:\Windows\SYSTEM32\DNSAPI.dll
0x00007ff8bb9f0000 - 0x00007ff8bb9fb000 	C:\Windows\SYSTEM32\WINNSI.DLL

dbghelp: loaded successfully - version: 4.0.5 - missing functions: none
symbol engine: initialized successfully - sym options: 0x614 - pdb path: .;B:\programs\Android studio\jre\bin;C:\Windows\SYSTEM32;C:\Windows\WinSxS\amd64_microsoft.windows.common-controls_6595b64144ccf1df_6.0.19041.1110_none_60b5254171f9507e;B:\programs\Android studio\jre\bin\server;C:\Users\Admin\.gradle\native\fdc75f09e3144964f2cf3f50f0aa648679c211496f362492102eb8c894070792\windows-amd64;C:\Users\Admin\.gradle\native\12488b8bf47d2d4c9fbf2f6322a914ad602e24e48041cd04a747c6da556b65c4\windows-amd64

VM Arguments:
jvm_args: --add-opens=java.base/java.util=ALL-UNNAMED --add-opens=java.base/java.lang=ALL-UNNAMED --add-opens=java.base/java.lang.invoke=ALL-UNNAMED --add-opens=java.prefs/java.util.prefs=ALL-UNNAMED -Xmx2048m -Dfile.encoding=UTF-8 -Duser.country=UA -Duser.language=uk -Duser.variant 
java_command: org.gradle.launcher.daemon.bootstrap.GradleDaemon 6.7.1
java_class_path (initial): C:\Users\Admin\.gradle\wrapper\dists\gradle-6.7.1-bin\bwlcbys1h7rz3272sye1xwiv6\gradle-6.7.1\lib\gradle-launcher-6.7.1.jar
Launcher Type: SUN_STANDARD

[Global flags]
     intx CICompilerCount                          = 12                                        {product} {ergonomic}
     uint ConcGCThreads                            = 3                                         {product} {ergonomic}
     uint G1ConcRefinementThreads                  = 13                                        {product} {ergonomic}
   size_t G1HeapRegionSize                         = 1048576                                   {product} {ergonomic}
    uintx GCDrainStackTargetSize                   = 64                                        {product} {ergonomic}
   size_t InitialHeapSize                          = 125829120                                 {product} {ergonomic}
   size_t MarkStackSize                            = 4194304                                   {product} {ergonomic}
   size_t MaxHeapSize                              = 2147483648                                {product} {command line}
   size_t MaxNewSize                               = 1287651328                                {product} {ergonomic}
   size_t MinHeapDeltaBytes                        = 1048576                                   {product} {ergonomic}
    uintx NonNMethodCodeHeapSize                   = 7594288                                {pd product} {ergonomic}
    uintx NonProfiledCodeHeapSize                  = 122031976                              {pd product} {ergonomic}
    uintx ProfiledCodeHeapSize                     = 122031976                              {pd product} {ergonomic}
    uintx ReservedCodeCacheSize                    = 251658240                              {pd product} {ergonomic}
     bool SegmentedCodeCache                       = true                                      {product} {ergonomic}
     bool UseCompressedClassPointers               = true                                 {lp64_product} {ergonomic}
     bool UseCompressedOops                        = true                                 {lp64_product} {ergonomic}
     bool UseG1GC                                  = true                                      {product} {ergonomic}
     bool UseLargePagesIndividualAllocation        = false                                  {pd product} {ergonomic}

Logging:
Log output configuration:
 #0: stdout all=warning uptime,level,tags
 #1: stderr all=off uptime,level,tags

Environment Variables:
PATH=C:\Program Files (x86)\Common Files\Intel\Shared Libraries\redist\intel64\compiler;C:\ProgramData\Oracle\Java\javapath;C:\Windows\system32;C:\Windows;C:\Windows\System32\Wbem;C:\Windows\System32\WindowsPowerShell\v1.0\;C:\Windows\System32\OpenSSH\;C:\Program Files (x86)\NVIDIA Corporation\PhysX\Common;C:\Program Files\NVIDIA Corporation\NVIDIA NvDLISR;B:\programs\Git\Git\cmd;C:\Users\Admin\AppData\Local\Microsoft\WindowsApps;C:\Users\Admin\AppData\Local\GitHubDesktop\bin
USERNAME=Admin
OS=Windows_NT
PROCESSOR_IDENTIFIER=AMD64 Family 23 Model 96 Stepping 1, AuthenticAMD



---------------  S Y S T E M  ---------------

OS: Windows 10 , 64 bit Build 19041 (10.0.19041.1566)
OS uptime: 0 days 11:04 hours

CPU:total 16 (initial active 16) (16 cores per cpu, 2 threads per core) family 23 model 96 stepping 1, cmov, cx8, fxsr, mmx, sse, sse2, sse3, ssse3, sse4.1, sse4.2, popcnt, avx, avx2, aes, clmul, mmxext, 3dnowpref, lzcnt, sse4a, ht, tsc, tscinvbit, tscinv, bmi1, bmi2, adx, sha, fma

Memory: 4k page, system-wide physical 7600M (1148M free)
TotalPageFile size 10668M (AvailPageFile size 5M)
current process WorkingSet (physical memory assigned to process): 240M, peak: 242M
current process commit charge ("private bytes"): 318M, peak: 320M

vm_info: OpenJDK 64-Bit Server VM (11.0.8+10-b944.6842174) for windows-amd64 JRE (11.0.8+10-b944.6842174), built on Sep 19 2020 01:11:42 by "builder" with MS VC++ 14.0 (VS2015)

END.
