#
# There is insufficient memory for the Java Runtime Environment to continue.
# Native memory allocation (mmap) failed to map 30408704 bytes for Failed to commit area from 0x0000000089000000 to 0x000000008ad00000 of length 30408704.
# Possible reasons:
#   The system is out of physical RAM or swap space
#   The process is running with CompressedOops enabled, and the Java Heap may be blocking the growth of the native heap
# Possible solutions:
#   Reduce memory load on the system
#   Increase physical memory or swap space
#   Check if swap backing store is full
#   Decrease Java heap size (-Xmx/-Xms)
#   Decrease number of Java threads
#   Decrease Java thread stack sizes (-Xss)
#   Set larger code cache with -XX:ReservedCodeCacheSize=
#   JVM is running with Unscaled Compressed Oops mode in which the Java heap is
#     placed in the first 4GB address space. The Java Heap base address is the
#     maximum limit for the native heap growth. Please use -XX:HeapBaseMinAddress
#     to set the Java Heap base and to place the Java Heap above 4GB virtual address.
# This output file may be truncated or incomplete.
#
#  Out of Memory Error (./src/hotspot/os/windows/os_windows.cpp:3303), pid=1992, tid=2756
#
# JRE version: OpenJDK Runtime Environment (11.0.8+10) (build 11.0.8+10-b944.6842174)
# Java VM: OpenJDK 64-Bit Server VM (11.0.8+10-b944.6842174, mixed mode, tiered, compressed oops, g1 gc, windows-amd64)
# No core dump will be written. Minidumps are not enabled by default on client versions of Windows
#

---------------  S U M M A R Y ------------

Command Line: --add-opens=java.base/java.util=ALL-UNNAMED --add-opens=java.base/java.lang=ALL-UNNAMED --add-opens=java.base/java.lang.invoke=ALL-UNNAMED --add-opens=java.prefs/java.util.prefs=ALL-UNNAMED -Xmx2048m -Dfile.encoding=UTF-8 -Duser.country=UA -Duser.language=uk -Duser.variant org.gradle.launcher.daemon.bootstrap.GradleDaemon 6.7.1

Host: AMD Ryzen 7 4800H with Radeon Graphics         , 16 cores, 7G,  Windows 10 , 64 bit Build 19041 (10.0.19041.1566)
Time: Thu Mar 31 10:55:39 2022 Ô³íëÿíä³ÿ (ë³òî) elapsed time: 6 seconds (0d 0h 0m 6s)

---------------  T H R E A D  ---------------

Current thread (0x00000227fee9d800):  VMThread "VM Thread" [stack: 0x00000028cbf00000,0x00000028cc000000] [id=2756]

Stack: [0x00000028cbf00000,0x00000028cc000000]
[error occurred during error reporting (printing stack bounds), id 0xc0000005, EXCEPTION_ACCESS_VIOLATION (0xc0000005) at pc=0x0000022780000dad]

Native frames: (J=compiled Java code, j=interpreted, Vv=VM code, C=native code)
V  [jvm.dll+0x5de50a]
V  [jvm.dll+0x7122f5]
V  [jvm.dll+0x71384d]
V  [jvm.dll+0x713e65]
V  [jvm.dll+0x713e1b]
V  [jvm.dll+0x5dd958]
V  [jvm.dll+0x5de0f8]
C  [ntdll.dll+0xa20cf]
C  [ntdll.dll+0x51454]
C  [ntdll.dll+0xa0bfe]
C  0x0000022780000dad

VM_Operation (0x00000028cd8f0870): CollectForMetadataAllocation, mode: safepoint, requested by thread 0x00000227910dc800


---------------  P R O C E S S  ---------------

Threads class SMR info:
_java_thread_list=0x00000227923b6d10, length=151, elements={
0x00000227f30fa800, 0x00000227feea2800, 0x00000227feeac000, 0x00000227feebe000,
0x00000227feec0000, 0x00000227feec4000, 0x00000227feec9000, 0x00000227feedb000,
0x00000227ff96a800, 0x00000227ff982800, 0x00000227ff9df800, 0x00000227ffb16800,
0x000002278f782000, 0x000002278fa8d000, 0x0000022790b60000, 0x000002279054d000,
0x0000022790dca800, 0x000002278ffed000, 0x0000022790ecb800, 0x0000022790e4b800,
0x00000227913b0000, 0x00000227910dc800, 0x000002278ffeb000, 0x0000022790114800,
0x0000022790f56800, 0x00000227910d7000, 0x00000227910d5800, 0x00000227910d6000,
0x00000227910d3000, 0x00000227910d8000, 0x00000227910d2000, 0x00000227910d8800,
0x00000227910d4000, 0x00000227910d4800, 0x000002279110a800, 0x000002279110e000,
0x0000022791109000, 0x000002279110b800, 0x000002279110f800, 0x000002279110a000,
0x0000022791114800, 0x0000022791113000, 0x0000022791111800, 0x0000022791112000,
0x0000022791115800, 0x0000022791116000, 0x0000022791113800, 0x0000022791110800,
0x0000022791e06000, 0x0000022791e0a000, 0x0000022791e08800, 0x0000022791e05000,
0x0000022791e09000, 0x0000022791e04000, 0x0000022791e06800, 0x0000022791e0a800,
0x0000022791e0b800, 0x0000022791e07800, 0x0000022791e0d000, 0x0000022791e0c800,
0x0000022791e0e000, 0x0000022791e11800, 0x0000022791e0f800, 0x0000022791e10800,
0x0000022791e0f000, 0x0000022791e12000, 0x0000022791e13000, 0x00000227942cf800,
0x00000227942ca000, 0x00000227942cd000, 0x00000227942cb800, 0x00000227942d0800,
0x00000227942ce000, 0x00000227942cc800, 0x00000227942cf000, 0x00000227942cb000,
0x00000227942d1800, 0x00000227942d7000, 0x00000227942d4000, 0x00000227942d8000,
0x00000227942d2000, 0x00000227942d8800, 0x00000227942d3000, 0x00000227942d4800,
0x00000227942d6000, 0x00000227942d5800, 0x00000227954b7000, 0x00000227954b4000,
0x00000227954b3000, 0x00000227954b1800, 0x00000227954b4800, 0x00000227954b5800,
0x00000227954b6800, 0x00000227954b8000, 0x00000227954b2800, 0x00000227954ba800,
0x00000227954be800, 0x00000227954bd800, 0x00000227954bb800, 0x00000227954b9000,
0x00000227954bc000, 0x00000227954bd000, 0x00000227954bf800, 0x00000227954b9800,
0x00000227954c0000, 0x0000022793a7c000, 0x0000022793a7a000, 0x0000022793a7b000,
0x0000022793a76000, 0x0000022793a7c800, 0x0000022793a77000, 0x0000022793a7d800,
0x0000022793a78800, 0x0000022793a78000, 0x0000022793a7e800, 0x0000022793a7f000,
0x0000022793a79800, 0x0000022793a85000, 0x0000022793a80000, 0x0000022793a81000,
0x0000022793a81800, 0x0000022793a82800, 0x0000022793a83000, 0x0000022793a84000,
0x0000022792381800, 0x000002279237f000, 0x0000022792382800, 0x0000022792380000,
0x000002279237e000, 0x000002279237d800, 0x000002279237c800, 0x0000022792384000,
0x0000022792385000, 0x0000022792383000, 0x0000022792385800, 0x0000022792380800,
0x0000022792386800, 0x000002279238b800, 0x0000022792387000, 0x0000022792388000,
0x0000022792389000, 0x0000022792389800, 0x000002279238a800, 0x000002279443d000,
0x0000022794443800, 0x000002279443e000, 0x000002279443f800, 0x0000022794444800,
0x000002278f2b1800, 0x0000022794440800, 0x0000022791b3d000
}

Java Threads: ( => current thread )
  0x00000227f30fa800 JavaThread "main" [_thread_blocked, id=1296, stack(0x00000028cb900000,0x00000028cba00000)]
  0x00000227feea2800 JavaThread "Reference Handler" daemon [_thread_blocked, id=12876, stack(0x00000028cc000000,0x00000028cc100000)]
  0x00000227feeac000 JavaThread "Finalizer" daemon [_thread_blocked, id=10116, stack(0x00000028cc100000,0x00000028cc200000)]
  0x00000227feebe000 JavaThread "Signal Dispatcher" daemon [_thread_blocked, id=16116, stack(0x00000028cc200000,0x00000028cc300000)]
  0x00000227feec0000 JavaThread "Attach Listener" daemon [_thread_blocked, id=7676, stack(0x00000028cc300000,0x00000028cc400000)]
  0x00000227feec4000 JavaThread "C2 CompilerThread0" daemon [_thread_in_native, id=5312, stack(0x00000028cc400000,0x00000028cc500000)]
  0x00000227feec9000 JavaThread "C1 CompilerThread0" daemon [_thread_blocked, id=9252, stack(0x00000028cc500000,0x00000028cc600000)]
  0x00000227feedb000 JavaThread "Sweeper thread" daemon [_thread_blocked, id=5528, stack(0x00000028cc600000,0x00000028cc700000)]
  0x00000227ff96a800 JavaThread "C1 CompilerThread1" daemon [_thread_blocked, id=9212, stack(0x00000028cc700000,0x00000028cc800000)]
  0x00000227ff982800 JavaThread "Common-Cleaner" daemon [_thread_blocked, id=13756, stack(0x00000028cc800000,0x00000028cc900000)]
  0x00000227ff9df800 JavaThread "Service Thread" daemon [_thread_blocked, id=10924, stack(0x00000028cc900000,0x00000028cca00000)]
  0x00000227ffb16800 JavaThread "C2 CompilerThread1" daemon [_thread_blocked, id=12708, stack(0x00000028ccb00000,0x00000028ccc00000)]
  0x000002278f782000 JavaThread "C1 CompilerThread2" daemon [_thread_blocked, id=11364, stack(0x00000028ccc00000,0x00000028ccd00000)]
  0x000002278fa8d000 JavaThread "C2 CompilerThread2" daemon [_thread_in_native, id=10468, stack(0x00000028cce00000,0x00000028ccf00000)]
  0x0000022790b60000 JavaThread "C1 CompilerThread3" daemon [_thread_blocked, id=15420, stack(0x00000028cd000000,0x00000028cd100000)]
  0x000002279054d000 JavaThread "Daemon health stats" [_thread_blocked, id=1344, stack(0x00000028cd100000,0x00000028cd200000)]
  0x0000022790dca800 JavaThread "Incoming local TCP Connector on port 63219" [_thread_in_native, id=8740, stack(0x00000028cd300000,0x00000028cd400000)]
  0x000002278ffed000 JavaThread "Daemon periodic checks" [_thread_blocked, id=14224, stack(0x00000028cd400000,0x00000028cd500000)]
  0x0000022790ecb800 JavaThread "Daemon" [_thread_blocked, id=13968, stack(0x00000028cd500000,0x00000028cd600000)]
  0x0000022790e4b800 JavaThread "Handler for socket connection from /127.0.0.1:63219 to /127.0.0.1:63220" [_thread_in_native, id=4872, stack(0x00000028cd600000,0x00000028cd700000)]
  0x00000227913b0000 JavaThread "Cancel handler" [_thread_blocked, id=5572, stack(0x00000028cd700000,0x00000028cd800000)]
  0x00000227910dc800 JavaThread "Daemon worker" [_thread_blocked, id=10428, stack(0x00000028cd800000,0x00000028cd900000)]
  0x000002278ffeb000 JavaThread "Asynchronous log dispatcher for DefaultDaemonConnection: socket connection from /127.0.0.1:63219 to /127.0.0.1:63220" [_thread_blocked, id=2008, stack(0x00000028cd900000,0x00000028cda00000)]
  0x0000022790114800 JavaThread "Stdin handler" [_thread_blocked, id=5268, stack(0x00000028cda00000,0x00000028cdb00000)]
  0x0000022790f56800 JavaThread "Thread-8" [_thread_blocked, id=6148, stack(0x00000028cdb00000,0x00000028cdc00000)]
  0x00000227910d7000 JavaThread "Cache worker for file hash cache (C:\Users\Admin\.gradle\caches\6.7.1\fileHashes)" [_thread_blocked, id=9628, stack(0x00000028ce800000,0x00000028ce900000)]
  0x00000227910d5800 JavaThread "File lock request listener" [_thread_in_native, id=13248, stack(0x00000028ce900000,0x00000028cea00000)]
  0x00000227910d6000 JavaThread "Cache worker for journal cache (C:\Users\Admin\.gradle\caches\journal-1)" [_thread_blocked, id=2104, stack(0x00000028cec00000,0x00000028ced00000)]
  0x00000227910d3000 JavaThread "Cache worker for file hash cache (B:\programs\Java_dev\codes\Alarm\.gradle\6.7.1\fileHashes)" [_thread_blocked, id=13236, stack(0x00000028ced00000,0x00000028cee00000)]
  0x00000227910d8000 JavaThread "Cache worker for checksums cache (B:\programs\Java_dev\codes\Alarm\.gradle\checksums)" [_thread_blocked, id=12720, stack(0x00000028cee00000,0x00000028cef00000)]
  0x00000227910d2000 JavaThread "Cache worker for cache directory md-supplier (C:\Users\Admin\.gradle\caches\6.7.1\md-supplier)" [_thread_blocked, id=2468, stack(0x00000028cef00000,0x00000028cf000000)]
  0x00000227910d8800 JavaThread "Cache worker for cache directory md-rule (C:\Users\Admin\.gradle\caches\6.7.1\md-rule)" [_thread_blocked, id=5064, stack(0x00000028cf000000,0x00000028cf100000)]
  0x00000227910d4000 JavaThread "Cache worker for execution history cache (C:\Users\Admin\.gradle\caches\6.7.1\executionHistory)" [_thread_blocked, id=9256, stack(0x00000028cf100000,0x00000028cf200000)]
  0x00000227910d4800 JavaThread "jar transforms" [_thread_blocked, id=12780, stack(0x00000028cf200000,0x00000028cf300000)]
  0x000002279110a800 JavaThread "Cache worker for file content cache (C:\Users\Admin\.gradle\caches\6.7.1\fileContent)" [_thread_blocked, id=14348, stack(0x00000028cf300000,0x00000028cf400000)]
  0x000002279110e000 JavaThread "Cache worker for Build Output Cleanup Cache (B:\programs\Java_dev\codes\Alarm\.gradle\buildOutputCleanup)" [_thread_blocked, id=11652, stack(0x00000028cf400000,0x00000028cf500000)]
  0x0000022791109000 JavaThread "Build operations" [_thread_blocked, id=11924, stack(0x00000028cf500000,0x00000028cf600000)]
  0x000002279110b800 JavaThread "Build operations Thread 2" [_thread_blocked, id=15508, stack(0x00000028cf600000,0x00000028cf700000)]
  0x000002279110f800 JavaThread "Build operations Thread 3" [_thread_blocked, id=9672, stack(0x00000028cf700000,0x00000028cf800000)]
  0x000002279110a000 JavaThread "Build operations Thread 4" [_thread_blocked, id=16152, stack(0x00000028cf800000,0x00000028cf900000)]
  0x0000022791114800 JavaThread "Build operations Thread 5" [_thread_blocked, id=15596, stack(0x00000028cf900000,0x00000028cfa00000)]
  0x0000022791113000 JavaThread "Build operations Thread 6" [_thread_blocked, id=7024, stack(0x00000028cfa00000,0x00000028cfb00000)]
  0x0000022791111800 JavaThread "Build operations Thread 7" [_thread_blocked, id=6132, stack(0x00000028cfb00000,0x00000028cfc00000)]
  0x0000022791112000 JavaThread "Build operations Thread 8" [_thread_blocked, id=732, stack(0x00000028cfc00000,0x00000028cfd00000)]
  0x0000022791115800 JavaThread "Build operations Thread 9" [_thread_blocked, id=7788, stack(0x00000028cfd00000,0x00000028cfe00000)]
  0x0000022791116000 JavaThread "Build operations Thread 10" [_thread_blocked, id=2636, stack(0x00000028cfe00000,0x00000028cff00000)]
  0x0000022791113800 JavaThread "Build operations Thread 11" [_thread_blocked, id=15380, stack(0x00000028cff00000,0x00000028d0000000)]
  0x0000022791110800 JavaThread "Build operations Thread 12" [_thread_blocked, id=8752, stack(0x00000028d0000000,0x00000028d0100000)]
  0x0000022791e06000 JavaThread "Build operations Thread 13" [_thread_blocked, id=14176, stack(0x00000028d0100000,0x00000028d0200000)]
  0x0000022791e0a000 JavaThread "Build operations Thread 14" [_thread_blocked, id=1060, stack(0x00000028d0200000,0x00000028d0300000)]
  0x0000022791e08800 JavaThread "Build operations Thread 15" [_thread_blocked, id=14320, stack(0x00000028d0300000,0x00000028d0400000)]
  0x0000022791e05000 JavaThread "Build operations Thread 16" [_thread_blocked, id=13116, stack(0x00000028d0400000,0x00000028d0500000)]
  0x0000022791e09000 JavaThread "jar transforms Thread 2" [_thread_blocked, id=13128, stack(0x00000028d0500000,0x00000028d0600000)]
  0x0000022791e04000 JavaThread "jar transforms Thread 3" [_thread_blocked, id=14204, stack(0x00000028d0600000,0x00000028d0700000)]
  0x0000022791e06800 JavaThread "jar transforms Thread 4" [_thread_blocked, id=15064, stack(0x00000028d0700000,0x00000028d0800000)]
  0x0000022791e0a800 JavaThread "jar transforms Thread 5" [_thread_blocked, id=15736, stack(0x00000028d0800000,0x00000028d0900000)]
  0x0000022791e0b800 JavaThread "jar transforms Thread 6" [_thread_blocked, id=7684, stack(0x00000028d0900000,0x00000028d0a00000)]
  0x0000022791e07800 JavaThread "jar transforms Thread 7" [_thread_blocked, id=5456, stack(0x00000028d0a00000,0x00000028d0b00000)]
  0x0000022791e0d000 JavaThread "jar transforms Thread 8" [_thread_blocked, id=8100, stack(0x00000028d0b00000,0x00000028d0c00000)]
  0x0000022791e0c800 JavaThread "jar transforms Thread 9" [_thread_blocked, id=11932, stack(0x00000028d0c00000,0x00000028d0d00000)]
  0x0000022791e0e000 JavaThread "jar transforms Thread 10" [_thread_blocked, id=16164, stack(0x00000028d0d00000,0x00000028d0e00000)]
  0x0000022791e11800 JavaThread "jar transforms Thread 11" [_thread_blocked, id=4484, stack(0x00000028d0e00000,0x00000028d0f00000)]
  0x0000022791e0f800 JavaThread "jar transforms Thread 12" [_thread_blocked, id=7448, stack(0x00000028d0f00000,0x00000028d1000000)]
  0x0000022791e10800 JavaThread "jar transforms Thread 13" [_thread_blocked, id=8924, stack(0x00000028d1000000,0x00000028d1100000)]
  0x0000022791e0f000 JavaThread "jar transforms Thread 14" [_thread_blocked, id=11340, stack(0x00000028d1100000,0x00000028d1200000)]
  0x0000022791e12000 JavaThread "jar transforms Thread 15" [_thread_blocked, id=13836, stack(0x00000028d1200000,0x00000028d1300000)]
  0x0000022791e13000 JavaThread "jar transforms Thread 16" [_thread_blocked, id=12980, stack(0x00000028d1300000,0x00000028d1400000)]
  0x00000227942cf800 JavaThread "jar transforms Thread 17" [_thread_blocked, id=13000, stack(0x00000028d1400000,0x00000028d1500000)]
  0x00000227942ca000 JavaThread "jar transforms Thread 18" [_thread_blocked, id=13200, stack(0x00000028d1500000,0x00000028d1600000)]
  0x00000227942cd000 JavaThread "jar transforms Thread 19" [_thread_blocked, id=15412, stack(0x00000028d1600000,0x00000028d1700000)]
  0x00000227942cb800 JavaThread "jar transforms Thread 20" [_thread_blocked, id=6412, stack(0x00000028d1700000,0x00000028d1800000)]
  0x00000227942d0800 JavaThread "jar transforms Thread 21" [_thread_blocked, id=12452, stack(0x00000028d1800000,0x00000028d1900000)]
  0x00000227942ce000 JavaThread "jar transforms Thread 22" [_thread_blocked, id=12700, stack(0x00000028d1900000,0x00000028d1a00000)]
  0x00000227942cc800 JavaThread "jar transforms Thread 23" [_thread_blocked, id=14932, stack(0x00000028d1a00000,0x00000028d1b00000)]
  0x00000227942cf000 JavaThread "jar transforms Thread 24" [_thread_blocked, id=544, stack(0x00000028d1b00000,0x00000028d1c00000)]
  0x00000227942cb000 JavaThread "jar transforms Thread 25" [_thread_blocked, id=5204, stack(0x00000028d1c00000,0x00000028d1d00000)]
  0x00000227942d1800 JavaThread "jar transforms Thread 26" [_thread_blocked, id=10996, stack(0x00000028d1d00000,0x00000028d1e00000)]
  0x00000227942d7000 JavaThread "jar transforms Thread 27" [_thread_blocked, id=1188, stack(0x00000028d1e00000,0x00000028d1f00000)]
  0x00000227942d4000 JavaThread "jar transforms Thread 28" [_thread_blocked, id=13256, stack(0x00000028d1f00000,0x00000028d2000000)]
  0x00000227942d8000 JavaThread "jar transforms Thread 29" [_thread_blocked, id=6676, stack(0x00000028d2000000,0x00000028d2100000)]
  0x00000227942d2000 JavaThread "jar transforms Thread 30" [_thread_blocked, id=3860, stack(0x00000028d2100000,0x00000028d2200000)]
  0x00000227942d8800 JavaThread "jar transforms Thread 31" [_thread_blocked, id=7096, stack(0x00000028d2200000,0x00000028d2300000)]
  0x00000227942d3000 JavaThread "jar transforms Thread 32" [_thread_blocked, id=1860, stack(0x00000028d2300000,0x00000028d2400000)]
  0x00000227942d4800 JavaThread "jar transforms Thread 33" [_thread_blocked, id=11948, stack(0x00000028d2400000,0x00000028d2500000)]
  0x00000227942d6000 JavaThread "jar transforms Thread 34" [_thread_blocked, id=1672, stack(0x00000028d2500000,0x00000028d2600000)]
  0x00000227942d5800 JavaThread "jar transforms Thread 35" [_thread_blocked, id=9676, stack(0x00000028d2600000,0x00000028d2700000)]
  0x00000227954b7000 JavaThread "jar transforms Thread 36" [_thread_blocked, id=3700, stack(0x00000028d2700000,0x00000028d2800000)]
  0x00000227954b4000 JavaThread "jar transforms Thread 37" [_thread_blocked, id=15924, stack(0x00000028d2800000,0x00000028d2900000)]
  0x00000227954b3000 JavaThread "jar transforms Thread 38" [_thread_blocked, id=16368, stack(0x00000028d2900000,0x00000028d2a00000)]
  0x00000227954b1800 JavaThread "jar transforms Thread 39" [_thread_blocked, id=15980, stack(0x00000028d2a00000,0x00000028d2b00000)]
  0x00000227954b4800 JavaThread "jar transforms Thread 40" [_thread_blocked, id=7896, stack(0x00000028d2b00000,0x00000028d2c00000)]
  0x00000227954b5800 JavaThread "jar transforms Thread 41" [_thread_blocked, id=11796, stack(0x00000028d2c00000,0x00000028d2d00000)]
  0x00000227954b6800 JavaThread "jar transforms Thread 42" [_thread_blocked, id=2576, stack(0x00000028d2d00000,0x00000028d2e00000)]
  0x00000227954b8000 JavaThread "jar transforms Thread 43" [_thread_blocked, id=7856, stack(0x00000028d2e00000,0x00000028d2f00000)]
  0x00000227954b2800 JavaThread "jar transforms Thread 44" [_thread_blocked, id=10892, stack(0x00000028d2f00000,0x00000028d3000000)]
  0x00000227954ba800 JavaThread "jar transforms Thread 45" [_thread_blocked, id=1868, stack(0x00000028d3000000,0x00000028d3100000)]
  0x00000227954be800 JavaThread "jar transforms Thread 46" [_thread_blocked, id=2888, stack(0x00000028d3100000,0x00000028d3200000)]
  0x00000227954bd800 JavaThread "jar transforms Thread 47" [_thread_blocked, id=5756, stack(0x00000028d3200000,0x00000028d3300000)]
  0x00000227954bb800 JavaThread "jar transforms Thread 48" [_thread_blocked, id=11424, stack(0x00000028d3300000,0x00000028d3400000)]
  0x00000227954b9000 JavaThread "jar transforms Thread 49" [_thread_blocked, id=2264, stack(0x00000028d3400000,0x00000028d3500000)]
  0x00000227954bc000 JavaThread "jar transforms Thread 50" [_thread_blocked, id=12076, stack(0x00000028d3500000,0x00000028d3600000)]
  0x00000227954bd000 JavaThread "jar transforms Thread 51" [_thread_blocked, id=13920, stack(0x00000028d3600000,0x00000028d3700000)]
  0x00000227954bf800 JavaThread "jar transforms Thread 52" [_thread_blocked, id=8500, stack(0x00000028d3700000,0x00000028d3800000)]
  0x00000227954b9800 JavaThread "jar transforms Thread 53" [_thread_blocked, id=15764, stack(0x00000028d3800000,0x00000028d3900000)]
  0x00000227954c0000 JavaThread "jar transforms Thread 54" [_thread_blocked, id=1600, stack(0x00000028d3900000,0x00000028d3a00000)]
  0x0000022793a7c000 JavaThread "jar transforms Thread 55" [_thread_blocked, id=12976, stack(0x00000028d3a00000,0x00000028d3b00000)]
  0x0000022793a7a000 JavaThread "jar transforms Thread 56" [_thread_blocked, id=8592, stack(0x00000028d3b00000,0x00000028d3c00000)]
  0x0000022793a7b000 JavaThread "jar transforms Thread 57" [_thread_blocked, id=12248, stack(0x00000028d3c00000,0x00000028d3d00000)]
  0x0000022793a76000 JavaThread "jar transforms Thread 58" [_thread_blocked, id=12340, stack(0x00000028d3d00000,0x00000028d3e00000)]
  0x0000022793a7c800 JavaThread "jar transforms Thread 59" [_thread_blocked, id=1512, stack(0x00000028d3e00000,0x00000028d3f00000)]
  0x0000022793a77000 JavaThread "jar transforms Thread 60" [_thread_blocked, id=15844, stack(0x00000028d3f00000,0x00000028d4000000)]
  0x0000022793a7d800 JavaThread "jar transforms Thread 61" [_thread_blocked, id=15788, stack(0x00000028d4000000,0x00000028d4100000)]
  0x0000022793a78800 JavaThread "jar transforms Thread 62" [_thread_blocked, id=14116, stack(0x00000028d4100000,0x00000028d4200000)]
  0x0000022793a78000 JavaThread "jar transforms Thread 63" [_thread_blocked, id=5208, stack(0x00000028d4200000,0x00000028d4300000)]
  0x0000022793a7e800 JavaThread "jar transforms Thread 64" [_thread_blocked, id=5344, stack(0x00000028d4300000,0x00000028d4400000)]
  0x0000022793a7f000 JavaThread "jar transforms Thread 65" [_thread_blocked, id=8632, stack(0x00000028d4400000,0x00000028d4500000)]
  0x0000022793a79800 JavaThread "jar transforms Thread 66" [_thread_blocked, id=2260, stack(0x00000028d4500000,0x00000028d4600000)]
  0x0000022793a85000 JavaThread "jar transforms Thread 67" [_thread_blocked, id=9740, stack(0x00000028d4600000,0x00000028d4700000)]
  0x0000022793a80000 JavaThread "jar transforms Thread 68" [_thread_blocked, id=5396, stack(0x00000028d4700000,0x00000028d4800000)]
  0x0000022793a81000 JavaThread "jar transforms Thread 69" [_thread_blocked, id=12040, stack(0x00000028d4800000,0x00000028d4900000)]
  0x0000022793a81800 JavaThread "jar transforms Thread 70" [_thread_blocked, id=14312, stack(0x00000028d4900000,0x00000028d4a00000)]
  0x0000022793a82800 JavaThread "jar transforms Thread 71" [_thread_blocked, id=988, stack(0x00000028d4a00000,0x00000028d4b00000)]
  0x0000022793a83000 JavaThread "jar transforms Thread 72" [_thread_blocked, id=12552, stack(0x00000028d4b00000,0x00000028d4c00000)]
  0x0000022793a84000 JavaThread "jar transforms Thread 73" [_thread_blocked, id=8468, stack(0x00000028d4c00000,0x00000028d4d00000)]
  0x0000022792381800 JavaThread "jar transforms Thread 74" [_thread_blocked, id=916, stack(0x00000028d4d00000,0x00000028d4e00000)]
  0x000002279237f000 JavaThread "jar transforms Thread 75" [_thread_blocked, id=8824, stack(0x00000028d4e00000,0x00000028d4f00000)]
  0x0000022792382800 JavaThread "jar transforms Thread 76" [_thread_blocked, id=16196, stack(0x00000028d4f00000,0x00000028d5000000)]
  0x0000022792380000 JavaThread "jar transforms Thread 77" [_thread_blocked, id=10800, stack(0x00000028d5000000,0x00000028d5100000)]
  0x000002279237e000 JavaThread "jar transforms Thread 78" [_thread_blocked, id=5672, stack(0x00000028d5100000,0x00000028d5200000)]
  0x000002279237d800 JavaThread "jar transforms Thread 79" [_thread_blocked, id=9652, stack(0x00000028d5200000,0x00000028d5300000)]
  0x000002279237c800 JavaThread "jar transforms Thread 80" [_thread_blocked, id=3588, stack(0x00000028d5300000,0x00000028d5400000)]
  0x0000022792384000 JavaThread "jar transforms Thread 81" [_thread_blocked, id=13820, stack(0x00000028d5400000,0x00000028d5500000)]
  0x0000022792385000 JavaThread "jar transforms Thread 82" [_thread_blocked, id=7080, stack(0x00000028d5500000,0x00000028d5600000)]
  0x0000022792383000 JavaThread "jar transforms Thread 83" [_thread_blocked, id=9284, stack(0x00000028d5600000,0x00000028d5700000)]
  0x0000022792385800 JavaThread "jar transforms Thread 84" [_thread_blocked, id=14128, stack(0x00000028d5700000,0x00000028d5800000)]
  0x0000022792380800 JavaThread "jar transforms Thread 85" [_thread_blocked, id=3148, stack(0x00000028d5800000,0x00000028d5900000)]
  0x0000022792386800 JavaThread "jar transforms Thread 86" [_thread_blocked, id=15600, stack(0x00000028d5900000,0x00000028d5a00000)]
  0x000002279238b800 JavaThread "jar transforms Thread 87" [_thread_blocked, id=2380, stack(0x00000028d5a00000,0x00000028d5b00000)]
  0x0000022792387000 JavaThread "jar transforms Thread 88" [_thread_blocked, id=8020, stack(0x00000028d5b00000,0x00000028d5c00000)]
  0x0000022792388000 JavaThread "jar transforms Thread 89" [_thread_blocked, id=11000, stack(0x00000028d5c00000,0x00000028d5d00000)]
  0x0000022792389000 JavaThread "jar transforms Thread 90" [_thread_blocked, id=10784, stack(0x00000028d5d00000,0x00000028d5e00000)]
  0x0000022792389800 JavaThread "jar transforms Thread 91" [_thread_blocked, id=10420, stack(0x00000028d5e00000,0x00000028d5f00000)]
  0x000002279238a800 JavaThread "jar transforms Thread 92" [_thread_blocked, id=9152, stack(0x00000028d5f00000,0x00000028d6000000)]
  0x000002279443d000 JavaThread "jar transforms Thread 93" [_thread_blocked, id=12220, stack(0x00000028d6000000,0x00000028d6100000)]
  0x0000022794443800 JavaThread "jar transforms Thread 94" [_thread_blocked, id=6320, stack(0x00000028d6100000,0x00000028d6200000)]
  0x000002279443e000 JavaThread "jar transforms Thread 95" [_thread_blocked, id=12168, stack(0x00000028d6200000,0x00000028d6300000)]
  0x000002279443f800 JavaThread "jar transforms Thread 96" [_thread_blocked, id=7664, stack(0x00000028d6300000,0x00000028d6400000)]
  0x0000022794444800 JavaThread "jar transforms Thread 97" [_thread_blocked, id=11460, stack(0x00000028d6400000,0x00000028d6500000)]
  0x000002278f2b1800 JavaThread "C2 CompilerThread3" daemon [_thread_in_native, id=1944, stack(0x00000028d6500000,0x00000028d6600000)]
  0x0000022794440800 JavaThread "Memory manager" [_thread_blocked, id=10984, stack(0x00000028d6600000,0x00000028d6700000)]
  0x0000022791b3d000 JavaThread "C2 CompilerThread4" daemon [_thread_blocked, id=2720, stack(0x00000028d6700000,0x00000028d6800000)]

Other Threads:
=>0x00000227fee9d800 VMThread "VM Thread" [stack: 0x00000028cbf00000,0x00000028cc000000] [id=2756]
  0x00000227ffa1a800 WatcherThread [stack: 0x00000028cca00000,0x00000028ccb00000] [id=5476]
  0x00000227f3113000 GCTaskThread "GC Thread#0" [stack: 0x00000028cba00000,0x00000028cbb00000] [id=15724]
  0x000002278f834800 GCTaskThread "GC Thread#1" [stack: 0x00000028ccd00000,0x00000028cce00000] [id=7956]
  0x000002279033b000 GCTaskThread "GC Thread#2" [stack: 0x00000028cdc00000,0x00000028cdd00000] [id=908]
  0x0000022791864800 GCTaskThread "GC Thread#3" [stack: 0x00000028cdd00000,0x00000028cde00000] [id=14992]
  0x0000022790f07800 GCTaskThread "GC Thread#4" [stack: 0x00000028cde00000,0x00000028cdf00000] [id=4656]
  0x0000022790cb3800 GCTaskThread "GC Thread#5" [stack: 0x00000028cdf00000,0x00000028ce000000] [id=12688]
  0x00000227919f9800 GCTaskThread "GC Thread#6" [stack: 0x00000028ce000000,0x00000028ce100000] [id=3132]
  0x000002279031d000 GCTaskThread "GC Thread#7" [stack: 0x00000028ce100000,0x00000028ce200000] [id=14324]
  0x0000022791514800 GCTaskThread "GC Thread#8" [stack: 0x00000028ce200000,0x00000028ce300000] [id=14432]
  0x00000227901ad000 GCTaskThread "GC Thread#9" [stack: 0x00000028ce300000,0x00000028ce400000] [id=9712]
  0x0000022790eaf000 GCTaskThread "GC Thread#10" [stack: 0x00000028ce400000,0x00000028ce500000] [id=11608]
  0x0000022790eb4000 GCTaskThread "GC Thread#11" [stack: 0x00000028ce500000,0x00000028ce600000] [id=2168]
  0x0000022790eb0000 GCTaskThread "GC Thread#12" [stack: 0x00000028ce600000,0x00000028ce700000] [id=9004]
  0x00000227f3145800 ConcurrentGCThread "G1 Main Marker" [stack: 0x00000028cbb00000,0x00000028cbc00000] [id=15268]
  0x00000227f3147000 ConcurrentGCThread "G1 Conc#0" [stack: 0x00000028cbc00000,0x00000028cbd00000] [id=15424]
  0x0000022790eae800 ConcurrentGCThread "G1 Conc#1" [stack: 0x00000028cea00000,0x00000028ceb00000] [id=14552]
  0x0000022790eb5000 ConcurrentGCThread "G1 Conc#2" [stack: 0x00000028ceb00000,0x00000028cec00000] [id=15696]
  0x00000227fecf1800 ConcurrentGCThread "G1 Refine#0" [stack: 0x00000028cbd00000,0x00000028cbe00000] [id=10868]
  0x000002278fa62800 ConcurrentGCThread "G1 Refine#1" [stack: 0x00000028ce700000,0x00000028ce800000] [id=7460]
  0x00000227f31de000 ConcurrentGCThread "G1 Young RemSet Sampling" [stack: 0x00000028cbe00000,0x00000028cbf00000] [id=14092]

Threads with active compile tasks:
C2 CompilerThread0   6012 5857       4       com.google.gson.stream.JsonReader::nextQuotedValue (271 bytes)
C2 CompilerThread2   6012 5874       4       java.util.TreeMap::fixAfterInsertion (267 bytes)
C2 CompilerThread3   6012 5588 % !   4       java.util.jar.Attributes::read @ 185 (388 bytes)
C2 CompilerThread4   6012 5871       4       java.util.TreeMap::put (247 bytes)

VM state:at safepoint (normal execution)

VM Mutex/Monitor currently owned by a thread:  ([mutex/lock_event])
[0x00000227f30f67e0] Threads_lock - owner thread: 0x00000227fee9d800
[0x00000227f30f5160] Heap_lock - owner thread: 0x00000227910dc800

Heap address: 0x0000000080000000, size: 2048 MB, Compressed Oops mode: 32-bit
Narrow klass base: 0x0000000000000000, Narrow klass shift: 3
Compressed class space size: 1073741824 Address: 0x0000000100000000

Heap:
 garbage-first heap   total 177152K, used 43737K [0x0000000080000000, 0x0000000100000000)
  region size 1024K, 7 young (7168K), 7 survivors (7168K)
 Metaspace       used 58913K, capacity 60368K, committed 60496K, reserved 1101824K
  class space    used 7444K, capacity 7952K, committed 8064K, reserved 1048576K
Heap Regions: E=young(eden), S=young(survivor), O=old, HS=humongous(starts), HC=humongous(continues), CS=collection set, F=free, A=archive, TAMS=top-at-mark-start (previous, next)
|   0|0x0000000080000000, 0x0000000080100000, 0x0000000080100000|100%| O|  |TAMS 0x0000000080100000, 0x0000000080100000| Untracked 
|   1|0x0000000080100000, 0x0000000080200000, 0x0000000080200000|100%| O|  |TAMS 0x0000000080200000, 0x0000000080200000| Untracked 
|   2|0x0000000080200000, 0x0000000080300000, 0x0000000080300000|100%| O|  |TAMS 0x0000000080300000, 0x0000000080300000| Untracked 
|   3|0x0000000080300000, 0x0000000080400000, 0x0000000080400000|100%|HS|  |TAMS 0x0000000080400000, 0x0000000080400000| Complete 
|   4|0x0000000080400000, 0x0000000080500000, 0x0000000080500000|100%|HC|  |TAMS 0x0000000080500000, 0x0000000080500000| Complete 
|   5|0x0000000080500000, 0x0000000080600000, 0x0000000080600000|100%|HC|  |TAMS 0x0000000080600000, 0x0000000080600000| Complete 
|   6|0x0000000080600000, 0x0000000080700000, 0x0000000080700000|100%| O|  |TAMS 0x0000000080700000, 0x0000000080700000| Untracked 
|   7|0x0000000080700000, 0x0000000080800000, 0x0000000080800000|100%| O|  |TAMS 0x0000000080800000, 0x0000000080800000| Untracked 
|   8|0x0000000080800000, 0x0000000080900000, 0x0000000080900000|100%| O|  |TAMS 0x0000000080900000, 0x0000000080900000| Untracked 
|   9|0x0000000080900000, 0x0000000080a00000, 0x0000000080a00000|100%| O|  |TAMS 0x0000000080a00000, 0x0000000080a00000| Untracked 
|  10|0x0000000080a00000, 0x0000000080b00000, 0x0000000080b00000|100%| O|  |TAMS 0x0000000080b00000, 0x0000000080b00000| Untracked 
|  11|0x0000000080b00000, 0x0000000080c00000, 0x0000000080c00000|100%| O|  |TAMS 0x0000000080c00000, 0x0000000080c00000| Untracked 
|  12|0x0000000080c00000, 0x0000000080d00000, 0x0000000080d00000|100%| O|  |TAMS 0x0000000080d00000, 0x0000000080d00000| Untracked 
|  13|0x0000000080d00000, 0x0000000080e00000, 0x0000000080e00000|100%| O|  |TAMS 0x0000000080e00000, 0x0000000080e00000| Untracked 
|  14|0x0000000080e00000, 0x0000000080f00000, 0x0000000080f00000|100%| O|  |TAMS 0x0000000080f00000, 0x0000000080f00000| Untracked 
|  15|0x0000000080f00000, 0x0000000081000000, 0x0000000081000000|100%| O|  |TAMS 0x0000000081000000, 0x0000000081000000| Untracked 
|  16|0x0000000081000000, 0x0000000081100000, 0x0000000081100000|100%| O|  |TAMS 0x0000000081100000, 0x0000000081100000| Untracked 
|  17|0x0000000081100000, 0x0000000081200000, 0x0000000081200000|100%| O|  |TAMS 0x0000000081197c00, 0x0000000081200000| Untracked 
|  18|0x0000000081200000, 0x0000000081300000, 0x0000000081300000|100%|HS|  |TAMS 0x0000000081200000, 0x0000000081300000| Complete 
|  19|0x0000000081300000, 0x0000000081400000, 0x0000000081400000|100%|HS|  |TAMS 0x0000000081300000, 0x0000000081400000| Complete 
|  20|0x0000000081400000, 0x0000000081500000, 0x0000000081500000|100%|HC|  |TAMS 0x0000000081400000, 0x0000000081500000| Complete 
|  21|0x0000000081500000, 0x0000000081600000, 0x0000000081600000|100%| O|  |TAMS 0x0000000081500000, 0x0000000081600000| Untracked 
|  22|0x0000000081600000, 0x0000000081700000, 0x0000000081700000|100%| O|  |TAMS 0x0000000081600000, 0x0000000081700000| Untracked 
|  23|0x0000000081700000, 0x0000000081800000, 0x0000000081800000|100%| O|  |TAMS 0x0000000081700000, 0x0000000081800000| Untracked 
|  24|0x0000000081800000, 0x0000000081900000, 0x0000000081900000|100%| O|  |TAMS 0x0000000081800000, 0x0000000081900000| Untracked 
|  25|0x0000000081900000, 0x0000000081a00000, 0x0000000081a00000|100%| O|  |TAMS 0x0000000081900000, 0x0000000081a00000| Untracked 
|  26|0x0000000081a00000, 0x0000000081b00000, 0x0000000081b00000|100%| O|  |TAMS 0x0000000081a00000, 0x0000000081b00000| Untracked 
|  27|0x0000000081b00000, 0x0000000081c00000, 0x0000000081c00000|100%| O|  |TAMS 0x0000000081b00000, 0x0000000081c00000| Untracked 
|  28|0x0000000081c00000, 0x0000000081d00000, 0x0000000081d00000|100%| O|  |TAMS 0x0000000081c00000, 0x0000000081d00000| Untracked 
|  29|0x0000000081d00000, 0x0000000081e00000, 0x0000000081e00000|100%| O|  |TAMS 0x0000000081d00000, 0x0000000081e00000| Untracked 
|  30|0x0000000081e00000, 0x0000000081f00000, 0x0000000081f00000|100%| O|  |TAMS 0x0000000081e00000, 0x0000000081f00000| Untracked 
|  31|0x0000000081f00000, 0x0000000082000000, 0x0000000082000000|100%| O|  |TAMS 0x0000000081f00000, 0x0000000082000000| Untracked 
|  32|0x0000000082000000, 0x0000000082100000, 0x0000000082100000|100%| O|  |TAMS 0x0000000082000000, 0x0000000082100000| Untracked 
|  33|0x0000000082100000, 0x0000000082200000, 0x0000000082200000|100%| O|  |TAMS 0x0000000082100000, 0x0000000082200000| Untracked 
|  34|0x0000000082200000, 0x0000000082300000, 0x0000000082300000|100%| O|  |TAMS 0x0000000082200000, 0x0000000082300000| Untracked 
|  35|0x0000000082300000, 0x00000000823e1200, 0x0000000082400000| 87%| O|  |TAMS 0x0000000082300000, 0x00000000823e1200| Untracked 
|  36|0x0000000082400000, 0x0000000082400000, 0x0000000082500000|  0%| F|  |TAMS 0x0000000082400000, 0x0000000082400000| Untracked 
|  37|0x0000000082500000, 0x0000000082500000, 0x0000000082600000|  0%| F|  |TAMS 0x0000000082500000, 0x0000000082500000| Untracked 
|  38|0x0000000082600000, 0x0000000082600000, 0x0000000082700000|  0%| F|  |TAMS 0x0000000082600000, 0x0000000082600000| Untracked 
|  39|0x0000000082700000, 0x0000000082700000, 0x0000000082800000|  0%| F|  |TAMS 0x0000000082700000, 0x0000000082700000| Untracked 
|  40|0x0000000082800000, 0x0000000082800000, 0x0000000082900000|  0%| F|  |TAMS 0x0000000082800000, 0x0000000082800000| Untracked 
|  41|0x0000000082900000, 0x0000000082900000, 0x0000000082a00000|  0%| F|  |TAMS 0x0000000082900000, 0x0000000082900000| Untracked 
|  42|0x0000000082a00000, 0x0000000082a00000, 0x0000000082b00000|  0%| F|  |TAMS 0x0000000082a00000, 0x0000000082a00000| Untracked 
|  43|0x0000000082b00000, 0x0000000082b00000, 0x0000000082c00000|  0%| F|  |TAMS 0x0000000082b00000, 0x0000000082b00000| Untracked 
|  44|0x0000000082c00000, 0x0000000082c00000, 0x0000000082d00000|  0%| F|  |TAMS 0x0000000082c00000, 0x0000000082c00000| Untracked 
|  45|0x0000000082d00000, 0x0000000082d00000, 0x0000000082e00000|  0%| F|  |TAMS 0x0000000082d00000, 0x0000000082d00000| Untracked 
|  46|0x0000000082e00000, 0x0000000082e00000, 0x0000000082f00000|  0%| F|  |TAMS 0x0000000082e00000, 0x0000000082e00000| Untracked 
|  47|0x0000000082f00000, 0x0000000082f00000, 0x0000000083000000|  0%| F|  |TAMS 0x0000000082f00000, 0x0000000082f00000| Untracked 
|  48|0x0000000083000000, 0x0000000083000000, 0x0000000083100000|  0%| F|  |TAMS 0x0000000083000000, 0x0000000083000000| Untracked 
|  49|0x0000000083100000, 0x0000000083100000, 0x0000000083200000|  0%| F|  |TAMS 0x0000000083100000, 0x0000000083100000| Untracked 
|  50|0x0000000083200000, 0x0000000083200000, 0x0000000083300000|  0%| F|  |TAMS 0x0000000083200000, 0x0000000083200000| Untracked 
|  51|0x0000000083300000, 0x0000000083300000, 0x0000000083400000|  0%| F|  |TAMS 0x0000000083300000, 0x0000000083300000| Untracked 
|  52|0x0000000083400000, 0x0000000083400000, 0x0000000083500000|  0%| F|  |TAMS 0x0000000083400000, 0x0000000083400000| Untracked 
|  53|0x0000000083500000, 0x0000000083500000, 0x0000000083600000|  0%| F|  |TAMS 0x0000000083500000, 0x0000000083500000| Untracked 
|  54|0x0000000083600000, 0x0000000083600000, 0x0000000083700000|  0%| F|  |TAMS 0x0000000083600000, 0x0000000083600000| Untracked 
|  55|0x0000000083700000, 0x0000000083700000, 0x0000000083800000|  0%| F|  |TAMS 0x0000000083700000, 0x0000000083700000| Untracked 
|  56|0x0000000083800000, 0x0000000083800000, 0x0000000083900000|  0%| F|  |TAMS 0x0000000083800000, 0x0000000083800000| Untracked 
|  57|0x0000000083900000, 0x0000000083900000, 0x0000000083a00000|  0%| F|  |TAMS 0x0000000083900000, 0x0000000083900000| Untracked 
|  58|0x0000000083a00000, 0x0000000083a00000, 0x0000000083b00000|  0%| F|  |TAMS 0x0000000083a00000, 0x0000000083a00000| Untracked 
|  59|0x0000000083b00000, 0x0000000083b00000, 0x0000000083c00000|  0%| F|  |TAMS 0x0000000083b00000, 0x0000000083b00000| Untracked 
|  60|0x0000000083c00000, 0x0000000083c00000, 0x0000000083d00000|  0%| F|  |TAMS 0x0000000083c00000, 0x0000000083c00000| Untracked 
|  61|0x0000000083d00000, 0x0000000083d00000, 0x0000000083e00000|  0%| F|  |TAMS 0x0000000083d00000, 0x0000000083d00000| Untracked 
|  62|0x0000000083e00000, 0x0000000083e00000, 0x0000000083f00000|  0%| F|  |TAMS 0x0000000083e00000, 0x0000000083e00000| Untracked 
|  63|0x0000000083f00000, 0x0000000083f00000, 0x0000000084000000|  0%| F|  |TAMS 0x0000000083f00000, 0x0000000083f00000| Untracked 
|  64|0x0000000084000000, 0x0000000084000000, 0x0000000084100000|  0%| F|  |TAMS 0x0000000084000000, 0x0000000084000000| Untracked 
|  65|0x0000000084100000, 0x0000000084100000, 0x0000000084200000|  0%| F|  |TAMS 0x0000000084100000, 0x0000000084100000| Untracked 
|  66|0x0000000084200000, 0x0000000084200000, 0x0000000084300000|  0%| F|  |TAMS 0x0000000084200000, 0x0000000084200000| Untracked 
|  67|0x0000000084300000, 0x0000000084300000, 0x0000000084400000|  0%| F|  |TAMS 0x0000000084300000, 0x0000000084300000| Untracked 
|  68|0x0000000084400000, 0x0000000084400000, 0x0000000084500000|  0%| F|  |TAMS 0x0000000084400000, 0x0000000084400000| Untracked 
|  69|0x0000000084500000, 0x0000000084500000, 0x0000000084600000|  0%| F|  |TAMS 0x0000000084500000, 0x0000000084500000| Untracked 
|  70|0x0000000084600000, 0x0000000084600000, 0x0000000084700000|  0%| F|  |TAMS 0x0000000084600000, 0x0000000084600000| Untracked 
|  71|0x0000000084700000, 0x0000000084700000, 0x0000000084800000|  0%| F|  |TAMS 0x0000000084700000, 0x0000000084700000| Untracked 
|  72|0x0000000084800000, 0x0000000084800000, 0x0000000084900000|  0%| F|  |TAMS 0x0000000084800000, 0x0000000084800000| Untracked 
|  73|0x0000000084900000, 0x0000000084900000, 0x0000000084a00000|  0%| F|  |TAMS 0x0000000084900000, 0x0000000084900000| Untracked 
|  74|0x0000000084a00000, 0x0000000084a00000, 0x0000000084b00000|  0%| F|  |TAMS 0x0000000084a00000, 0x0000000084a00000| Untracked 
|  75|0x0000000084b00000, 0x0000000084b00000, 0x0000000084c00000|  0%| F|  |TAMS 0x0000000084b00000, 0x0000000084b00000| Untracked 
|  76|0x0000000084c00000, 0x0000000084c00000, 0x0000000084d00000|  0%| F|  |TAMS 0x0000000084c00000, 0x0000000084c00000| Untracked 
|  77|0x0000000084d00000, 0x0000000084d00000, 0x0000000084e00000|  0%| F|  |TAMS 0x0000000084d00000, 0x0000000084d00000| Untracked 
|  78|0x0000000084e00000, 0x0000000084e00000, 0x0000000084f00000|  0%| F|  |TAMS 0x0000000084e00000, 0x0000000084e00000| Untracked 
|  79|0x0000000084f00000, 0x0000000084f00000, 0x0000000085000000|  0%| F|  |TAMS 0x0000000084f00000, 0x0000000084f00000| Untracked 
|  80|0x0000000085000000, 0x0000000085000000, 0x0000000085100000|  0%| F|  |TAMS 0x0000000085000000, 0x0000000085000000| Untracked 
|  81|0x0000000085100000, 0x0000000085100000, 0x0000000085200000|  0%| F|  |TAMS 0x0000000085100000, 0x0000000085100000| Untracked 
|  82|0x0000000085200000, 0x0000000085200000, 0x0000000085300000|  0%| F|  |TAMS 0x0000000085200000, 0x0000000085200000| Untracked 
|  83|0x0000000085300000, 0x0000000085300000, 0x0000000085400000|  0%| F|  |TAMS 0x0000000085300000, 0x0000000085300000| Untracked 
|  84|0x0000000085400000, 0x0000000085400000, 0x0000000085500000|  0%| F|  |TAMS 0x0000000085400000, 0x0000000085400000| Untracked 
|  85|0x0000000085500000, 0x0000000085500000, 0x0000000085600000|  0%| F|  |TAMS 0x0000000085500000, 0x0000000085500000| Untracked 
|  86|0x0000000085600000, 0x0000000085600000, 0x0000000085700000|  0%| F|  |TAMS 0x0000000085600000, 0x0000000085600000| Untracked 
|  87|0x0000000085700000, 0x0000000085700000, 0x0000000085800000|  0%| F|  |TAMS 0x0000000085700000, 0x0000000085700000| Untracked 
|  88|0x0000000085800000, 0x0000000085800000, 0x0000000085900000|  0%| F|  |TAMS 0x0000000085800000, 0x0000000085800000| Untracked 
|  89|0x0000000085900000, 0x0000000085900000, 0x0000000085a00000|  0%| F|  |TAMS 0x0000000085900000, 0x0000000085900000| Untracked 
|  90|0x0000000085a00000, 0x0000000085a00000, 0x0000000085b00000|  0%| F|  |TAMS 0x0000000085a00000, 0x0000000085a00000| Untracked 
|  91|0x0000000085b00000, 0x0000000085b00000, 0x0000000085c00000|  0%| F|  |TAMS 0x0000000085b00000, 0x0000000085b00000| Untracked 
|  92|0x0000000085c00000, 0x0000000085c00000, 0x0000000085d00000|  0%| F|  |TAMS 0x0000000085c00000, 0x0000000085c00000| Untracked 
|  93|0x0000000085d00000, 0x0000000085d00000, 0x0000000085e00000|  0%| F|  |TAMS 0x0000000085d00000, 0x0000000085d00000| Untracked 
|  94|0x0000000085e00000, 0x0000000085e00000, 0x0000000085f00000|  0%| F|  |TAMS 0x0000000085e00000, 0x0000000085e00000| Untracked 
|  95|0x0000000085f00000, 0x0000000085f00000, 0x0000000086000000|  0%| F|  |TAMS 0x0000000085f00000, 0x0000000085f00000| Untracked 
|  96|0x0000000086000000, 0x0000000086000000, 0x0000000086100000|  0%| F|  |TAMS 0x0000000086000000, 0x0000000086000000| Untracked 
|  97|0x0000000086100000, 0x00000000861d5380, 0x0000000086200000| 83%| S|CS|TAMS 0x0000000086100000, 0x0000000086100000| Complete 
|  98|0x0000000086200000, 0x0000000086300000, 0x0000000086300000|100%| S|CS|TAMS 0x0000000086200000, 0x0000000086200000| Complete 
|  99|0x0000000086300000, 0x0000000086400000, 0x0000000086400000|100%| S|CS|TAMS 0x0000000086300000, 0x0000000086300000| Complete 
| 100|0x0000000086400000, 0x0000000086500000, 0x0000000086500000|100%| S|CS|TAMS 0x0000000086400000, 0x0000000086400000| Complete 
| 101|0x0000000086500000, 0x0000000086600000, 0x0000000086600000|100%| S|CS|TAMS 0x0000000086500000, 0x0000000086500000| Complete 
| 102|0x0000000086600000, 0x0000000086700000, 0x0000000086700000|100%| S|CS|TAMS 0x0000000086600000, 0x0000000086600000| Complete 
| 103|0x0000000086700000, 0x0000000086800000, 0x0000000086800000|100%| S|CS|TAMS 0x0000000086700000, 0x0000000086700000| Complete 
| 104|0x0000000086800000, 0x0000000086800000, 0x0000000086900000|  0%| F|  |TAMS 0x0000000086800000, 0x0000000086800000| Untracked 
| 105|0x0000000086900000, 0x0000000086900000, 0x0000000086a00000|  0%| F|  |TAMS 0x0000000086900000, 0x0000000086900000| Untracked 
| 106|0x0000000086a00000, 0x0000000086a00000, 0x0000000086b00000|  0%| F|  |TAMS 0x0000000086a00000, 0x0000000086a00000| Untracked 
| 107|0x0000000086b00000, 0x0000000086b00000, 0x0000000086c00000|  0%| F|  |TAMS 0x0000000086b00000, 0x0000000086b00000| Untracked 
| 108|0x0000000086c00000, 0x0000000086c00000, 0x0000000086d00000|  0%| F|  |TAMS 0x0000000086c00000, 0x0000000086c00000| Untracked 
| 109|0x0000000086d00000, 0x0000000086d00000, 0x0000000086e00000|  0%| F|  |TAMS 0x0000000086d00000, 0x0000000086d00000| Untracked 
| 110|0x0000000086e00000, 0x0000000086e00000, 0x0000000086f00000|  0%| F|  |TAMS 0x0000000086e00000, 0x0000000086e00000| Untracked 
| 111|0x0000000086f00000, 0x0000000086f00000, 0x0000000087000000|  0%| F|  |TAMS 0x0000000086f00000, 0x0000000086f00000| Untracked 
| 112|0x0000000087000000, 0x0000000087000000, 0x0000000087100000|  0%| F|  |TAMS 0x0000000087000000, 0x0000000087000000| Untracked 
| 113|0x0000000087100000, 0x0000000087100000, 0x0000000087200000|  0%| F|  |TAMS 0x0000000087100000, 0x0000000087100000| Untracked 
| 114|0x0000000087200000, 0x0000000087200000, 0x0000000087300000|  0%| F|  |TAMS 0x0000000087200000, 0x0000000087200000| Untracked 
| 115|0x0000000087300000, 0x0000000087300000, 0x0000000087400000|  0%| F|  |TAMS 0x0000000087300000, 0x0000000087300000| Untracked 
| 116|0x0000000087400000, 0x0000000087400000, 0x0000000087500000|  0%| F|  |TAMS 0x0000000087400000, 0x0000000087400000| Untracked 
| 117|0x0000000087500000, 0x0000000087500000, 0x0000000087600000|  0%| F|  |TAMS 0x0000000087500000, 0x0000000087500000| Untracked 
| 118|0x0000000087600000, 0x0000000087600000, 0x0000000087700000|  0%| F|  |TAMS 0x0000000087600000, 0x0000000087600000| Untracked 
| 119|0x0000000087700000, 0x0000000087700000, 0x0000000087800000|  0%| F|  |TAMS 0x0000000087700000, 0x0000000087700000| Untracked 
| 120|0x0000000087800000, 0x0000000087800000, 0x0000000087900000|  0%| F|  |TAMS 0x0000000087800000, 0x0000000087800000| Untracked 
| 121|0x0000000087900000, 0x0000000087900000, 0x0000000087a00000|  0%| F|  |TAMS 0x0000000087900000, 0x0000000087900000| Untracked 
| 122|0x0000000087a00000, 0x0000000087a00000, 0x0000000087b00000|  0%| F|  |TAMS 0x0000000087a00000, 0x0000000087a00000| Untracked 
| 123|0x0000000087b00000, 0x0000000087b00000, 0x0000000087c00000|  0%| F|  |TAMS 0x0000000087b00000, 0x0000000087b00000| Untracked 
| 124|0x0000000087c00000, 0x0000000087c00000, 0x0000000087d00000|  0%| F|  |TAMS 0x0000000087c00000, 0x0000000087c00000| Untracked 
| 125|0x0000000087d00000, 0x0000000087d00000, 0x0000000087e00000|  0%| F|  |TAMS 0x0000000087d00000, 0x0000000087d00000| Untracked 
| 126|0x0000000087e00000, 0x0000000087e00000, 0x0000000087f00000|  0%| F|  |TAMS 0x0000000087e00000, 0x0000000087e00000| Untracked 
| 127|0x0000000087f00000, 0x0000000087f00000, 0x0000000088000000|  0%| F|  |TAMS 0x0000000087f00000, 0x0000000087f00000| Untracked 
| 128|0x0000000088000000, 0x0000000088000000, 0x0000000088100000|  0%| F|  |TAMS 0x0000000088000000, 0x0000000088000000| Untracked 
| 129|0x0000000088100000, 0x0000000088100000, 0x0000000088200000|  0%| F|  |TAMS 0x0000000088100000, 0x0000000088100000| Untracked 
| 130|0x0000000088200000, 0x0000000088200000, 0x0000000088300000|  0%| F|  |TAMS 0x0000000088200000, 0x0000000088200000| Untracked 
| 131|0x0000000088300000, 0x0000000088300000, 0x0000000088400000|  0%| F|  |TAMS 0x0000000088300000, 0x0000000088300000| Untracked 
| 132|0x0000000088400000, 0x0000000088400000, 0x0000000088500000|  0%| F|  |TAMS 0x0000000088400000, 0x0000000088400000| Untracked 
| 133|0x0000000088500000, 0x0000000088500000, 0x0000000088600000|  0%| F|  |TAMS 0x0000000088500000, 0x0000000088500000| Untracked 
| 134|0x0000000088600000, 0x0000000088600000, 0x0000000088700000|  0%| F|  |TAMS 0x0000000088600000, 0x0000000088600000| Untracked 
| 135|0x0000000088700000, 0x0000000088700000, 0x0000000088800000|  0%| F|  |TAMS 0x0000000088700000, 0x0000000088700000| Untracked 
| 136|0x0000000088800000, 0x0000000088800000, 0x0000000088900000|  0%| F|  |TAMS 0x0000000088800000, 0x0000000088800000| Untracked 
| 137|0x0000000088900000, 0x0000000088900000, 0x0000000088a00000|  0%| F|  |TAMS 0x0000000088900000, 0x0000000088900000| Untracked 
| 138|0x0000000088a00000, 0x0000000088a00000, 0x0000000088b00000|  0%| F|  |TAMS 0x0000000088a00000, 0x0000000088a00000| Untracked 
| 139|0x0000000088b00000, 0x0000000088b00000, 0x0000000088c00000|  0%| F|  |TAMS 0x0000000088b00000, 0x0000000088b00000| Untracked 
| 140|0x0000000088c00000, 0x0000000088c00000, 0x0000000088d00000|  0%| F|  |TAMS 0x0000000088c00000, 0x0000000088c00000| Untracked 
| 141|0x0000000088d00000, 0x0000000088d00000, 0x0000000088e00000|  0%| F|  |TAMS 0x0000000088d00000, 0x0000000088d00000| Untracked 
| 142|0x0000000088e00000, 0x0000000088e00000, 0x0000000088f00000|  0%| F|  |TAMS 0x0000000088e00000, 0x0000000088e00000| Untracked 
| 143|0x0000000088f00000, 0x0000000088f00000, 0x0000000089000000|  0%| F|  |TAMS 0x0000000088f00000, 0x0000000088f00000| Untracked 

Card table byte_map: [0x00000227f7700000,0x00000227f7b00000] _byte_map_base: 0x00000227f7300000

Marking Bits (Prev, Next): (CMBitMap*) 0x00000227f313cb58, (CMBitMap*) 0x00000227f313cb90
 Prev Bits: [0x00000227f7f00000, 0x00000227f9f00000)
 Next Bits: [0x00000227f9f00000, 0x00000227fbf00000)

Polling page: 0x00000227f1080000

Metaspace:

Usage:
  Non-class:     51.19 MB capacity,    50.26 MB ( 98%) used,   807.95 KB (  2%) free+waste,   138.94 KB ( <1%) overhead. 
      Class:      7.77 MB capacity,     7.27 MB ( 94%) used,   441.91 KB (  6%) free+waste,    65.50 KB ( <1%) overhead. 
       Both:     58.95 MB capacity,    57.53 MB ( 98%) used,     1.22 MB (  2%) free+waste,   204.44 KB ( <1%) overhead. 

Virtual space:
  Non-class space:       52.00 MB reserved,      51.20 MB ( 98%) committed 
      Class space:        1.00 GB reserved,       7.88 MB ( <1%) committed 
             Both:        1.05 GB reserved,      59.08 MB (  5%) committed 

Chunk freelists:
   Non-Class:  16.00 KB
       Class:  16.00 KB
        Both:  32.00 KB

MaxMetaspaceSize: 17179869184.00 GB
CompressedClassSpaceSize: 1.00 GB

CodeHeap 'non-profiled nmethods': size=119168Kb used=3137Kb max_used=3137Kb free=116030Kb
 bounds [0x0000022787ba0000, 0x0000022787ec0000, 0x000002278f000000]
CodeHeap 'profiled nmethods': size=119168Kb used=12229Kb max_used=12229Kb free=106938Kb
 bounds [0x0000022780740000, 0x0000022781340000, 0x0000022787ba0000]
CodeHeap 'non-nmethods': size=7424Kb used=3922Kb max_used=3990Kb free=3501Kb
 bounds [0x0000022780000000, 0x00000227803f0000, 0x0000022780740000]
 total_blobs=6442 nmethods=5628 adapters=722
 compilation: enabled
              stopped_count=0, restarted_count=0
 full_count=0

Compilation events (20 events):
Event: 5.959 Thread 0x00000227feec9000 nmethod 5858 0x000002278132c590 code [0x000002278132c740, 0x000002278132c908]
Event: 5.959 Thread 0x000002278f782000 nmethod 5865 0x000002278132ca10 code [0x000002278132cd80, 0x000002278132e0c8]
Event: 5.959 Thread 0x0000022790b60000 nmethod 5868 0x000002278132e790 code [0x000002278132ea60, 0x000002278132f7e8]
Event: 5.960 Thread 0x00000227ff96a800 nmethod 5869 0x000002278132fc10 code [0x000002278132ff00, 0x0000022781330e18]
Event: 5.960 Thread 0x00000227ffb16800 nmethod 5870 0x0000022787eaee90 code [0x0000022787eaf040, 0x0000022787eaf248]
Event: 5.961 Thread 0x000002278fa8d000 nmethod 5864 0x0000022787eaf490 code [0x0000022787eaf640, 0x0000022787eaf968]
Event: 5.962 Thread 0x0000022791b3d000 5871       4       java.util.TreeMap::put (247 bytes)
Event: 5.962 Thread 0x00000227ff96a800 5872       3       com.google.gson.stream.JsonReader$1::promoteNameToValue (112 bytes)
Event: 5.963 Thread 0x00000227ffb16800 5873       4       com.google.gson.stream.JsonReader::doPeek (744 bytes)
Event: 5.964 Thread 0x00000227ff96a800 nmethod 5872 0x0000022781331310 code [0x0000022781331600, 0x0000022781332708]
Event: 5.964 Thread 0x000002278fa8d000 5874       4       java.util.TreeMap::fixAfterInsertion (267 bytes)
Event: 5.965 Thread 0x000002278f782000 5876   !   3       java.io.StringReader::read (133 bytes)
Event: 5.965 Thread 0x00000227feec9000 5877       3       java.io.StringReader::ensureOpen (18 bytes)
Event: 5.965 Thread 0x0000022790b60000 5878       3       com.google.gson.stream.JsonReader::fillBuffer (169 bytes)
Event: 5.966 Thread 0x00000227feec9000 nmethod 5877 0x0000022781332b90 code [0x0000022781332d60, 0x0000022781332f68]
Event: 5.966 Thread 0x0000022790b60000 nmethod 5878 0x0000022781333010 code [0x0000022781333200, 0x0000022781333738]
Event: 5.966 Thread 0x000002278f782000 nmethod 5876 0x0000022781333890 code [0x0000022781333ac0, 0x0000022781334348]
Event: 5.967 Thread 0x00000227ffb16800 nmethod 5873 0x0000022787eafc10 code [0x0000022787eafde0, 0x0000022787eb0100]
Event: 5.967 Thread 0x00000227ffb16800 5875       4       com.google.gson.stream.JsonReader::peek (144 bytes)
Event: 5.968 Thread 0x00000227ffb16800 nmethod 5875 0x0000022787eb0390 code [0x0000022787eb0540, 0x0000022787eb0628]

GC Heap History (19 events):
Event: 0.546 GC heap before
{Heap before GC invocations=0 (full 0):
 garbage-first heap   total 122880K, used 29696K [0x0000000080000000, 0x0000000100000000)
  region size 1024K, 24 young (24576K), 0 survivors (0K)
 Metaspace       used 10500K, capacity 10783K, committed 11008K, reserved 1058816K
  class space    used 1097K, capacity 1193K, committed 1280K, reserved 1048576K
}
Event: 0.552 GC heap after
{Heap after GC invocations=1 (full 0):
 garbage-first heap   total 122880K, used 8473K [0x0000000080000000, 0x0000000100000000)
  region size 1024K, 3 young (3072K), 3 survivors (3072K)
 Metaspace       used 10500K, capacity 10783K, committed 11008K, reserved 1058816K
  class space    used 1097K, capacity 1193K, committed 1280K, reserved 1048576K
}
Event: 1.694 GC heap before
{Heap before GC invocations=1 (full 0):
 garbage-first heap   total 122880K, used 78105K [0x0000000080000000, 0x0000000100000000)
  region size 1024K, 72 young (73728K), 3 survivors (3072K)
 Metaspace       used 18389K, capacity 18808K, committed 19072K, reserved 1067008K
  class space    used 2191K, capacity 2328K, committed 2432K, reserved 1048576K
}
Event: 1.704 GC heap after
{Heap after GC invocations=2 (full 0):
 garbage-first heap   total 122880K, used 15810K [0x0000000080000000, 0x0000000100000000)
  region size 1024K, 9 young (9216K), 9 survivors (9216K)
 Metaspace       used 18389K, capacity 18808K, committed 19072K, reserved 1067008K
  class space    used 2191K, capacity 2328K, committed 2432K, reserved 1048576K
}
Event: 1.852 GC heap before
{Heap before GC invocations=2 (full 0):
 garbage-first heap   total 122880K, used 32194K [0x0000000080000000, 0x0000000100000000)
  region size 1024K, 26 young (26624K), 9 survivors (9216K)
 Metaspace       used 20649K, capacity 21191K, committed 21296K, reserved 1069056K
  class space    used 2518K, capacity 2680K, committed 2688K, reserved 1048576K
}
Event: 1.858 GC heap after
{Heap after GC invocations=3 (full 0):
 garbage-first heap   total 122880K, used 16477K [0x0000000080000000, 0x0000000100000000)
  region size 1024K, 1 young (1024K), 1 survivors (1024K)
 Metaspace       used 20649K, capacity 21191K, committed 21296K, reserved 1069056K
  class space    used 2518K, capacity 2680K, committed 2688K, reserved 1048576K
}
Event: 2.366 GC heap before
{Heap before GC invocations=4 (full 0):
 garbage-first heap   total 122880K, used 59485K [0x0000000080000000, 0x0000000100000000)
  region size 1024K, 44 young (45056K), 1 survivors (1024K)
 Metaspace       used 25663K, capacity 26341K, committed 26368K, reserved 1073152K
  class space    used 3331K, capacity 3570K, committed 3584K, reserved 1048576K
}
Event: 2.368 GC heap after
{Heap after GC invocations=5 (full 0):
 garbage-first heap   total 122880K, used 18135K [0x0000000080000000, 0x0000000100000000)
  region size 1024K, 3 young (3072K), 3 survivors (3072K)
 Metaspace       used 25663K, capacity 26341K, committed 26368K, reserved 1073152K
  class space    used 3331K, capacity 3570K, committed 3584K, reserved 1048576K
}
Event: 2.937 GC heap before
{Heap before GC invocations=5 (full 0):
 garbage-first heap   total 122880K, used 66263K [0x0000000080000000, 0x0000000100000000)
  region size 1024K, 51 young (52224K), 3 survivors (3072K)
 Metaspace       used 33749K, capacity 34409K, committed 34560K, reserved 1079296K
  class space    used 4358K, capacity 4601K, committed 4608K, reserved 1048576K
}
Event: 2.942 GC heap after
{Heap after GC invocations=6 (full 0):
 garbage-first heap   total 122880K, used 21089K [0x0000000080000000, 0x0000000100000000)
  region size 1024K, 6 young (6144K), 6 survivors (6144K)
 Metaspace       used 33749K, capacity 34409K, committed 34560K, reserved 1079296K
  class space    used 4358K, capacity 4601K, committed 4608K, reserved 1048576K
}
Event: 3.077 GC heap before
{Heap before GC invocations=6 (full 0):
 garbage-first heap   total 122880K, used 31329K [0x0000000080000000, 0x0000000100000000)
  region size 1024K, 17 young (17408K), 6 survivors (6144K)
 Metaspace       used 35260K, capacity 36009K, committed 36048K, reserved 1081344K
  class space    used 4573K, capacity 4858K, committed 4864K, reserved 1048576K
}
Event: 3.087 GC heap after
{Heap after GC invocations=7 (full 0):
 garbage-first heap   total 147456K, used 22001K [0x0000000080000000, 0x0000000100000000)
  region size 1024K, 4 young (4096K), 4 survivors (4096K)
 Metaspace       used 35260K, capacity 36009K, committed 36048K, reserved 1081344K
  class space    used 4573K, capacity 4858K, committed 4864K, reserved 1048576K
}
Event: 3.773 GC heap before
{Heap before GC invocations=8 (full 0):
 garbage-first heap   total 147456K, used 92657K [0x0000000080000000, 0x0000000100000000)
  region size 1024K, 70 young (71680K), 4 survivors (4096K)
 Metaspace       used 41788K, capacity 42703K, committed 42832K, reserved 1087488K
  class space    used 5354K, capacity 5676K, committed 5760K, reserved 1048576K
}
Event: 3.780 GC heap after
{Heap after GC invocations=9 (full 0):
 garbage-first heap   total 147456K, used 25020K [0x0000000080000000, 0x0000000100000000)
  region size 1024K, 7 young (7168K), 7 survivors (7168K)
 Metaspace       used 41788K, capacity 42703K, committed 42832K, reserved 1087488K
  class space    used 5354K, capacity 5676K, committed 5760K, reserved 1048576K
}
Event: 4.614 GC heap before
{Heap before GC invocations=9 (full 0):
 garbage-first heap   total 147456K, used 96700K [0x0000000080000000, 0x0000000100000000)
  region size 1024K, 75 young (76800K), 7 survivors (7168K)
 Metaspace       used 45183K, capacity 46322K, committed 46672K, reserved 1089536K
  class space    used 5780K, capacity 6175K, committed 6272K, reserved 1048576K
}
Event: 4.627 GC heap after
{Heap after GC invocations=10 (full 0):
 garbage-first heap   total 147456K, used 36750K [0x0000000080000000, 0x0000000100000000)
  region size 1024K, 10 young (10240K), 10 survivors (10240K)
 Metaspace       used 45183K, capacity 46322K, committed 46672K, reserved 1089536K
  class space    used 5780K, capacity 6175K, committed 6272K, reserved 1048576K
}
Event: 5.393 GC heap before
{Heap before GC invocations=10 (full 0):
 garbage-first heap   total 147456K, used 101262K [0x0000000080000000, 0x0000000100000000)
  region size 1024K, 73 young (74752K), 10 survivors (10240K)
 Metaspace       used 54718K, capacity 56026K, committed 56272K, reserved 1097728K
  class space    used 6953K, capacity 7392K, committed 7424K, reserved 1048576K
}
Event: 5.404 GC heap after
{Heap after GC invocations=11 (full 0):
 garbage-first heap   total 147456K, used 39737K [0x0000000080000000, 0x0000000100000000)
  region size 1024K, 3 young (3072K), 3 survivors (3072K)
 Metaspace       used 54718K, capacity 56026K, committed 56272K, reserved 1097728K
  class space    used 6953K, capacity 7392K, committed 7424K, reserved 1048576K
}
Event: 5.984 GC heap before
{Heap before GC invocations=11 (full 0):
 garbage-first heap   total 147456K, used 80697K [0x0000000080000000, 0x0000000100000000)
  region size 1024K, 43 young (44032K), 3 survivors (3072K)
 Metaspace       used 58913K, capacity 60368K, committed 60496K, reserved 1101824K
  class space    used 7444K, capacity 7952K, committed 8064K, reserved 1048576K
}

Deoptimization events (20 events):
Event: 5.563 Thread 0x00000227910dc800 DEOPT PACKING pc=0x000002278126c0f2 sp=0x00000028cd8f4340
Event: 5.563 Thread 0x00000227910dc800 DEOPT UNPACKING pc=0x00000227800272ce sp=0x00000028cd8f37b8 mode 0
Event: 5.563 Thread 0x00000227910dc800 DEOPT PACKING pc=0x000002278126c0f2 sp=0x00000028cd8f4340
Event: 5.563 Thread 0x00000227910dc800 DEOPT UNPACKING pc=0x00000227800272ce sp=0x00000028cd8f37b8 mode 0
Event: 5.563 Thread 0x00000227910dc800 DEOPT PACKING pc=0x000002278126c0f2 sp=0x00000028cd8f4340
Event: 5.563 Thread 0x00000227910dc800 DEOPT UNPACKING pc=0x00000227800272ce sp=0x00000028cd8f37b8 mode 0
Event: 5.563 Thread 0x00000227910dc800 DEOPT PACKING pc=0x000002278126c0f2 sp=0x00000028cd8f4340
Event: 5.563 Thread 0x00000227910dc800 DEOPT UNPACKING pc=0x00000227800272ce sp=0x00000028cd8f37b8 mode 0
Event: 5.564 Thread 0x00000227910dc800 Uncommon trap: trap_request=0xffffff4d fr.pc=0x0000022787d5372c relative=0x000000000000026c
Event: 5.564 Thread 0x00000227910dc800 Uncommon trap: reason=unstable_if action=reinterpret pc=0x0000022787d5372c method=java.util.LinkedHashMap.get(Ljava/lang/Object;)Ljava/lang/Object; @ 20 c2
Event: 5.564 Thread 0x00000227910dc800 DEOPT PACKING pc=0x0000022787d5372c sp=0x00000028cd8f3f20
Event: 5.564 Thread 0x00000227910dc800 DEOPT UNPACKING pc=0x00000227800274af sp=0x00000028cd8f3ed8 mode 2
Event: 5.895 Thread 0x00000227910dc800 Uncommon trap: trap_request=0xffffff4d fr.pc=0x0000022787d4de18 relative=0x0000000000000338
Event: 5.895 Thread 0x00000227910dc800 Uncommon trap: reason=unstable_if action=reinterpret pc=0x0000022787d4de18 method=org.gradle.internal.reflect.PropertyAccessorType.of(Ljava/lang/reflect/Method;)Lorg/gradle/internal/reflect/PropertyAccessorType; @ 56 c2
Event: 5.895 Thread 0x00000227910dc800 DEOPT PACKING pc=0x0000022787d4de18 sp=0x00000028cd8f7bd0
Event: 5.895 Thread 0x00000227910dc800 DEOPT UNPACKING pc=0x00000227800274af sp=0x00000028cd8f7b90 mode 2
Event: 5.943 Thread 0x00000227910dc800 Uncommon trap: trap_request=0xffffff5c fr.pc=0x0000022787e9c260 relative=0x0000000000000840
Event: 5.943 Thread 0x00000227910dc800 Uncommon trap: reason=speculate_null_assert action=make_not_entrant pc=0x0000022787e9c260 method=jdk.internal.reflect.Reflection.filter([Ljava/lang/reflect/Member;[Ljava/lang/String;)[Ljava/lang/reflect/Member; @ 1 c2
Event: 5.943 Thread 0x00000227910dc800 DEOPT PACKING pc=0x0000022787e9c260 sp=0x00000028cd8f6b20
Event: 5.943 Thread 0x00000227910dc800 DEOPT UNPACKING pc=0x00000227800274af sp=0x00000028cd8f69b0 mode 2

Classes redefined (0 events):
No events

Internal exceptions (20 events):
Event: 4.631 Thread 0x0000022790f56800 Exception <a 'java/lang/NoSuchMethodError'{0x0000000088fbe3b8}: <clinit>> (0x0000000088fbe3b8) thrown at [./src/hotspot/share/prims/jni.cpp, line 1362]
Event: 4.634 Thread 0x0000022790f56800 Exception <a 'java/lang/NoSuchMethodError'{0x0000000088fd2410}: <clinit>> (0x0000000088fd2410) thrown at [./src/hotspot/share/prims/jni.cpp, line 1362]
Event: 4.642 Thread 0x00000227910dc800 Exception <a 'java/lang/ClassNotFoundException'{0x0000000088e18870}: build_c8j89snrgye5jijbsh4inr2gjBeanInfo> (0x0000000088e18870) thrown at [./src/hotspot/share/classfile/systemDictionary.cpp, line 231]
Event: 4.642 Thread 0x00000227910dc800 Exception <a 'java/lang/ClassNotFoundException'{0x0000000088e21678}: build_c8j89snrgye5jijbsh4inr2gjCustomizer> (0x0000000088e21678) thrown at [./src/hotspot/share/classfile/systemDictionary.cpp, line 231]
Event: 4.650 Thread 0x00000227910dc800 Exception <a 'java/lang/ClassNotFoundException'{0x0000000088e90748}: org/gradle/plugin/use/internal/PluginRequestCollector$PluginDependenciesSpecImplBeanInfo> (0x0000000088e90748) thrown at [./src/hotspot/share/classfile/systemDictionary.cpp, line 231]
Event: 4.650 Thread 0x00000227910dc800 Exception <a 'java/lang/ClassNotFoundException'{0x0000000088eb64b8}: org/gradle/plugin/use/internal/PluginRequestCollector$PluginDependenciesSpecImplCustomizer> (0x0000000088eb64b8) thrown at [./src/hotspot/share/classfile/systemDictionary.cpp, line 231]
Event: 4.655 Thread 0x00000227910dc800 Exception <a 'java/lang/NoSuchMethodError'{0x0000000088d282a8}: 'void java.lang.invoke.DirectMethodHandle$Holder.invokeInterface(java.lang.Object, java.lang.Object)'> (0x0000000088d282a8) thrown at [./src/hotspot/share/interpreter/linkResolver.cpp, line 773]
Event: 4.681 Thread 0x00000227910dc800 Exception <a 'java/lang/ClassNotFoundException'{0x0000000088cfa408}: org/gradle/api/internal/plugins/DefaultObjectConfigurationActionBeanInfo> (0x0000000088cfa408) thrown at [./src/hotspot/share/classfile/systemDictionary.cpp, line 231]
Event: 4.681 Thread 0x00000227910dc800 Exception <a 'java/lang/ClassNotFoundException'{0x0000000088b26718}: org/gradle/api/internal/plugins/DefaultObjectConfigurationActionCustomizer> (0x0000000088b26718) thrown at [./src/hotspot/share/classfile/systemDictionary.cpp, line 231]
Event: 4.753 Thread 0x00000227910dc800 Exception <a 'java/lang/NoSuchMethodError'{0x00000000883eee50}: 'java.lang.Object java.lang.invoke.DirectMethodHandle$Holder.invokeStatic(java.lang.Object, java.lang.Object, java.lang.Object, java.lang.Object, int)'> (0x00000000883eee50) thrown at [./src/hotspot/share/interpreter/linkResolver.cpp, line 773]
Event: 4.754 Thread 0x00000227910dc800 Exception <a 'java/lang/NoSuchMethodError'{0x00000000883f3848}: 'java.lang.Object java.lang.invoke.DirectMethodHandle$Holder.invokeSpecial(java.lang.Object, java.lang.Object, java.lang.Object, java.lang.Object, java.lang.Object, int)'> (0x00000000883f3848) thrown at [./src/hotspot/share/interpreter/linkResolver.cpp, line 773]
Event: 4.754 Thread 0x00000227910dc800 Exception <a 'java/lang/NoSuchMethodError'{0x00000000883f7e88}: 'java.lang.Object java.lang.invoke.Invokers$Holder.linkToTargetMethod(java.lang.Object, java.lang.Object, java.lang.Object, int, java.lang.Object)'> (0x00000000883f7e88) thrown at [./src/hotspot/share/interpreter/linkResolver.cpp, line 773]
Event: 4.926 Thread 0x00000227910dc800 Exception <a 'java/lang/NoSuchMethodError'{0x0000000086f94380}: 'java.lang.Object java.lang.invoke.DirectMethodHandle$Holder.invokeSpecial(java.lang.Object, java.lang.Object, int, int, java.lang.Object, java.lang.Object, java.lang.Object)'> (0x0000000086f94380) thrown at [./src/hotspot/share/interpreter/linkResolver.cpp, line 773]
Event: 4.927 Thread 0x00000227910dc800 Exception <a 'java/lang/NoSuchMethodError'{0x0000000086f98900}: 'java.lang.Object java.lang.invoke.DelegatingMethodHandle$Holder.reinvoke_L(java.lang.Object, int, int, java.lang.Object, java.lang.Object, java.lang.Object)'> (0x0000000086f98900) thrown at [./src/hotspot/share/interpreter/linkResolver.cpp, line 773]
Event: 5.075 Thread 0x00000227910dc800 Exception <a 'java/lang/NoSuchMethodError'{0x00000000863c4c00}: 'int java.lang.invoke.DirectMethodHandle$Holder.invokeInterface(java.lang.Object, java.lang.Object, java.lang.Object, java.lang.Object)'> (0x00000000863c4c00) thrown at [./src/hotspot/share/interpreter/linkResolver.cpp, line 773]
Event: 5.247 Thread 0x00000227910dc800 Exception <a 'java/lang/NoSuchMethodError'{0x00000000859acdf8}: 'void java.lang.invoke.DirectMethodHandle$Holder.invokeInterface(java.lang.Object, java.lang.Object, java.lang.Object, java.lang.Object)'> (0x00000000859acdf8) thrown at [./src/hotspot/share/interpreter/linkResolver.cpp, line 773]
Event: 5.372 Thread 0x00000227910dc800 Exception <a 'java/lang/IncompatibleClassChangeError'{0x000000008512d3e0}: Found class java.lang.Object, but interface was expected> (0x000000008512d3e0) thrown at [./src/hotspot/share/interpreter/linkResolver.cpp, line 839]
Event: 5.408 Thread 0x00000227910dc800 Exception <a 'java/lang/NoSuchMethodError'{0x0000000088f19cd0}: 'void java.lang.invoke.DirectMethodHandle$Holder.invokeStatic(java.lang.Object, java.lang.Object, java.lang.Object, java.lang.Object, java.lang.Object)'> (0x0000000088f19cd0) thrown at [./src/hotspot/share/interpreter/linkResolver.cpp, line 773]
Event: 5.440 Thread 0x00000227910dc800 Implicit null exception at 0x0000022787e08c39 to 0x0000022787e08d1c
Event: 5.520 Thread 0x00000227910dc800 Implicit null exception at 0x0000022787d32d0d to 0x0000022787d32ee4

Events (20 events):
Event: 5.974 loading class kotlin/sequences/SequencesKt__SequenceBuilderKt done
Event: 5.976 loading class kotlin/sequences/TransformingSequence
Event: 5.976 loading class kotlin/sequences/TransformingSequence done
Event: 5.977 loading class kotlin/sequences/TransformingSequence$iterator$1
Event: 5.977 loading class kotlin/sequences/TransformingSequence$iterator$1 done
Event: 5.978 loading class kotlin/text/DelimitedRangesSequence$iterator$1
Event: 5.978 loading class kotlin/text/DelimitedRangesSequence$iterator$1 done
Event: 5.979 loading class kotlin/ranges/RangesKt
Event: 5.979 loading class kotlin/ranges/RangesKt done
Event: 5.979 loading class kotlin/ranges/RangesKt___RangesKt
Event: 5.979 loading class kotlin/ranges/RangesKt___RangesKt done
Event: 5.980 loading class kotlin/ranges/RangesKt__RangesKt
Event: 5.980 loading class kotlin/ranges/RangesKt__RangesKt done
Event: 5.983 loading class kotlin/ranges/IntRange
Event: 5.983 loading class kotlin/ranges/IntRange done
Event: 5.983 loading class kotlin/ranges/ClosedRange
Event: 5.983 loading class kotlin/ranges/ClosedRange done
Event: 5.984 loading class kotlin/ranges/IntProgression
Event: 5.984 loading class kotlin/ranges/IntProgression done
Event: 5.984 Executing VM operation: CollectForMetadataAllocation


Dynamic libraries:
0x00007ff66f6b0000 - 0x00007ff66f6ba000 	B:\programs\Android studio\jre\bin\java.exe
0x00007ff8c2910000 - 0x00007ff8c2b05000 	C:\Windows\SYSTEM32\ntdll.dll
0x00007ff8c15b0000 - 0x00007ff8c166e000 	C:\Windows\System32\KERNEL32.DLL
0x00007ff8c0030000 - 0x00007ff8c02f8000 	C:\Windows\System32\KERNELBASE.dll
0x00007ff8b0d30000 - 0x00007ff8b0d49000 	B:\programs\Android studio\jre\bin\jli.dll
0x00007ff8c0470000 - 0x00007ff8c0570000 	C:\Windows\System32\ucrtbase.dll
0x00007ff8b0c30000 - 0x00007ff8b0c47000 	B:\programs\Android studio\jre\bin\VCRUNTIME140.dll
0x00007ff8c23f0000 - 0x00007ff8c2590000 	C:\Windows\System32\USER32.dll
0x00007ff8ae680000 - 0x00007ff8ae91a000 	C:\Windows\WinSxS\amd64_microsoft.windows.common-controls_6595b64144ccf1df_6.0.19041.1110_none_60b5254171f9507e\COMCTL32.dll
0x00007ff8c0940000 - 0x00007ff8c0962000 	C:\Windows\System32\win32u.dll
0x00007ff8c20e0000 - 0x00007ff8c217e000 	C:\Windows\System32\msvcrt.dll
0x00007ff8c2840000 - 0x00007ff8c286b000 	C:\Windows\System32\GDI32.dll
0x00007ff8c05c0000 - 0x00007ff8c06cb000 	C:\Windows\System32\gdi32full.dll
0x00007ff8c06d0000 - 0x00007ff8c076d000 	C:\Windows\System32\msvcp_win.dll
0x00007ff8c1450000 - 0x00007ff8c1480000 	C:\Windows\System32\IMM32.DLL
0x00007ff898160000 - 0x00007ff8981fd000 	B:\programs\Android studio\jre\bin\msvcp140.dll
0x00007ff889dd0000 - 0x00007ff88a88c000 	B:\programs\Android studio\jre\bin\server\jvm.dll
0x00007ff8c2590000 - 0x00007ff8c263e000 	C:\Windows\System32\ADVAPI32.dll
0x00007ff8c1670000 - 0x00007ff8c170c000 	C:\Windows\System32\sechost.dll
0x00007ff8c1480000 - 0x00007ff8c15a5000 	C:\Windows\System32\RPCRT4.dll
0x00007ff8c2180000 - 0x00007ff8c2188000 	C:\Windows\System32\PSAPI.DLL
0x00007ff8aa4f0000 - 0x00007ff8aa4f9000 	C:\Windows\SYSTEM32\WSOCK32.dll
0x00007ff8b9590000 - 0x00007ff8b95b7000 	C:\Windows\SYSTEM32\WINMM.dll
0x00007ff8b9ba0000 - 0x00007ff8b9baa000 	C:\Windows\SYSTEM32\VERSION.dll
0x00007ff8c1710000 - 0x00007ff8c177b000 	C:\Windows\System32\WS2_32.dll
0x00007ff8be100000 - 0x00007ff8be112000 	C:\Windows\SYSTEM32\kernel.appcore.dll
0x00007ff88ae00000 - 0x00007ff88ae11000 	B:\programs\Android studio\jre\bin\verify.dll
0x00007ff8bdcb0000 - 0x00007ff8bde94000 	C:\Windows\SYSTEM32\DBGHELP.DLL
0x00007ff8b4310000 - 0x00007ff8b433c000 	C:\Windows\SYSTEM32\dbgcore.DLL
0x00007ff8c03b0000 - 0x00007ff8c0432000 	C:\Windows\System32\bcryptPrimitives.dll
0x00007ff889da0000 - 0x00007ff889dc9000 	B:\programs\Android studio\jre\bin\java.dll
0x00007ff8ac840000 - 0x00007ff8ac84b000 	B:\programs\Android studio\jre\bin\jimage.dll
0x00007ff88ac90000 - 0x00007ff88aca8000 	B:\programs\Android studio\jre\bin\zip.dll
0x00007ff8c0970000 - 0x00007ff8c10b4000 	C:\Windows\System32\SHELL32.dll
0x00007ff8be140000 - 0x00007ff8be8d4000 	C:\Windows\SYSTEM32\windows.storage.dll
0x00007ff8c1d80000 - 0x00007ff8c20d4000 	C:\Windows\System32\combase.dll
0x00007ff8bfa90000 - 0x00007ff8bfabc000 	C:\Windows\SYSTEM32\Wldp.dll
0x00007ff8c2190000 - 0x00007ff8c223d000 	C:\Windows\System32\SHCORE.dll
0x00007ff8c2870000 - 0x00007ff8c28c5000 	C:\Windows\System32\shlwapi.dll
0x00007ff8bff70000 - 0x00007ff8bff8f000 	C:\Windows\SYSTEM32\profapi.dll
0x00007ff889d80000 - 0x00007ff889d9a000 	B:\programs\Android studio\jre\bin\net.dll
0x00007ff8bba00000 - 0x00007ff8bbb09000 	C:\Windows\SYSTEM32\WINHTTP.dll
0x00007ff8bf7f0000 - 0x00007ff8bf85a000 	C:\Windows\system32\mswsock.dll
0x00007ff889d60000 - 0x00007ff889d74000 	B:\programs\Android studio\jre\bin\nio.dll
0x00007ff89a960000 - 0x00007ff89a987000 	C:\Users\Admin\.gradle\native\fdc75f09e3144964f2cf3f50f0aa648679c211496f362492102eb8c894070792\windows-amd64\native-platform.dll
0x00007ff898300000 - 0x00007ff898496000 	C:\Users\Admin\.gradle\native\12488b8bf47d2d4c9fbf2f6322a914ad602e24e48041cd04a747c6da556b65c4\windows-amd64\native-platform-file-events.dll
0x00007ff8ac7d0000 - 0x00007ff8ac7da000 	B:\programs\Android studio\jre\bin\management.dll
0x00007ff8ab7a0000 - 0x00007ff8ab7ac000 	B:\programs\Android studio\jre\bin\management_ext.dll
0x00007ff8bf9e0000 - 0x00007ff8bf9f8000 	C:\Windows\SYSTEM32\CRYPTSP.dll
0x00007ff8bf100000 - 0x00007ff8bf134000 	C:\Windows\system32\rsaenh.dll
0x00007ff8c0440000 - 0x00007ff8c0467000 	C:\Windows\System32\bcrypt.dll
0x00007ff8bfef0000 - 0x00007ff8bff1e000 	C:\Windows\SYSTEM32\USERENV.dll
0x00007ff8bfa00000 - 0x00007ff8bfa0c000 	C:\Windows\SYSTEM32\CRYPTBASE.dll
0x00007ff8bf490000 - 0x00007ff8bf4cb000 	C:\Windows\SYSTEM32\IPHLPAPI.DLL
0x00007ff8c1300000 - 0x00007ff8c1308000 	C:\Windows\System32\NSI.dll
0x00007ff8ba850000 - 0x00007ff8ba867000 	C:\Windows\SYSTEM32\dhcpcsvc6.DLL
0x00007ff8ba830000 - 0x00007ff8ba84d000 	C:\Windows\SYSTEM32\dhcpcsvc.DLL
0x00007ff8bf4d0000 - 0x00007ff8bf59a000 	C:\Windows\SYSTEM32\DNSAPI.dll
0x00007ff8bb9f0000 - 0x00007ff8bb9fb000 	C:\Windows\SYSTEM32\WINNSI.DLL

dbghelp: loaded successfully - version: 4.0.5 - missing functions: none
symbol engine: initialized successfully - sym options: 0x614 - pdb path: .;B:\programs\Android studio\jre\bin;C:\Windows\SYSTEM32;C:\Windows\WinSxS\amd64_microsoft.windows.common-controls_6595b64144ccf1df_6.0.19041.1110_none_60b5254171f9507e;B:\programs\Android studio\jre\bin\server;C:\Users\Admin\.gradle\native\fdc75f09e3144964f2cf3f50f0aa648679c211496f362492102eb8c894070792\windows-amd64;C:\Users\Admin\.gradle\native\12488b8bf47d2d4c9fbf2f6322a914ad602e24e48041cd04a747c6da556b65c4\windows-amd64

VM Arguments:
jvm_args: --add-opens=java.base/java.util=ALL-UNNAMED --add-opens=java.base/java.lang=ALL-UNNAMED --add-opens=java.base/java.lang.invoke=ALL-UNNAMED --add-opens=java.prefs/java.util.prefs=ALL-UNNAMED -Xmx2048m -Dfile.encoding=UTF-8 -Duser.country=UA -Duser.language=uk -Duser.variant 
java_command: org.gradle.launcher.daemon.bootstrap.GradleDaemon 6.7.1
java_class_path (initial): C:\Users\Admin\.gradle\wrapper\dists\gradle-6.7.1-bin\bwlcbys1h7rz3272sye1xwiv6\gradle-6.7.1\lib\gradle-launcher-6.7.1.jar
Launcher Type: SUN_STANDARD

[Global flags]
     intx CICompilerCount                          = 12                                        {product} {ergonomic}
     uint ConcGCThreads                            = 3                                         {product} {ergonomic}
     uint G1ConcRefinementThreads                  = 13                                        {product} {ergonomic}
   size_t G1HeapRegionSize                         = 1048576                                   {product} {ergonomic}
    uintx GCDrainStackTargetSize                   = 64                                        {product} {ergonomic}
   size_t InitialHeapSize                          = 125829120                                 {product} {ergonomic}
   size_t MarkStackSize                            = 4194304                                   {product} {ergonomic}
   size_t MaxHeapSize                              = 2147483648                                {product} {command line}
   size_t MaxNewSize                               = 1287651328                                {product} {ergonomic}
   size_t MinHeapDeltaBytes                        = 1048576                                   {product} {ergonomic}
    uintx NonNMethodCodeHeapSize                   = 7594288                                {pd product} {ergonomic}
    uintx NonProfiledCodeHeapSize                  = 122031976                              {pd product} {ergonomic}
    uintx ProfiledCodeHeapSize                     = 122031976                              {pd product} {ergonomic}
    uintx ReservedCodeCacheSize                    = 251658240                              {pd product} {ergonomic}
     bool SegmentedCodeCache                       = true                                      {product} {ergonomic}
     bool UseCompressedClassPointers               = true                                 {lp64_product} {ergonomic}
     bool UseCompressedOops                        = true                                 {lp64_product} {ergonomic}
     bool UseG1GC                                  = true                                      {product} {ergonomic}
     bool UseLargePagesIndividualAllocation        = false                                  {pd product} {ergonomic}

Logging:
Log output configuration:
 #0: stdout all=warning uptime,level,tags
 #1: stderr all=off uptime,level,tags

Environment Variables:
PATH=C:\Program Files (x86)\Common Files\Intel\Shared Libraries\redist\intel64\compiler;C:\ProgramData\Oracle\Java\javapath;C:\Windows\system32;C:\Windows;C:\Windows\System32\Wbem;C:\Windows\System32\WindowsPowerShell\v1.0\;C:\Windows\System32\OpenSSH\;C:\Program Files (x86)\NVIDIA Corporation\PhysX\Common;C:\Program Files\NVIDIA Corporation\NVIDIA NvDLISR;B:\programs\Git\Git\cmd;C:\Users\Admin\AppData\Local\Microsoft\WindowsApps;C:\Users\Admin\AppData\Local\GitHubDesktop\bin
USERNAME=Admin
OS=Windows_NT
PROCESSOR_IDENTIFIER=AMD64 Family 23 Model 96 Stepping 1, AuthenticAMD



---------------  S Y S T E M  ---------------

OS: Windows 10 , 64 bit Build 19041 (10.0.19041.1566)
OS uptime: 0 days 10:58 hours

CPU:total 16 (initial active 16) (16 cores per cpu, 2 threads per core) family 23 model 96 stepping 1, cmov, cx8, fxsr, mmx, sse, sse2, sse3, ssse3, sse4.1, sse4.2, popcnt, avx, avx2, aes, clmul, mmxext, 3dnowpref, lzcnt, sse4a, ht, tsc, tscinvbit, tscinv, bmi1, bmi2, adx, sha, fma

Memory: 4k page, system-wide physical 7600M (1137M free)
TotalPageFile size 10668M (AvailPageFile size 26M)
current process WorkingSet (physical memory assigned to process): 360M, peak: 361M
current process commit charge ("private bytes"): 414M, peak: 443M

vm_info: OpenJDK 64-Bit Server VM (11.0.8+10-b944.6842174) for windows-amd64 JRE (11.0.8+10-b944.6842174), built on Sep 19 2020 01:11:42 by "builder" with MS VC++ 14.0 (VS2015)

END.
